<?xml version="1.0" encoding="UTF-8"?>
<testsuite xmlns:xsi="http://www.w3.org/2001/XMLSchema-instance" xsi:noNamespaceSchemaLocation="https://maven.apache.org/surefire/maven-surefire-plugin/xsd/surefire-test-report-3.0.xsd" version="3.0" name="com.ruoyi.vqms.statistics.FreeformPolicyParserTest" time="0.08" tests="10" errors="0" skipped="0" failures="0">
  <properties>
[...]
</properties>
  <testcase name="simpleAtom_andCanonicalNormalization" classname="com.ruoyi.vqms.statistics.FreeformPolicyParserTest" time="0.001"/>
  <testcase name="ruleLine_parsesToRuleWithAction" classname="com.ruoyi.vqms.statistics.FreeformPolicyParserTest" time="0.002"/>
  <testcase name="notOnAtomAndGroup_doubleNotRejected" classname="com.ruoyi.vqms.statistics.FreeformPolicyParserTest" time="0.004"/>
  <testcase name="ruleLine_actionErrors" classname="com.ruoyi.vqms.statistics.FreeformPolicyParserTest" time="0.009"/>
  <testcase name="unknownAtom_andReservedA5_rejectedWithGuidance" classname="com.ruoyi.vqms.statistics.FreeformPolicyParserTest" time="0.009"/>
  <testcase name="nestingBeyondOneLevel_rejected" classname="com.ruoyi.vqms.statistics.FreeformPolicyParserTest" time="0.009"/>
  <testcase name="caseInsensitive_whitespaceInsensitive" classname="com.ruoyi.vqms.statistics.FreeformPolicyParserTest" time="0.002"/>
  <testcase name="referencedAtoms_collectedFromGroups" classname="com.ruoyi.vqms.statistics.FreeformPolicyParserTest" time="0.005"/>
  <testcase name="mixedConnectors_requireParenGrouping" classname="com.ruoyi.vqms.statistics.FreeformPolicyParserTest" time="0.005"/>
  <testcase name="structuralErrors_rejected" classname="com.ruoyi.vqms.statistics.FreeformPolicyParserTest" time="0.019"/>
</testsuite>