<?xml version="1.0" encoding="UTF-8"?>
<testsuite xmlns:xsi="http://www.w3.org/2001/XMLSchema-instance" xsi:noNamespaceSchemaLocation="https://maven.apache.org/surefire/maven-surefire-plugin/xsd/surefire-test-report-3.0.xsd" version="3.0" name="com.ruoyi.vqms.source.reader.SaveTimeGatePropertyTest" time="2.928" tests="4" errors="0" skipped="0" failures="0">
  <properties>
[...]
</properties>
  <testcase name="prop 非法格式恒拦截且不抛" classname="com.ruoyi.vqms.source.reader.SaveTimeGatePropertyTest" time="1.301">
    <system-out><![CDATA[11:37:34.048 [main] WARN com.ruoyi.vqms.source.reader.SaveTimeGate -- 坏 save_time 跳过: 1600-01-01 0
11:37:34.048 [main] WARN com.ruoyi.vqms.source.reader.SaveTimeGate -- 坏行共 1 行已跳过
11:37:34.057 [main] WARN com.ruoyi.vqms.source.reader.SaveTimeGate -- 坏 save_time 跳过: 2850-12-22
11:37:34.057 [main] WARN com.ruoyi.vqms.source.reader.SaveTimeGate -- 坏行共 1 行已跳过
11:37:34.058 [main] WARN com.ruoyi.vqms.source.reader.SaveTimeGate -- 坏 save_time 跳过: 2250-06-07 00:00:00.000xyz
11:37:34.058 [main] WARN com.ruoyi.vqms.source.reader.SaveTimeGate -- 坏行共 1 行已跳过
11:37:34.058 [main] WARN com.ruoyi.vqms.source.reader.SaveTimeGate -- 坏 save_time 跳过: 1600-01-01 0
11:37:34.058 [main] WARN com.ruoyi.vqms.source.reader.SaveTimeGate -- 坏行共 1 行已跳过
11:37:34.058 [main] WARN com.ruoyi.vqms.source.reader.SaveTimeGate -- 坏 save_time 跳过: 2869-12-18
11:37:34.058 [main] WARN com.ruoyi.vqms.source.reader.SaveTimeGate -- 坏行共 1 行已跳过
11:37:34.059 [main] WARN com.ruoyi.vqms.source.reader.SaveTimeGate -- 坏 save_time 跳过: 2241-02-18
11:37:34.059 [main] WARN com.ruoyi.vqms.source.reader.SaveTimeGate -- 坏行共 1 行已跳过
11:37:34.062 [main] WARN com.ruoyi.vqms.source.reader.SaveTimeGate -- 坏 save_time 跳过: 1873-10-14 23:0:04.950
11:37:34.062 [main] WARN com.ruoyi.vqms.source.reader.SaveTimeGate -- 坏行共 1 行已跳过
11:37:34.062 [main] WARN com.ruoyi.vqms.source.reader.SaveTimeGate -- 坏 save_time 跳过: 1600-01-01 0
11:37:34.063 [main] WARN com.ruoyi.vqms.source.reader.SaveTimeGate -- 坏行共 1 行已跳过
11:37:34.065 [main] WARN com.ruoyi.vqms.source.reader.SaveTimeGate -- 坏 save_time 跳过: 1600-01-01 0
11:37:34.065 [main] WARN com.ruoyi.vqms.source.reader.SaveTimeGate -- 坏行共 1 行已跳过
11:37:34.066 [main] WARN com.ruoyi.vqms.source.reader.SaveTimeGate -- 坏 save_time 跳过: 1600-01-01 0
11:37:34.066 [main] WARN com.ruoyi.vqms.source.reader.SaveTimeGate -- 坏行共 1 行已跳过
11:37:34.066 [main] WARN com.ruoyi.vqms.source.reader.SaveTimeGate -- 坏 save_time 跳过: 1600-01-01 0
11:37:34.066 [main] WARN com.ruoyi.vqms.source.reader.SaveTimeGate -- 坏行共 1 行已跳过
11:37:34.068 [main] WARN com.ruoyi.vqms.source.reader.SaveTimeGate -- 坏 save_time 跳过: 2287-11-26 07:06
11:37:34.068 [main] WARN com.ruoyi.vqms.source.reader.SaveTimeGate -- 坏行共 1 行已跳过
11:37:34.068 [main] WARN com.ruoyi.vqms.source.reader.SaveTimeGate -- 坏 save_time 跳过: 2844-11-18 00:26:38.888xyz
11:37:34.068 [main] WARN com.ruoyi.vqms.source.reader.SaveTimeGate -- 坏行共 1 行已跳过
11:37:34.069 [main] WARN com.ruoyi.vqms.source.reader.SaveTimeGate -- 坏 save_time 跳过: 2604-04-1 03:46:08.835
11:37:34.070 [main] WARN com.ruoyi.vqms.source.reader.SaveTimeGate -- 坏行共 1 行已跳过
11:37:34.072 [main] WARN com.ruoyi.vqms.source.reader.SaveTimeGate -- 坏 save_time 跳过: 2443-12-23 19:02:0.984
11:37:34.072 [main] WARN com.ruoyi.vqms.source.reader.SaveTimeGate -- 坏行共 1 行已跳过
11:37:34.075 [main] WARN com.ruoyi.vqms.source.reader.SaveTimeGate -- 坏 save_time 跳过: 2939-02-20 21:32:4.853
11:37:34.075 [main] WARN com.ruoyi.vqms.source.reader.SaveTimeGate -- 坏行共 1 行已跳过
11:37:34.077 [main] WARN com.ruoyi.vqms.source.reader.SaveTimeGate -- 坏 save_time 跳过: 2908-12-02 20:3:38.130
11:37:34.077 [main] WARN com.ruoyi.vqms.source.reader.SaveTimeGate -- 坏行共 1 行已跳过
11:37:34.077 [main] WARN com.ruoyi.vqms.source.reader.SaveTimeGate -- 坏 save_time 跳过: 2185-07-03
11:37:34.078 [main] WARN com.ruoyi.vqms.source.reader.SaveTimeGate -- 坏行共 1 行已跳过
11:37:34.079 [main] WARN com.ruoyi.vqms.source.reader.SaveTimeGate -- 坏 save_time 跳过: 2813-11-06 15:45:13.
11:37:34.079 [main] WARN com.ruoyi.vqms.source.reader.SaveTimeGate -- 坏行共 1 行已跳过
11:37:34.083 [main] WARN com.ruoyi.vqms.source.reader.SaveTimeGate -- 坏 save_time 跳过: 2914-05-04 23:57:
11:37:34.083 [main] WARN com.ruoyi.vqms.source.reader.SaveTimeGate -- 坏行共 1 行已跳过
11:37:34.085 [main] WARN com.ruoyi.vqms.source.reader.SaveTimeGate -- 坏 save_time 跳过: #702-10-12 14:27:44.363
11:37:34.085 [main] WARN com.ruoyi.vqms.source.reader.SaveTimeGate -- 坏行共 1 行已跳过
11:37:34.085 [main] WARN com.ruoyi.vqms.source.reader.SaveTimeGate -- 坏 save_time 跳过: 1600-01-01
11:37:34.085 [main] WARN com.ruoyi.vqms.source.reader.SaveTimeGate -- 坏行共 1 行已跳过
11:37:34.091 [main] WARN com.ruoyi.vqms.source.reader.SaveTimeGate -- 坏 save_time 跳过: 2789-04-27 10:56:4.971
11:37:34.091 [main] WARN com.ruoyi.vqms.source.reader.SaveTimeGate -- 坏行共 1 行已跳过
11:37:34.092 [main] WARN com.ruoyi.vqms.source.reader.SaveTimeGate -- 坏 save_time 跳过: 1600-01-01
11:37:34.093 [main] WARN com.ruoyi.vqms.source.reader.SaveTimeGate -- 坏行共 1 行已跳过
11:37:34.094 [main] WARN com.ruoyi.vqms.source.reader.SaveTimeGate -- 坏 save_time 跳过: 2604-06-01#10:02:56.674
11:37:34.094 [main] WARN com.ruoyi.vqms.source.reader.SaveTimeGate -- 坏行共 1 行已跳过
11:37:34.097 [main] WARN com.ruoyi.vqms.source.reader.SaveTimeGate -- 坏 save_time 跳过: 1607-05-29
11:37:34.097 [main] WARN com.ruoyi.vqms.source.reader.SaveTimeGate -- 坏行共 1 行已跳过
11:37:34.098 [main] WARN com.ruoyi.vqms.source.reader.SaveTimeGate -- 坏 save_time 跳过: 2893-02-28 04:51:11.265xyz
11:37:34.099 [main] WARN com.ruoyi.vqms.source.reader.SaveTimeGate -- 坏行共 1 行已跳过
11:37:34.102 [main] WARN com.ruoyi.vqms.source.reader.SaveTimeGate -- 坏 save_time 跳过: 2959-02-26 10:58:15#172
11:37:34.102 [main] WARN com.ruoyi.vqms.source.reader.SaveTimeGate -- 坏行共 1 行已跳过
11:37:34.103 [main] WARN com.ruoyi.vqms.source.reader.SaveTimeGate -- 坏 save_time 跳过: 2999-12-31 00:00:00000
11:37:34.103 [main] WARN com.ruoyi.vqms.source.reader.SaveTimeGate -- 坏行共 1 行已跳过
11:37:34.103 [main] WARN com.ruoyi.vqms.source.reader.SaveTimeGate -- 坏 save_time 跳过: 1600-01-01 0
11:37:34.103 [main] WARN com.ruoyi.vqms.source.reader.SaveTimeGate -- 坏行共 1 行已跳过
11:37:34.104 [main] WARN com.ruoyi.vqms.source.reader.SaveTimeGate -- 坏 save_time 跳过: 2202-02-04 23:59:59.999xyz
11:37:34.104 [main] WARN com.ruoyi.vqms.source.reader.SaveTimeGate -- 坏行共 1 行已跳过
11:37:34.104 [main] WARN com.ruoyi.vqms.source.reader.SaveTimeGate -- 坏 save_time 跳过: 1600-01-01 0
11:37:34.104 [main] WARN com.ruoyi.vqms.source.reader.SaveTimeGate -- 坏行共 1 行已跳过
11:37:34.105 [main] WARN com.ruoyi.vqms.source.reader.SaveTimeGate -- 坏 save_time 跳过: 1600-01-01 0
11:37:34.106 [main] WARN com.ruoyi.vqms.source.reader.SaveTimeGate -- 坏行共 1 行已跳过
11:37:34.106 [main] WARN com.ruoyi.vqms.source.reader.SaveTimeGate -- 坏 save_time 跳过: 1600-01-01 0
11:37:34.108 [main] WARN com.ruoyi.vqms.source.reader.SaveTimeGate -- 坏行共 1 行已跳过
11:37:34.108 [main] WARN com.ruoyi.vqms.source.reader.SaveTimeGate -- 坏 save_time 跳过: 2242-03-11 07:14#46.571
11:37:34.109 [main] WARN com.ruoyi.vqms.source.reader.SaveTimeGate -- 坏行共 1 行已跳过
11:37:34.109 [main] WARN com.ruoyi.vqms.source.reader.SaveTimeGate -- 坏 save_time 跳过: 1600-01-01 0
11:37:34.109 [main] WARN com.ruoyi.vqms.source.reader.SaveTimeGate -- 坏行共 1 行已跳过
11:37:34.109 [main] WARN com.ruoyi.vqms.source.reader.SaveTimeGate -- 坏 save_time 跳过: 1600-01-01 0
11:37:34.109 [main] WARN com.ruoyi.vqms.source.reader.SaveTimeGate -- 坏行共 1 行已跳过
11:37:34.112 [main] WARN com.ruoyi.vqms.source.reader.SaveTimeGate -- 坏 save_time 跳过: 2497-10-17 00:00:51712
11:37:34.112 [main] WARN com.ruoyi.vqms.source.reader.SaveTimeGate -- 坏行共 1 行已跳过
11:37:34.114 [main] WARN com.ruoyi.vqms.source.reader.SaveTimeGate -- 坏 save_time 跳过: 2951-1#-21 11:00:52.542
11:37:34.114 [main] WARN com.ruoyi.vqms.source.reader.SaveTimeGate -- 坏行共 1 行已跳过
11:37:34.115 [main] WARN com.ruoyi.vqms.source.reader.SaveTimeGate -- 坏 save_time 跳过: 2868-01#25 09:49:35.793
11:37:34.116 [main] WARN com.ruoyi.vqms.source.reader.SaveTimeGate -- 坏行共 1 行已跳过
11:37:34.117 [main] WARN com.ruoyi.vqms.source.reader.SaveTimeGate -- 坏 save_time 跳过: 2627-11-17 #3:05:32.610
11:37:34.117 [main] WARN com.ruoyi.vqms.source.reader.SaveTimeGate -- 坏行共 1 行已跳过
11:37:34.119 [main] WARN com.ruoyi.vqms.source.reader.SaveTimeGate -- 坏 save_time 跳过: 2015-11-23 17:02:4.965
11:37:34.119 [main] WARN com.ruoyi.vqms.source.reader.SaveTimeGate -- 坏行共 1 行已跳过
11:37:34.120 [main] WARN com.ruoyi.vqms.source.reader.SaveTimeGate -- 坏 save_time 跳过: 148-08-09 03:55:58.650
11:37:34.121 [main] WARN com.ruoyi.vqms.source.reader.SaveTimeGate -- 坏行共 1 行已跳过
11:37:34.122 [main] WARN com.ruoyi.vqms.source.reader.SaveTimeGate -- 坏 save_time 跳过: 2959-10-26 23:48:59.560xyz
11:37:34.122 [main] WARN com.ruoyi.vqms.source.reader.SaveTimeGate -- 坏行共 1 行已跳过
11:37:34.124 [main] WARN com.ruoyi.vqms.source.reader.SaveTimeGate -- 坏 save_time 跳过: 2099-05-15 01:51:2.810
11:37:34.126 [main] WARN com.ruoyi.vqms.source.reader.SaveTimeGate -- 坏行共 1 行已跳过
11:37:34.126 [main] WARN com.ruoyi.vqms.source.reader.SaveTimeGate -- 坏 save_time 跳过: 1600-01-01 0
11:37:34.127 [main] WARN com.ruoyi.vqms.source.reader.SaveTimeGate -- 坏行共 1 行已跳过
11:37:34.129 [main] WARN com.ruoyi.vqms.source.reader.SaveTimeGate -- 坏 save_time 跳过: 1791-10#10 03:53:38.227
11:37:34.129 [main] WARN com.ruoyi.vqms.source.reader.SaveTimeGate -- 坏行共 1 行已跳过
11:37:34.129 [main] WARN com.ruoyi.vqms.source.reader.SaveTimeGate -- 坏 save_time 跳过: 1600-01-01 0
11:37:34.129 [main] WARN com.ruoyi.vqms.source.reader.SaveTimeGate -- 坏行共 1 行已跳过
11:37:34.130 [main] WARN com.ruoyi.vqms.source.reader.SaveTimeGate -- 坏 save_time 跳过: 1693-10-14 15
11:37:34.131 [main] WARN com.ruoyi.vqms.source.reader.SaveTimeGate -- 坏行共 1 行已跳过
11:37:34.132 [main] WARN com.ruoyi.vqms.source.reader.SaveTimeGate -- 坏 save_time 跳过: 2345-12-22 04:06:56.451xyz
11:37:34.133 [main] WARN com.ruoyi.vqms.source.reader.SaveTimeGate -- 坏行共 1 行已跳过
11:37:34.133 [main] WARN com.ruoyi.vqms.source.reader.SaveTimeGate -- 坏 save_time 跳过: 1600-01-01 0
11:37:34.133 [main] WARN com.ruoyi.vqms.source.reader.SaveTimeGate -- 坏行共 1 行已跳过
11:37:34.134 [main] WARN com.ruoyi.vqms.source.reader.SaveTimeGate -- 坏 save_time 跳过: 2357-10-04 06:22:30.424xyz
11:37:34.136 [main] WARN com.ruoyi.vqms.source.reader.SaveTimeGate -- 坏行共 1 行已跳过
11:37:34.138 [main] WARN com.ruoyi.vqms.source.reader.SaveTimeGate -- 坏 save_time 跳过: 2952-11-01#19:32:01.394
11:37:34.138 [main] WARN com.ruoyi.vqms.source.reader.SaveTimeGate -- 坏行共 1 行已跳过
11:37:34.140 [main] WARN com.ruoyi.vqms.source.reader.SaveTimeGate -- 坏 save_time 跳过: 2590-12-29 0000:00.000
11:37:34.140 [main] WARN com.ruoyi.vqms.source.reader.SaveTimeGate -- 坏行共 1 行已跳过
11:37:34.140 [main] WARN com.ruoyi.vqms.source.reader.SaveTimeGate -- 坏 save_time 跳过: 1600-01-01 0
11:37:34.141 [main] WARN com.ruoyi.vqms.source.reader.SaveTimeGate -- 坏行共 1 行已跳过
11:37:34.143 [main] WARN com.ruoyi.vqms.source.reader.SaveTimeGate -- 坏 save_time 跳过: 2678-06-07 19:0:40.809
11:37:34.143 [main] WARN com.ruoyi.vqms.source.reader.SaveTimeGate -- 坏行共 1 行已跳过
11:37:34.144 [main] WARN com.ruoyi.vqms.source.reader.SaveTimeGate -- 坏 save_time 跳过: 2971-04-17 10:19:10.334xyz
11:37:34.144 [main] WARN com.ruoyi.vqms.source.reader.SaveTimeGate -- 坏行共 1 行已跳过
11:37:34.146 [main] WARN com.ruoyi.vqms.source.reader.SaveTimeGate -- 坏 save_time 跳过: 2577-12-16 0#:18:07.346
11:37:34.146 [main] WARN com.ruoyi.vqms.source.reader.SaveTimeGate -- 坏行共 1 行已跳过
11:37:34.147 [main] WARN com.ruoyi.vqms.source.reader.SaveTimeGate -- 坏 save_time 跳过: 2683-#4-28 13:17:55.347
11:37:34.147 [main] WARN com.ruoyi.vqms.source.reader.SaveTimeGate -- 坏行共 1 行已跳过
11:37:34.149 [main] WARN com.ruoyi.vqms.source.reader.SaveTimeGate -- 坏 save_time 跳过: 1600-01-01 0
11:37:34.149 [main] WARN com.ruoyi.vqms.source.reader.SaveTimeGate -- 坏行共 1 行已跳过
11:37:34.151 [main] WARN com.ruoyi.vqms.source.reader.SaveTimeGate -- 坏 save_time 跳过: 2964-06-15 00:
11:37:34.152 [main] WARN com.ruoyi.vqms.source.reader.SaveTimeGate -- 坏行共 1 行已跳过
11:37:34.152 [main] WARN com.ruoyi.vqms.source.reader.SaveTimeGate -- 坏 save_time 跳过: 1600-01-01 0
11:37:34.153 [main] WARN com.ruoyi.vqms.source.reader.SaveTimeGate -- 坏行共 1 行已跳过
11:37:34.154 [main] WARN com.ruoyi.vqms.source.reader.SaveTimeGate -- 坏 save_time 跳过: 297-01-22 19:35:55.627
11:37:34.154 [main] WARN com.ruoyi.vqms.source.reader.SaveTimeGate -- 坏行共 1 行已跳过
11:37:34.156 [main] WARN com.ruoyi.vqms.source.reader.SaveTimeGate -- 坏 save_time 跳过: 2036-09-13
11:37:34.156 [main] WARN com.ruoyi.vqms.source.reader.SaveTimeGate -- 坏行共 1 行已跳过
11:37:34.157 [main] WARN com.ruoyi.vqms.source.reader.SaveTimeGate -- 坏 save_time 跳过: 2790-03-16 22
11:37:34.158 [main] WARN com.ruoyi.vqms.source.reader.SaveTimeGate -- 坏行共 1 行已跳过
11:37:34.159 [main] WARN com.ruoyi.vqms.source.reader.SaveTimeGate -- 坏 save_time 跳过: 1737-12-24 02:58:54.206xyz
11:37:34.159 [main] WARN com.ruoyi.vqms.source.reader.SaveTimeGate -- 坏行共 1 行已跳过
11:37:34.162 [main] WARN com.ruoyi.vqms.source.reader.SaveTimeGate -- 坏 save_time 跳过: 1600-01-01 0
11:37:34.162 [main] WARN com.ruoyi.vqms.source.reader.SaveTimeGate -- 坏行共 1 行已跳过
11:37:34.162 [main] WARN com.ruoyi.vqms.source.reader.SaveTimeGate -- 坏 save_time 跳过: 1600-01-01 0
11:37:34.162 [main] WARN com.ruoyi.vqms.source.reader.SaveTimeGate -- 坏行共 1 行已跳过
11:37:34.164 [main] WARN com.ruoyi.vqms.source.reader.SaveTimeGate -- 坏 save_time 跳过: 2681-04-25 21:39:17.427xyz
11:37:34.164 [main] WARN com.ruoyi.vqms.source.reader.SaveTimeGate -- 坏行共 1 行已跳过
11:37:34.167 [main] WARN com.ruoyi.vqms.source.reader.SaveTimeGate -- 坏 save_time 跳过: #158-02-09 15:32:18.484
11:37:34.167 [main] WARN com.ruoyi.vqms.source.reader.SaveTimeGate -- 坏行共 1 行已跳过
11:37:34.169 [main] WARN com.ruoyi.vqms.source.reader.SaveTimeGate -- 坏 save_time 跳过: 1775-03-31
11:37:34.169 [main] WARN com.ruoyi.vqms.source.reader.SaveTimeGate -- 坏行共 1 行已跳过
11:37:34.170 [main] WARN com.ruoyi.vqms.source.reader.SaveTimeGate -- 坏 save_time 跳过: 2447-0111 16:38:18.784
11:37:34.171 [main] WARN com.ruoyi.vqms.source.reader.SaveTimeGate -- 坏行共 1 行已跳过
11:37:34.171 [main] WARN com.ruoyi.vqms.source.reader.SaveTimeGate -- 坏 save_time 跳过: 1600-01-01 0
11:37:34.172 [main] WARN com.ruoyi.vqms.source.reader.SaveTimeGate -- 坏行共 1 行已跳过
11:37:34.173 [main] WARN com.ruoyi.vqms.source.reader.SaveTimeGate -- 坏 save_time 跳过: 2247-09-06 00:0#:00.000
11:37:34.174 [main] WARN com.ruoyi.vqms.source.reader.SaveTimeGate -- 坏行共 1 行已跳过
11:37:34.174 [main] WARN com.ruoyi.vqms.source.reader.SaveTimeGate -- 坏 save_time 跳过: 1600-01-01 0
11:37:34.174 [main] WARN com.ruoyi.vqms.source.reader.SaveTimeGate -- 坏行共 1 行已跳过
11:37:34.177 [main] WARN com.ruoyi.vqms.source.reader.SaveTimeGate -- 坏 save_time 跳过: 2574-05-07 05:49:07.164xyz
11:37:34.178 [main] WARN com.ruoyi.vqms.source.reader.SaveTimeGate -- 坏行共 1 行已跳过
11:37:34.180 [main] WARN com.ruoyi.vqms.source.reader.SaveTimeGate -- 坏 save_time 跳过: 2997-01-23 0
11:37:34.180 [main] WARN com.ruoyi.vqms.source.reader.SaveTimeGate -- 坏行共 1 行已跳过
11:37:34.182 [main] WARN com.ruoyi.vqms.source.reader.SaveTimeGate -- 坏 save_time 跳过: 1628-09-02
11:37:34.182 [main] WARN com.ruoyi.vqms.source.reader.SaveTimeGate -- 坏行共 1 行已跳过
11:37:34.183 [main] WARN com.ruoyi.vqms.source.reader.SaveTimeGate -- 坏 save_time 跳过: 2793-07-25 08:49:56.728xyz
11:37:34.183 [main] WARN com.ruoyi.vqms.source.reader.SaveTimeGate -- 坏行共 1 行已跳过
11:37:34.183 [main] WARN com.ruoyi.vqms.source.reader.SaveTimeGate -- 坏 save_time 跳过: 1715-02-27 04:33:03.207xyz
11:37:34.183 [main] WARN com.ruoyi.vqms.source.reader.SaveTimeGate -- 坏行共 1 行已跳过
11:37:34.184 [main] WARN com.ruoyi.vqms.source.reader.SaveTimeGate -- 坏 save_time 跳过: 2549-11-27 15:02:00.59#
11:37:34.184 [main] WARN com.ruoyi.vqms.source.reader.SaveTimeGate -- 坏行共 1 行已跳过
11:37:34.185 [main] WARN com.ruoyi.vqms.source.reader.SaveTimeGate -- 坏 save_time 跳过: 1600-01-01 0
11:37:34.185 [main] WARN com.ruoyi.vqms.source.reader.SaveTimeGate -- 坏行共 1 行已跳过
11:37:34.185 [main] WARN com.ruoyi.vqms.source.reader.SaveTimeGate -- 坏 save_time 跳过: 2971-02-11 03:12:24.813xyz
11:37:34.185 [main] WARN com.ruoyi.vqms.source.reader.SaveTimeGate -- 坏行共 1 行已跳过
11:37:34.186 [main] WARN com.ruoyi.vqms.source.reader.SaveTimeGate -- 坏 save_time 跳过: 2896-06-15 15:23:06#920
11:37:34.186 [main] WARN com.ruoyi.vqms.source.reader.SaveTimeGate -- 坏行共 1 行已跳过
11:37:34.187 [main] WARN com.ruoyi.vqms.source.reader.SaveTimeGate -- 坏 save_time 跳过: 2154-0927 15:26:13.897
11:37:34.187 [main] WARN com.ruoyi.vqms.source.reader.SaveTimeGate -- 坏行共 1 行已跳过
11:37:34.188 [main] WARN com.ruoyi.vqms.source.reader.SaveTimeGate -- 坏 save_time 跳过: 2411-05-21 #0:53:18.430
11:37:34.188 [main] WARN com.ruoyi.vqms.source.reader.SaveTimeGate -- 坏行共 1 行已跳过
11:37:34.189 [main] WARN com.ruoyi.vqms.source.reader.SaveTimeGate -- 坏 save_time 跳过: 1657-02-14
11:37:34.189 [main] WARN com.ruoyi.vqms.source.reader.SaveTimeGate -- 坏行共 1 行已跳过
11:37:34.190 [main] WARN com.ruoyi.vqms.source.reader.SaveTimeGate -- 坏 save_time 跳过: 2373#03-20 05:56:30.481
11:37:34.190 [main] WARN com.ruoyi.vqms.source.reader.SaveTimeGate -- 坏行共 1 行已跳过
11:37:34.190 [main] WARN com.ruoyi.vqms.source.reader.SaveTimeGate -- 坏 save_time 跳过: 1600-01-01 0
11:37:34.190 [main] WARN com.ruoyi.vqms.source.reader.SaveTimeGate -- 坏行共 1 行已跳过
11:37:34.191 [main] WARN com.ruoyi.vqms.source.reader.SaveTimeGate -- 坏 save_time 跳过: 1957-12-12 2:58:44.330
11:37:34.191 [main] WARN com.ruoyi.vqms.source.reader.SaveTimeGate -- 坏行共 1 行已跳过
11:37:34.195 [main] WARN com.ruoyi.vqms.source.reader.SaveTimeGate -- 坏 save_time 跳过: 2905-03-25 #9:14:58.162
11:37:34.196 [main] WARN com.ruoyi.vqms.source.reader.SaveTimeGate -- 坏行共 1 行已跳过
11:37:34.196 [main] WARN com.ruoyi.vqms.source.reader.SaveTimeGate -- 坏 save_time 跳过: 1600-01-01
11:37:34.197 [main] WARN com.ruoyi.vqms.source.reader.SaveTimeGate -- 坏行共 1 行已跳过
11:37:34.198 [main] WARN com.ruoyi.vqms.source.reader.SaveTimeGate -- 坏 save_time 跳过: 2371-09-09
11:37:34.198 [main] WARN com.ruoyi.vqms.source.reader.SaveTimeGate -- 坏行共 1 行已跳过
11:37:34.200 [main] WARN com.ruoyi.vqms.source.reader.SaveTimeGate -- 坏 save_time 跳过: 2583-04-30 23:57:14.013xyz
11:37:34.200 [main] WARN com.ruoyi.vqms.source.reader.SaveTimeGate -- 坏行共 1 行已跳过
11:37:34.201 [main] WARN com.ruoyi.vqms.source.reader.SaveTimeGate -- 坏 save_time 跳过: 2090-12#06 00:48:47.798
11:37:34.202 [main] WARN com.ruoyi.vqms.source.reader.SaveTimeGate -- 坏行共 1 行已跳过
11:37:34.203 [main] WARN com.ruoyi.vqms.source.reader.SaveTimeGate -- 坏 save_time 跳过: 2250-07-30 20:
11:37:34.203 [main] WARN com.ruoyi.vqms.source.reader.SaveTimeGate -- 坏行共 1 行已跳过
11:37:34.204 [main] WARN com.ruoyi.vqms.source.reader.SaveTimeGate -- 坏 save_time 跳过: 1801-07-1 21:42:10.509
11:37:34.204 [main] WARN com.ruoyi.vqms.source.reader.SaveTimeGate -- 坏行共 1 行已跳过
11:37:34.207 [main] WARN com.ruoyi.vqms.source.reader.SaveTimeGate -- 坏 save_time 跳过: 211#-03-14 13:29:47.383
11:37:34.208 [main] WARN com.ruoyi.vqms.source.reader.SaveTimeGate -- 坏行共 1 行已跳过
11:37:34.210 [main] WARN com.ruoyi.vqms.source.reader.SaveTimeGate -- 坏 save_time 跳过: 2756-06-04 07:23:10.475xyz
11:37:34.210 [main] WARN com.ruoyi.vqms.source.reader.SaveTimeGate -- 坏行共 1 行已跳过
11:37:34.211 [main] WARN com.ruoyi.vqms.source.reader.SaveTimeGate -- 坏 save_time 跳过: 1610-05-06 04
11:37:34.211 [main] WARN com.ruoyi.vqms.source.reader.SaveTimeGate -- 坏行共 1 行已跳过
11:37:34.212 [main] WARN com.ruoyi.vqms.source.reader.SaveTimeGate -- 坏 save_time 跳过: 2317-08-07 05:21:00.284xyz
11:37:34.212 [main] WARN com.ruoyi.vqms.source.reader.SaveTimeGate -- 坏行共 1 行已跳过
11:37:34.214 [main] WARN com.ruoyi.vqms.source.reader.SaveTimeGate -- 坏 save_time 跳过: 2027-12-04 14:44:45.996xyz
11:37:34.214 [main] WARN com.ruoyi.vqms.source.reader.SaveTimeGate -- 坏行共 1 行已跳过
11:37:34.215 [main] WARN com.ruoyi.vqms.source.reader.SaveTimeGate -- 坏 save_time 跳过: 2273-02-02
11:37:34.215 [main] WARN com.ruoyi.vqms.source.reader.SaveTimeGate -- 坏行共 1 行已跳过
11:37:34.215 [main] WARN com.ruoyi.vqms.source.reader.SaveTimeGate -- 坏 save_time 跳过: 1600-02-29 00:00:00.00#
11:37:34.215 [main] WARN com.ruoyi.vqms.source.reader.SaveTimeGate -- 坏行共 1 行已跳过
11:37:34.216 [main] WARN com.ruoyi.vqms.source.reader.SaveTimeGate -- 坏 save_time 跳过: 2753-12-27 17#31:07.227
11:37:34.216 [main] WARN com.ruoyi.vqms.source.reader.SaveTimeGate -- 坏行共 1 行已跳过
11:37:34.218 [main] WARN com.ruoyi.vqms.source.reader.SaveTimeGate -- 坏 save_time 跳过: 897-11-12 16:52:46.857
11:37:34.218 [main] WARN com.ruoyi.vqms.source.reader.SaveTimeGate -- 坏行共 1 行已跳过
11:37:34.219 [main] WARN com.ruoyi.vqms.source.reader.SaveTimeGate -- 坏 save_time 跳过: 1600-01-01#23:59:59.999
11:37:34.219 [main] WARN com.ruoyi.vqms.source.reader.SaveTimeGate -- 坏行共 1 行已跳过
11:37:34.220 [main] WARN com.ruoyi.vqms.source.reader.SaveTimeGate -- 坏 save_time 跳过: 1600-01-01#23:59:59.999
11:37:34.220 [main] WARN com.ruoyi.vqms.source.reader.SaveTimeGate -- 坏行共 1 行已跳过
11:37:34.221 [main] WARN com.ruoyi.vqms.source.reader.SaveTimeGate -- 坏 save_time 跳过: 2122-08-07 17:17:3.722
11:37:34.221 [main] WARN com.ruoyi.vqms.source.reader.SaveTimeGate -- 坏行共 1 行已跳过
11:37:34.223 [main] WARN com.ruoyi.vqms.source.reader.SaveTimeGate -- 坏 save_time 跳过: 2681-08-27 0#:31:56.602
11:37:34.224 [main] WARN com.ruoyi.vqms.source.reader.SaveTimeGate -- 坏行共 1 行已跳过
11:37:34.227 [main] WARN com.ruoyi.vqms.source.reader.SaveTimeGate -- 坏 save_time 跳过: 2005-5-21 16:17:02.011
11:37:34.227 [main] WARN com.ruoyi.vqms.source.reader.SaveTimeGate -- 坏行共 1 行已跳过
11:37:34.229 [main] WARN com.ruoyi.vqms.source.reader.SaveTimeGate -- 坏 save_time 跳过: 2654-06-04 8:26:03.830
11:37:34.229 [main] WARN com.ruoyi.vqms.source.reader.SaveTimeGate -- 坏行共 1 行已跳过
11:37:34.231 [main] WARN com.ruoyi.vqms.source.reader.SaveTimeGate -- 坏 save_time 跳过: 1601-07-06 06:25:30#753
11:37:34.231 [main] WARN com.ruoyi.vqms.source.reader.SaveTimeGate -- 坏行共 1 行已跳过
11:37:34.232 [main] WARN com.ruoyi.vqms.source.reader.SaveTimeGate -- 坏 save_time 跳过: 1600-02-29 00:00:00.00#
11:37:34.232 [main] WARN com.ruoyi.vqms.source.reader.SaveTimeGate -- 坏行共 1 行已跳过
11:37:34.234 [main] WARN com.ruoyi.vqms.source.reader.SaveTimeGate -- 坏 save_time 跳过: 2887-08-29 10:43:24.318xyz
11:37:34.234 [main] WARN com.ruoyi.vqms.source.reader.SaveTimeGate -- 坏行共 1 行已跳过
11:37:34.235 [main] WARN com.ruoyi.vqms.source.reader.SaveTimeGate -- 坏 save_time 跳过: 1633-06-29
11:37:34.236 [main] WARN com.ruoyi.vqms.source.reader.SaveTimeGate -- 坏行共 1 行已跳过
11:37:34.238 [main] WARN com.ruoyi.vqms.source.reader.SaveTimeGate -- 坏 save_time 跳过: 2216-10-29
11:37:34.239 [main] WARN com.ruoyi.vqms.source.reader.SaveTimeGate -- 坏行共 1 行已跳过
11:37:34.241 [main] WARN com.ruoyi.vqms.source.reader.SaveTimeGate -- 坏 save_time 跳过: 2481-03-10 0:24:20.770
11:37:34.242 [main] WARN com.ruoyi.vqms.source.reader.SaveTimeGate -- 坏行共 1 行已跳过
11:37:34.243 [main] WARN com.ruoyi.vqms.source.reader.SaveTimeGate -- 坏 save_time 跳过: 2030-12-23 22:6:59.183
11:37:34.243 [main] WARN com.ruoyi.vqms.source.reader.SaveTimeGate -- 坏行共 1 行已跳过
11:37:34.246 [main] WARN com.ruoyi.vqms.source.reader.SaveTimeGate -- 坏 save_time 跳过: 159-08-31 19:07:41.191
11:37:34.246 [main] WARN com.ruoyi.vqms.source.reader.SaveTimeGate -- 坏行共 1 行已跳过
11:37:34.248 [main] WARN com.ruoyi.vqms.source.reader.SaveTimeGate -- 坏 save_time 跳过: 2145-0#-16 23:05:56.980
11:37:34.248 [main] WARN com.ruoyi.vqms.source.reader.SaveTimeGate -- 坏行共 1 行已跳过
11:37:34.249 [main] WARN com.ruoyi.vqms.source.reader.SaveTimeGate -- 坏 save_time 跳过: 1600-01-01 0
11:37:34.249 [main] WARN com.ruoyi.vqms.source.reader.SaveTimeGate -- 坏行共 1 行已跳过
11:37:34.251 [main] WARN com.ruoyi.vqms.source.reader.SaveTimeGate -- 坏 save_time 跳过: 2253-01-23 18:48:24.940xyz
11:37:34.251 [main] WARN com.ruoyi.vqms.source.reader.SaveTimeGate -- 坏行共 1 行已跳过
11:37:34.253 [main] WARN com.ruoyi.vqms.source.reader.SaveTimeGate -- 坏 save_time 跳过: 2792-05-05 23:59:59.999xyz
11:37:34.253 [main] WARN com.ruoyi.vqms.source.reader.SaveTimeGate -- 坏行共 1 行已跳过
11:37:34.253 [main] WARN com.ruoyi.vqms.source.reader.SaveTimeGate -- 坏 save_time 跳过: 1600-01-01 0
11:37:34.253 [main] WARN com.ruoyi.vqms.source.reader.SaveTimeGate -- 坏行共 1 行已跳过
11:37:34.254 [main] WARN com.ruoyi.vqms.source.reader.SaveTimeGate -- 坏 save_time 跳过: 1960-10-29 06:21#30.776
11:37:34.254 [main] WARN com.ruoyi.vqms.source.reader.SaveTimeGate -- 坏行共 1 行已跳过
11:37:34.256 [main] WARN com.ruoyi.vqms.source.reader.SaveTimeGate -- 坏 save_time 跳过: 2807-07-06 16:14:1.850
11:37:34.257 [main] WARN com.ruoyi.vqms.source.reader.SaveTimeGate -- 坏行共 1 行已跳过
11:37:34.257 [main] WARN com.ruoyi.vqms.source.reader.SaveTimeGate -- 坏 save_time 跳过: 1600-01-01 0
11:37:34.258 [main] WARN com.ruoyi.vqms.source.reader.SaveTimeGate -- 坏行共 1 行已跳过
11:37:34.260 [main] WARN com.ruoyi.vqms.source.reader.SaveTimeGate -- 坏 save_time 跳过: 1764-07-08 20:06:48.835xyz
11:37:34.260 [main] WARN com.ruoyi.vqms.source.reader.SaveTimeGate -- 坏行共 1 行已跳过
11:37:34.262 [main] WARN com.ruoyi.vqms.source.reader.SaveTimeGate -- 坏 save_time 跳过: 2282-07-24 18:#5:11.136
11:37:34.262 [main] WARN com.ruoyi.vqms.source.reader.SaveTimeGate -- 坏行共 1 行已跳过
11:37:34.264 [main] WARN com.ruoyi.vqms.source.reader.SaveTimeGate -- 坏 save_time 跳过: 2052-4-29 10:55:57.311
11:37:34.264 [main] WARN com.ruoyi.vqms.source.reader.SaveTimeGate -- 坏行共 1 行已跳过
11:37:34.265 [main] WARN com.ruoyi.vqms.source.reader.SaveTimeGate -- 坏 save_time 跳过: 2380-09-28 18:12:39.675xyz
11:37:34.265 [main] WARN com.ruoyi.vqms.source.reader.SaveTimeGate -- 坏行共 1 行已跳过
11:37:34.267 [main] WARN com.ruoyi.vqms.source.reader.SaveTimeGate -- 坏 save_time 跳过: 2427-05-07 05:13:06.348xyz
11:37:34.267 [main] WARN com.ruoyi.vqms.source.reader.SaveTimeGate -- 坏行共 1 行已跳过
11:37:34.267 [main] WARN com.ruoyi.vqms.source.reader.SaveTimeGate -- 坏 save_time 跳过: 1600-01-01 0
11:37:34.267 [main] WARN com.ruoyi.vqms.source.reader.SaveTimeGate -- 坏行共 1 行已跳过
11:37:34.268 [main] WARN com.ruoyi.vqms.source.reader.SaveTimeGate -- 坏 save_time 跳过: 2551-0409 08:21:31.339
11:37:34.268 [main] WARN com.ruoyi.vqms.source.reader.SaveTimeGate -- 坏行共 1 行已跳过
11:37:34.268 [main] WARN com.ruoyi.vqms.source.reader.SaveTimeGate -- 坏 save_time 跳过: 1600-01-01 0
11:37:34.268 [main] WARN com.ruoyi.vqms.source.reader.SaveTimeGate -- 坏行共 1 行已跳过
11:37:34.269 [main] WARN com.ruoyi.vqms.source.reader.SaveTimeGate -- 坏 save_time 跳过: 1600-01-01 0
11:37:34.269 [main] WARN com.ruoyi.vqms.source.reader.SaveTimeGate -- 坏行共 1 行已跳过
11:37:34.270 [main] WARN com.ruoyi.vqms.source.reader.SaveTimeGate -- 坏 save_time 跳过: 2#58-12-10 01:51:36.969
11:37:34.271 [main] WARN com.ruoyi.vqms.source.reader.SaveTimeGate -- 坏行共 1 行已跳过
11:37:34.271 [main] WARN com.ruoyi.vqms.source.reader.SaveTimeGate -- 坏 save_time 跳过: 1600-01-01 23:59:9.999
11:37:34.271 [main] WARN com.ruoyi.vqms.source.reader.SaveTimeGate -- 坏行共 1 行已跳过
11:37:34.272 [main] WARN com.ruoyi.vqms.source.reader.SaveTimeGate -- 坏 save_time 跳过: 1600-01-01 23:59:9.999
11:37:34.272 [main] WARN com.ruoyi.vqms.source.reader.SaveTimeGate -- 坏行共 1 行已跳过
11:37:34.274 [main] WARN com.ruoyi.vqms.source.reader.SaveTimeGate -- 坏 save_time 跳过: 2259-04-29 17:13:34.467xyz
11:37:34.274 [main] WARN com.ruoyi.vqms.source.reader.SaveTimeGate -- 坏行共 1 行已跳过
11:37:34.276 [main] WARN com.ruoyi.vqms.source.reader.SaveTimeGate -- 坏 save_time 跳过: 2286-02-21
11:37:34.276 [main] WARN com.ruoyi.vqms.source.reader.SaveTimeGate -- 坏行共 1 行已跳过
11:37:34.277 [main] WARN com.ruoyi.vqms.source.reader.SaveTimeGate -- 坏 save_time 跳过: 1600-01-01 23:59:9.999
11:37:34.278 [main] WARN com.ruoyi.vqms.source.reader.SaveTimeGate -- 坏行共 1 行已跳过
11:37:34.278 [main] WARN com.ruoyi.vqms.source.reader.SaveTimeGate -- 坏 save_time 跳过: 2438-09-20 18:25:27875
11:37:34.278 [main] WARN com.ruoyi.vqms.source.reader.SaveTimeGate -- 坏行共 1 行已跳过
11:37:34.280 [main] WARN com.ruoyi.vqms.source.reader.SaveTimeGate -- 坏 save_time 跳过: 2117-05-06 14:15
11:37:34.280 [main] WARN com.ruoyi.vqms.source.reader.SaveTimeGate -- 坏行共 1 行已跳过
11:37:34.283 [main] WARN com.ruoyi.vqms.source.reader.SaveTimeGate -- 坏 save_time 跳过: 2110-10-09 23:07:14#008
11:37:34.283 [main] WARN com.ruoyi.vqms.source.reader.SaveTimeGate -- 坏行共 1 行已跳过
11:37:34.284 [main] WARN com.ruoyi.vqms.source.reader.SaveTimeGate -- 坏 save_time 跳过: 1958-04-26 22:46:52.218xyz
11:37:34.285 [main] WARN com.ruoyi.vqms.source.reader.SaveTimeGate -- 坏行共 1 行已跳过
11:37:34.287 [main] WARN com.ruoyi.vqms.source.reader.SaveTimeGate -- 坏 save_time 跳过: 2297-03-31 1729:17.778
11:37:34.287 [main] WARN com.ruoyi.vqms.source.reader.SaveTimeGate -- 坏行共 1 行已跳过
11:37:34.288 [main] WARN com.ruoyi.vqms.source.reader.SaveTimeGate -- 坏 save_time 跳过: 2482-02-05 22:9:00.085
11:37:34.290 [main] WARN com.ruoyi.vqms.source.reader.SaveTimeGate -- 坏行共 1 行已跳过
11:37:34.290 [main] WARN com.ruoyi.vqms.source.reader.SaveTimeGate -- 坏 save_time 跳过: 2347-07-24 11:41:08.691xyz
11:37:34.292 [main] WARN com.ruoyi.vqms.source.reader.SaveTimeGate -- 坏行共 1 行已跳过
11:37:34.292 [main] WARN com.ruoyi.vqms.source.reader.SaveTimeGate -- 坏 save_time 跳过: 225#-09-05 12:57:36.729
11:37:34.293 [main] WARN com.ruoyi.vqms.source.reader.SaveTimeGate -- 坏行共 1 行已跳过
11:37:34.295 [main] WARN com.ruoyi.vqms.source.reader.SaveTimeGate -- 坏 save_time 跳过: 2897-10-17 08:15:49.154xyz
11:37:34.295 [main] WARN com.ruoyi.vqms.source.reader.SaveTimeGate -- 坏行共 1 行已跳过
11:37:34.296 [main] WARN com.ruoyi.vqms.source.reader.SaveTimeGate -- 坏 save_time 跳过: 1784-11-16 22:58:44.747xyz
11:37:34.296 [main] WARN com.ruoyi.vqms.source.reader.SaveTimeGate -- 坏行共 1 行已跳过
11:37:34.297 [main] WARN com.ruoyi.vqms.source.reader.SaveTimeGate -- 坏 save_time 跳过: 2644-09-0707:08:52.932
11:37:34.298 [main] WARN com.ruoyi.vqms.source.reader.SaveTimeGate -- 坏行共 1 行已跳过
11:37:34.299 [main] WARN com.ruoyi.vqms.source.reader.SaveTimeGate -- 坏 save_time 跳过: 2#40-09-02 09:59:56.165
11:37:34.299 [main] WARN com.ruoyi.vqms.source.reader.SaveTimeGate -- 坏行共 1 行已跳过
11:37:34.301 [main] WARN com.ruoyi.vqms.source.reader.SaveTimeGate -- 坏 save_time 跳过: 2307-08-02 1
11:37:34.301 [main] WARN com.ruoyi.vqms.source.reader.SaveTimeGate -- 坏行共 1 行已跳过
11:37:34.303 [main] WARN com.ruoyi.vqms.source.reader.SaveTimeGate -- 坏 save_time 跳过: 2026-12-08 03:23:09.#35
11:37:34.303 [main] WARN com.ruoyi.vqms.source.reader.SaveTimeGate -- 坏行共 1 行已跳过
11:37:34.306 [main] WARN com.ruoyi.vqms.source.reader.SaveTimeGate -- 坏 save_time 跳过: 1966-08-07 15:07:59.734xyz
11:37:34.306 [main] WARN com.ruoyi.vqms.source.reader.SaveTimeGate -- 坏行共 1 行已跳过
11:37:34.307 [main] WARN com.ruoyi.vqms.source.reader.SaveTimeGate -- 坏 save_time 跳过: 1971-01-16 12:07:43.520xyz
11:37:34.307 [main] WARN com.ruoyi.vqms.source.reader.SaveTimeGate -- 坏行共 1 行已跳过
11:37:34.309 [main] WARN com.ruoyi.vqms.source.reader.SaveTimeGate -- 坏 save_time 跳过: 2670-02-09
11:37:34.309 [main] WARN com.ruoyi.vqms.source.reader.SaveTimeGate -- 坏行共 1 行已跳过
11:37:34.310 [main] WARN com.ruoyi.vqms.source.reader.SaveTimeGate -- 坏 save_time 跳过: 25#6-12-13 10:37:30.836
11:37:34.311 [main] WARN com.ruoyi.vqms.source.reader.SaveTimeGate -- 坏行共 1 行已跳过
11:37:34.312 [main] WARN com.ruoyi.vqms.source.reader.SaveTimeGate -- 坏 save_time 跳过: 2828-12-13 00:49:46.455xyz
11:37:34.312 [main] WARN com.ruoyi.vqms.source.reader.SaveTimeGate -- 坏行共 1 行已跳过
11:37:34.313 [main] WARN com.ruoyi.vqms.source.reader.SaveTimeGate -- 坏 save_time 跳过: 2482-#8-04 02:12:54.329
11:37:34.313 [main] WARN com.ruoyi.vqms.source.reader.SaveTimeGate -- 坏行共 1 行已跳过
11:37:34.315 [main] WARN com.ruoyi.vqms.source.reader.SaveTimeGate -- 坏 save_time 跳过: 2606-03-21 18:0:27.809
11:37:34.315 [main] WARN com.ruoyi.vqms.source.reader.SaveTimeGate -- 坏行共 1 行已跳过
11:37:34.317 [main] WARN com.ruoyi.vqms.source.reader.SaveTimeGate -- 坏 save_time 跳过: 1600-02-29 00:00:00.00#
11:37:34.317 [main] WARN com.ruoyi.vqms.source.reader.SaveTimeGate -- 坏行共 1 行已跳过
11:37:34.318 [main] WARN com.ruoyi.vqms.source.reader.SaveTimeGate -- 坏 save_time 跳过: 1#71-12-20 18:22:39.505
11:37:34.318 [main] WARN com.ruoyi.vqms.source.reader.SaveTimeGate -- 坏行共 1 行已跳过
11:37:34.320 [main] WARN com.ruoyi.vqms.source.reader.SaveTimeGate -- 坏 save_time 跳过: 2031-06-08
11:37:34.320 [main] WARN com.ruoyi.vqms.source.reader.SaveTimeGate -- 坏行共 1 行已跳过
11:37:34.322 [main] WARN com.ruoyi.vqms.source.reader.SaveTimeGate -- 坏 save_time 跳过: 2600-01-31 13:45:58.793xyz
11:37:34.322 [main] WARN com.ruoyi.vqms.source.reader.SaveTimeGate -- 坏行共 1 行已跳过
11:37:34.322 [main] WARN com.ruoyi.vqms.source.reader.SaveTimeGate -- 坏 save_time 跳过: 1600-02-29 00:00:00.00#
11:37:34.322 [main] WARN com.ruoyi.vqms.source.reader.SaveTimeGate -- 坏行共 1 行已跳过
11:37:34.328 [main] WARN com.ruoyi.vqms.source.reader.SaveTimeGate -- 坏 save_time 跳过: 2161-05-17 21:00:
11:37:34.328 [main] WARN com.ruoyi.vqms.source.reader.SaveTimeGate -- 坏行共 1 行已跳过
11:37:34.329 [main] WARN com.ruoyi.vqms.source.reader.SaveTimeGate -- 坏 save_time 跳过: 1600-01-01 23:59:9.999
11:37:34.329 [main] WARN com.ruoyi.vqms.source.reader.SaveTimeGate -- 坏行共 1 行已跳过
11:37:34.331 [main] WARN com.ruoyi.vqms.source.reader.SaveTimeGate -- 坏 save_time 跳过: 2031-05-10 16:11:4.136
11:37:34.332 [main] WARN com.ruoyi.vqms.source.reader.SaveTimeGate -- 坏行共 1 行已跳过
11:37:34.334 [main] WARN com.ruoyi.vqms.source.reader.SaveTimeGate -- 坏 save_time 跳过: 171-05-20 01:16:15.177
11:37:34.334 [main] WARN com.ruoyi.vqms.source.reader.SaveTimeGate -- 坏行共 1 行已跳过
11:37:34.335 [main] WARN com.ruoyi.vqms.source.reader.SaveTimeGate -- 坏 save_time 跳过: 1600-01-01 23:59:9.999
11:37:34.335 [main] WARN com.ruoyi.vqms.source.reader.SaveTimeGate -- 坏行共 1 行已跳过
11:37:34.335 [main] WARN com.ruoyi.vqms.source.reader.SaveTimeGate -- 坏 save_time 跳过: 1600-01-01 23:59:9.999
11:37:34.335 [main] WARN com.ruoyi.vqms.source.reader.SaveTimeGate -- 坏行共 1 行已跳过
11:37:34.335 [main] WARN com.ruoyi.vqms.source.reader.SaveTimeGate -- 坏 save_time 跳过: 1600-01-01 23:59:9.999
11:37:34.335 [main] WARN com.ruoyi.vqms.source.reader.SaveTimeGate -- 坏行共 1 行已跳过
11:37:34.340 [main] WARN com.ruoyi.vqms.source.reader.SaveTimeGate -- 坏 save_time 跳过: 1965-04-27 03:48:3.659
11:37:34.340 [main] WARN com.ruoyi.vqms.source.reader.SaveTimeGate -- 坏行共 1 行已跳过
11:37:34.342 [main] WARN com.ruoyi.vqms.source.reader.SaveTimeGate -- 坏 save_time 跳过: 2694-01-15 19:17:42.602xyz
11:37:34.342 [main] WARN com.ruoyi.vqms.source.reader.SaveTimeGate -- 坏行共 1 行已跳过
11:37:34.343 [main] WARN com.ruoyi.vqms.source.reader.SaveTimeGate -- 坏 save_time 跳过: 2044-09-04 10:26:59.264xyz
11:37:34.343 [main] WARN com.ruoyi.vqms.source.reader.SaveTimeGate -- 坏行共 1 行已跳过
11:37:34.343 [main] WARN com.ruoyi.vqms.source.reader.SaveTimeGate -- 坏 save_time 跳过: 1600-01-01 23:59:9.999
11:37:34.343 [main] WARN com.ruoyi.vqms.source.reader.SaveTimeGate -- 坏行共 1 行已跳过
11:37:34.344 [main] WARN com.ruoyi.vqms.source.reader.SaveTimeGate -- 坏 save_time 跳过: 1994-02-19 07:26:11.909xyz
11:37:34.344 [main] WARN com.ruoyi.vqms.source.reader.SaveTimeGate -- 坏行共 1 行已跳过
11:37:34.344 [main] WARN com.ruoyi.vqms.source.reader.SaveTimeGate -- 坏 save_time 跳过: 1952-07-11 15:27:01.051xyz
11:37:34.344 [main] WARN com.ruoyi.vqms.source.reader.SaveTimeGate -- 坏行共 1 行已跳过
11:37:34.347 [main] WARN com.ruoyi.vqms.source.reader.SaveTimeGate -- 坏 save_time 跳过: 2467-07-09 01:51:21.947xyz
11:37:34.347 [main] WARN com.ruoyi.vqms.source.reader.SaveTimeGate -- 坏行共 1 行已跳过
11:37:34.348 [main] WARN com.ruoyi.vqms.source.reader.SaveTimeGate -- 坏 save_time 跳过: 2420-05-27 09:53:53.414xyz
11:37:34.349 [main] WARN com.ruoyi.vqms.source.reader.SaveTimeGate -- 坏行共 1 行已跳过
11:37:34.350 [main] WARN com.ruoyi.vqms.source.reader.SaveTimeGate -- 坏 save_time 跳过: 2624-02-12 15:32:4.291
11:37:34.350 [main] WARN com.ruoyi.vqms.source.reader.SaveTimeGate -- 坏行共 1 行已跳过
11:37:34.352 [main] WARN com.ruoyi.vqms.source.reader.SaveTimeGate -- 坏 save_time 跳过: 1765-01-10
11:37:34.352 [main] WARN com.ruoyi.vqms.source.reader.SaveTimeGate -- 坏行共 1 行已跳过
11:37:34.355 [main] WARN com.ruoyi.vqms.source.reader.SaveTimeGate -- 坏 save_time 跳过: 1692-04-22
11:37:34.355 [main] WARN com.ruoyi.vqms.source.reader.SaveTimeGate -- 坏行共 1 行已跳过
11:37:34.357 [main] WARN com.ruoyi.vqms.source.reader.SaveTimeGate -- 坏 save_time 跳过: 2104-02-15 00:50:06.473xyz
11:37:34.358 [main] WARN com.ruoyi.vqms.source.reader.SaveTimeGate -- 坏行共 1 行已跳过
11:37:34.362 [main] WARN com.ruoyi.vqms.source.reader.SaveTimeGate -- 坏 save_time 跳过: 932-07-02 16:49:51.790
11:37:34.362 [main] WARN com.ruoyi.vqms.source.reader.SaveTimeGate -- 坏行共 1 行已跳过
11:37:34.363 [main] WARN com.ruoyi.vqms.source.reader.SaveTimeGate -- 坏 save_time 跳过: 1811-8-16 08:32:00.268
11:37:34.363 [main] WARN com.ruoyi.vqms.source.reader.SaveTimeGate -- 坏行共 1 行已跳过
11:37:34.366 [main] WARN com.ruoyi.vqms.source.reader.SaveTimeGate -- 坏 save_time 跳过: 1922-03-23 09:41:37.626xyz
11:37:34.367 [main] WARN com.ruoyi.vqms.source.reader.SaveTimeGate -- 坏行共 1 行已跳过
11:37:34.368 [main] WARN com.ruoyi.vqms.source.reader.SaveTimeGate -- 坏 save_time 跳过: 1600-01-01#23:59:59.999
11:37:34.368 [main] WARN com.ruoyi.vqms.source.reader.SaveTimeGate -- 坏行共 1 行已跳过
11:37:34.370 [main] WARN com.ruoyi.vqms.source.reader.SaveTimeGate -- 坏 save_time 跳过: 2661-09-10
11:37:34.370 [main] WARN com.ruoyi.vqms.source.reader.SaveTimeGate -- 坏行共 1 行已跳过
11:37:34.371 [main] WARN com.ruoyi.vqms.source.reader.SaveTimeGate -- 坏 save_time 跳过: 1600-01-01
11:37:34.371 [main] WARN com.ruoyi.vqms.source.reader.SaveTimeGate -- 坏行共 1 行已跳过
11:37:34.373 [main] WARN com.ruoyi.vqms.source.reader.SaveTimeGate -- 坏 save_time 跳过: 1825-12-08 05:35:37.734xyz
11:37:34.373 [main] WARN com.ruoyi.vqms.source.reader.SaveTimeGate -- 坏行共 1 行已跳过
11:37:34.374 [main] WARN com.ruoyi.vqms.source.reader.SaveTimeGate -- 坏 save_time 跳过: 2013-03-16
11:37:34.374 [main] WARN com.ruoyi.vqms.source.reader.SaveTimeGate -- 坏行共 1 行已跳过
11:37:34.377 [main] WARN com.ruoyi.vqms.source.reader.SaveTimeGate -- 坏 save_time 跳过: 1825-09-#6 16:06:16.477
11:37:34.377 [main] WARN com.ruoyi.vqms.source.reader.SaveTimeGate -- 坏行共 1 行已跳过
11:37:34.379 [main] WARN com.ruoyi.vqms.source.reader.SaveTimeGate -- 坏 save_time 跳过: 2261-10-02 19:12:19.997xyz
11:37:34.379 [main] WARN com.ruoyi.vqms.source.reader.SaveTimeGate -- 坏行共 1 行已跳过
11:37:34.381 [main] WARN com.ruoyi.vqms.source.reader.SaveTimeGate -- 坏 save_time 跳过: 2826-01-31 07:41:32.626xyz
11:37:34.381 [main] WARN com.ruoyi.vqms.source.reader.SaveTimeGate -- 坏行共 1 行已跳过
11:37:34.381 [main] WARN com.ruoyi.vqms.source.reader.SaveTimeGate -- 坏 save_time 跳过: 1600-01-01 23:59:9.999
11:37:34.382 [main] WARN com.ruoyi.vqms.source.reader.SaveTimeGate -- 坏行共 1 行已跳过
11:37:34.383 [main] WARN com.ruoyi.vqms.source.reader.SaveTimeGate -- 坏 save_time 跳过: 2606-1-13 03:39:50.223
11:37:34.384 [main] WARN com.ruoyi.vqms.source.reader.SaveTimeGate -- 坏行共 1 行已跳过
11:37:34.384 [main] WARN com.ruoyi.vqms.source.reader.SaveTimeGate -- 坏 save_time 跳过: 1600-01-01 23:59:9.999
11:37:34.384 [main] WARN com.ruoyi.vqms.source.reader.SaveTimeGate -- 坏行共 1 行已跳过
11:37:34.387 [main] WARN com.ruoyi.vqms.source.reader.SaveTimeGate -- 坏 save_time 跳过: 2443-#4-06 01:57:10.058
11:37:34.387 [main] WARN com.ruoyi.vqms.source.reader.SaveTimeGate -- 坏行共 1 行已跳过
11:37:34.388 [main] WARN com.ruoyi.vqms.source.reader.SaveTimeGate -- 坏 save_time 跳过: 1913-12-3 08:42:15.811
11:37:34.388 [main] WARN com.ruoyi.vqms.source.reader.SaveTimeGate -- 坏行共 1 行已跳过
11:37:34.389 [main] WARN com.ruoyi.vqms.source.reader.SaveTimeGate -- 坏 save_time 跳过: 2852-08-01 00#07:07.094
11:37:34.389 [main] WARN com.ruoyi.vqms.source.reader.SaveTimeGate -- 坏行共 1 行已跳过
11:37:34.390 [main] WARN com.ruoyi.vqms.source.reader.SaveTimeGate -- 坏 save_time 跳过: #648-10-08 19:09:08.428
11:37:34.390 [main] WARN com.ruoyi.vqms.source.reader.SaveTimeGate -- 坏行共 1 行已跳过
11:37:34.395 [main] WARN com.ruoyi.vqms.source.reader.SaveTimeGate -- 坏 save_time 跳过: 283-12-05 11:28:29.545
11:37:34.395 [main] WARN com.ruoyi.vqms.source.reader.SaveTimeGate -- 坏行共 1 行已跳过
11:37:34.396 [main] WARN com.ruoyi.vqms.source.reader.SaveTimeGate -- 坏 save_time 跳过: 2558-09-14 09:21:14.784xyz
11:37:34.397 [main] WARN com.ruoyi.vqms.source.reader.SaveTimeGate -- 坏行共 1 行已跳过
11:37:34.399 [main] WARN com.ruoyi.vqms.source.reader.SaveTimeGate -- 坏 save_time 跳过: 2180-06-11 03:56:59.
11:37:34.400 [main] WARN com.ruoyi.vqms.source.reader.SaveTimeGate -- 坏行共 1 行已跳过
11:37:34.402 [main] WARN com.ruoyi.vqms.source.reader.SaveTimeGate -- 坏 save_time 跳过: 1693-12-16 23:2#:14.536
11:37:34.402 [main] WARN com.ruoyi.vqms.source.reader.SaveTimeGate -- 坏行共 1 行已跳过
11:37:34.403 [main] WARN com.ruoyi.vqms.source.reader.SaveTimeGate -- 坏 save_time 跳过: 2437-09#01 11:25:37.712
11:37:34.403 [main] WARN com.ruoyi.vqms.source.reader.SaveTimeGate -- 坏行共 1 行已跳过
11:37:34.404 [main] WARN com.ruoyi.vqms.source.reader.SaveTimeGate -- 坏 save_time 跳过: 2980-05-23 09:05:28.578xyz
11:37:34.404 [main] WARN com.ruoyi.vqms.source.reader.SaveTimeGate -- 坏行共 1 行已跳过
11:37:34.407 [main] WARN com.ruoyi.vqms.source.reader.SaveTimeGate -- 坏 save_time 跳过: 1658-12-22 22:08:37.075xyz
11:37:34.407 [main] WARN com.ruoyi.vqms.source.reader.SaveTimeGate -- 坏行共 1 行已跳过
11:37:34.408 [main] WARN com.ruoyi.vqms.source.reader.SaveTimeGate -- 坏 save_time 跳过: 2405-06-16 11:02:53.#60
11:37:34.408 [main] WARN com.ruoyi.vqms.source.reader.SaveTimeGate -- 坏行共 1 行已跳过
11:37:34.409 [main] WARN com.ruoyi.vqms.source.reader.SaveTimeGate -- 坏 save_time 跳过: 2213-08-22 14:01:02.198xyz
11:37:34.410 [main] WARN com.ruoyi.vqms.source.reader.SaveTimeGate -- 坏行共 1 行已跳过
11:37:34.411 [main] WARN com.ruoyi.vqms.source.reader.SaveTimeGate -- 坏 save_time 跳过: 2980-11-11 8:11:27.503
11:37:34.411 [main] WARN com.ruoyi.vqms.source.reader.SaveTimeGate -- 坏行共 1 行已跳过
11:37:34.412 [main] WARN com.ruoyi.vqms.source.reader.SaveTimeGate -- 坏 save_time 跳过: 2455-02-15 14:
11:37:34.413 [main] WARN com.ruoyi.vqms.source.reader.SaveTimeGate -- 坏行共 1 行已跳过
11:37:34.413 [main] WARN com.ruoyi.vqms.source.reader.SaveTimeGate -- 坏 save_time 跳过: 1600-01-01
11:37:34.413 [main] WARN com.ruoyi.vqms.source.reader.SaveTimeGate -- 坏行共 1 行已跳过
11:37:34.416 [main] WARN com.ruoyi.vqms.source.reader.SaveTimeGate -- 坏 save_time 跳过: 2494-02-08 08:26:35925
11:37:34.416 [main] WARN com.ruoyi.vqms.source.reader.SaveTimeGate -- 坏行共 1 行已跳过
11:37:34.417 [main] WARN com.ruoyi.vqms.source.reader.SaveTimeGate -- 坏 save_time 跳过: 2453-02-27 04:33:04.389xyz
11:37:34.417 [main] WARN com.ruoyi.vqms.source.reader.SaveTimeGate -- 坏行共 1 行已跳过
11:37:34.419 [main] WARN com.ruoyi.vqms.source.reader.SaveTimeGate -- 坏 save_time 跳过: 2891-04-10 02:1#:56.953
11:37:34.419 [main] WARN com.ruoyi.vqms.source.reader.SaveTimeGate -- 坏行共 1 行已跳过
11:37:34.421 [main] WARN com.ruoyi.vqms.source.reader.SaveTimeGate -- 坏 save_time 跳过: 2534-08-07#22:05:35.554
11:37:34.421 [main] WARN com.ruoyi.vqms.source.reader.SaveTimeGate -- 坏行共 1 行已跳过
11:37:34.421 [main] WARN com.ruoyi.vqms.source.reader.SaveTimeGate -- 坏 save_time 跳过: 1600-01-01#23:59:59.999
11:37:34.421 [main] WARN com.ruoyi.vqms.source.reader.SaveTimeGate -- 坏行共 1 行已跳过
11:37:34.422 [main] WARN com.ruoyi.vqms.source.reader.SaveTimeGate -- 坏 save_time 跳过: 2987-09-02 21:31
11:37:34.422 [main] WARN com.ruoyi.vqms.source.reader.SaveTimeGate -- 坏行共 1 行已跳过
11:37:34.423 [main] WARN com.ruoyi.vqms.source.reader.SaveTimeGate -- 坏 save_time 跳过: 1820-01-16 20:59:#8.709
11:37:34.423 [main] WARN com.ruoyi.vqms.source.reader.SaveTimeGate -- 坏行共 1 行已跳过
11:37:34.423 [main] WARN com.ruoyi.vqms.source.reader.SaveTimeGate -- 坏 save_time 跳过: 1951-1-05 06:24:37.379
11:37:34.423 [main] WARN com.ruoyi.vqms.source.reader.SaveTimeGate -- 坏行共 1 行已跳过
11:37:34.425 [main] WARN com.ruoyi.vqms.source.reader.SaveTimeGate -- 坏 save_time 跳过: 1600-01-01 23:59:9.999
11:37:34.425 [main] WARN com.ruoyi.vqms.source.reader.SaveTimeGate -- 坏行共 1 行已跳过
11:37:34.427 [main] WARN com.ruoyi.vqms.source.reader.SaveTimeGate -- 坏 save_time 跳过: 1740-07-01 05:38:05.841xyz
11:37:34.427 [main] WARN com.ruoyi.vqms.source.reader.SaveTimeGate -- 坏行共 1 行已跳过
11:37:34.428 [main] WARN com.ruoyi.vqms.source.reader.SaveTimeGate -- 坏 save_time 跳过: 2825-07-01
11:37:34.428 [main] WARN com.ruoyi.vqms.source.reader.SaveTimeGate -- 坏行共 1 行已跳过
11:37:34.428 [main] WARN com.ruoyi.vqms.source.reader.SaveTimeGate -- 坏 save_time 跳过: 1600-01-01 23:59:9.999
11:37:34.429 [main] WARN com.ruoyi.vqms.source.reader.SaveTimeGate -- 坏行共 1 行已跳过
11:37:34.430 [main] WARN com.ruoyi.vqms.source.reader.SaveTimeGate -- 坏 save_time 跳过: 2870-05-24 22:14:38.80#
11:37:34.430 [main] WARN com.ruoyi.vqms.source.reader.SaveTimeGate -- 坏行共 1 行已跳过
11:37:34.431 [main] WARN com.ruoyi.vqms.source.reader.SaveTimeGate -- 坏 save_time 跳过: 2071-05-28 15:24:4
11:37:34.431 [main] WARN com.ruoyi.vqms.source.reader.SaveTimeGate -- 坏行共 1 行已跳过
11:37:34.433 [main] WARN com.ruoyi.vqms.source.reader.SaveTimeGate -- 坏 save_time 跳过: 2216-07-19 17:11:51.193xyz
11:37:34.433 [main] WARN com.ruoyi.vqms.source.reader.SaveTimeGate -- 坏行共 1 行已跳过
11:37:34.435 [main] WARN com.ruoyi.vqms.source.reader.SaveTimeGate -- 坏 save_time 跳过: 1946-12-06 02:36:04.746xyz
11:37:34.435 [main] WARN com.ruoyi.vqms.source.reader.SaveTimeGate -- 坏行共 1 行已跳过
11:37:34.437 [main] WARN com.ruoyi.vqms.source.reader.SaveTimeGate -- 坏 save_time 跳过: 2844-07-13 07:54:41.530xyz
11:37:34.437 [main] WARN com.ruoyi.vqms.source.reader.SaveTimeGate -- 坏行共 1 行已跳过
11:37:34.437 [main] WARN com.ruoyi.vqms.source.reader.SaveTimeGate -- 坏 save_time 跳过: 1600-01-01 23:59:9.999
11:37:34.437 [main] WARN com.ruoyi.vqms.source.reader.SaveTimeGate -- 坏行共 1 行已跳过
11:37:34.440 [main] WARN com.ruoyi.vqms.source.reader.SaveTimeGate -- 坏 save_time 跳过: 2094-09-22 00:0
11:37:34.440 [main] WARN com.ruoyi.vqms.source.reader.SaveTimeGate -- 坏行共 1 行已跳过
11:37:34.442 [main] WARN com.ruoyi.vqms.source.reader.SaveTimeGate -- 坏 save_time 跳过: 2306-11-27 09:00:0.411
11:37:34.442 [main] WARN com.ruoyi.vqms.source.reader.SaveTimeGate -- 坏行共 1 行已跳过
11:37:34.444 [main] WARN com.ruoyi.vqms.source.reader.SaveTimeGate -- 坏 save_time 跳过: 2184-05-22 16:
11:37:34.444 [main] WARN com.ruoyi.vqms.source.reader.SaveTimeGate -- 坏行共 1 行已跳过
11:37:34.445 [main] WARN com.ruoyi.vqms.source.reader.SaveTimeGate -- 坏 save_time 跳过: 2256-06-0112:31:52.540
11:37:34.445 [main] WARN com.ruoyi.vqms.source.reader.SaveTimeGate -- 坏行共 1 行已跳过
11:37:34.445 [main] WARN com.ruoyi.vqms.source.reader.SaveTimeGate -- 坏 save_time 跳过: 1600-01-01 23:59:9.999
11:37:34.445 [main] WARN com.ruoyi.vqms.source.reader.SaveTimeGate -- 坏行共 1 行已跳过
11:37:34.445 [main] WARN com.ruoyi.vqms.source.reader.SaveTimeGate -- 坏 save_time 跳过: 1600-01-01 23:59:9.999
11:37:34.445 [main] WARN com.ruoyi.vqms.source.reader.SaveTimeGate -- 坏行共 1 行已跳过
11:37:34.446 [main] WARN com.ruoyi.vqms.source.reader.SaveTimeGate -- 坏 save_time 跳过: 2999-12-31 00:00:00000
11:37:34.446 [main] WARN com.ruoyi.vqms.source.reader.SaveTimeGate -- 坏行共 1 行已跳过
11:37:34.446 [main] WARN com.ruoyi.vqms.source.reader.SaveTimeGate -- 坏 save_time 跳过: 1600-01-01 23:59:9.999
11:37:34.446 [main] WARN com.ruoyi.vqms.source.reader.SaveTimeGate -- 坏行共 1 行已跳过
11:37:34.446 [main] WARN com.ruoyi.vqms.source.reader.SaveTimeGate -- 坏 save_time 跳过: 1600-01-01 23:59:9.999
11:37:34.446 [main] WARN com.ruoyi.vqms.source.reader.SaveTimeGate -- 坏行共 1 行已跳过
11:37:34.447 [main] WARN com.ruoyi.vqms.source.reader.SaveTimeGate -- 坏 save_time 跳过: 1600-01-01 23:59:9.999
11:37:34.447 [main] WARN com.ruoyi.vqms.source.reader.SaveTimeGate -- 坏行共 1 行已跳过
11:37:34.448 [main] WARN com.ruoyi.vqms.source.reader.SaveTimeGate -- 坏 save_time 跳过: 067-04-15 06:50:03.786
11:37:34.448 [main] WARN com.ruoyi.vqms.source.reader.SaveTimeGate -- 坏行共 1 行已跳过
11:37:34.451 [main] WARN com.ruoyi.vqms.source.reader.SaveTimeGate -- 坏 save_time 跳过: 2162-02-01 10:36:00.#25
11:37:34.451 [main] WARN com.ruoyi.vqms.source.reader.SaveTimeGate -- 坏行共 1 行已跳过
11:37:34.453 [main] WARN com.ruoyi.vqms.source.reader.SaveTimeGate -- 坏 save_time 跳过: 2871-10-07 17:6:27.624
11:37:34.453 [main] WARN com.ruoyi.vqms.source.reader.SaveTimeGate -- 坏行共 1 行已跳过
11:37:34.455 [main] WARN com.ruoyi.vqms.source.reader.SaveTimeGate -- 坏 save_time 跳过: 1894-11-04
11:37:34.455 [main] WARN com.ruoyi.vqms.source.reader.SaveTimeGate -- 坏行共 1 行已跳过
11:37:34.457 [main] WARN com.ruoyi.vqms.source.reader.SaveTimeGate -- 坏 save_time 跳过: 2276-0-03 08:10:29.164
11:37:34.457 [main] WARN com.ruoyi.vqms.source.reader.SaveTimeGate -- 坏行共 1 行已跳过
11:37:34.457 [main] WARN com.ruoyi.vqms.source.reader.SaveTimeGate -- 坏 save_time 跳过: 265-06-14 20:05:08.822
11:37:34.457 [main] WARN com.ruoyi.vqms.source.reader.SaveTimeGate -- 坏行共 1 行已跳过
11:37:34.459 [main] WARN com.ruoyi.vqms.source.reader.SaveTimeGate -- 坏 save_time 跳过: 2969-06-27 23:59:59.999xyz
11:37:34.460 [main] WARN com.ruoyi.vqms.source.reader.SaveTimeGate -- 坏行共 1 行已跳过
11:37:34.460 [main] WARN com.ruoyi.vqms.source.reader.SaveTimeGate -- 坏 save_time 跳过: 1600-01-01 23:59:9.999
11:37:34.460 [main] WARN com.ruoyi.vqms.source.reader.SaveTimeGate -- 坏行共 1 行已跳过
11:37:34.462 [main] WARN com.ruoyi.vqms.source.reader.SaveTimeGate -- 坏 save_time 跳过: 1600-01-01 23:59:9.999
11:37:34.462 [main] WARN com.ruoyi.vqms.source.reader.SaveTimeGate -- 坏行共 1 行已跳过
11:37:34.463 [main] WARN com.ruoyi.vqms.source.reader.SaveTimeGate -- 坏 save_time 跳过: 2183-11-27 17:07:22.422xyz
11:37:34.463 [main] WARN com.ruoyi.vqms.source.reader.SaveTimeGate -- 坏行共 1 行已跳过
11:37:34.465 [main] WARN com.ruoyi.vqms.source.reader.SaveTimeGate -- 坏 save_time 跳过: 1600-01-01 23:59:9.999
11:37:34.465 [main] WARN com.ruoyi.vqms.source.reader.SaveTimeGate -- 坏行共 1 行已跳过
11:37:34.467 [main] WARN com.ruoyi.vqms.source.reader.SaveTimeGate -- 坏 save_time 跳过: 2195#12-06 05:09:50.275
11:37:34.467 [main] WARN com.ruoyi.vqms.source.reader.SaveTimeGate -- 坏行共 1 行已跳过
11:37:34.469 [main] WARN com.ruoyi.vqms.source.reader.SaveTimeGate -- 坏 save_time 跳过: 1954-03-14 11#29:44.497
11:37:34.469 [main] WARN com.ruoyi.vqms.source.reader.SaveTimeGate -- 坏行共 1 行已跳过
11:37:34.469 [main] WARN com.ruoyi.vqms.source.reader.SaveTimeGate -- 坏 save_time 跳过: 1600-01-01 23:59:9.999
11:37:34.469 [main] WARN com.ruoyi.vqms.source.reader.SaveTimeGate -- 坏行共 1 行已跳过
11:37:34.470 [main] WARN com.ruoyi.vqms.source.reader.SaveTimeGate -- 坏 save_time 跳过: 1938-12-08
11:37:34.471 [main] WARN com.ruoyi.vqms.source.reader.SaveTimeGate -- 坏行共 1 行已跳过
11:37:34.472 [main] WARN com.ruoyi.vqms.source.reader.SaveTimeGate -- 坏 save_time 跳过: 2588-11-07 02:8:21.516
11:37:34.472 [main] WARN com.ruoyi.vqms.source.reader.SaveTimeGate -- 坏行共 1 行已跳过
11:37:34.472 [main] WARN com.ruoyi.vqms.source.reader.SaveTimeGate -- 坏 save_time 跳过: 2076-08-04
11:37:34.472 [main] WARN com.ruoyi.vqms.source.reader.SaveTimeGate -- 坏行共 1 行已跳过
11:37:34.474 [main] WARN com.ruoyi.vqms.source.reader.SaveTimeGate -- 坏 save_time 跳过: 2563-05-22 06:06:34.051xyz
11:37:34.474 [main] WARN com.ruoyi.vqms.source.reader.SaveTimeGate -- 坏行共 1 行已跳过
11:37:34.475 [main] WARN com.ruoyi.vqms.source.reader.SaveTimeGate -- 坏 save_time 跳过: 2916-09#19 08:58:54.871
11:37:34.475 [main] WARN com.ruoyi.vqms.source.reader.SaveTimeGate -- 坏行共 1 行已跳过
11:37:34.476 [main] WARN com.ruoyi.vqms.source.reader.SaveTimeGate -- 坏 save_time 跳过: 2852-08-09 
11:37:34.476 [main] WARN com.ruoyi.vqms.source.reader.SaveTimeGate -- 坏行共 1 行已跳过
11:37:34.476 [main] WARN com.ruoyi.vqms.source.reader.SaveTimeGate -- 坏 save_time 跳过: 2#67-10-13 07:02:30.145
11:37:34.477 [main] WARN com.ruoyi.vqms.source.reader.SaveTimeGate -- 坏行共 1 行已跳过
11:37:34.477 [main] WARN com.ruoyi.vqms.source.reader.SaveTimeGate -- 坏 save_time 跳过: 2716-10-14 05:52:10#765
11:37:34.477 [main] WARN com.ruoyi.vqms.source.reader.SaveTimeGate -- 坏行共 1 行已跳过
11:37:34.478 [main] WARN com.ruoyi.vqms.source.reader.SaveTimeGate -- 坏 save_time 跳过: 1600-01-01 23:59:9.999
11:37:34.478 [main] WARN com.ruoyi.vqms.source.reader.SaveTimeGate -- 坏行共 1 行已跳过
11:37:34.481 [main] WARN com.ruoyi.vqms.source.reader.SaveTimeGate -- 坏 save_time 跳过: 2550-0#-27 21:02:58.596
11:37:34.481 [main] WARN com.ruoyi.vqms.source.reader.SaveTimeGate -- 坏行共 1 行已跳过
11:37:34.483 [main] WARN com.ruoyi.vqms.source.reader.SaveTimeGate -- 坏 save_time 跳过: 2986-09-0700:57:53.356
11:37:34.483 [main] WARN com.ruoyi.vqms.source.reader.SaveTimeGate -- 坏行共 1 行已跳过
11:37:34.484 [main] WARN com.ruoyi.vqms.source.reader.SaveTimeGate -- 坏 save_time 跳过: 2168-11-10 07:28:05.090xyz
11:37:34.485 [main] WARN com.ruoyi.vqms.source.reader.SaveTimeGate -- 坏行共 1 行已跳过
11:37:34.487 [main] WARN com.ruoyi.vqms.source.reader.SaveTimeGate -- 坏 save_time 跳过: 2106-03-10 07:47:08.096xyz
11:37:34.487 [main] WARN com.ruoyi.vqms.source.reader.SaveTimeGate -- 坏行共 1 行已跳过
11:37:34.488 [main] WARN com.ruoyi.vqms.source.reader.SaveTimeGate -- 坏 save_time 跳过: 1936-07-15 1#:32:21.870
11:37:34.489 [main] WARN com.ruoyi.vqms.source.reader.SaveTimeGate -- 坏行共 1 行已跳过
11:37:34.490 [main] WARN com.ruoyi.vqms.source.reader.SaveTimeGate -- 坏 save_time 跳过: #724-02-16 17:07:15.127
11:37:34.490 [main] WARN com.ruoyi.vqms.source.reader.SaveTimeGate -- 坏行共 1 行已跳过
11:37:34.491 [main] WARN com.ruoyi.vqms.source.reader.SaveTimeGate -- 坏 save_time 跳过: 2260-04-27 17:5853.750
11:37:34.491 [main] WARN com.ruoyi.vqms.source.reader.SaveTimeGate -- 坏行共 1 行已跳过
11:37:34.494 [main] WARN com.ruoyi.vqms.source.reader.SaveTimeGate -- 坏 save_time 跳过: 1835-08-27 19:25:#4.404
11:37:34.494 [main] WARN com.ruoyi.vqms.source.reader.SaveTimeGate -- 坏行共 1 行已跳过
11:37:34.495 [main] WARN com.ruoyi.vqms.source.reader.SaveTimeGate -- 坏 save_time 跳过: 1949-08-12
11:37:34.495 [main] WARN com.ruoyi.vqms.source.reader.SaveTimeGate -- 坏行共 1 行已跳过
11:37:34.496 [main] WARN com.ruoyi.vqms.source.reader.SaveTimeGate -- 坏 save_time 跳过: 2710-05-19 13:55:2#.287
11:37:34.496 [main] WARN com.ruoyi.vqms.source.reader.SaveTimeGate -- 坏行共 1 行已跳过
11:37:34.497 [main] WARN com.ruoyi.vqms.source.reader.SaveTimeGate -- 坏 save_time 跳过: 2331-08-28 1140:30.700
11:37:34.497 [main] WARN com.ruoyi.vqms.source.reader.SaveTimeGate -- 坏行共 1 行已跳过
11:37:34.498 [main] WARN com.ruoyi.vqms.source.reader.SaveTimeGate -- 坏 save_time 跳过: 2506-03-20 17:20:
11:37:34.498 [main] WARN com.ruoyi.vqms.source.reader.SaveTimeGate -- 坏行共 1 行已跳过
11:37:34.499 [main] WARN com.ruoyi.vqms.source.reader.SaveTimeGate -- 坏 save_time 跳过: 1600-01-01 23:59:9.999
11:37:34.499 [main] WARN com.ruoyi.vqms.source.reader.SaveTimeGate -- 坏行共 1 行已跳过
11:37:34.501 [main] WARN com.ruoyi.vqms.source.reader.SaveTimeGate -- 坏 save_time 跳过: 2724-01-09 15:13#38.828
11:37:34.501 [main] WARN com.ruoyi.vqms.source.reader.SaveTimeGate -- 坏行共 1 行已跳过
11:37:34.503 [main] WARN com.ruoyi.vqms.source.reader.SaveTimeGate -- 坏 save_time 跳过: 2800-03-06 01:12:17.308xyz
11:37:34.503 [main] WARN com.ruoyi.vqms.source.reader.SaveTimeGate -- 坏行共 1 行已跳过
11:37:34.503 [main] WARN com.ruoyi.vqms.source.reader.SaveTimeGate -- 坏 save_time 跳过: 1600-01-01 23:59:9.999
11:37:34.503 [main] WARN com.ruoyi.vqms.source.reader.SaveTimeGate -- 坏行共 1 行已跳过
11:37:34.505 [main] WARN com.ruoyi.vqms.source.reader.SaveTimeGate -- 坏 save_time 跳过: 2506-12-24 00:
11:37:34.505 [main] WARN com.ruoyi.vqms.source.reader.SaveTimeGate -- 坏行共 1 行已跳过
11:37:34.506 [main] WARN com.ruoyi.vqms.source.reader.SaveTimeGate -- 坏 save_time 跳过: #954-05-07 07:26:22.678
11:37:34.507 [main] WARN com.ruoyi.vqms.source.reader.SaveTimeGate -- 坏行共 1 行已跳过
11:37:34.508 [main] WARN com.ruoyi.vqms.source.reader.SaveTimeGate -- 坏 save_time 跳过: 2600-07-19 04:4:50.671
11:37:34.508 [main] WARN com.ruoyi.vqms.source.reader.SaveTimeGate -- 坏行共 1 行已跳过
11:37:34.509 [main] WARN com.ruoyi.vqms.source.reader.SaveTimeGate -- 坏 save_time 跳过: 2999-12-31 00:00:00000
11:37:34.509 [main] WARN com.ruoyi.vqms.source.reader.SaveTimeGate -- 坏行共 1 行已跳过
11:37:34.509 [main] WARN com.ruoyi.vqms.source.reader.SaveTimeGate -- 坏 save_time 跳过: 1600-01-01 23:59:9.999
11:37:34.509 [main] WARN com.ruoyi.vqms.source.reader.SaveTimeGate -- 坏行共 1 行已跳过
11:37:34.509 [main] WARN com.ruoyi.vqms.source.reader.SaveTimeGate -- 坏 save_time 跳过: 260-09-13 19:57:01.803
11:37:34.509 [main] WARN com.ruoyi.vqms.source.reader.SaveTimeGate -- 坏行共 1 行已跳过
11:37:34.510 [main] WARN com.ruoyi.vqms.source.reader.SaveTimeGate -- 坏 save_time 跳过: 2902-09-0 18:39:19.823
11:37:34.510 [main] WARN com.ruoyi.vqms.source.reader.SaveTimeGate -- 坏行共 1 行已跳过
11:37:34.511 [main] WARN com.ruoyi.vqms.source.reader.SaveTimeGate -- 坏 save_time 跳过: 2257-05-23 19:52:39.032xyz
11:37:34.512 [main] WARN com.ruoyi.vqms.source.reader.SaveTimeGate -- 坏行共 1 行已跳过
11:37:34.512 [main] WARN com.ruoyi.vqms.source.reader.SaveTimeGate -- 坏 save_time 跳过: 1600-01-01 23:59:9.999
11:37:34.512 [main] WARN com.ruoyi.vqms.source.reader.SaveTimeGate -- 坏行共 1 行已跳过
11:37:34.513 [main] WARN com.ruoyi.vqms.source.reader.SaveTimeGate -- 坏 save_time 跳过: 278#-09-16 17:47:46.072
11:37:34.513 [main] WARN com.ruoyi.vqms.source.reader.SaveTimeGate -- 坏行共 1 行已跳过
11:37:34.514 [main] WARN com.ruoyi.vqms.source.reader.SaveTimeGate -- 坏 save_time 跳过: 2177-05-05
11:37:34.514 [main] WARN com.ruoyi.vqms.source.reader.SaveTimeGate -- 坏行共 1 行已跳过
11:37:34.516 [main] WARN com.ruoyi.vqms.source.reader.SaveTimeGate -- 坏 save_time 跳过: 1700-10-09 23:54:18.578xyz
11:37:34.516 [main] WARN com.ruoyi.vqms.source.reader.SaveTimeGate -- 坏行共 1 行已跳过
11:37:34.518 [main] WARN com.ruoyi.vqms.source.reader.SaveTimeGate -- 坏 save_time 跳过: 2236-12-11 16:3:02.404
11:37:34.518 [main] WARN com.ruoyi.vqms.source.reader.SaveTimeGate -- 坏行共 1 行已跳过
11:37:34.519 [main] WARN com.ruoyi.vqms.source.reader.SaveTimeGate -- 坏 save_time 跳过: 2095-04-18 13:57:09.568xyz
11:37:34.520 [main] WARN com.ruoyi.vqms.source.reader.SaveTimeGate -- 坏行共 1 行已跳过
11:37:34.521 [main] WARN com.ruoyi.vqms.source.reader.SaveTimeGate -- 坏 save_time 跳过: 1647-03-03 23:59:59.999xyz
11:37:34.521 [main] WARN com.ruoyi.vqms.source.reader.SaveTimeGate -- 坏行共 1 行已跳过
11:37:34.522 [main] WARN com.ruoyi.vqms.source.reader.SaveTimeGate -- 坏 save_time 跳过: 2078-04-26 01
11:37:34.522 [main] WARN com.ruoyi.vqms.source.reader.SaveTimeGate -- 坏行共 1 行已跳过
11:37:34.523 [main] WARN com.ruoyi.vqms.source.reader.SaveTimeGate -- 坏 save_time 跳过: 2868-06-15 07:39:28.184xyz
11:37:34.523 [main] WARN com.ruoyi.vqms.source.reader.SaveTimeGate -- 坏行共 1 行已跳过
11:37:34.525 [main] WARN com.ruoyi.vqms.source.reader.SaveTimeGate -- 坏 save_time 跳过: 2842-01-0912:21:25.740
11:37:34.525 [main] WARN com.ruoyi.vqms.source.reader.SaveTimeGate -- 坏行共 1 行已跳过
11:37:34.527 [main] WARN com.ruoyi.vqms.source.reader.SaveTimeGate -- 坏 save_time 跳过: 2448-0-23 06:48:35.882
11:37:34.527 [main] WARN com.ruoyi.vqms.source.reader.SaveTimeGate -- 坏行共 1 行已跳过
11:37:34.529 [main] WARN com.ruoyi.vqms.source.reader.SaveTimeGate -- 坏 save_time 跳过: 2113-04-20 09:18:04.145xyz
11:37:34.529 [main] WARN com.ruoyi.vqms.source.reader.SaveTimeGate -- 坏行共 1 行已跳过
11:37:34.529 [main] WARN com.ruoyi.vqms.source.reader.SaveTimeGate -- 坏 save_time 跳过: 1600-01-01 23:59:9.999
11:37:34.529 [main] WARN com.ruoyi.vqms.source.reader.SaveTimeGate -- 坏行共 1 行已跳过
11:37:34.531 [main] WARN com.ruoyi.vqms.source.reader.SaveTimeGate -- 坏 save_time 跳过: 2557-11-0 21:34:32.768
11:37:34.531 [main] WARN com.ruoyi.vqms.source.reader.SaveTimeGate -- 坏行共 1 行已跳过
11:37:34.532 [main] WARN com.ruoyi.vqms.source.reader.SaveTimeGate -- 坏 save_time 跳过: 127-08-22 07:35:11.820
11:37:34.532 [main] WARN com.ruoyi.vqms.source.reader.SaveTimeGate -- 坏行共 1 行已跳过
11:37:34.533 [main] WARN com.ruoyi.vqms.source.reader.SaveTimeGate -- 坏 save_time 跳过: 2856-07-22
11:37:34.533 [main] WARN com.ruoyi.vqms.source.reader.SaveTimeGate -- 坏行共 1 行已跳过
11:37:34.536 [main] WARN com.ruoyi.vqms.source.reader.SaveTimeGate -- 坏 save_time 跳过: 272#-12-30 23:59:59.999
11:37:34.536 [main] WARN com.ruoyi.vqms.source.reader.SaveTimeGate -- 坏行共 1 行已跳过
11:37:34.538 [main] WARN com.ruoyi.vqms.source.reader.SaveTimeGate -- 坏 save_time 跳过: 2104-03-20 23:59:59.999xyz
11:37:34.538 [main] WARN com.ruoyi.vqms.source.reader.SaveTimeGate -- 坏行共 1 行已跳过
11:37:34.540 [main] WARN com.ruoyi.vqms.source.reader.SaveTimeGate -- 坏 save_time 跳过: 2625#05-17 15:42:41.553
11:37:34.540 [main] WARN com.ruoyi.vqms.source.reader.SaveTimeGate -- 坏行共 1 行已跳过
11:37:34.541 [main] WARN com.ruoyi.vqms.source.reader.SaveTimeGate -- 坏 save_time 跳过: 1740-01-04 06:08:35.982xyz
11:37:34.541 [main] WARN com.ruoyi.vqms.source.reader.SaveTimeGate -- 坏行共 1 行已跳过
11:37:34.542 [main] WARN com.ruoyi.vqms.source.reader.SaveTimeGate -- 坏 save_time 跳过: 1807-04-29
11:37:34.543 [main] WARN com.ruoyi.vqms.source.reader.SaveTimeGate -- 坏行共 1 行已跳过
11:37:34.543 [main] WARN com.ruoyi.vqms.source.reader.SaveTimeGate -- 坏 save_time 跳过: 1600-01-01 23:59:9.999
11:37:34.543 [main] WARN com.ruoyi.vqms.source.reader.SaveTimeGate -- 坏行共 1 行已跳过
11:37:34.543 [main] WARN com.ruoyi.vqms.source.reader.SaveTimeGate -- 坏 save_time 跳过: 2954-01-05 23:59:59.999xyz
11:37:34.544 [main] WARN com.ruoyi.vqms.source.reader.SaveTimeGate -- 坏行共 1 行已跳过
11:37:34.546 [main] WARN com.ruoyi.vqms.source.reader.SaveTimeGate -- 坏 save_time 跳过: 2670-12-22 01:07:46.136xyz
11:37:34.546 [main] WARN com.ruoyi.vqms.source.reader.SaveTimeGate -- 坏行共 1 行已跳过
11:37:34.546 [main] WARN com.ruoyi.vqms.source.reader.SaveTimeGate -- 坏 save_time 跳过: 1600-01-01 23:59:9.999
11:37:34.546 [main] WARN com.ruoyi.vqms.source.reader.SaveTimeGate -- 坏行共 1 行已跳过
11:37:34.549 [main] WARN com.ruoyi.vqms.source.reader.SaveTimeGate -- 坏 save_time 跳过: 2298-05-25 04:24:5.632
11:37:34.549 [main] WARN com.ruoyi.vqms.source.reader.SaveTimeGate -- 坏行共 1 行已跳过
11:37:34.550 [main] WARN com.ruoyi.vqms.source.reader.SaveTimeGate -- 坏 save_time 跳过: 295-08-16 03:31:33.484
11:37:34.550 [main] WARN com.ruoyi.vqms.source.reader.SaveTimeGate -- 坏行共 1 行已跳过
11:37:34.551 [main] WARN com.ruoyi.vqms.source.reader.SaveTimeGate -- 坏 save_time 跳过: 2999-12-31 00:00:00.000xyz
11:37:34.551 [main] WARN com.ruoyi.vqms.source.reader.SaveTimeGate -- 坏行共 1 行已跳过
11:37:34.552 [main] WARN com.ruoyi.vqms.source.reader.SaveTimeGate -- 坏 save_time 跳过: 2698-01-04
11:37:34.552 [main] WARN com.ruoyi.vqms.source.reader.SaveTimeGate -- 坏行共 1 行已跳过
11:37:34.555 [main] WARN com.ruoyi.vqms.source.reader.SaveTimeGate -- 坏 save_time 跳过: 2533-02-16
11:37:34.555 [main] WARN com.ruoyi.vqms.source.reader.SaveTimeGate -- 坏行共 1 行已跳过
11:37:34.556 [main] WARN com.ruoyi.vqms.source.reader.SaveTimeGate -- 坏 save_time 跳过: 925-11-05 11:51:08.217
11:37:34.556 [main] WARN com.ruoyi.vqms.source.reader.SaveTimeGate -- 坏行共 1 行已跳过
11:37:34.559 [main] WARN com.ruoyi.vqms.source.reader.SaveTimeGate -- 坏 save_time 跳过: 2492-06-2 10:55:48.238
11:37:34.559 [main] WARN com.ruoyi.vqms.source.reader.SaveTimeGate -- 坏行共 1 行已跳过
11:37:34.559 [main] WARN com.ruoyi.vqms.source.reader.SaveTimeGate -- 坏 save_time 跳过: 2999-12-31 00:00:00.000xyz
11:37:34.560 [main] WARN com.ruoyi.vqms.source.reader.SaveTimeGate -- 坏行共 1 行已跳过
11:37:34.560 [main] WARN com.ruoyi.vqms.source.reader.SaveTimeGate -- 坏 save_time 跳过: 2999-12-31 00:00:00.000xyz
11:37:34.562 [main] WARN com.ruoyi.vqms.source.reader.SaveTimeGate -- 坏行共 1 行已跳过
11:37:34.563 [main] WARN com.ruoyi.vqms.source.reader.SaveTimeGate -- 坏 save_time 跳过: 2367-12-19 06:40:
11:37:34.563 [main] WARN com.ruoyi.vqms.source.reader.SaveTimeGate -- 坏行共 1 行已跳过
11:37:34.563 [main] WARN com.ruoyi.vqms.source.reader.SaveTimeGate -- 坏 save_time 跳过: 1600-01-01#23:59:59.999
11:37:34.563 [main] WARN com.ruoyi.vqms.source.reader.SaveTimeGate -- 坏行共 1 行已跳过
11:37:34.564 [main] WARN com.ruoyi.vqms.source.reader.SaveTimeGate -- 坏 save_time 跳过: 2688-10-08 16:57:54.560xyz
11:37:34.565 [main] WARN com.ruoyi.vqms.source.reader.SaveTimeGate -- 坏行共 1 行已跳过
11:37:34.565 [main] WARN com.ruoyi.vqms.source.reader.SaveTimeGate -- 坏 save_time 跳过: 2999-12-31 00:00:00.000xyz
11:37:34.565 [main] WARN com.ruoyi.vqms.source.reader.SaveTimeGate -- 坏行共 1 行已跳过
11:37:34.566 [main] WARN com.ruoyi.vqms.source.reader.SaveTimeGate -- 坏 save_time 跳过: 2315-10-4 23:59:59.999
11:37:34.566 [main] WARN com.ruoyi.vqms.source.reader.SaveTimeGate -- 坏行共 1 行已跳过
11:37:34.566 [main] WARN com.ruoyi.vqms.source.reader.SaveTimeGate -- 坏 save_time 跳过: 1684-05-10 17:57:41.199xyz
11:37:34.566 [main] WARN com.ruoyi.vqms.source.reader.SaveTimeGate -- 坏行共 1 行已跳过
11:37:34.567 [main] WARN com.ruoyi.vqms.source.reader.SaveTimeGate -- 坏 save_time 跳过: 1846-01-11 23:21:56.#57
11:37:34.567 [main] WARN com.ruoyi.vqms.source.reader.SaveTimeGate -- 坏行共 1 行已跳过
11:37:34.569 [main] WARN com.ruoyi.vqms.source.reader.SaveTimeGate -- 坏 save_time 跳过: 2257-09-10 0
11:37:34.569 [main] WARN com.ruoyi.vqms.source.reader.SaveTimeGate -- 坏行共 1 行已跳过
11:37:34.571 [main] WARN com.ruoyi.vqms.source.reader.SaveTimeGate -- 坏 save_time 跳过: 1600-02-29 00:00:00.00#
11:37:34.571 [main] WARN com.ruoyi.vqms.source.reader.SaveTimeGate -- 坏行共 1 行已跳过
11:37:34.571 [main] WARN com.ruoyi.vqms.source.reader.SaveTimeGate -- 坏 save_time 跳过: 2999-12-31 00:00:00.000xyz
11:37:34.571 [main] WARN com.ruoyi.vqms.source.reader.SaveTimeGate -- 坏行共 1 行已跳过
11:37:34.572 [main] WARN com.ruoyi.vqms.source.reader.SaveTimeGate -- 坏 save_time 跳过: 2157-06-17 12:16:#5.356
11:37:34.572 [main] WARN com.ruoyi.vqms.source.reader.SaveTimeGate -- 坏行共 1 行已跳过
11:37:34.573 [main] WARN com.ruoyi.vqms.source.reader.SaveTimeGate -- 坏 save_time 跳过: 1685-05-14 08:02:30.709xyz
11:37:34.573 [main] WARN com.ruoyi.vqms.source.reader.SaveTimeGate -- 坏行共 1 行已跳过
11:37:34.574 [main] WARN com.ruoyi.vqms.source.reader.SaveTimeGate -- 坏 save_time 跳过: 2748-10-19 22#41:34.416
11:37:34.575 [main] WARN com.ruoyi.vqms.source.reader.SaveTimeGate -- 坏行共 1 行已跳过
11:37:34.575 [main] WARN com.ruoyi.vqms.source.reader.SaveTimeGate -- 坏 save_time 跳过: 2999-12-31 00:00:00.000xyz
11:37:34.575 [main] WARN com.ruoyi.vqms.source.reader.SaveTimeGate -- 坏行共 1 行已跳过
11:37:34.576 [main] WARN com.ruoyi.vqms.source.reader.SaveTimeGate -- 坏 save_time 跳过: 2723-11-13 02:34:00.111xyz
11:37:34.576 [main] WARN com.ruoyi.vqms.source.reader.SaveTimeGate -- 坏行共 1 行已跳过
11:37:34.577 [main] WARN com.ruoyi.vqms.source.reader.SaveTimeGate -- 坏 save_time 跳过: 2323-01-29 1:57:30.347
11:37:34.577 [main] WARN com.ruoyi.vqms.source.reader.SaveTimeGate -- 坏行共 1 行已跳过
11:37:34.578 [main] WARN com.ruoyi.vqms.source.reader.SaveTimeGate -- 坏 save_time 跳过: 2744-08-07 05:21:01.367xyz
11:37:34.578 [main] WARN com.ruoyi.vqms.source.reader.SaveTimeGate -- 坏行共 1 行已跳过
11:37:34.578 [main] WARN com.ruoyi.vqms.source.reader.SaveTimeGate -- 坏 save_time 跳过: 2999-12-31 00:00:00.000xyz
11:37:34.578 [main] WARN com.ruoyi.vqms.source.reader.SaveTimeGate -- 坏行共 1 行已跳过
11:37:34.579 [main] WARN com.ruoyi.vqms.source.reader.SaveTimeGate -- 坏 save_time 跳过: 2#25-07-17 17:52:56.178
11:37:34.579 [main] WARN com.ruoyi.vqms.source.reader.SaveTimeGate -- 坏行共 1 行已跳过
11:37:34.581 [main] WARN com.ruoyi.vqms.source.reader.SaveTimeGate -- 坏 save_time 跳过: 2699-06-27 1
11:37:34.581 [main] WARN com.ruoyi.vqms.source.reader.SaveTimeGate -- 坏行共 1 行已跳过
11:37:34.582 [main] WARN com.ruoyi.vqms.source.reader.SaveTimeGate -- 坏 save_time 跳过: 2728-09-15 16:51:51.460xyz
11:37:34.582 [main] WARN com.ruoyi.vqms.source.reader.SaveTimeGate -- 坏行共 1 行已跳过
11:37:34.585 [main] WARN com.ruoyi.vqms.source.reader.SaveTimeGate -- 坏 save_time 跳过: 2079-04-02 08:14:01.452xyz
11:37:34.585 [main] WARN com.ruoyi.vqms.source.reader.SaveTimeGate -- 坏行共 1 行已跳过
11:37:34.585 [main] WARN com.ruoyi.vqms.source.reader.SaveTimeGate -- 坏 save_time 跳过: 2716-05-20 11:5
11:37:34.585 [main] WARN com.ruoyi.vqms.source.reader.SaveTimeGate -- 坏行共 1 行已跳过
11:37:34.586 [main] WARN com.ruoyi.vqms.source.reader.SaveTimeGate -- 坏 save_time 跳过: 2836-#0-07 20:09:57.692
11:37:34.586 [main] WARN com.ruoyi.vqms.source.reader.SaveTimeGate -- 坏行共 1 行已跳过
11:37:34.587 [main] WARN com.ruoyi.vqms.source.reader.SaveTimeGate -- 坏 save_time 跳过: 2546-04-03 02:18:17.932xyz
11:37:34.587 [main] WARN com.ruoyi.vqms.source.reader.SaveTimeGate -- 坏行共 1 行已跳过
11:37:34.589 [main] WARN com.ruoyi.vqms.source.reader.SaveTimeGate -- 坏 save_time 跳过: 169-04-04 14:15:10.558
11:37:34.589 [main] WARN com.ruoyi.vqms.source.reader.SaveTimeGate -- 坏行共 1 行已跳过
11:37:34.591 [main] WARN com.ruoyi.vqms.source.reader.SaveTimeGate -- 坏 save_time 跳过: 2498-05-15 1#:31:58.120
11:37:34.591 [main] WARN com.ruoyi.vqms.source.reader.SaveTimeGate -- 坏行共 1 行已跳过
11:37:34.593 [main] WARN com.ruoyi.vqms.source.reader.SaveTimeGate -- 坏 save_time 跳过: 1977-11-10 07:#5:56.759
11:37:34.593 [main] WARN com.ruoyi.vqms.source.reader.SaveTimeGate -- 坏行共 1 行已跳过
11:37:34.595 [main] WARN com.ruoyi.vqms.source.reader.SaveTimeGate -- 坏 save_time 跳过: 485-11-23 11:24:07.525
11:37:34.595 [main] WARN com.ruoyi.vqms.source.reader.SaveTimeGate -- 坏行共 1 行已跳过
11:37:34.595 [main] WARN com.ruoyi.vqms.source.reader.SaveTimeGate -- 坏 save_time 跳过: 2747-07-22 12:57:52.36#
11:37:34.595 [main] WARN com.ruoyi.vqms.source.reader.SaveTimeGate -- 坏行共 1 行已跳过
11:37:34.596 [main] WARN com.ruoyi.vqms.source.reader.SaveTimeGate -- 坏 save_time 跳过: #269-11-04 20:28:34.395
11:37:34.596 [main] WARN com.ruoyi.vqms.source.reader.SaveTimeGate -- 坏行共 1 行已跳过
11:37:34.596 [main] WARN com.ruoyi.vqms.source.reader.SaveTimeGate -- 坏 save_time 跳过: 2279-11-30 05:07:41.
11:37:34.596 [main] WARN com.ruoyi.vqms.source.reader.SaveTimeGate -- 坏行共 1 行已跳过
11:37:34.596 [main] WARN com.ruoyi.vqms.source.reader.SaveTimeGate -- 坏 save_time 跳过: 2999-12-31 00:00:00000
11:37:34.596 [main] WARN com.ruoyi.vqms.source.reader.SaveTimeGate -- 坏行共 1 行已跳过
11:37:34.596 [main] WARN com.ruoyi.vqms.source.reader.SaveTimeGate -- 坏 save_time 跳过: 2398-10-29 #3:52:53.725
11:37:34.596 [main] WARN com.ruoyi.vqms.source.reader.SaveTimeGate -- 坏行共 1 行已跳过
11:37:34.596 [main] WARN com.ruoyi.vqms.source.reader.SaveTimeGate -- 坏 save_time 跳过: 2999-12-31 00:00:00.000xyz
11:37:34.596 [main] WARN com.ruoyi.vqms.source.reader.SaveTimeGate -- 坏行共 1 行已跳过
11:37:34.597 [main] WARN com.ruoyi.vqms.source.reader.SaveTimeGate -- 坏 save_time 跳过: 2260-09-14 20:19:5
11:37:34.597 [main] WARN com.ruoyi.vqms.source.reader.SaveTimeGate -- 坏行共 1 行已跳过
11:37:34.597 [main] WARN com.ruoyi.vqms.source.reader.SaveTimeGate -- 坏 save_time 跳过: 1649-01-22 02:17:4
11:37:34.597 [main] WARN com.ruoyi.vqms.source.reader.SaveTimeGate -- 坏行共 1 行已跳过
11:37:34.597 [main] WARN com.ruoyi.vqms.source.reader.SaveTimeGate -- 坏 save_time 跳过: 2999-12-31 00:00:00.000xyz
11:37:34.597 [main] WARN com.ruoyi.vqms.source.reader.SaveTimeGate -- 坏行共 1 行已跳过
11:37:34.598 [main] WARN com.ruoyi.vqms.source.reader.SaveTimeGate -- 坏 save_time 跳过: 2999-12-31 00:00:00.000xyz
11:37:34.598 [main] WARN com.ruoyi.vqms.source.reader.SaveTimeGate -- 坏行共 1 行已跳过
11:37:34.599 [main] WARN com.ruoyi.vqms.source.reader.SaveTimeGate -- 坏 save_time 跳过: 1999-03-28 01:20#59.362
11:37:34.599 [main] WARN com.ruoyi.vqms.source.reader.SaveTimeGate -- 坏行共 1 行已跳过
11:37:34.600 [main] WARN com.ruoyi.vqms.source.reader.SaveTimeGate -- 坏 save_time 跳过: 2359-08-07
11:37:34.600 [main] WARN com.ruoyi.vqms.source.reader.SaveTimeGate -- 坏行共 1 行已跳过
11:37:34.601 [main] WARN com.ruoyi.vqms.source.reader.SaveTimeGate -- 坏 save_time 跳过: 2999-12-31 00:00:00.000xyz
11:37:34.601 [main] WARN com.ruoyi.vqms.source.reader.SaveTimeGate -- 坏行共 1 行已跳过
11:37:34.602 [main] WARN com.ruoyi.vqms.source.reader.SaveTimeGate -- 坏 save_time 跳过: 17#3-05-30 06:15:35.503
11:37:34.602 [main] WARN com.ruoyi.vqms.source.reader.SaveTimeGate -- 坏行共 1 行已跳过
11:37:34.603 [main] WARN com.ruoyi.vqms.source.reader.SaveTimeGate -- 坏 save_time 跳过: 2367-05-05 23:18:36.905xyz
11:37:34.603 [main] WARN com.ruoyi.vqms.source.reader.SaveTimeGate -- 坏行共 1 行已跳过
11:37:34.604 [main] WARN com.ruoyi.vqms.source.reader.SaveTimeGate -- 坏 save_time 跳过: 2862-0206 20:08:52.939
11:37:34.604 [main] WARN com.ruoyi.vqms.source.reader.SaveTimeGate -- 坏行共 1 行已跳过
11:37:34.605 [main] WARN com.ruoyi.vqms.source.reader.SaveTimeGate -- 坏 save_time 跳过: 2497-08-09 15:45:2.482
11:37:34.605 [main] WARN com.ruoyi.vqms.source.reader.SaveTimeGate -- 坏行共 1 行已跳过
11:37:34.606 [main] WARN com.ruoyi.vqms.source.reader.SaveTimeGate -- 坏 save_time 跳过: 2999-12-31 00:00:00.000xyz
11:37:34.606 [main] WARN com.ruoyi.vqms.source.reader.SaveTimeGate -- 坏行共 1 行已跳过
11:37:34.608 [main] WARN com.ruoyi.vqms.source.reader.SaveTimeGate -- 坏 save_time 跳过: 2885-03-1 00:00:00.000
11:37:34.608 [main] WARN com.ruoyi.vqms.source.reader.SaveTimeGate -- 坏行共 1 行已跳过
11:37:34.609 [main] WARN com.ruoyi.vqms.source.reader.SaveTimeGate -- 坏 save_time 跳过: 2999-12-31 00:00:00.000xyz
11:37:34.609 [main] WARN com.ruoyi.vqms.source.reader.SaveTimeGate -- 坏行共 1 行已跳过
11:37:34.610 [main] WARN com.ruoyi.vqms.source.reader.SaveTimeGate -- 坏 save_time 跳过: 2514-09-17 07:3#:30.827
11:37:34.611 [main] WARN com.ruoyi.vqms.source.reader.SaveTimeGate -- 坏行共 1 行已跳过
11:37:34.611 [main] WARN com.ruoyi.vqms.source.reader.SaveTimeGate -- 坏 save_time 跳过: 2999-12-31 00:00:00.000xyz
11:37:34.611 [main] WARN com.ruoyi.vqms.source.reader.SaveTimeGate -- 坏行共 1 行已跳过
11:37:34.611 [main] WARN com.ruoyi.vqms.source.reader.SaveTimeGate -- 坏 save_time 跳过: 2999-12-31 00:00:00.000xyz
11:37:34.611 [main] WARN com.ruoyi.vqms.source.reader.SaveTimeGate -- 坏行共 1 行已跳过
11:37:34.628 [main] WARN com.ruoyi.vqms.source.reader.SaveTimeGate -- 坏 save_time 跳过: 2920-07-22 13:09:33.455xyz
11:37:34.628 [main] WARN com.ruoyi.vqms.source.reader.SaveTimeGate -- 坏行共 1 行已跳过
11:37:34.630 [main] WARN com.ruoyi.vqms.source.reader.SaveTimeGate -- 坏 save_time 跳过: 2#36-06-01 11:23:23.460
11:37:34.630 [main] WARN com.ruoyi.vqms.source.reader.SaveTimeGate -- 坏行共 1 行已跳过
11:37:34.630 [main] WARN com.ruoyi.vqms.source.reader.SaveTimeGate -- 坏 save_time 跳过: 2999-12-31 00:00:00.000xyz
11:37:34.630 [main] WARN com.ruoyi.vqms.source.reader.SaveTimeGate -- 坏行共 1 行已跳过
11:37:34.632 [main] WARN com.ruoyi.vqms.source.reader.SaveTimeGate -- 坏 save_time 跳过: 2#47-08-23 12:26:07.130
11:37:34.632 [main] WARN com.ruoyi.vqms.source.reader.SaveTimeGate -- 坏行共 1 行已跳过
11:37:34.633 [main] WARN com.ruoyi.vqms.source.reader.SaveTimeGate -- 坏 save_time 跳过: 2572-11-#9 07:13:14.091
11:37:34.633 [main] WARN com.ruoyi.vqms.source.reader.SaveTimeGate -- 坏行共 1 行已跳过
11:37:34.635 [main] WARN com.ruoyi.vqms.source.reader.SaveTimeGate -- 坏 save_time 跳过: 2327-02-08 15:31:#1.946
11:37:34.635 [main] WARN com.ruoyi.vqms.source.reader.SaveTimeGate -- 坏行共 1 行已跳过
11:37:34.636 [main] WARN com.ruoyi.vqms.source.reader.SaveTimeGate -- 坏 save_time 跳过: 2999-12-31 00:00:00.000xyz
11:37:34.636 [main] WARN com.ruoyi.vqms.source.reader.SaveTimeGate -- 坏行共 1 行已跳过
11:37:34.637 [main] WARN com.ruoyi.vqms.source.reader.SaveTimeGate -- 坏 save_time 跳过: 2986-10-17
11:37:34.637 [main] WARN com.ruoyi.vqms.source.reader.SaveTimeGate -- 坏行共 1 行已跳过
11:37:34.638 [main] WARN com.ruoyi.vqms.source.reader.SaveTimeGate -- 坏 save_time 跳过: 2701-02-05 13:29:42#341
11:37:34.638 [main] WARN com.ruoyi.vqms.source.reader.SaveTimeGate -- 坏行共 1 行已跳过
11:37:34.638 [main] WARN com.ruoyi.vqms.source.reader.SaveTimeGate -- 坏 save_time 跳过: 1600-02-29 00:00:00.00#
11:37:34.638 [main] WARN com.ruoyi.vqms.source.reader.SaveTimeGate -- 坏行共 1 行已跳过
11:37:34.639 [main] WARN com.ruoyi.vqms.source.reader.SaveTimeGate -- 坏 save_time 跳过: 2533-10-27
11:37:34.639 [main] WARN com.ruoyi.vqms.source.reader.SaveTimeGate -- 坏行共 1 行已跳过
11:37:34.640 [main] WARN com.ruoyi.vqms.source.reader.SaveTimeGate -- 坏 save_time 跳过: 1909-10-24 06:35:00.324xyz
11:37:34.640 [main] WARN com.ruoyi.vqms.source.reader.SaveTimeGate -- 坏行共 1 行已跳过
11:37:34.640 [main] WARN com.ruoyi.vqms.source.reader.SaveTimeGate -- 坏 save_time 跳过: 2999-12-31 00:00:00.000xyz
11:37:34.640 [main] WARN com.ruoyi.vqms.source.reader.SaveTimeGate -- 坏行共 1 行已跳过
11:37:34.643 [main] WARN com.ruoyi.vqms.source.reader.SaveTimeGate -- 坏 save_time 跳过: 1861-10-11 11:00:1
11:37:34.643 [main] WARN com.ruoyi.vqms.source.reader.SaveTimeGate -- 坏行共 1 行已跳过
11:37:34.644 [main] WARN com.ruoyi.vqms.source.reader.SaveTimeGate -- 坏 save_time 跳过: 2425-05-19
11:37:34.644 [main] WARN com.ruoyi.vqms.source.reader.SaveTimeGate -- 坏行共 1 行已跳过
11:37:34.644 [main] WARN com.ruoyi.vqms.source.reader.SaveTimeGate -- 坏 save_time 跳过: 2999-12-31 00:00:00.000xyz
11:37:34.644 [main] WARN com.ruoyi.vqms.source.reader.SaveTimeGate -- 坏行共 1 行已跳过
11:37:34.646 [main] WARN com.ruoyi.vqms.source.reader.SaveTimeGate -- 坏 save_time 跳过: 209-12-06 17:35:55.871
11:37:34.646 [main] WARN com.ruoyi.vqms.source.reader.SaveTimeGate -- 坏行共 1 行已跳过
11:37:34.647 [main] WARN com.ruoyi.vqms.source.reader.SaveTimeGate -- 坏 save_time 跳过: 2364-01-02 18:35:41.956xyz
11:37:34.647 [main] WARN com.ruoyi.vqms.source.reader.SaveTimeGate -- 坏行共 1 行已跳过
11:37:34.648 [main] WARN com.ruoyi.vqms.source.reader.SaveTimeGate -- 坏 save_time 跳过: 2790-11-07 2236:06.940
11:37:34.648 [main] WARN com.ruoyi.vqms.source.reader.SaveTimeGate -- 坏行共 1 行已跳过
11:37:34.650 [main] WARN com.ruoyi.vqms.source.reader.SaveTimeGate -- 坏 save_time 跳过: 2433-09-12 14:47:55.442xyz
11:37:34.650 [main] WARN com.ruoyi.vqms.source.reader.SaveTimeGate -- 坏行共 1 行已跳过
11:37:34.652 [main] WARN com.ruoyi.vqms.source.reader.SaveTimeGate -- 坏 save_time 跳过: 137-01-01 23:59:59.999
11:37:34.652 [main] WARN com.ruoyi.vqms.source.reader.SaveTimeGate -- 坏行共 1 行已跳过
11:37:34.653 [main] WARN com.ruoyi.vqms.source.reader.SaveTimeGate -- 坏 save_time 跳过: 395-06-24 05:00:58.204
11:37:34.653 [main] WARN com.ruoyi.vqms.source.reader.SaveTimeGate -- 坏行共 1 行已跳过
11:37:34.653 [main] WARN com.ruoyi.vqms.source.reader.SaveTimeGate -- 坏 save_time 跳过: 1600-02-29 00:00:00.00#
11:37:34.653 [main] WARN com.ruoyi.vqms.source.reader.SaveTimeGate -- 坏行共 1 行已跳过
11:37:34.653 [main] WARN com.ruoyi.vqms.source.reader.SaveTimeGate -- 坏 save_time 跳过: 244704-11 18:11:02.186
11:37:34.653 [main] WARN com.ruoyi.vqms.source.reader.SaveTimeGate -- 坏行共 1 行已跳过
11:37:34.654 [main] WARN com.ruoyi.vqms.source.reader.SaveTimeGate -- 坏 save_time 跳过: 1#74-07-13 19:20:53.786
11:37:34.655 [main] WARN com.ruoyi.vqms.source.reader.SaveTimeGate -- 坏行共 1 行已跳过
11:37:34.656 [main] WARN com.ruoyi.vqms.source.reader.SaveTimeGate -- 坏 save_time 跳过: 2863-09-07 11:26:59.254xyz
11:37:34.656 [main] WARN com.ruoyi.vqms.source.reader.SaveTimeGate -- 坏行共 1 行已跳过
11:37:34.657 [main] WARN com.ruoyi.vqms.source.reader.SaveTimeGate -- 坏 save_time 跳过: 1731-12-04 07:39:48.543xyz
11:37:34.657 [main] WARN com.ruoyi.vqms.source.reader.SaveTimeGate -- 坏行共 1 行已跳过
11:37:34.658 [main] WARN com.ruoyi.vqms.source.reader.SaveTimeGate -- 坏 save_time 跳过: 2017-02#14 18:36:09.549
11:37:34.659 [main] WARN com.ruoyi.vqms.source.reader.SaveTimeGate -- 坏行共 1 行已跳过
11:37:34.660 [main] WARN com.ruoyi.vqms.source.reader.SaveTimeGate -- 坏 save_time 跳过: 2424-09-26 21:59:01.342xyz
11:37:34.660 [main] WARN com.ruoyi.vqms.source.reader.SaveTimeGate -- 坏行共 1 行已跳过
11:37:34.663 [main] WARN com.ruoyi.vqms.source.reader.SaveTimeGate -- 坏 save_time 跳过: 1600-02-29 00:00:00.00#
11:37:34.663 [main] WARN com.ruoyi.vqms.source.reader.SaveTimeGate -- 坏行共 1 行已跳过
11:37:34.663 [main] WARN com.ruoyi.vqms.source.reader.SaveTimeGate -- 坏 save_time 跳过: 2053-03-1# 19:06:58.011
11:37:34.663 [main] WARN com.ruoyi.vqms.source.reader.SaveTimeGate -- 坏行共 1 行已跳过
11:37:34.663 [main] WARN com.ruoyi.vqms.source.reader.SaveTimeGate -- 坏 save_time 跳过: 2788-07-04 1
11:37:34.663 [main] WARN com.ruoyi.vqms.source.reader.SaveTimeGate -- 坏行共 1 行已跳过
11:37:34.664 [main] WARN com.ruoyi.vqms.source.reader.SaveTimeGate -- 坏 save_time 跳过: 2999-12-31 00:00:00.000xyz
11:37:34.664 [main] WARN com.ruoyi.vqms.source.reader.SaveTimeGate -- 坏行共 1 行已跳过
11:37:34.665 [main] WARN com.ruoyi.vqms.source.reader.SaveTimeGate -- 坏 save_time 跳过: 2898-09-05 
11:37:34.665 [main] WARN com.ruoyi.vqms.source.reader.SaveTimeGate -- 坏行共 1 行已跳过
11:37:34.665 [main] WARN com.ruoyi.vqms.source.reader.SaveTimeGate -- 坏 save_time 跳过: 2999-12-31 00:00:00.000xyz
11:37:34.665 [main] WARN com.ruoyi.vqms.source.reader.SaveTimeGate -- 坏行共 1 行已跳过
11:37:34.666 [main] WARN com.ruoyi.vqms.source.reader.SaveTimeGate -- 坏 save_time 跳过: 2940-12-23 06:33:57.455xyz
11:37:34.666 [main] WARN com.ruoyi.vqms.source.reader.SaveTimeGate -- 坏行共 1 行已跳过
11:37:34.668 [main] WARN com.ruoyi.vqms.source.reader.SaveTimeGate -- 坏 save_time 跳过: 2360-06-19
11:37:34.668 [main] WARN com.ruoyi.vqms.source.reader.SaveTimeGate -- 坏行共 1 行已跳过
11:37:34.670 [main] WARN com.ruoyi.vqms.source.reader.SaveTimeGate -- 坏 save_time 跳过: 2057-11-21 22:04:05.236xyz
11:37:34.670 [main] WARN com.ruoyi.vqms.source.reader.SaveTimeGate -- 坏行共 1 行已跳过
11:37:34.670 [main] WARN com.ruoyi.vqms.source.reader.SaveTimeGate -- 坏 save_time 跳过: 2999-12-31 00:00:00.000xyz
11:37:34.670 [main] WARN com.ruoyi.vqms.source.reader.SaveTimeGate -- 坏行共 1 行已跳过
11:37:34.671 [main] WARN com.ruoyi.vqms.source.reader.SaveTimeGate -- 坏 save_time 跳过: 2538-08-26 15:56:33.098xyz
11:37:34.671 [main] WARN com.ruoyi.vqms.source.reader.SaveTimeGate -- 坏行共 1 行已跳过
11:37:34.673 [main] WARN com.ruoyi.vqms.source.reader.SaveTimeGate -- 坏 save_time 跳过: 2999-12-31 00:00:00.000xyz
11:37:34.673 [main] WARN com.ruoyi.vqms.source.reader.SaveTimeGate -- 坏行共 1 行已跳过
11:37:34.673 [main] WARN com.ruoyi.vqms.source.reader.SaveTimeGate -- 坏 save_time 跳过: 2239-0#-10 19:22:20.722
[...]
11:37:35.173 [main] WARN com.ruoyi.vqms.source.reader.SaveTimeGate -- 坏 save_time 跳过: 2787-10-18 04:08:39.203xyz
11:37:35.173 [main] WARN com.ruoyi.vqms.source.reader.SaveTimeGate -- 坏行共 1 行已跳过
11:37:35.173 [main] WARN com.ruoyi.vqms.source.reader.SaveTimeGate -- 坏 save_time 跳过: 2932-06-2# 01:20:19.840
11:37:35.173 [main] WARN com.ruoyi.vqms.source.reader.SaveTimeGate -- 坏行共 1 行已跳过
11:37:35.173 [main] WARN com.ruoyi.vqms.source.reader.SaveTimeGate -- 坏 save_time 跳过: 1618-04-09 09
11:37:35.173 [main] WARN com.ruoyi.vqms.source.reader.SaveTimeGate -- 坏行共 1 行已跳过
11:37:35.174 [main] WARN com.ruoyi.vqms.source.reader.SaveTimeGate -- 坏 save_time 跳过: 2566-01-15 15:24:#2.861
11:37:35.174 [main] WARN com.ruoyi.vqms.source.reader.SaveTimeGate -- 坏行共 1 行已跳过
11:37:35.174 [main] WARN com.ruoyi.vqms.source.reader.SaveTimeGate -- 坏 save_time 跳过: 2999-12-31 00:00:00000
11:37:35.174 [main] WARN com.ruoyi.vqms.source.reader.SaveTimeGate -- 坏行共 1 行已跳过
11:37:35.175 [main] WARN com.ruoyi.vqms.source.reader.SaveTimeGate -- 坏 save_time 跳过: 2076-1-22 18:43:11.759
11:37:35.175 [main] WARN com.ruoyi.vqms.source.reader.SaveTimeGate -- 坏行共 1 行已跳过
11:37:35.175 [main] WARN com.ruoyi.vqms.source.reader.SaveTimeGate -- 坏 save_time 跳过: 2101-08-27 04:07:53.150xyz
11:37:35.175 [main] WARN com.ruoyi.vqms.source.reader.SaveTimeGate -- 坏行共 1 行已跳过
11:37:35.176 [main] WARN com.ruoyi.vqms.source.reader.SaveTimeGate -- 坏 save_time 跳过: 2568-07-21 00:0:00.000
11:37:35.176 [main] WARN com.ruoyi.vqms.source.reader.SaveTimeGate -- 坏行共 1 行已跳过
11:37:35.176 [main] WARN com.ruoyi.vqms.source.reader.SaveTimeGate -- 坏 save_time 跳过: 1600-0229 00:00:00.000
11:37:35.176 [main] WARN com.ruoyi.vqms.source.reader.SaveTimeGate -- 坏行共 1 行已跳过
11:37:35.177 [main] WARN com.ruoyi.vqms.source.reader.SaveTimeGate -- 坏 save_time 跳过: 1840-05-20 01:
11:37:35.177 [main] WARN com.ruoyi.vqms.source.reader.SaveTimeGate -- 坏行共 1 行已跳过
11:37:35.178 [main] WARN com.ruoyi.vqms.source.reader.SaveTimeGate -- 坏 save_time 跳过: 2179-07-11
11:37:35.178 [main] WARN com.ruoyi.vqms.source.reader.SaveTimeGate -- 坏行共 1 行已跳过
11:37:35.179 [main] WARN com.ruoyi.vqms.source.reader.SaveTimeGate -- 坏 save_time 跳过: 2521-04-22 12:07:27.249xyz
11:37:35.179 [main] WARN com.ruoyi.vqms.source.reader.SaveTimeGate -- 坏行共 1 行已跳过
11:37:35.180 [main] WARN com.ruoyi.vqms.source.reader.SaveTimeGate -- 坏 save_time 跳过: #872-12-22 21:20:04.879
11:37:35.180 [main] WARN com.ruoyi.vqms.source.reader.SaveTimeGate -- 坏行共 1 行已跳过
11:37:35.180 [main] WARN com.ruoyi.vqms.source.reader.SaveTimeGate -- 坏 save_time 跳过: 1600-0229 00:00:00.000
11:37:35.180 [main] WARN com.ruoyi.vqms.source.reader.SaveTimeGate -- 坏行共 1 行已跳过
11:37:35.181 [main] WARN com.ruoyi.vqms.source.reader.SaveTimeGate -- 坏 save_time 跳过: 2811-01-28 10:13:20.187xyz
11:37:35.181 [main] WARN com.ruoyi.vqms.source.reader.SaveTimeGate -- 坏行共 1 行已跳过
11:37:35.183 [main] WARN com.ruoyi.vqms.source.reader.SaveTimeGate -- 坏 save_time 跳过: 2434-04-19 00:55:58.209xyz
11:37:35.183 [main] WARN com.ruoyi.vqms.source.reader.SaveTimeGate -- 坏行共 1 行已跳过
11:37:35.186 [main] WARN com.ruoyi.vqms.source.reader.SaveTimeGate -- 坏 save_time 跳过: 2315-06-19 17:12:54.033xyz
11:37:35.187 [main] WARN com.ruoyi.vqms.source.reader.SaveTimeGate -- 坏行共 1 行已跳过
11:37:35.187 [main] WARN com.ruoyi.vqms.source.reader.SaveTimeGate -- 坏 save_time 跳过: 1600-02-29 00:00:00.00#
11:37:35.187 [main] WARN com.ruoyi.vqms.source.reader.SaveTimeGate -- 坏行共 1 行已跳过
11:37:35.187 [main] WARN com.ruoyi.vqms.source.reader.SaveTimeGate -- 坏 save_time 跳过: 1600-0229 00:00:00.000
11:37:35.187 [main] WARN com.ruoyi.vqms.source.reader.SaveTimeGate -- 坏行共 1 行已跳过
11:37:35.188 [main] WARN com.ruoyi.vqms.source.reader.SaveTimeGate -- 坏 save_time 跳过: 2219-1122 16:53:42.032
11:37:35.188 [main] WARN com.ruoyi.vqms.source.reader.SaveTimeGate -- 坏行共 1 行已跳过
11:37:35.188 [main] WARN com.ruoyi.vqms.source.reader.SaveTimeGate -- 坏 save_time 跳过: 1600-0229 00:00:00.000
11:37:35.188 [main] WARN com.ruoyi.vqms.source.reader.SaveTimeGate -- 坏行共 1 行已跳过
11:37:35.188 [main] WARN com.ruoyi.vqms.source.reader.SaveTimeGate -- 坏 save_time 跳过: 1600-02-29 23:59
11:37:35.188 [main] WARN com.ruoyi.vqms.source.reader.SaveTimeGate -- 坏行共 1 行已跳过
11:37:35.190 [main] WARN com.ruoyi.vqms.source.reader.SaveTimeGate -- 坏 save_time 跳过: 2843-03-23
11:37:35.190 [main] WARN com.ruoyi.vqms.source.reader.SaveTimeGate -- 坏行共 1 行已跳过
11:37:35.191 [main] WARN com.ruoyi.vqms.source.reader.SaveTimeGate -- 坏 save_time 跳过: 1748-07-30 06:0926.259
11:37:35.191 [main] WARN com.ruoyi.vqms.source.reader.SaveTimeGate -- 坏行共 1 行已跳过
11:37:35.192 [main] WARN com.ruoyi.vqms.source.reader.SaveTimeGate -- 坏 save_time 跳过: 2128-09-22
11:37:35.192 [main] WARN com.ruoyi.vqms.source.reader.SaveTimeGate -- 坏行共 1 行已跳过
11:37:35.193 [main] WARN com.ruoyi.vqms.source.reader.SaveTimeGate -- 坏 save_time 跳过: 2557-01-20 06:26:56#574
11:37:35.193 [main] WARN com.ruoyi.vqms.source.reader.SaveTimeGate -- 坏行共 1 行已跳过
11:37:35.194 [main] WARN com.ruoyi.vqms.source.reader.SaveTimeGate -- 坏 save_time 跳过: 2200-08-25 20:41:20.#48
11:37:35.194 [main] WARN com.ruoyi.vqms.source.reader.SaveTimeGate -- 坏行共 1 行已跳过
11:37:35.196 [main] WARN com.ruoyi.vqms.source.reader.SaveTimeGate -- 坏 save_time 跳过: 2652-12-14 20:25:11.261xyz
11:37:35.196 [main] WARN com.ruoyi.vqms.source.reader.SaveTimeGate -- 坏行共 1 行已跳过
11:37:35.196 [main] WARN com.ruoyi.vqms.source.reader.SaveTimeGate -- 坏 save_time 跳过: 1600-02-29 23:59
11:37:35.196 [main] WARN com.ruoyi.vqms.source.reader.SaveTimeGate -- 坏行共 1 行已跳过
11:37:35.198 [main] WARN com.ruoyi.vqms.source.reader.SaveTimeGate -- 坏 save_time 跳过: 2552-07-15 18:54#00.333
11:37:35.198 [main] WARN com.ruoyi.vqms.source.reader.SaveTimeGate -- 坏行共 1 行已跳过
11:37:35.199 [main] WARN com.ruoyi.vqms.source.reader.SaveTimeGate -- 坏 save_time 跳过: 2834-04-05 16:22:22#765
11:37:35.199 [main] WARN com.ruoyi.vqms.source.reader.SaveTimeGate -- 坏行共 1 行已跳过
11:37:35.200 [main] WARN com.ruoyi.vqms.source.reader.SaveTimeGate -- 坏 save_time 跳过: 2725-07-10 18:16:07.377xyz
11:37:35.200 [main] WARN com.ruoyi.vqms.source.reader.SaveTimeGate -- 坏行共 1 行已跳过
11:37:35.200 [main] WARN com.ruoyi.vqms.source.reader.SaveTimeGate -- 坏 save_time 跳过: 1600-02-29 23:59
11:37:35.200 [main] WARN com.ruoyi.vqms.source.reader.SaveTimeGate -- 坏行共 1 行已跳过
11:37:35.201 [main] WARN com.ruoyi.vqms.source.reader.SaveTimeGate -- 坏 save_time 跳过: 2389-07-21 23:59:59.999xyz
11:37:35.201 [main] WARN com.ruoyi.vqms.source.reader.SaveTimeGate -- 坏行共 1 行已跳过
11:37:35.201 [main] WARN com.ruoyi.vqms.source.reader.SaveTimeGate -- 坏 save_time 跳过: 2218-10-05
11:37:35.201 [main] WARN com.ruoyi.vqms.source.reader.SaveTimeGate -- 坏行共 1 行已跳过
11:37:35.203 [main] WARN com.ruoyi.vqms.source.reader.SaveTimeGate -- 坏 save_time 跳过: #721-03-21 14:12:52.230
11:37:35.203 [main] WARN com.ruoyi.vqms.source.reader.SaveTimeGate -- 坏行共 1 行已跳过
11:37:35.203 [main] WARN com.ruoyi.vqms.source.reader.SaveTimeGate -- 坏 save_time 跳过: 2634-11-#7 20:18:02.623
11:37:35.203 [main] WARN com.ruoyi.vqms.source.reader.SaveTimeGate -- 坏行共 1 行已跳过
11:37:35.204 [main] WARN com.ruoyi.vqms.source.reader.SaveTimeGate -- 坏 save_time 跳过: 2160-12-15 0#:22:54.719
11:37:35.204 [main] WARN com.ruoyi.vqms.source.reader.SaveTimeGate -- 坏行共 1 行已跳过
11:37:35.204 [main] WARN com.ruoyi.vqms.source.reader.SaveTimeGate -- 坏 save_time 跳过: 179409-22 12:21:33.828
11:37:35.204 [main] WARN com.ruoyi.vqms.source.reader.SaveTimeGate -- 坏行共 1 行已跳过
11:37:35.204 [main] WARN com.ruoyi.vqms.source.reader.SaveTimeGate -- 坏 save_time 跳过: 2868-12-14#01:14:39.312
11:37:35.204 [main] WARN com.ruoyi.vqms.source.reader.SaveTimeGate -- 坏行共 1 行已跳过
11:37:35.205 [main] WARN com.ruoyi.vqms.source.reader.SaveTimeGate -- 坏 save_time 跳过: 2940-08-#8 11:51:24.033
11:37:35.205 [main] WARN com.ruoyi.vqms.source.reader.SaveTimeGate -- 坏行共 1 行已跳过
11:37:35.205 [main] WARN com.ruoyi.vqms.source.reader.SaveTimeGate -- 坏 save_time 跳过: 1691-10-20 
11:37:35.205 [main] WARN com.ruoyi.vqms.source.reader.SaveTimeGate -- 坏行共 1 行已跳过
11:37:35.207 [main] WARN com.ruoyi.vqms.source.reader.SaveTimeGate -- 坏 save_time 跳过: 1600-02-29 23:59
11:37:35.207 [main] WARN com.ruoyi.vqms.source.reader.SaveTimeGate -- 坏行共 1 行已跳过
11:37:35.208 [main] WARN com.ruoyi.vqms.source.reader.SaveTimeGate -- 坏 save_time 跳过: 2344-05-24 16:28:
11:37:35.209 [main] WARN com.ruoyi.vqms.source.reader.SaveTimeGate -- 坏行共 1 行已跳过
11:37:35.209 [main] WARN com.ruoyi.vqms.source.reader.SaveTimeGate -- 坏 save_time 跳过: 1600-02-29 23:59
11:37:35.209 [main] WARN com.ruoyi.vqms.source.reader.SaveTimeGate -- 坏行共 1 行已跳过
11:37:35.210 [main] WARN com.ruoyi.vqms.source.reader.SaveTimeGate -- 坏 save_time 跳过: 1600-02-29 23:59
11:37:35.210 [main] WARN com.ruoyi.vqms.source.reader.SaveTimeGate -- 坏行共 1 行已跳过
11:37:35.211 [main] WARN com.ruoyi.vqms.source.reader.SaveTimeGate -- 坏 save_time 跳过: 2550-08-21 2:31:19.218
11:37:35.211 [main] WARN com.ruoyi.vqms.source.reader.SaveTimeGate -- 坏行共 1 行已跳过
11:37:35.212 [main] WARN com.ruoyi.vqms.source.reader.SaveTimeGate -- 坏 save_time 跳过: 2118-06-17
11:37:35.212 [main] WARN com.ruoyi.vqms.source.reader.SaveTimeGate -- 坏行共 1 行已跳过
11:37:35.213 [main] WARN com.ruoyi.vqms.source.reader.SaveTimeGate -- 坏 save_time 跳过: 1901-04-22
11:37:35.213 [main] WARN com.ruoyi.vqms.source.reader.SaveTimeGate -- 坏行共 1 行已跳过
11:37:35.215 [main] WARN com.ruoyi.vqms.source.reader.SaveTimeGate -- 坏 save_time 跳过: 2498-12-05 10:43:51205
11:37:35.215 [main] WARN com.ruoyi.vqms.source.reader.SaveTimeGate -- 坏行共 1 行已跳过
11:37:35.215 [main] WARN com.ruoyi.vqms.source.reader.SaveTimeGate -- 坏 save_time 跳过: 1600-02-29 23:59
11:37:35.215 [main] WARN com.ruoyi.vqms.source.reader.SaveTimeGate -- 坏行共 1 行已跳过
11:37:35.217 [main] WARN com.ruoyi.vqms.source.reader.SaveTimeGate -- 坏 save_time 跳过: 2419-11-19 18:48:51.724xyz
11:37:35.217 [main] WARN com.ruoyi.vqms.source.reader.SaveTimeGate -- 坏行共 1 行已跳过
11:37:35.218 [main] WARN com.ruoyi.vqms.source.reader.SaveTimeGate -- 坏 save_time 跳过: 2564-11-10 05:29:17.784xyz
11:37:35.218 [main] WARN com.ruoyi.vqms.source.reader.SaveTimeGate -- 坏行共 1 行已跳过
11:37:35.219 [main] WARN com.ruoyi.vqms.source.reader.SaveTimeGate -- 坏 save_time 跳过: 2106-11-02 05:18:36.020xyz
11:37:35.220 [main] WARN com.ruoyi.vqms.source.reader.SaveTimeGate -- 坏行共 1 行已跳过
11:37:35.221 [main] WARN com.ruoyi.vqms.source.reader.SaveTimeGate -- 坏 save_time 跳过: 2444-01-21 12:33:35.732xyz
11:37:35.221 [main] WARN com.ruoyi.vqms.source.reader.SaveTimeGate -- 坏行共 1 行已跳过
11:37:35.222 [main] WARN com.ruoyi.vqms.source.reader.SaveTimeGate -- 坏 save_time 跳过: 1723-03-06 23:55:34.923xyz
11:37:35.222 [main] WARN com.ruoyi.vqms.source.reader.SaveTimeGate -- 坏行共 1 行已跳过
11:37:35.223 [main] WARN com.ruoyi.vqms.source.reader.SaveTimeGate -- 坏 save_time 跳过: 2936-05-27
11:37:35.223 [main] WARN com.ruoyi.vqms.source.reader.SaveTimeGate -- 坏行共 1 行已跳过
11:37:35.224 [main] WARN com.ruoyi.vqms.source.reader.SaveTimeGate -- 坏 save_time 跳过: 2238-10-15 02:30:20.#35
11:37:35.224 [main] WARN com.ruoyi.vqms.source.reader.SaveTimeGate -- 坏行共 1 行已跳过
11:37:35.226 [main] WARN com.ruoyi.vqms.source.reader.SaveTimeGate -- 坏 save_time 跳过: 1#89-10-30 06:09:45.908
11:37:35.226 [main] WARN com.ruoyi.vqms.source.reader.SaveTimeGate -- 坏行共 1 行已跳过
11:37:35.226 [main] WARN com.ruoyi.vqms.source.reader.SaveTimeGate -- 坏 save_time 跳过: 1600-02-29 23:59
11:37:35.226 [main] WARN com.ruoyi.vqms.source.reader.SaveTimeGate -- 坏行共 1 行已跳过
11:37:35.228 [main] WARN com.ruoyi.vqms.source.reader.SaveTimeGate -- 坏 save_time 跳过: 2828-05-17 17:5
11:37:35.228 [main] WARN com.ruoyi.vqms.source.reader.SaveTimeGate -- 坏行共 1 行已跳过
11:37:35.228 [main] WARN com.ruoyi.vqms.source.reader.SaveTimeGate -- 坏 save_time 跳过: 2125-10-22 01:06:5.413
11:37:35.228 [main] WARN com.ruoyi.vqms.source.reader.SaveTimeGate -- 坏行共 1 行已跳过
11:37:35.228 [main] WARN com.ruoyi.vqms.source.reader.SaveTimeGate -- 坏 save_time 跳过: 1600-02-29 23:59
11:37:35.228 [main] WARN com.ruoyi.vqms.source.reader.SaveTimeGate -- 坏行共 1 行已跳过
11:37:35.228 [main] WARN com.ruoyi.vqms.source.reader.SaveTimeGate -- 坏 save_time 跳过: 2639-09-18 18:17:
11:37:35.228 [main] WARN com.ruoyi.vqms.source.reader.SaveTimeGate -- 坏行共 1 行已跳过
11:37:35.228 [main] WARN com.ruoyi.vqms.source.reader.SaveTimeGate -- 坏 save_time 跳过: 1600-02-29 23:59
11:37:35.228 [main] WARN com.ruoyi.vqms.source.reader.SaveTimeGate -- 坏行共 1 行已跳过
11:37:35.228 [main] WARN com.ruoyi.vqms.source.reader.SaveTimeGate -- 坏 save_time 跳过: 210-11-26 18:45:40.005
11:37:35.228 [main] WARN com.ruoyi.vqms.source.reader.SaveTimeGate -- 坏行共 1 行已跳过
11:37:35.228 [main] WARN com.ruoyi.vqms.source.reader.SaveTimeGate -- 坏 save_time 跳过: 2999-12-31 00:00:00000
11:37:35.228 [main] WARN com.ruoyi.vqms.source.reader.SaveTimeGate -- 坏行共 1 行已跳过
11:37:35.228 [main] WARN com.ruoyi.vqms.source.reader.SaveTimeGate -- 坏 save_time 跳过: 2628-10-08 00:33:0.029
11:37:35.228 [main] WARN com.ruoyi.vqms.source.reader.SaveTimeGate -- 坏行共 1 行已跳过
11:37:35.228 [main] WARN com.ruoyi.vqms.source.reader.SaveTimeGate -- 坏 save_time 跳过: 281-11-25 15:09:20.893
11:37:35.229 [main] WARN com.ruoyi.vqms.source.reader.SaveTimeGate -- 坏行共 1 行已跳过
11:37:35.230 [main] WARN com.ruoyi.vqms.source.reader.SaveTimeGate -- 坏 save_time 跳过: 1902-8-20 21:39:13.201
11:37:35.230 [main] WARN com.ruoyi.vqms.source.reader.SaveTimeGate -- 坏行共 1 行已跳过
11:37:35.232 [main] WARN com.ruoyi.vqms.source.reader.SaveTimeGate -- 坏 save_time 跳过: 2302-07-26 20:07#58.713
11:37:35.232 [main] WARN com.ruoyi.vqms.source.reader.SaveTimeGate -- 坏行共 1 行已跳过
11:37:35.233 [main] WARN com.ruoyi.vqms.source.reader.SaveTimeGate -- 坏 save_time 跳过: 2745-2-22 09:57:25.557
11:37:35.233 [main] WARN com.ruoyi.vqms.source.reader.SaveTimeGate -- 坏行共 1 行已跳过
11:37:35.234 [main] WARN com.ruoyi.vqms.source.reader.SaveTimeGate -- 坏 save_time 跳过: 2837-09-18 10:37:35.481xyz
11:37:35.234 [main] WARN com.ruoyi.vqms.source.reader.SaveTimeGate -- 坏行共 1 行已跳过
11:37:35.234 [main] WARN com.ruoyi.vqms.source.reader.SaveTimeGate -- 坏 save_time 跳过: 1600-02-29 23:59
11:37:35.234 [main] WARN com.ruoyi.vqms.source.reader.SaveTimeGate -- 坏行共 1 行已跳过
11:37:35.234 [main] WARN com.ruoyi.vqms.source.reader.SaveTimeGate -- 坏 save_time 跳过: 2764-07-1 21:31:22.045
11:37:35.234 [main] WARN com.ruoyi.vqms.source.reader.SaveTimeGate -- 坏行共 1 行已跳过
11:37:35.236 [main] WARN com.ruoyi.vqms.source.reader.SaveTimeGate -- 坏 save_time 跳过: 2045-07-13 07:40:2.932
11:37:35.236 [main] WARN com.ruoyi.vqms.source.reader.SaveTimeGate -- 坏行共 1 行已跳过
11:37:35.237 [main] WARN com.ruoyi.vqms.source.reader.SaveTimeGate -- 坏 save_time 跳过: 2#97-05-08 05:03:55.360
11:37:35.237 [main] WARN com.ruoyi.vqms.source.reader.SaveTimeGate -- 坏行共 1 行已跳过
11:37:35.238 [main] WARN com.ruoyi.vqms.source.reader.SaveTimeGate -- 坏 save_time 跳过: 1600-01-01#23:59:59.999
11:37:35.238 [main] WARN com.ruoyi.vqms.source.reader.SaveTimeGate -- 坏行共 1 行已跳过
11:37:35.239 [main] WARN com.ruoyi.vqms.source.reader.SaveTimeGate -- 坏 save_time 跳过: 1815-04-28
11:37:35.239 [main] WARN com.ruoyi.vqms.source.reader.SaveTimeGate -- 坏行共 1 行已跳过
11:37:35.241 [main] WARN com.ruoyi.vqms.source.reader.SaveTimeGate -- 坏 save_time 跳过: 2223-10-17 13:#4:48.143
11:37:35.241 [main] WARN com.ruoyi.vqms.source.reader.SaveTimeGate -- 坏行共 1 行已跳过
11:37:35.242 [main] WARN com.ruoyi.vqms.source.reader.SaveTimeGate -- 坏 save_time 跳过: 2087-06-12 23:27:2.036
11:37:35.242 [main] WARN com.ruoyi.vqms.source.reader.SaveTimeGate -- 坏行共 1 行已跳过
11:37:35.243 [main] WARN com.ruoyi.vqms.source.reader.SaveTimeGate -- 坏 save_time 跳过: 2016-07-27 
11:37:35.243 [main] WARN com.ruoyi.vqms.source.reader.SaveTimeGate -- 坏行共 1 行已跳过
11:37:35.244 [main] WARN com.ruoyi.vqms.source.reader.SaveTimeGate -- 坏 save_time 跳过: 1782-#2-14 22:15:23.313
11:37:35.244 [main] WARN com.ruoyi.vqms.source.reader.SaveTimeGate -- 坏行共 1 行已跳过
11:37:35.246 [main] WARN com.ruoyi.vqms.source.reader.SaveTimeGate -- 坏 save_time 跳过: 2866-09-30 1#:45:33.219
11:37:35.246 [main] WARN com.ruoyi.vqms.source.reader.SaveTimeGate -- 坏行共 1 行已跳过
11:37:35.248 [main] WARN com.ruoyi.vqms.source.reader.SaveTimeGate -- 坏 save_time 跳过: 266-11-22 23:16:13.526
11:37:35.249 [main] WARN com.ruoyi.vqms.source.reader.SaveTimeGate -- 坏行共 1 行已跳过
11:37:35.249 [main] WARN com.ruoyi.vqms.source.reader.SaveTimeGate -- 坏 save_time 跳过: 2173-03-2 20:38:32.178
11:37:35.249 [main] WARN com.ruoyi.vqms.source.reader.SaveTimeGate -- 坏行共 1 行已跳过
11:37:35.250 [main] WARN com.ruoyi.vqms.source.reader.SaveTimeGate -- 坏 save_time 跳过: 2927-11-24 21:10:23.780xyz
11:37:35.250 [main] WARN com.ruoyi.vqms.source.reader.SaveTimeGate -- 坏行共 1 行已跳过
timestamp = 2026-08-25T11:37:35.251067900, SaveTimeGatePropertyTest:prop 非法格式恒拦截且不抛 = 
                              |-----------------------jqwik-----------------------
tries = 1000                  | # of calls to property
checks = 1000                 | # of not rejected calls
generation = RANDOMIZED       | parameters are randomly generated
after-failure = SAMPLE_FIRST  | try previously failed sample, then previous seed
when-fixed-seed = ALLOW       | fixing the random seed is allowed
edge-cases#mode = MIXIN       | edge cases are mixed in
edge-cases#total = 180        | # of all combined edge cases
edge-cases#tried = 161        | # of edge cases tried in current run
seed = 5635327763419930999    | random seed to reproduce generated values


]]></system-out>
  </testcase>
  <testcase name="prop 粗筛窗口包含所有目标行" classname="com.ruoyi.vqms.source.reader.SaveTimeGatePropertyTest" time="0.517">
    <system-out><![CDATA[timestamp = 2026-08-25T11:37:35.769169100, SaveTimeGatePropertyTest:prop 粗筛窗口包含所有目标行 = 
                              |-----------------------jqwik-----------------------
tries = 1000                  | # of calls to property
checks = 1000                 | # of not rejected calls
generation = RANDOMIZED       | parameters are randomly generated
after-failure = SAMPLE_FIRST  | try previously failed sample, then previous seed
when-fixed-seed = ALLOW       | fixing the random seed is allowed
edge-cases#mode = MIXIN       | edge cases are mixed in
edge-cases#total = 210        | # of all combined edge cases
edge-cases#tried = 149        | # of edge cases tried in current run
seed = -5447684290753217497   | random seed to reproduce generated values


]]></system-out>
  </testcase>
  <testcase name="prop 合法格式恒通过" classname="com.ruoyi.vqms.source.reader.SaveTimeGatePropertyTest" time="0.578">
    <system-out><![CDATA[timestamp = 2026-08-25T11:37:36.347822700, SaveTimeGatePropertyTest:prop 合法格式恒通过 = 
                              |-----------------------jqwik-----------------------
tries = 1000                  | # of calls to property
checks = 1000                 | # of not rejected calls
generation = RANDOMIZED       | parameters are randomly generated
after-failure = SAMPLE_FIRST  | try previously failed sample, then previous seed
when-fixed-seed = ALLOW       | fixing the random seed is allowed
edge-cases#mode = MIXIN       | edge cases are mixed in
edge-cases#total = 750        | # of all combined edge cases
edge-cases#tried = 175        | # of edge cases tried in current run
seed = 2588501775989846906    | random seed to reproduce generated values


]]></system-out>
  </testcase>
  <testcase name="prop 过滤恰好保留目标区间内的行" classname="com.ruoyi.vqms.source.reader.SaveTimeGatePropertyTest" time="0.525">
    <system-out><![CDATA[timestamp = 2026-08-25T11:37:36.873048200, SaveTimeGatePropertyTest:prop 过滤恰好保留目标区间内的行 = 
                              |-----------------------jqwik-----------------------
tries = 1000                  | # of calls to property
checks = 1000                 | # of not rejected calls
generation = RANDOMIZED       | parameters are randomly generated
after-failure = SAMPLE_FIRST  | try previously failed sample, then previous seed
when-fixed-seed = ALLOW       | fixing the random seed is allowed
edge-cases#mode = MIXIN       | edge cases are mixed in
edge-cases#total = 210        | # of all combined edge cases
edge-cases#tried = 162        | # of edge cases tried in current run
seed = 1900016920687008150    | random seed to reproduce generated values


]]></system-out>
  </testcase>
</testsuite>