<?xml version="1.0" encoding="UTF-8"?>
<testsuite xmlns:xsi="http://www.w3.org/2001/XMLSchema-instance" xsi:noNamespaceSchemaLocation="https://maven.apache.org/surefire/maven-surefire-plugin/xsd/surefire-test-report-3.0.xsd" version="3.0" name="com.ruoyi.vqms.source.reader.SaveTimeGatePropertyTest" time="0.61" tests="4" errors="0" skipped="0" failures="0">
  <properties>
[...]
</properties>
  <testcase name="prop 非法格式恒拦截且不抛" classname="com.ruoyi.vqms.source.reader.SaveTimeGatePropertyTest" time="0.25">
    <system-out><![CDATA[14:22:04.396 [main] WARN com.ruoyi.vqms.source.reader.SaveTimeGate -- 坏 save_time 跳过: 2999-12-31 23:
14:22:04.396 [main] WARN com.ruoyi.vqms.source.reader.SaveTimeGate -- 坏行共 1 行已跳过
14:22:04.399 [main] WARN com.ruoyi.vqms.source.reader.SaveTimeGate -- 坏 save_time 跳过: 2195-09-17 09:58:50.150xyz
14:22:04.399 [main] WARN com.ruoyi.vqms.source.reader.SaveTimeGate -- 坏行共 1 行已跳过
14:22:04.400 [main] WARN com.ruoyi.vqms.source.reader.SaveTimeGate -- 坏 save_time 跳过: 1666-06-17 15:4906.029
14:22:04.400 [main] WARN com.ruoyi.vqms.source.reader.SaveTimeGate -- 坏行共 1 行已跳过
14:22:04.401 [main] WARN com.ruoyi.vqms.source.reader.SaveTimeGate -- 坏 save_time 跳过: 2697-08-19 7:37:05.849
14:22:04.401 [main] WARN com.ruoyi.vqms.source.reader.SaveTimeGate -- 坏行共 1 行已跳过
14:22:04.401 [main] WARN com.ruoyi.vqms.source.reader.SaveTimeGate -- 坏 save_time 跳过: 2977-07-20 17:41:49.313xyz
14:22:04.401 [main] WARN com.ruoyi.vqms.source.reader.SaveTimeGate -- 坏行共 1 行已跳过
14:22:04.401 [main] WARN com.ruoyi.vqms.source.reader.SaveTimeGate -- 坏 save_time 跳过: 2537-03-26 09:26:39.991xyz
14:22:04.401 [main] WARN com.ruoyi.vqms.source.reader.SaveTimeGate -- 坏行共 1 行已跳过
14:22:04.402 [main] WARN com.ruoyi.vqms.source.reader.SaveTimeGate -- 坏 save_time 跳过: 255#-04-24 07:23:53.366
14:22:04.402 [main] WARN com.ruoyi.vqms.source.reader.SaveTimeGate -- 坏行共 1 行已跳过
14:22:04.404 [main] WARN com.ruoyi.vqms.source.reader.SaveTimeGate -- 坏 save_time 跳过: 1627-06-16
14:22:04.404 [main] WARN com.ruoyi.vqms.source.reader.SaveTimeGate -- 坏行共 1 行已跳过
14:22:04.406 [main] WARN com.ruoyi.vqms.source.reader.SaveTimeGate -- 坏 save_time 跳过: 2988-08-27
14:22:04.406 [main] WARN com.ruoyi.vqms.source.reader.SaveTimeGate -- 坏行共 1 行已跳过
14:22:04.407 [main] WARN com.ruoyi.vqms.source.reader.SaveTimeGate -- 坏 save_time 跳过: 2995-03-30 2243:43.100
14:22:04.407 [main] WARN com.ruoyi.vqms.source.reader.SaveTimeGate -- 坏行共 1 行已跳过
14:22:04.408 [main] WARN com.ruoyi.vqms.source.reader.SaveTimeGate -- 坏 save_time 跳过: 2075-09-17 04:55:
14:22:04.408 [main] WARN com.ruoyi.vqms.source.reader.SaveTimeGate -- 坏行共 1 行已跳过
14:22:04.408 [main] WARN com.ruoyi.vqms.source.reader.SaveTimeGate -- 坏 save_time 跳过: 2211-06-13 12:0452.382
14:22:04.408 [main] WARN com.ruoyi.vqms.source.reader.SaveTimeGate -- 坏行共 1 行已跳过
14:22:04.409 [main] WARN com.ruoyi.vqms.source.reader.SaveTimeGate -- 坏 save_time 跳过: 2805-06-23 06:27:43.743xyz
14:22:04.409 [main] WARN com.ruoyi.vqms.source.reader.SaveTimeGate -- 坏行共 1 行已跳过
14:22:04.411 [main] WARN com.ruoyi.vqms.source.reader.SaveTimeGate -- 坏 save_time 跳过: 1600-01-01 00#00:00.000
14:22:04.411 [main] WARN com.ruoyi.vqms.source.reader.SaveTimeGate -- 坏行共 1 行已跳过
14:22:04.412 [main] WARN com.ruoyi.vqms.source.reader.SaveTimeGate -- 坏 save_time 跳过: 2424-02-14 09:13:14.363xyz
14:22:04.412 [main] WARN com.ruoyi.vqms.source.reader.SaveTimeGate -- 坏行共 1 行已跳过
14:22:04.413 [main] WARN com.ruoyi.vqms.source.reader.SaveTimeGate -- 坏 save_time 跳过: 2719-06-01 07:12:5
14:22:04.413 [main] WARN com.ruoyi.vqms.source.reader.SaveTimeGate -- 坏行共 1 行已跳过
14:22:04.413 [main] WARN com.ruoyi.vqms.source.reader.SaveTimeGate -- 坏 save_time 跳过: 1878-06-03 19:08:57.997xyz
14:22:04.413 [main] WARN com.ruoyi.vqms.source.reader.SaveTimeGate -- 坏行共 1 行已跳过
14:22:04.414 [main] WARN com.ruoyi.vqms.source.reader.SaveTimeGate -- 坏 save_time 跳过: 2463-03-26 03:07:#0.195
14:22:04.414 [main] WARN com.ruoyi.vqms.source.reader.SaveTimeGate -- 坏行共 1 行已跳过
14:22:04.414 [main] WARN com.ruoyi.vqms.source.reader.SaveTimeGate -- 坏 save_time 跳过: 1600-01-0# 23:59:59.999
14:22:04.414 [main] WARN com.ruoyi.vqms.source.reader.SaveTimeGate -- 坏行共 1 行已跳过
14:22:04.414 [main] WARN com.ruoyi.vqms.source.reader.SaveTimeGate -- 坏 save_time 跳过: 2502-12-16 01:01:13.441xyz
14:22:04.414 [main] WARN com.ruoyi.vqms.source.reader.SaveTimeGate -- 坏行共 1 行已跳过
14:22:04.414 [main] WARN com.ruoyi.vqms.source.reader.SaveTimeGate -- 坏 save_time 跳过: 2589-#2-11 23:29:54.789
14:22:04.414 [main] WARN com.ruoyi.vqms.source.reader.SaveTimeGate -- 坏行共 1 行已跳过
14:22:04.414 [main] WARN com.ruoyi.vqms.source.reader.SaveTimeGate -- 坏 save_time 跳过: 29#9-12-31 00:00:00.000
14:22:04.414 [main] WARN com.ruoyi.vqms.source.reader.SaveTimeGate -- 坏行共 1 行已跳过
14:22:04.415 [main] WARN com.ruoyi.vqms.source.reader.SaveTimeGate -- 坏 save_time 跳过: 1761-0-13 05:30:57.338
14:22:04.415 [main] WARN com.ruoyi.vqms.source.reader.SaveTimeGate -- 坏行共 1 行已跳过
14:22:04.415 [main] WARN com.ruoyi.vqms.source.reader.SaveTimeGate -- 坏 save_time 跳过: 2173-10-05 03:59:24.223xyz
14:22:04.415 [main] WARN com.ruoyi.vqms.source.reader.SaveTimeGate -- 坏行共 1 行已跳过
14:22:04.415 [main] WARN com.ruoyi.vqms.source.reader.SaveTimeGate -- 坏 save_time 跳过: 1839-06-10 13:57#36.090
14:22:04.415 [main] WARN com.ruoyi.vqms.source.reader.SaveTimeGate -- 坏行共 1 行已跳过
14:22:04.415 [main] WARN com.ruoyi.vqms.source.reader.SaveTimeGate -- 坏 save_time 跳过: 1600-01-01 00#00:00.000
14:22:04.415 [main] WARN com.ruoyi.vqms.source.reader.SaveTimeGate -- 坏行共 1 行已跳过
14:22:04.416 [main] WARN com.ruoyi.vqms.source.reader.SaveTimeGate -- 坏 save_time 跳过: 2646-0613 15:45:07.391
14:22:04.416 [main] WARN com.ruoyi.vqms.source.reader.SaveTimeGate -- 坏行共 1 行已跳过
14:22:04.416 [main] WARN com.ruoyi.vqms.source.reader.SaveTimeGate -- 坏 save_time 跳过: 2915-07-26 13:43:2#.472
14:22:04.416 [main] WARN com.ruoyi.vqms.source.reader.SaveTimeGate -- 坏行共 1 行已跳过
14:22:04.416 [main] WARN com.ruoyi.vqms.source.reader.SaveTimeGate -- 坏 save_time 跳过: 1600-02-29#00:00:00.000
14:22:04.416 [main] WARN com.ruoyi.vqms.source.reader.SaveTimeGate -- 坏行共 1 行已跳过
14:22:04.417 [main] WARN com.ruoyi.vqms.source.reader.SaveTimeGate -- 坏 save_time 跳过: 2293-09-03
14:22:04.417 [main] WARN com.ruoyi.vqms.source.reader.SaveTimeGate -- 坏行共 1 行已跳过
14:22:04.417 [main] WARN com.ruoyi.vqms.source.reader.SaveTimeGate -- 坏 save_time 跳过: 203#-05-17 00:00:00.000
14:22:04.417 [main] WARN com.ruoyi.vqms.source.reader.SaveTimeGate -- 坏行共 1 行已跳过
14:22:04.417 [main] WARN com.ruoyi.vqms.source.reader.SaveTimeGate -- 坏 save_time 跳过: 2350-10-30
14:22:04.417 [main] WARN com.ruoyi.vqms.source.reader.SaveTimeGate -- 坏行共 1 行已跳过
14:22:04.417 [main] WARN com.ruoyi.vqms.source.reader.SaveTimeGate -- 坏 save_time 跳过: 2773-07-21 17:33:32.02#
14:22:04.417 [main] WARN com.ruoyi.vqms.source.reader.SaveTimeGate -- 坏行共 1 行已跳过
14:22:04.417 [main] WARN com.ruoyi.vqms.source.reader.SaveTimeGate -- 坏 save_time 跳过: 2560-07-06 18:6:06.325
14:22:04.417 [main] WARN com.ruoyi.vqms.source.reader.SaveTimeGate -- 坏行共 1 行已跳过
14:22:04.418 [main] WARN com.ruoyi.vqms.source.reader.SaveTimeGate -- 坏 save_time 跳过: 2927-02-05 13:56:08.269xyz
14:22:04.418 [main] WARN com.ruoyi.vqms.source.reader.SaveTimeGate -- 坏行共 1 行已跳过
14:22:04.418 [main] WARN com.ruoyi.vqms.source.reader.SaveTimeGate -- 坏 save_time 跳过: 2773-11-04 16:03:20.702xyz
14:22:04.418 [main] WARN com.ruoyi.vqms.source.reader.SaveTimeGate -- 坏行共 1 行已跳过
14:22:04.418 [main] WARN com.ruoyi.vqms.source.reader.SaveTimeGate -- 坏 save_time 跳过: 1788-04-28 17:35:4
14:22:04.418 [main] WARN com.ruoyi.vqms.source.reader.SaveTimeGate -- 坏行共 1 行已跳过
14:22:04.418 [main] WARN com.ruoyi.vqms.source.reader.SaveTimeGate -- 坏 save_time 跳过: 1600-01-01 00#00:00.000
14:22:04.418 [main] WARN com.ruoyi.vqms.source.reader.SaveTimeGate -- 坏行共 1 行已跳过
14:22:04.418 [main] WARN com.ruoyi.vqms.source.reader.SaveTimeGate -- 坏 save_time 跳过: 1600-01-01 00#00:00.000
14:22:04.418 [main] WARN com.ruoyi.vqms.source.reader.SaveTimeGate -- 坏行共 1 行已跳过
14:22:04.419 [main] WARN com.ruoyi.vqms.source.reader.SaveTimeGate -- 坏 save_time 跳过: 1893-02-21
14:22:04.419 [main] WARN com.ruoyi.vqms.source.reader.SaveTimeGate -- 坏行共 1 行已跳过
14:22:04.419 [main] WARN com.ruoyi.vqms.source.reader.SaveTimeGate -- 坏 save_time 跳过: 2055-02-16 06:12:01.989xyz
14:22:04.419 [main] WARN com.ruoyi.vqms.source.reader.SaveTimeGate -- 坏行共 1 行已跳过
14:22:04.420 [main] WARN com.ruoyi.vqms.source.reader.SaveTimeGate -- 坏 save_time 跳过: 1600-01-01 00#00:00.000
14:22:04.420 [main] WARN com.ruoyi.vqms.source.reader.SaveTimeGate -- 坏行共 1 行已跳过
14:22:04.420 [main] WARN com.ruoyi.vqms.source.reader.SaveTimeGate -- 坏 save_time 跳过: 2375-10-25 04:27:31.
14:22:04.420 [main] WARN com.ruoyi.vqms.source.reader.SaveTimeGate -- 坏行共 1 行已跳过
14:22:04.420 [main] WARN com.ruoyi.vqms.source.reader.SaveTimeGate -- 坏 save_time 跳过: 2770-11-22 12:10:48.
14:22:04.420 [main] WARN com.ruoyi.vqms.source.reader.SaveTimeGate -- 坏行共 1 行已跳过
14:22:04.420 [main] WARN com.ruoyi.vqms.source.reader.SaveTimeGate -- 坏 save_time 跳过: 2783-05-08
14:22:04.420 [main] WARN com.ruoyi.vqms.source.reader.SaveTimeGate -- 坏行共 1 行已跳过
14:22:04.421 [main] WARN com.ruoyi.vqms.source.reader.SaveTimeGate -- 坏 save_time 跳过: 290-01-16 10:36:50.548
14:22:04.421 [main] WARN com.ruoyi.vqms.source.reader.SaveTimeGate -- 坏行共 1 行已跳过
14:22:04.421 [main] WARN com.ruoyi.vqms.source.reader.SaveTimeGate -- 坏 save_time 跳过: 2060-07-28
14:22:04.421 [main] WARN com.ruoyi.vqms.source.reader.SaveTimeGate -- 坏行共 1 行已跳过
14:22:04.421 [main] WARN com.ruoyi.vqms.source.reader.SaveTimeGate -- 坏 save_time 跳过: 1600-01-01 00#00:00.000
14:22:04.421 [main] WARN com.ruoyi.vqms.source.reader.SaveTimeGate -- 坏行共 1 行已跳过
14:22:04.421 [main] WARN com.ruoyi.vqms.source.reader.SaveTimeGate -- 坏 save_time 跳过: 1600-01-01 00#00:00.000
14:22:04.421 [main] WARN com.ruoyi.vqms.source.reader.SaveTimeGate -- 坏行共 1 行已跳过
14:22:04.421 [main] WARN com.ruoyi.vqms.source.reader.SaveTimeGate -- 坏 save_time 跳过: 2324-12-15
14:22:04.421 [main] WARN com.ruoyi.vqms.source.reader.SaveTimeGate -- 坏行共 1 行已跳过
14:22:04.422 [main] WARN com.ruoyi.vqms.source.reader.SaveTimeGate -- 坏 save_time 跳过: 2588-04-16 15:17:33.431xyz
14:22:04.422 [main] WARN com.ruoyi.vqms.source.reader.SaveTimeGate -- 坏行共 1 行已跳过
14:22:04.422 [main] WARN com.ruoyi.vqms.source.reader.SaveTimeGate -- 坏 save_time 跳过: 1600-01-01 00#00:00.000
14:22:04.422 [main] WARN com.ruoyi.vqms.source.reader.SaveTimeGate -- 坏行共 1 行已跳过
14:22:04.422 [main] WARN com.ruoyi.vqms.source.reader.SaveTimeGate -- 坏 save_time 跳过: 1600-02-29 23:59:59.999xyz
14:22:04.422 [main] WARN com.ruoyi.vqms.source.reader.SaveTimeGate -- 坏行共 1 行已跳过
14:22:04.422 [main] WARN com.ruoyi.vqms.source.reader.SaveTimeGate -- 坏 save_time 跳过: 2967-06-01 02:16:55.
14:22:04.422 [main] WARN com.ruoyi.vqms.source.reader.SaveTimeGate -- 坏行共 1 行已跳过
14:22:04.423 [main] WARN com.ruoyi.vqms.source.reader.SaveTimeGate -- 坏 save_time 跳过: 2999-12-31 23:
14:22:04.423 [main] WARN com.ruoyi.vqms.source.reader.SaveTimeGate -- 坏行共 1 行已跳过
14:22:04.423 [main] WARN com.ruoyi.vqms.source.reader.SaveTimeGate -- 坏 save_time 跳过: 1912-10-26 17:53:12.853xyz
14:22:04.423 [main] WARN com.ruoyi.vqms.source.reader.SaveTimeGate -- 坏行共 1 行已跳过
14:22:04.423 [main] WARN com.ruoyi.vqms.source.reader.SaveTimeGate -- 坏 save_time 跳过: 2944-#2-30 20:34:27.970
14:22:04.423 [main] WARN com.ruoyi.vqms.source.reader.SaveTimeGate -- 坏行共 1 行已跳过
14:22:04.424 [main] WARN com.ruoyi.vqms.source.reader.SaveTimeGate -- 坏 save_time 跳过: 2788-04-19 23:28
14:22:04.424 [main] WARN com.ruoyi.vqms.source.reader.SaveTimeGate -- 坏行共 1 行已跳过
14:22:04.425 [main] WARN com.ruoyi.vqms.source.reader.SaveTimeGate -- 坏 save_time 跳过: 2007-07-21 05:32:36.537xyz
14:22:04.425 [main] WARN com.ruoyi.vqms.source.reader.SaveTimeGate -- 坏行共 1 行已跳过
14:22:04.425 [main] WARN com.ruoyi.vqms.source.reader.SaveTimeGate -- 坏 save_time 跳过: 2999-12-31 23:
14:22:04.425 [main] WARN com.ruoyi.vqms.source.reader.SaveTimeGate -- 坏行共 1 行已跳过
14:22:04.425 [main] WARN com.ruoyi.vqms.source.reader.SaveTimeGate -- 坏 save_time 跳过: 2417-08-22 20:27:39.8#9
14:22:04.425 [main] WARN com.ruoyi.vqms.source.reader.SaveTimeGate -- 坏行共 1 行已跳过
14:22:04.425 [main] WARN com.ruoyi.vqms.source.reader.SaveTimeGate -- 坏 save_time 跳过: 1600-01-01 00#00:00.000
14:22:04.425 [main] WARN com.ruoyi.vqms.source.reader.SaveTimeGate -- 坏行共 1 行已跳过
14:22:04.425 [main] WARN com.ruoyi.vqms.source.reader.SaveTimeGate -- 坏 save_time 跳过: 1762-10-17 10:35:47.617xyz
14:22:04.426 [main] WARN com.ruoyi.vqms.source.reader.SaveTimeGate -- 坏行共 1 行已跳过
14:22:04.426 [main] WARN com.ruoyi.vqms.source.reader.SaveTimeGate -- 坏 save_time 跳过: 2882-07-10 18
14:22:04.426 [main] WARN com.ruoyi.vqms.source.reader.SaveTimeGate -- 坏行共 1 行已跳过
14:22:04.426 [main] WARN com.ruoyi.vqms.source.reader.SaveTimeGate -- 坏 save_time 跳过: 2485-09-27 16:05:32.973xyz
14:22:04.426 [main] WARN com.ruoyi.vqms.source.reader.SaveTimeGate -- 坏行共 1 行已跳过
14:22:04.426 [main] WARN com.ruoyi.vqms.source.reader.SaveTimeGate -- 坏 save_time 跳过: 1600-02-29 23:59:59.999xyz
14:22:04.426 [main] WARN com.ruoyi.vqms.source.reader.SaveTimeGate -- 坏行共 1 行已跳过
14:22:04.426 [main] WARN com.ruoyi.vqms.source.reader.SaveTimeGate -- 坏 save_time 跳过: 2540-06-17 13:16:51.501xyz
14:22:04.426 [main] WARN com.ruoyi.vqms.source.reader.SaveTimeGate -- 坏行共 1 行已跳过
14:22:04.426 [main] WARN com.ruoyi.vqms.source.reader.SaveTimeGate -- 坏 save_time 跳过: 1#95-12-01 13:12:19.858
14:22:04.427 [main] WARN com.ruoyi.vqms.source.reader.SaveTimeGate -- 坏行共 1 行已跳过
14:22:04.427 [main] WARN com.ruoyi.vqms.source.reader.SaveTimeGate -- 坏 save_time 跳过: 1600-01-0# 23:59:59.999
14:22:04.427 [main] WARN com.ruoyi.vqms.source.reader.SaveTimeGate -- 坏行共 1 行已跳过
14:22:04.427 [main] WARN com.ruoyi.vqms.source.reader.SaveTimeGate -- 坏 save_time 跳过: 2169-03-18 19:45:21.352xyz
14:22:04.427 [main] WARN com.ruoyi.vqms.source.reader.SaveTimeGate -- 坏行共 1 行已跳过
14:22:04.427 [main] WARN com.ruoyi.vqms.source.reader.SaveTimeGate -- 坏 save_time 跳过: 2350-02-#9 04:35:59.259
14:22:04.427 [main] WARN com.ruoyi.vqms.source.reader.SaveTimeGate -- 坏行共 1 行已跳过
14:22:04.427 [main] WARN com.ruoyi.vqms.source.reader.SaveTimeGate -- 坏 save_time 跳过: 1846-05-#0 14:32:25.830
14:22:04.427 [main] WARN com.ruoyi.vqms.source.reader.SaveTimeGate -- 坏行共 1 行已跳过
14:22:04.428 [main] WARN com.ruoyi.vqms.source.reader.SaveTimeGate -- 坏 save_time 跳过: 1828-05-27 03:09:19.588xyz
14:22:04.428 [main] WARN com.ruoyi.vqms.source.reader.SaveTimeGate -- 坏行共 1 行已跳过
14:22:04.428 [main] WARN com.ruoyi.vqms.source.reader.SaveTimeGate -- 坏 save_time 跳过: 2329-03-09 14:5
14:22:04.428 [main] WARN com.ruoyi.vqms.source.reader.SaveTimeGate -- 坏行共 1 行已跳过
14:22:04.428 [main] WARN com.ruoyi.vqms.source.reader.SaveTimeGate -- 坏 save_time 跳过: 1701-12-05 19:0:29.168
14:22:04.428 [main] WARN com.ruoyi.vqms.source.reader.SaveTimeGate -- 坏行共 1 行已跳过
14:22:04.428 [main] WARN com.ruoyi.vqms.source.reader.SaveTimeGate -- 坏 save_time 跳过: 2746-02-11 00:42:52.999xyz
14:22:04.428 [main] WARN com.ruoyi.vqms.source.reader.SaveTimeGate -- 坏行共 1 行已跳过
14:22:04.429 [main] WARN com.ruoyi.vqms.source.reader.SaveTimeGate -- 坏 save_time 跳过: 1746-04-12 23:
14:22:04.429 [main] WARN com.ruoyi.vqms.source.reader.SaveTimeGate -- 坏行共 1 行已跳过
14:22:04.429 [main] WARN com.ruoyi.vqms.source.reader.SaveTimeGate -- 坏 save_time 跳过: 2868-02-14 19#37:34.768
14:22:04.429 [main] WARN com.ruoyi.vqms.source.reader.SaveTimeGate -- 坏行共 1 行已跳过
14:22:04.429 [main] WARN com.ruoyi.vqms.source.reader.SaveTimeGate -- 坏 save_time 跳过: 1707-05-30
14:22:04.429 [main] WARN com.ruoyi.vqms.source.reader.SaveTimeGate -- 坏行共 1 行已跳过
14:22:04.429 [main] WARN com.ruoyi.vqms.source.reader.SaveTimeGate -- 坏 save_time 跳过: 2625-01-23 1
14:22:04.429 [main] WARN com.ruoyi.vqms.source.reader.SaveTimeGate -- 坏行共 1 行已跳过
14:22:04.430 [main] WARN com.ruoyi.vqms.source.reader.SaveTimeGate -- 坏 save_time 跳过: 2427-01-31 0:03:24.863
14:22:04.430 [main] WARN com.ruoyi.vqms.source.reader.SaveTimeGate -- 坏行共 1 行已跳过
14:22:04.430 [main] WARN com.ruoyi.vqms.source.reader.SaveTimeGate -- 坏 save_time 跳过: 2616-04-10 1709:00.086
14:22:04.430 [main] WARN com.ruoyi.vqms.source.reader.SaveTimeGate -- 坏行共 1 行已跳过
14:22:04.430 [main] WARN com.ruoyi.vqms.source.reader.SaveTimeGate -- 坏 save_time 跳过: 26#4-11-10 16:02:02.966
14:22:04.430 [main] WARN com.ruoyi.vqms.source.reader.SaveTimeGate -- 坏行共 1 行已跳过
14:22:04.430 [main] WARN com.ruoyi.vqms.source.reader.SaveTimeGate -- 坏 save_time 跳过: 1600-02-29 23:59:59.999xyz
14:22:04.430 [main] WARN com.ruoyi.vqms.source.reader.SaveTimeGate -- 坏行共 1 行已跳过
14:22:04.431 [main] WARN com.ruoyi.vqms.source.reader.SaveTimeGate -- 坏 save_time 跳过: 2774-06-07 11:43:12.040xyz
14:22:04.431 [main] WARN com.ruoyi.vqms.source.reader.SaveTimeGate -- 坏行共 1 行已跳过
14:22:04.431 [main] WARN com.ruoyi.vqms.source.reader.SaveTimeGate -- 坏 save_time 跳过: 2755-11-03 18:13:19.15#
14:22:04.431 [main] WARN com.ruoyi.vqms.source.reader.SaveTimeGate -- 坏行共 1 行已跳过
14:22:04.431 [main] WARN com.ruoyi.vqms.source.reader.SaveTimeGate -- 坏 save_time 跳过: 2048-07-17 15:
14:22:04.431 [main] WARN com.ruoyi.vqms.source.reader.SaveTimeGate -- 坏行共 1 行已跳过
14:22:04.431 [main] WARN com.ruoyi.vqms.source.reader.SaveTimeGate -- 坏 save_time 跳过: 1600-01-01 00#00:00.000
14:22:04.431 [main] WARN com.ruoyi.vqms.source.reader.SaveTimeGate -- 坏行共 1 行已跳过
14:22:04.431 [main] WARN com.ruoyi.vqms.source.reader.SaveTimeGate -- 坏 save_time 跳过: 1600-02-29#00:00:00.000
14:22:04.432 [main] WARN com.ruoyi.vqms.source.reader.SaveTimeGate -- 坏行共 1 行已跳过
14:22:04.432 [main] WARN com.ruoyi.vqms.source.reader.SaveTimeGate -- 坏 save_time 跳过: 2169-11-27
14:22:04.432 [main] WARN com.ruoyi.vqms.source.reader.SaveTimeGate -- 坏行共 1 行已跳过
14:22:04.432 [main] WARN com.ruoyi.vqms.source.reader.SaveTimeGate -- 坏 save_time 跳过: 1600-01-0# 23:59:59.999
14:22:04.432 [main] WARN com.ruoyi.vqms.source.reader.SaveTimeGate -- 坏行共 1 行已跳过
14:22:04.432 [main] WARN com.ruoyi.vqms.source.reader.SaveTimeGate -- 坏 save_time 跳过: 436-09-26 01:15:24.009
14:22:04.432 [main] WARN com.ruoyi.vqms.source.reader.SaveTimeGate -- 坏行共 1 行已跳过
14:22:04.433 [main] WARN com.ruoyi.vqms.source.reader.SaveTimeGate -- 坏 save_time 跳过: 222#-08-06 12:01:34.323
14:22:04.433 [main] WARN com.ruoyi.vqms.source.reader.SaveTimeGate -- 坏行共 1 行已跳过
14:22:04.433 [main] WARN com.ruoyi.vqms.source.reader.SaveTimeGate -- 坏 save_time 跳过: 2575-05-07 17:56:43.200xyz
14:22:04.433 [main] WARN com.ruoyi.vqms.source.reader.SaveTimeGate -- 坏行共 1 行已跳过
14:22:04.433 [main] WARN com.ruoyi.vqms.source.reader.SaveTimeGate -- 坏 save_time 跳过: 2712-09-29 18:4
14:22:04.433 [main] WARN com.ruoyi.vqms.source.reader.SaveTimeGate -- 坏行共 1 行已跳过
14:22:04.434 [main] WARN com.ruoyi.vqms.source.reader.SaveTimeGate -- 坏 save_time 跳过: 2977-0930 18:45:17.396
14:22:04.434 [main] WARN com.ruoyi.vqms.source.reader.SaveTimeGate -- 坏行共 1 行已跳过
14:22:04.434 [main] WARN com.ruoyi.vqms.source.reader.SaveTimeGate -- 坏 save_time 跳过: 1600-01-01 00#00:00.000
14:22:04.434 [main] WARN com.ruoyi.vqms.source.reader.SaveTimeGate -- 坏行共 1 行已跳过
14:22:04.434 [main] WARN com.ruoyi.vqms.source.reader.SaveTimeGate -- 坏 save_time 跳过: 230312-15 05:15:00.892
14:22:04.434 [main] WARN com.ruoyi.vqms.source.reader.SaveTimeGate -- 坏行共 1 行已跳过
14:22:04.434 [main] WARN com.ruoyi.vqms.source.reader.SaveTimeGate -- 坏 save_time 跳过: 2562-11-22 09:34:52.460xyz
14:22:04.434 [main] WARN com.ruoyi.vqms.source.reader.SaveTimeGate -- 坏行共 1 行已跳过
14:22:04.434 [main] WARN com.ruoyi.vqms.source.reader.SaveTimeGate -- 坏 save_time 跳过: 1600-01-01 00#00:00.000
14:22:04.434 [main] WARN com.ruoyi.vqms.source.reader.SaveTimeGate -- 坏行共 1 行已跳过
14:22:04.434 [main] WARN com.ruoyi.vqms.source.reader.SaveTimeGate -- 坏 save_time 跳过: 1600-01-01 00#00:00.000
14:22:04.434 [main] WARN com.ruoyi.vqms.source.reader.SaveTimeGate -- 坏行共 1 行已跳过
14:22:04.435 [main] WARN com.ruoyi.vqms.source.reader.SaveTimeGate -- 坏 save_time 跳过: 2686-11-26 16:52:#1.913
14:22:04.435 [main] WARN com.ruoyi.vqms.source.reader.SaveTimeGate -- 坏行共 1 行已跳过
14:22:04.435 [main] WARN com.ruoyi.vqms.source.reader.SaveTimeGate -- 坏 save_time 跳过: 1812-03-10 15:00:50.604xyz
14:22:04.435 [main] WARN com.ruoyi.vqms.source.reader.SaveTimeGate -- 坏行共 1 行已跳过
14:22:04.435 [main] WARN com.ruoyi.vqms.source.reader.SaveTimeGate -- 坏 save_time 跳过: 1845-10-7 09:41:16.967
14:22:04.435 [main] WARN com.ruoyi.vqms.source.reader.SaveTimeGate -- 坏行共 1 行已跳过
14:22:04.436 [main] WARN com.ruoyi.vqms.source.reader.SaveTimeGate -- 坏 save_time 跳过: 2278-08-15 23:52:47.939xyz
14:22:04.436 [main] WARN com.ruoyi.vqms.source.reader.SaveTimeGate -- 坏行共 1 行已跳过
14:22:04.436 [main] WARN com.ruoyi.vqms.source.reader.SaveTimeGate -- 坏 save_time 跳过: 2561-03-22 22:35:29.212xyz
14:22:04.436 [main] WARN com.ruoyi.vqms.source.reader.SaveTimeGate -- 坏行共 1 行已跳过
14:22:04.436 [main] WARN com.ruoyi.vqms.source.reader.SaveTimeGate -- 坏 save_time 跳过: 2988-11-27 11:00:34.198xyz
14:22:04.436 [main] WARN com.ruoyi.vqms.source.reader.SaveTimeGate -- 坏行共 1 行已跳过
14:22:04.437 [main] WARN com.ruoyi.vqms.source.reader.SaveTimeGate -- 坏 save_time 跳过: 2413-12-12 16:08:28.74#
14:22:04.437 [main] WARN com.ruoyi.vqms.source.reader.SaveTimeGate -- 坏行共 1 行已跳过
14:22:04.437 [main] WARN com.ruoyi.vqms.source.reader.SaveTimeGate -- 坏 save_time 跳过: 2687-04-#3 19:59:05.003
14:22:04.437 [main] WARN com.ruoyi.vqms.source.reader.SaveTimeGate -- 坏行共 1 行已跳过
14:22:04.437 [main] WARN com.ruoyi.vqms.source.reader.SaveTimeGate -- 坏 save_time 跳过: 2409-11-18 00:00:
14:22:04.437 [main] WARN com.ruoyi.vqms.source.reader.SaveTimeGate -- 坏行共 1 行已跳过
14:22:04.437 [main] WARN com.ruoyi.vqms.source.reader.SaveTimeGate -- 坏 save_time 跳过: 1600-01-0# 23:59:59.999
14:22:04.437 [main] WARN com.ruoyi.vqms.source.reader.SaveTimeGate -- 坏行共 1 行已跳过
14:22:04.438 [main] WARN com.ruoyi.vqms.source.reader.SaveTimeGate -- 坏 save_time 跳过: 1881-#7-06 23:37:04.485
14:22:04.438 [main] WARN com.ruoyi.vqms.source.reader.SaveTimeGate -- 坏行共 1 行已跳过
14:22:04.438 [main] WARN com.ruoyi.vqms.source.reader.SaveTimeGate -- 坏 save_time 跳过: 1600-01-01 00#00:00.000
14:22:04.438 [main] WARN com.ruoyi.vqms.source.reader.SaveTimeGate -- 坏行共 1 行已跳过
14:22:04.438 [main] WARN com.ruoyi.vqms.source.reader.SaveTimeGate -- 坏 save_time 跳过: 1701-12-25 05:59:27.657xyz
14:22:04.438 [main] WARN com.ruoyi.vqms.source.reader.SaveTimeGate -- 坏行共 1 行已跳过
14:22:04.439 [main] WARN com.ruoyi.vqms.source.reader.SaveTimeGate -- 坏 save_time 跳过: 26#3-02-23 06:21:57.425
14:22:04.439 [main] WARN com.ruoyi.vqms.source.reader.SaveTimeGate -- 坏行共 1 行已跳过
14:22:04.439 [main] WARN com.ruoyi.vqms.source.reader.SaveTimeGate -- 坏 save_time 跳过: 2253-01-06 05:45:56.332xyz
14:22:04.439 [main] WARN com.ruoyi.vqms.source.reader.SaveTimeGate -- 坏行共 1 行已跳过
14:22:04.439 [main] WARN com.ruoyi.vqms.source.reader.SaveTimeGate -- 坏 save_time 跳过: 2542-05-07
14:22:04.439 [main] WARN com.ruoyi.vqms.source.reader.SaveTimeGate -- 坏行共 1 行已跳过
14:22:04.439 [main] WARN com.ruoyi.vqms.source.reader.SaveTimeGate -- 坏 save_time 跳过: 2624-02-22 16:4119.642
14:22:04.439 [main] WARN com.ruoyi.vqms.source.reader.SaveTimeGate -- 坏行共 1 行已跳过
14:22:04.440 [main] WARN com.ruoyi.vqms.source.reader.SaveTimeGate -- 坏 save_time 跳过: 1817-10-30 07:30:44.922xyz
14:22:04.440 [main] WARN com.ruoyi.vqms.source.reader.SaveTimeGate -- 坏行共 1 行已跳过
14:22:04.440 [main] WARN com.ruoyi.vqms.source.reader.SaveTimeGate -- 坏 save_time 跳过: 288-05-28 22:19:05.774
14:22:04.440 [main] WARN com.ruoyi.vqms.source.reader.SaveTimeGate -- 坏行共 1 行已跳过
14:22:04.440 [main] WARN com.ruoyi.vqms.source.reader.SaveTimeGate -- 坏 save_time 跳过: 1600-01-01 00#00:00.000
14:22:04.440 [main] WARN com.ruoyi.vqms.source.reader.SaveTimeGate -- 坏行共 1 行已跳过
14:22:04.440 [main] WARN com.ruoyi.vqms.source.reader.SaveTimeGate -- 坏 save_time 跳过: 2860-12-24 23:50:16858
14:22:04.440 [main] WARN com.ruoyi.vqms.source.reader.SaveTimeGate -- 坏行共 1 行已跳过
14:22:04.441 [main] WARN com.ruoyi.vqms.source.reader.SaveTimeGate -- 坏 save_time 跳过: 2744-02-10 03:50:05#687
14:22:04.441 [main] WARN com.ruoyi.vqms.source.reader.SaveTimeGate -- 坏行共 1 行已跳过
14:22:04.441 [main] WARN com.ruoyi.vqms.source.reader.SaveTimeGate -- 坏 save_time 跳过: 2328-06-19 1#:40:57.864
14:22:04.441 [main] WARN com.ruoyi.vqms.source.reader.SaveTimeGate -- 坏行共 1 行已跳过
14:22:04.441 [main] WARN com.ruoyi.vqms.source.reader.SaveTimeGate -- 坏 save_time 跳过: 1600-01-01 00#00:00.000
14:22:04.441 [main] WARN com.ruoyi.vqms.source.reader.SaveTimeGate -- 坏行共 1 行已跳过
14:22:04.441 [main] WARN com.ruoyi.vqms.source.reader.SaveTimeGate -- 坏 save_time 跳过: 1600-01-01 00#00:00.000
14:22:04.441 [main] WARN com.ruoyi.vqms.source.reader.SaveTimeGate -- 坏行共 1 行已跳过
14:22:04.441 [main] WARN com.ruoyi.vqms.source.reader.SaveTimeGate -- 坏 save_time 跳过: 1600-01-01 00#00:00.000
14:22:04.441 [main] WARN com.ruoyi.vqms.source.reader.SaveTimeGate -- 坏行共 1 行已跳过
14:22:04.442 [main] WARN com.ruoyi.vqms.source.reader.SaveTimeGate -- 坏 save_time 跳过: 2747-11-20#17:38:33.369
14:22:04.442 [main] WARN com.ruoyi.vqms.source.reader.SaveTimeGate -- 坏行共 1 行已跳过
14:22:04.442 [main] WARN com.ruoyi.vqms.source.reader.SaveTimeGate -- 坏 save_time 跳过: 1600-01-01 00#00:00.000
14:22:04.442 [main] WARN com.ruoyi.vqms.source.reader.SaveTimeGate -- 坏行共 1 行已跳过
14:22:04.442 [main] WARN com.ruoyi.vqms.source.reader.SaveTimeGate -- 坏 save_time 跳过: 2296-04-28 08:40:19.489xyz
14:22:04.442 [main] WARN com.ruoyi.vqms.source.reader.SaveTimeGate -- 坏行共 1 行已跳过
14:22:04.442 [main] WARN com.ruoyi.vqms.source.reader.SaveTimeGate -- 坏 save_time 跳过: 2536-12-31 07:29:48.929xyz
14:22:04.442 [main] WARN com.ruoyi.vqms.source.reader.SaveTimeGate -- 坏行共 1 行已跳过
14:22:04.443 [main] WARN com.ruoyi.vqms.source.reader.SaveTimeGate -- 坏 save_time 跳过: 2741-09-25 0
14:22:04.443 [main] WARN com.ruoyi.vqms.source.reader.SaveTimeGate -- 坏行共 1 行已跳过
14:22:04.443 [main] WARN com.ruoyi.vqms.source.reader.SaveTimeGate -- 坏 save_time 跳过: 2005-11-07 02:02:37.728xyz
14:22:04.443 [main] WARN com.ruoyi.vqms.source.reader.SaveTimeGate -- 坏行共 1 行已跳过
14:22:04.443 [main] WARN com.ruoyi.vqms.source.reader.SaveTimeGate -- 坏 save_time 跳过: 1772-11-19 11:10:22.875xyz
14:22:04.443 [main] WARN com.ruoyi.vqms.source.reader.SaveTimeGate -- 坏行共 1 行已跳过
14:22:04.444 [main] WARN com.ruoyi.vqms.source.reader.SaveTimeGate -- 坏 save_time 跳过: 2321-06-0 01:39:41.572
14:22:04.444 [main] WARN com.ruoyi.vqms.source.reader.SaveTimeGate -- 坏行共 1 行已跳过
14:22:04.444 [main] WARN com.ruoyi.vqms.source.reader.SaveTimeGate -- 坏 save_time 跳过: 2873-06-25 16:#6:27.277
14:22:04.444 [main] WARN com.ruoyi.vqms.source.reader.SaveTimeGate -- 坏行共 1 行已跳过
14:22:04.444 [main] WARN com.ruoyi.vqms.source.reader.SaveTimeGate -- 坏 save_time 跳过: 2492-06-07 12:26:46.802xyz
14:22:04.444 [main] WARN com.ruoyi.vqms.source.reader.SaveTimeGate -- 坏行共 1 行已跳过
14:22:04.444 [main] WARN com.ruoyi.vqms.source.reader.SaveTimeGate -- 坏 save_time 跳过: #132-03-01 00:01:41.723
14:22:04.444 [main] WARN com.ruoyi.vqms.source.reader.SaveTimeGate -- 坏行共 1 行已跳过
14:22:04.444 [main] WARN com.ruoyi.vqms.source.reader.SaveTimeGate -- 坏 save_time 跳过: 1600-01-01 00#00:00.000
14:22:04.444 [main] WARN com.ruoyi.vqms.source.reader.SaveTimeGate -- 坏行共 1 行已跳过
14:22:04.444 [main] WARN com.ruoyi.vqms.source.reader.SaveTimeGate -- 坏 save_time 跳过: 2945-02-10 04
14:22:04.444 [main] WARN com.ruoyi.vqms.source.reader.SaveTimeGate -- 坏行共 1 行已跳过
14:22:04.446 [main] WARN com.ruoyi.vqms.source.reader.SaveTimeGate -- 坏 save_time 跳过: 2852-06#27 16:27:33.625
14:22:04.446 [main] WARN com.ruoyi.vqms.source.reader.SaveTimeGate -- 坏行共 1 行已跳过
14:22:04.446 [main] WARN com.ruoyi.vqms.source.reader.SaveTimeGate -- 坏 save_time 跳过: 2425-02-20 
14:22:04.446 [main] WARN com.ruoyi.vqms.source.reader.SaveTimeGate -- 坏行共 1 行已跳过
14:22:04.446 [main] WARN com.ruoyi.vqms.source.reader.SaveTimeGate -- 坏 save_time 跳过: 2308-05-17 21:13:06.30#
14:22:04.446 [main] WARN com.ruoyi.vqms.source.reader.SaveTimeGate -- 坏行共 1 行已跳过
14:22:04.446 [main] WARN com.ruoyi.vqms.source.reader.SaveTimeGate -- 坏 save_time 跳过: 1600-01-01 00#00:00.000
14:22:04.446 [main] WARN com.ruoyi.vqms.source.reader.SaveTimeGate -- 坏行共 1 行已跳过
14:22:04.447 [main] WARN com.ruoyi.vqms.source.reader.SaveTimeGate -- 坏 save_time 跳过: 2948-04-10 11:41:43#303
14:22:04.447 [main] WARN com.ruoyi.vqms.source.reader.SaveTimeGate -- 坏行共 1 行已跳过
14:22:04.447 [main] WARN com.ruoyi.vqms.source.reader.SaveTimeGate -- 坏 save_time 跳过: 2942-03-08 15:4#:27.282
14:22:04.447 [main] WARN com.ruoyi.vqms.source.reader.SaveTimeGate -- 坏行共 1 行已跳过
14:22:04.447 [main] WARN com.ruoyi.vqms.source.reader.SaveTimeGate -- 坏 save_time 跳过: 1600-01-01 00#00:00.000
14:22:04.447 [main] WARN com.ruoyi.vqms.source.reader.SaveTimeGate -- 坏行共 1 行已跳过
14:22:04.448 [main] WARN com.ruoyi.vqms.source.reader.SaveTimeGate -- 坏 save_time 跳过: 2566-06-18 11:57:32.910xyz
14:22:04.448 [main] WARN com.ruoyi.vqms.source.reader.SaveTimeGate -- 坏行共 1 行已跳过
14:22:04.448 [main] WARN com.ruoyi.vqms.source.reader.SaveTimeGate -- 坏 save_time 跳过: 2054-10-04 16:34:#7.411
14:22:04.448 [main] WARN com.ruoyi.vqms.source.reader.SaveTimeGate -- 坏行共 1 行已跳过
14:22:04.448 [main] WARN com.ruoyi.vqms.source.reader.SaveTimeGate -- 坏 save_time 跳过: 2354-04-14 19:5:28.213
14:22:04.448 [main] WARN com.ruoyi.vqms.source.reader.SaveTimeGate -- 坏行共 1 行已跳过
14:22:04.448 [main] WARN com.ruoyi.vqms.source.reader.SaveTimeGate -- 坏 save_time 跳过: 171607-04 03:09:57.746
14:22:04.448 [main] WARN com.ruoyi.vqms.source.reader.SaveTimeGate -- 坏行共 1 行已跳过
14:22:04.449 [main] WARN com.ruoyi.vqms.source.reader.SaveTimeGate -- 坏 save_time 跳过: 2055-09-18 2047:29.442
14:22:04.449 [main] WARN com.ruoyi.vqms.source.reader.SaveTimeGate -- 坏行共 1 行已跳过
14:22:04.449 [main] WARN com.ruoyi.vqms.source.reader.SaveTimeGate -- 坏 save_time 跳过: 2330-05-19 14:52
14:22:04.449 [main] WARN com.ruoyi.vqms.source.reader.SaveTimeGate -- 坏行共 1 行已跳过
14:22:04.450 [main] WARN com.ruoyi.vqms.source.reader.SaveTimeGate -- 坏 save_time 跳过: 1633-05-24 15:10:09.215xyz
14:22:04.450 [main] WARN com.ruoyi.vqms.source.reader.SaveTimeGate -- 坏行共 1 行已跳过
14:22:04.451 [main] WARN com.ruoyi.vqms.source.reader.SaveTimeGate -- 坏 save_time 跳过: 1910-#6-25 06:02:29.280
14:22:04.451 [main] WARN com.ruoyi.vqms.source.reader.SaveTimeGate -- 坏行共 1 行已跳过
14:22:04.451 [main] WARN com.ruoyi.vqms.source.reader.SaveTimeGate -- 坏 save_time 跳过: 1716-02-26 13:42:19.094xyz
14:22:04.451 [main] WARN com.ruoyi.vqms.source.reader.SaveTimeGate -- 坏行共 1 行已跳过
14:22:04.451 [main] WARN com.ruoyi.vqms.source.reader.SaveTimeGate -- 坏 save_time 跳过: 203-06-07 00:58:53.543
14:22:04.451 [main] WARN com.ruoyi.vqms.source.reader.SaveTimeGate -- 坏行共 1 行已跳过
14:22:04.451 [main] WARN com.ruoyi.vqms.source.reader.SaveTimeGate -- 坏 save_time 跳过: 1600-02-29#00:00:00.000
14:22:04.451 [main] WARN com.ruoyi.vqms.source.reader.SaveTimeGate -- 坏行共 1 行已跳过
14:22:04.452 [main] WARN com.ruoyi.vqms.source.reader.SaveTimeGate -- 坏 save_time 跳过: 2827-11-12
14:22:04.452 [main] WARN com.ruoyi.vqms.source.reader.SaveTimeGate -- 坏行共 1 行已跳过
14:22:04.452 [main] WARN com.ruoyi.vqms.source.reader.SaveTimeGate -- 坏 save_time 跳过: 180#-05-18 22:30:33.699
14:22:04.452 [main] WARN com.ruoyi.vqms.source.reader.SaveTimeGate -- 坏行共 1 行已跳过
14:22:04.453 [main] WARN com.ruoyi.vqms.source.reader.SaveTimeGate -- 坏 save_time 跳过: 1600-02-29 23:59:59.999xyz
14:22:04.453 [main] WARN com.ruoyi.vqms.source.reader.SaveTimeGate -- 坏行共 1 行已跳过
14:22:04.453 [main] WARN com.ruoyi.vqms.source.reader.SaveTimeGate -- 坏 save_time 跳过: 2092-08-03 15:36:55.011xyz
14:22:04.453 [main] WARN com.ruoyi.vqms.source.reader.SaveTimeGate -- 坏行共 1 行已跳过
14:22:04.453 [main] WARN com.ruoyi.vqms.source.reader.SaveTimeGate -- 坏 save_time 跳过: 1600-01-01 00#00:00.000
14:22:04.453 [main] WARN com.ruoyi.vqms.source.reader.SaveTimeGate -- 坏行共 1 行已跳过
14:22:04.454 [main] WARN com.ruoyi.vqms.source.reader.SaveTimeGate -- 坏 save_time 跳过: 1972-03-25
14:22:04.454 [main] WARN com.ruoyi.vqms.source.reader.SaveTimeGate -- 坏行共 1 行已跳过
14:22:04.454 [main] WARN com.ruoyi.vqms.source.reader.SaveTimeGate -- 坏 save_time 跳过: 2#81-08-30 12:33:27.124
14:22:04.454 [main] WARN com.ruoyi.vqms.source.reader.SaveTimeGate -- 坏行共 1 行已跳过
14:22:04.454 [main] WARN com.ruoyi.vqms.source.reader.SaveTimeGate -- 坏 save_time 跳过: 1787-05-29
14:22:04.454 [main] WARN com.ruoyi.vqms.source.reader.SaveTimeGate -- 坏行共 1 行已跳过
14:22:04.455 [main] WARN com.ruoyi.vqms.source.reader.SaveTimeGate -- 坏 save_time 跳过: 1670-02-28 14:0#:57.508
14:22:04.455 [main] WARN com.ruoyi.vqms.source.reader.SaveTimeGate -- 坏行共 1 行已跳过
14:22:04.455 [main] WARN com.ruoyi.vqms.source.reader.SaveTimeGate -- 坏 save_time 跳过: 2998-05-14 00:09:34.551xyz
14:22:04.455 [main] WARN com.ruoyi.vqms.source.reader.SaveTimeGate -- 坏行共 1 行已跳过
14:22:04.455 [main] WARN com.ruoyi.vqms.source.reader.SaveTimeGate -- 坏 save_time 跳过: 1680-10-01 19:3#:37.199
14:22:04.455 [main] WARN com.ruoyi.vqms.source.reader.SaveTimeGate -- 坏行共 1 行已跳过
14:22:04.456 [main] WARN com.ruoyi.vqms.source.reader.SaveTimeGate -- 坏 save_time 跳过: 2127-09-02
14:22:04.456 [main] WARN com.ruoyi.vqms.source.reader.SaveTimeGate -- 坏行共 1 行已跳过
14:22:04.456 [main] WARN com.ruoyi.vqms.source.reader.SaveTimeGate -- 坏 save_time 跳过: 2047-11-30 0#:01:42.034
14:22:04.456 [main] WARN com.ruoyi.vqms.source.reader.SaveTimeGate -- 坏行共 1 行已跳过
14:22:04.456 [main] WARN com.ruoyi.vqms.source.reader.SaveTimeGate -- 坏 save_time 跳过: 2547-12-06 20:48:46.782xyz
14:22:04.456 [main] WARN com.ruoyi.vqms.source.reader.SaveTimeGate -- 坏行共 1 行已跳过
14:22:04.457 [main] WARN com.ruoyi.vqms.source.reader.SaveTimeGate -- 坏 save_time 跳过: 1703-06-27 22:58:47.508xyz
14:22:04.457 [main] WARN com.ruoyi.vqms.source.reader.SaveTimeGate -- 坏行共 1 行已跳过
14:22:04.457 [main] WARN com.ruoyi.vqms.source.reader.SaveTimeGate -- 坏 save_time 跳过: 1876-11-12 16:17:36.912xyz
14:22:04.457 [main] WARN com.ruoyi.vqms.source.reader.SaveTimeGate -- 坏行共 1 行已跳过
14:22:04.457 [main] WARN com.ruoyi.vqms.source.reader.SaveTimeGate -- 坏 save_time 跳过: 2093-11-22 1
14:22:04.457 [main] WARN com.ruoyi.vqms.source.reader.SaveTimeGate -- 坏行共 1 行已跳过
14:22:04.458 [main] WARN com.ruoyi.vqms.source.reader.SaveTimeGate -- 坏 save_time 跳过: 2172-03-09 23:55:38.69#
14:22:04.458 [main] WARN com.ruoyi.vqms.source.reader.SaveTimeGate -- 坏行共 1 行已跳过
14:22:04.458 [main] WARN com.ruoyi.vqms.source.reader.SaveTimeGate -- 坏 save_time 跳过: 2908-04-29 10:02:11.708xyz
14:22:04.458 [main] WARN com.ruoyi.vqms.source.reader.SaveTimeGate -- 坏行共 1 行已跳过
14:22:04.458 [main] WARN com.ruoyi.vqms.source.reader.SaveTimeGate -- 坏 save_time 跳过: 1600-01-01 00#00:00.000
14:22:04.458 [main] WARN com.ruoyi.vqms.source.reader.SaveTimeGate -- 坏行共 1 行已跳过
14:22:04.458 [main] WARN com.ruoyi.vqms.source.reader.SaveTimeGate -- 坏 save_time 跳过: 2451-11-26 13:26#33.589
14:22:04.458 [main] WARN com.ruoyi.vqms.source.reader.SaveTimeGate -- 坏行共 1 行已跳过
14:22:04.458 [main] WARN com.ruoyi.vqms.source.reader.SaveTimeGate -- 坏 save_time 跳过: 2923-12-19 11:2016.843
14:22:04.459 [main] WARN com.ruoyi.vqms.source.reader.SaveTimeGate -- 坏行共 1 行已跳过
14:22:04.459 [main] WARN com.ruoyi.vqms.source.reader.SaveTimeGate -- 坏 save_time 跳过: 2671-1-09 02:30:31.926
14:22:04.459 [main] WARN com.ruoyi.vqms.source.reader.SaveTimeGate -- 坏行共 1 行已跳过
14:22:04.459 [main] WARN com.ruoyi.vqms.source.reader.SaveTimeGate -- 坏 save_time 跳过: 1600-01-01 00#00:00.000
14:22:04.459 [main] WARN com.ruoyi.vqms.source.reader.SaveTimeGate -- 坏行共 1 行已跳过
14:22:04.459 [main] WARN com.ruoyi.vqms.source.reader.SaveTimeGate -- 坏 save_time 跳过: 2302-11-17
14:22:04.459 [main] WARN com.ruoyi.vqms.source.reader.SaveTimeGate -- 坏行共 1 行已跳过
14:22:04.459 [main] WARN com.ruoyi.vqms.source.reader.SaveTimeGate -- 坏 save_time 跳过: 1699-03-06 14:44:10.741xyz
14:22:04.459 [main] WARN com.ruoyi.vqms.source.reader.SaveTimeGate -- 坏行共 1 行已跳过
14:22:04.460 [main] WARN com.ruoyi.vqms.source.reader.SaveTimeGate -- 坏 save_time 跳过: 1605-07-30 11:14:2
14:22:04.460 [main] WARN com.ruoyi.vqms.source.reader.SaveTimeGate -- 坏行共 1 行已跳过
14:22:04.460 [main] WARN com.ruoyi.vqms.source.reader.SaveTimeGate -- 坏 save_time 跳过: 2531-09-19
14:22:04.460 [main] WARN com.ruoyi.vqms.source.reader.SaveTimeGate -- 坏行共 1 行已跳过
14:22:04.460 [main] WARN com.ruoyi.vqms.source.reader.SaveTimeGate -- 坏 save_time 跳过: 2915-07-24 20:40:2
14:22:04.460 [main] WARN com.ruoyi.vqms.source.reader.SaveTimeGate -- 坏行共 1 行已跳过
14:22:04.461 [main] WARN com.ruoyi.vqms.source.reader.SaveTimeGate -- 坏 save_time 跳过: 2505-02-04 22:01:12.592xyz
14:22:04.461 [main] WARN com.ruoyi.vqms.source.reader.SaveTimeGate -- 坏行共 1 行已跳过
14:22:04.461 [main] WARN com.ruoyi.vqms.source.reader.SaveTimeGate -- 坏 save_time 跳过: 1600-01-01 00#00:00.000
14:22:04.461 [main] WARN com.ruoyi.vqms.source.reader.SaveTimeGate -- 坏行共 1 行已跳过
14:22:04.461 [main] WARN com.ruoyi.vqms.source.reader.SaveTimeGate -- 坏 save_time 跳过: 2563-07-29 14:03:30.3#3
14:22:04.461 [main] WARN com.ruoyi.vqms.source.reader.SaveTimeGate -- 坏行共 1 行已跳过
14:22:04.461 [main] WARN com.ruoyi.vqms.source.reader.SaveTimeGate -- 坏 save_time 跳过: 1600-01-01 00#00:00.000
14:22:04.461 [main] WARN com.ruoyi.vqms.source.reader.SaveTimeGate -- 坏行共 1 行已跳过
14:22:04.461 [main] WARN com.ruoyi.vqms.source.reader.SaveTimeGate -- 坏 save_time 跳过: 2132-12-23
14:22:04.461 [main] WARN com.ruoyi.vqms.source.reader.SaveTimeGate -- 坏行共 1 行已跳过
14:22:04.462 [main] WARN com.ruoyi.vqms.source.reader.SaveTimeGate -- 坏 save_time 跳过: 282-06-15 04:11:19.484
14:22:04.462 [main] WARN com.ruoyi.vqms.source.reader.SaveTimeGate -- 坏行共 1 行已跳过
14:22:04.462 [main] WARN com.ruoyi.vqms.source.reader.SaveTimeGate -- 坏 save_time 跳过: 1600-01-01 00#00:00.000
14:22:04.463 [main] WARN com.ruoyi.vqms.source.reader.SaveTimeGate -- 坏行共 1 行已跳过
14:22:04.463 [main] WARN com.ruoyi.vqms.source.reader.SaveTimeGate -- 坏 save_time 跳过: 2977-03-05 10:55:6.132
14:22:04.463 [main] WARN com.ruoyi.vqms.source.reader.SaveTimeGate -- 坏行共 1 行已跳过
14:22:04.463 [main] WARN com.ruoyi.vqms.source.reader.SaveTimeGate -- 坏 save_time 跳过: 2491-0918 21:29:11.939
14:22:04.464 [main] WARN com.ruoyi.vqms.source.reader.SaveTimeGate -- 坏行共 1 行已跳过
14:22:04.464 [main] WARN com.ruoyi.vqms.source.reader.SaveTimeGate -- 坏 save_time 跳过: 2327-04-02 15:24:32.#63
14:22:04.464 [main] WARN com.ruoyi.vqms.source.reader.SaveTimeGate -- 坏行共 1 行已跳过
14:22:04.464 [main] WARN com.ruoyi.vqms.source.reader.SaveTimeGate -- 坏 save_time 跳过: 1823-0#-02 13:17:40.457
14:22:04.464 [main] WARN com.ruoyi.vqms.source.reader.SaveTimeGate -- 坏行共 1 行已跳过
14:22:04.464 [main] WARN com.ruoyi.vqms.source.reader.SaveTimeGate -- 坏 save_time 跳过: 2819-02-03 1:27:09.671
14:22:04.464 [main] WARN com.ruoyi.vqms.source.reader.SaveTimeGate -- 坏行共 1 行已跳过
14:22:04.465 [main] WARN com.ruoyi.vqms.source.reader.SaveTimeGate -- 坏 save_time 跳过: 1#69-11-29 04:25:38.085
14:22:04.465 [main] WARN com.ruoyi.vqms.source.reader.SaveTimeGate -- 坏行共 1 行已跳过
14:22:04.465 [main] WARN com.ruoyi.vqms.source.reader.SaveTimeGate -- 坏 save_time 跳过: 2949-07-19
14:22:04.465 [main] WARN com.ruoyi.vqms.source.reader.SaveTimeGate -- 坏行共 1 行已跳过
14:22:04.465 [main] WARN com.ruoyi.vqms.source.reader.SaveTimeGate -- 坏 save_time 跳过: 2350-09-13 11:49:44#935
14:22:04.465 [main] WARN com.ruoyi.vqms.source.reader.SaveTimeGate -- 坏行共 1 行已跳过
14:22:04.465 [main] WARN com.ruoyi.vqms.source.reader.SaveTimeGate -- 坏 save_time 跳过: 2088-03-15 12:27:26.2#7
14:22:04.465 [main] WARN com.ruoyi.vqms.source.reader.SaveTimeGate -- 坏行共 1 行已跳过
14:22:04.466 [main] WARN com.ruoyi.vqms.source.reader.SaveTimeGate -- 坏 save_time 跳过: 2564-07-24 20:29:02#053
14:22:04.466 [main] WARN com.ruoyi.vqms.source.reader.SaveTimeGate -- 坏行共 1 行已跳过
14:22:04.466 [main] WARN com.ruoyi.vqms.source.reader.SaveTimeGate -- 坏 save_time 跳过: 1600-01-01 00#00:00.000
14:22:04.466 [main] WARN com.ruoyi.vqms.source.reader.SaveTimeGate -- 坏行共 1 行已跳过
14:22:04.466 [main] WARN com.ruoyi.vqms.source.reader.SaveTimeGate -- 坏 save_time 跳过: 2306-07-26 05:48:29.418xyz
14:22:04.466 [main] WARN com.ruoyi.vqms.source.reader.SaveTimeGate -- 坏行共 1 行已跳过
14:22:04.466 [main] WARN com.ruoyi.vqms.source.reader.SaveTimeGate -- 坏 save_time 跳过: 2773-10-05 06
14:22:04.466 [main] WARN com.ruoyi.vqms.source.reader.SaveTimeGate -- 坏行共 1 行已跳过
14:22:04.466 [main] WARN com.ruoyi.vqms.source.reader.SaveTimeGate -- 坏 save_time 跳过: 1600-01-01 00#00:00.000
14:22:04.466 [main] WARN com.ruoyi.vqms.source.reader.SaveTimeGate -- 坏行共 1 行已跳过
14:22:04.466 [main] WARN com.ruoyi.vqms.source.reader.SaveTimeGate -- 坏 save_time 跳过: 1600-01-01 23:59:59.999xyz
14:22:04.466 [main] WARN com.ruoyi.vqms.source.reader.SaveTimeGate -- 坏行共 1 行已跳过
14:22:04.467 [main] WARN com.ruoyi.vqms.source.reader.SaveTimeGate -- 坏 save_time 跳过: 1726-06-19 03:17:32.187xyz
14:22:04.467 [main] WARN com.ruoyi.vqms.source.reader.SaveTimeGate -- 坏行共 1 行已跳过
14:22:04.467 [main] WARN com.ruoyi.vqms.source.reader.SaveTimeGate -- 坏 save_time 跳过: 29#9-12-31 00:00:00.000
14:22:04.467 [main] WARN com.ruoyi.vqms.source.reader.SaveTimeGate -- 坏行共 1 行已跳过
14:22:04.467 [main] WARN com.ruoyi.vqms.source.reader.SaveTimeGate -- 坏 save_time 跳过: 2764-09-27 07:55:16.531xyz
14:22:04.467 [main] WARN com.ruoyi.vqms.source.reader.SaveTimeGate -- 坏行共 1 行已跳过
14:22:04.467 [main] WARN com.ruoyi.vqms.source.reader.SaveTimeGate -- 坏 save_time 跳过: 1640-06-28 23:42:54.557xyz
14:22:04.467 [main] WARN com.ruoyi.vqms.source.reader.SaveTimeGate -- 坏行共 1 行已跳过
14:22:04.468 [main] WARN com.ruoyi.vqms.source.reader.SaveTimeGate -- 坏 save_time 跳过: 2721-08-28 03:09:2#.655
14:22:04.468 [main] WARN com.ruoyi.vqms.source.reader.SaveTimeGate -- 坏行共 1 行已跳过
14:22:04.468 [main] WARN com.ruoyi.vqms.source.reader.SaveTimeGate -- 坏 save_time 跳过: 1742-11-01 18:16:39.069xyz
14:22:04.468 [main] WARN com.ruoyi.vqms.source.reader.SaveTimeGate -- 坏行共 1 行已跳过
14:22:04.469 [main] WARN com.ruoyi.vqms.source.reader.SaveTimeGate -- 坏 save_time 跳过: 2341-06-13 00:00:00.000xyz
14:22:04.469 [main] WARN com.ruoyi.vqms.source.reader.SaveTimeGate -- 坏行共 1 行已跳过
14:22:04.469 [main] WARN com.ruoyi.vqms.source.reader.SaveTimeGate -- 坏 save_time 跳过: 2688-03-21 09:30:46.#05
14:22:04.469 [main] WARN com.ruoyi.vqms.source.reader.SaveTimeGate -- 坏行共 1 行已跳过
14:22:04.469 [main] WARN com.ruoyi.vqms.source.reader.SaveTimeGate -- 坏 save_time 跳过: 1600-01-01 23:59:59.999xyz
14:22:04.469 [main] WARN com.ruoyi.vqms.source.reader.SaveTimeGate -- 坏行共 1 行已跳过
14:22:04.469 [main] WARN com.ruoyi.vqms.source.reader.SaveTimeGate -- 坏 save_time 跳过: 1600-01-01 23:59:59.999xyz
14:22:04.469 [main] WARN com.ruoyi.vqms.source.reader.SaveTimeGate -- 坏行共 1 行已跳过
14:22:04.469 [main] WARN com.ruoyi.vqms.source.reader.SaveTimeGate -- 坏 save_time 跳过: 2471-05-22 11:34#17.029
14:22:04.469 [main] WARN com.ruoyi.vqms.source.reader.SaveTimeGate -- 坏行共 1 行已跳过
14:22:04.470 [main] WARN com.ruoyi.vqms.source.reader.SaveTimeGate -- 坏 save_time 跳过: 2211-01-17 14:53:38.507xyz
14:22:04.470 [main] WARN com.ruoyi.vqms.source.reader.SaveTimeGate -- 坏行共 1 行已跳过
14:22:04.470 [main] WARN com.ruoyi.vqms.source.reader.SaveTimeGate -- 坏 save_time 跳过: 1600-01-01 23:59:59.999xyz
14:22:04.470 [main] WARN com.ruoyi.vqms.source.reader.SaveTimeGate -- 坏行共 1 行已跳过
14:22:04.470 [main] WARN com.ruoyi.vqms.source.reader.SaveTimeGate -- 坏 save_time 跳过: 26#3-10-07 20:39:44.139
14:22:04.470 [main] WARN com.ruoyi.vqms.source.reader.SaveTimeGate -- 坏行共 1 行已跳过
14:22:04.470 [main] WARN com.ruoyi.vqms.source.reader.SaveTimeGate -- 坏 save_time 跳过: 2334-10-20
14:22:04.470 [main] WARN com.ruoyi.vqms.source.reader.SaveTimeGate -- 坏行共 1 行已跳过
14:22:04.471 [main] WARN com.ruoyi.vqms.source.reader.SaveTimeGate -- 坏 save_time 跳过: 2407-11-22 15:02:51.620xyz
14:22:04.471 [main] WARN com.ruoyi.vqms.source.reader.SaveTimeGate -- 坏行共 1 行已跳过
14:22:04.471 [main] WARN com.ruoyi.vqms.source.reader.SaveTimeGate -- 坏 save_time 跳过: 2460-02-20 16:1#:10.315
14:22:04.471 [main] WARN com.ruoyi.vqms.source.reader.SaveTimeGate -- 坏行共 1 行已跳过
14:22:04.472 [main] WARN com.ruoyi.vqms.source.reader.SaveTimeGate -- 坏 save_time 跳过: 817-06-01 20:38:10.713
14:22:04.472 [main] WARN com.ruoyi.vqms.source.reader.SaveTimeGate -- 坏行共 1 行已跳过
14:22:04.472 [main] WARN com.ruoyi.vqms.source.reader.SaveTimeGate -- 坏 save_time 跳过: 2091-09-23 #3:40:06.144
14:22:04.472 [main] WARN com.ruoyi.vqms.source.reader.SaveTimeGate -- 坏行共 1 行已跳过
14:22:04.472 [main] WARN com.ruoyi.vqms.source.reader.SaveTimeGate -- 坏 save_time 跳过: 1602-01-25 0
14:22:04.472 [main] WARN com.ruoyi.vqms.source.reader.SaveTimeGate -- 坏行共 1 行已跳过
14:22:04.473 [main] WARN com.ruoyi.vqms.source.reader.SaveTimeGate -- 坏 save_time 跳过: 2787-0115 18:18:58.868
14:22:04.473 [main] WARN com.ruoyi.vqms.source.reader.SaveTimeGate -- 坏行共 1 行已跳过
14:22:04.473 [main] WARN com.ruoyi.vqms.source.reader.SaveTimeGate -- 坏 save_time 跳过: 2148-02-01 21:14:51#459
14:22:04.473 [main] WARN com.ruoyi.vqms.source.reader.SaveTimeGate -- 坏行共 1 行已跳过
14:22:04.474 [main] WARN com.ruoyi.vqms.source.reader.SaveTimeGate -- 坏 save_time 跳过: 2989-08-04 23:49:07.597xyz
14:22:04.474 [main] WARN com.ruoyi.vqms.source.reader.SaveTimeGate -- 坏行共 1 行已跳过
14:22:04.474 [main] WARN com.ruoyi.vqms.source.reader.SaveTimeGate -- 坏 save_time 跳过: 2491-06-#9 09:55:33.600
14:22:04.474 [main] WARN com.ruoyi.vqms.source.reader.SaveTimeGate -- 坏行共 1 行已跳过
14:22:04.475 [main] WARN com.ruoyi.vqms.source.reader.SaveTimeGate -- 坏 save_time 跳过: 2505-02-01 17:13:30.501xyz
14:22:04.475 [main] WARN com.ruoyi.vqms.source.reader.SaveTimeGate -- 坏行共 1 行已跳过
14:22:04.476 [main] WARN com.ruoyi.vqms.source.reader.SaveTimeGate -- 坏 save_time 跳过: 2554-04-24 02:2:58.226
14:22:04.476 [main] WARN com.ruoyi.vqms.source.reader.SaveTimeGate -- 坏行共 1 行已跳过
14:22:04.476 [main] WARN com.ruoyi.vqms.source.reader.SaveTimeGate -- 坏 save_time 跳过: 2787-01-10 14:12:34.602xyz
14:22:04.476 [main] WARN com.ruoyi.vqms.source.reader.SaveTimeGate -- 坏行共 1 行已跳过
14:22:04.477 [main] WARN com.ruoyi.vqms.source.reader.SaveTimeGate -- 坏 save_time 跳过: 2842-1-11 18:28:45.228
14:22:04.477 [main] WARN com.ruoyi.vqms.source.reader.SaveTimeGate -- 坏行共 1 行已跳过
14:22:04.478 [main] WARN com.ruoyi.vqms.source.reader.SaveTimeGate -- 坏 save_time 跳过: 1728-01-29 18:09:48#163
14:22:04.478 [main] WARN com.ruoyi.vqms.source.reader.SaveTimeGate -- 坏行共 1 行已跳过
14:22:04.478 [main] WARN com.ruoyi.vqms.source.reader.SaveTimeGate -- 坏 save_time 跳过: 2080-02-19 00:00:00.000xyz
14:22:04.478 [main] WARN com.ruoyi.vqms.source.reader.SaveTimeGate -- 坏行共 1 行已跳过
14:22:04.478 [main] WARN com.ruoyi.vqms.source.reader.SaveTimeGate -- 坏 save_time 跳过: 1600-02-29#00:00:00.000
14:22:04.478 [main] WARN com.ruoyi.vqms.source.reader.SaveTimeGate -- 坏行共 1 行已跳过
14:22:04.478 [main] WARN com.ruoyi.vqms.source.reader.SaveTimeGate -- 坏 save_time 跳过: 1777-09-25 03:31:02.935xyz
14:22:04.479 [main] WARN com.ruoyi.vqms.source.reader.SaveTimeGate -- 坏行共 1 行已跳过
14:22:04.479 [main] WARN com.ruoyi.vqms.source.reader.SaveTimeGate -- 坏 save_time 跳过: 2150-09-24 21:57:23#128
14:22:04.479 [main] WARN com.ruoyi.vqms.source.reader.SaveTimeGate -- 坏行共 1 行已跳过
14:22:04.479 [main] WARN com.ruoyi.vqms.source.reader.SaveTimeGate -- 坏 save_time 跳过: 2957-05-12#01:33:00.835
14:22:04.479 [main] WARN com.ruoyi.vqms.source.reader.SaveTimeGate -- 坏行共 1 行已跳过
14:22:04.479 [main] WARN com.ruoyi.vqms.source.reader.SaveTimeGate -- 坏 save_time 跳过: 2463-10-12 18:22:28.415xyz
14:22:04.479 [main] WARN com.ruoyi.vqms.source.reader.SaveTimeGate -- 坏行共 1 行已跳过
14:22:04.479 [main] WARN com.ruoyi.vqms.source.reader.SaveTimeGate -- 坏 save_time 跳过: 1600-01-01 23:59:59.999xyz
14:22:04.479 [main] WARN com.ruoyi.vqms.source.reader.SaveTimeGate -- 坏行共 1 行已跳过
14:22:04.480 [main] WARN com.ruoyi.vqms.source.reader.SaveTimeGate -- 坏 save_time 跳过: 2030-02-04 01:49:05.771xyz
14:22:04.480 [main] WARN com.ruoyi.vqms.source.reader.SaveTimeGate -- 坏行共 1 行已跳过
14:22:04.480 [main] WARN com.ruoyi.vqms.source.reader.SaveTimeGate -- 坏 save_time 跳过: 1729-05-23 0:21:42.065
14:22:04.480 [main] WARN com.ruoyi.vqms.source.reader.SaveTimeGate -- 坏行共 1 行已跳过
14:22:04.480 [main] WARN com.ruoyi.vqms.source.reader.SaveTimeGate -- 坏 save_time 跳过: 2655-11-21 23:24:19.034xyz
14:22:04.480 [main] WARN com.ruoyi.vqms.source.reader.SaveTimeGate -- 坏行共 1 行已跳过
14:22:04.480 [main] WARN com.ruoyi.vqms.source.reader.SaveTimeGate -- 坏 save_time 跳过: 2332-09-02
14:22:04.480 [main] WARN com.ruoyi.vqms.source.reader.SaveTimeGate -- 坏行共 1 行已跳过
14:22:04.481 [main] WARN com.ruoyi.vqms.source.reader.SaveTimeGate -- 坏 save_time 跳过: 2378-12-09 
14:22:04.481 [main] WARN com.ruoyi.vqms.source.reader.SaveTimeGate -- 坏行共 1 行已跳过
14:22:04.481 [main] WARN com.ruoyi.vqms.source.reader.SaveTimeGate -- 坏 save_time 跳过: 2750-07-08 00:07:33.881xyz
14:22:04.481 [main] WARN com.ruoyi.vqms.source.reader.SaveTimeGate -- 坏行共 1 行已跳过
14:22:04.482 [main] WARN com.ruoyi.vqms.source.reader.SaveTimeGate -- 坏 save_time 跳过: 2512-11-24 19:29:00.676xyz
14:22:04.482 [main] WARN com.ruoyi.vqms.source.reader.SaveTimeGate -- 坏行共 1 行已跳过
14:22:04.482 [main] WARN com.ruoyi.vqms.source.reader.SaveTimeGate -- 坏 save_time 跳过: 2007-0508 18:38:25.928
14:22:04.482 [main] WARN com.ruoyi.vqms.source.reader.SaveTimeGate -- 坏行共 1 行已跳过
14:22:04.482 [main] WARN com.ruoyi.vqms.source.reader.SaveTimeGate -- 坏 save_time 跳过: 1964-11-06 1455:44.513
14:22:04.482 [main] WARN com.ruoyi.vqms.source.reader.SaveTimeGate -- 坏行共 1 行已跳过
14:22:04.482 [main] WARN com.ruoyi.vqms.source.reader.SaveTimeGate -- 坏 save_time 跳过: 1600-01-01 23:59:59.999xyz
14:22:04.482 [main] WARN com.ruoyi.vqms.source.reader.SaveTimeGate -- 坏行共 1 行已跳过
14:22:04.482 [main] WARN com.ruoyi.vqms.source.reader.SaveTimeGate -- 坏 save_time 跳过: 2780-05-06 20:22:05.480xyz
14:22:04.482 [main] WARN com.ruoyi.vqms.source.reader.SaveTimeGate -- 坏行共 1 行已跳过
14:22:04.483 [main] WARN com.ruoyi.vqms.source.reader.SaveTimeGate -- 坏 save_time 跳过: 2482-02-24 1#:26:41.787
14:22:04.483 [main] WARN com.ruoyi.vqms.source.reader.SaveTimeGate -- 坏行共 1 行已跳过
14:22:04.483 [main] WARN com.ruoyi.vqms.source.reader.SaveTimeGate -- 坏 save_time 跳过: 2544-12-13 13:17:34.723xyz
14:22:04.483 [main] WARN com.ruoyi.vqms.source.reader.SaveTimeGate -- 坏行共 1 行已跳过
14:22:04.483 [main] WARN com.ruoyi.vqms.source.reader.SaveTimeGate -- 坏 save_time 跳过: 1600-02-29#00:00:00.000
14:22:04.483 [main] WARN com.ruoyi.vqms.source.reader.SaveTimeGate -- 坏行共 1 行已跳过
14:22:04.483 [main] WARN com.ruoyi.vqms.source.reader.SaveTimeGate -- 坏 save_time 跳过: 2027-09-25 20:19:24.761xyz
14:22:04.483 [main] WARN com.ruoyi.vqms.source.reader.SaveTimeGate -- 坏行共 1 行已跳过
14:22:04.483 [main] WARN com.ruoyi.vqms.source.reader.SaveTimeGate -- 坏 save_time 跳过: 1600-01-01 23:59:59.999xyz
14:22:04.483 [main] WARN com.ruoyi.vqms.source.reader.SaveTimeGate -- 坏行共 1 行已跳过
14:22:04.484 [main] WARN com.ruoyi.vqms.source.reader.SaveTimeGate -- 坏 save_time 跳过: #691-05-20 04:10:33.371
14:22:04.484 [main] WARN com.ruoyi.vqms.source.reader.SaveTimeGate -- 坏行共 1 行已跳过
14:22:04.484 [main] WARN com.ruoyi.vqms.source.reader.SaveTimeGate -- 坏 save_time 跳过: 1808-08-30 03
14:22:04.484 [main] WARN com.ruoyi.vqms.source.reader.SaveTimeGate -- 坏行共 1 行已跳过
14:22:04.484 [main] WARN com.ruoyi.vqms.source.reader.SaveTimeGate -- 坏 save_time 跳过: 29#5-12-01 23:23:36.798
14:22:04.484 [main] WARN com.ruoyi.vqms.source.reader.SaveTimeGate -- 坏行共 1 行已跳过
14:22:04.484 [main] WARN com.ruoyi.vqms.source.reader.SaveTimeGate -- 坏 save_time 跳过: 2071-04-05
14:22:04.484 [main] WARN com.ruoyi.vqms.source.reader.SaveTimeGate -- 坏行共 1 行已跳过
14:22:04.485 [main] WARN com.ruoyi.vqms.source.reader.SaveTimeGate -- 坏 save_time 跳过: 1607-04-14 1
14:22:04.485 [main] WARN com.ruoyi.vqms.source.reader.SaveTimeGate -- 坏行共 1 行已跳过
14:22:04.486 [main] WARN com.ruoyi.vqms.source.reader.SaveTimeGate -- 坏 save_time 跳过: 2#46-08-20 06:21:52.235
14:22:04.486 [main] WARN com.ruoyi.vqms.source.reader.SaveTimeGate -- 坏行共 1 行已跳过
14:22:04.486 [main] WARN com.ruoyi.vqms.source.reader.SaveTimeGate -- 坏 save_time 跳过: 2115-10-01 00:00
14:22:04.486 [main] WARN com.ruoyi.vqms.source.reader.SaveTimeGate -- 坏行共 1 行已跳过
14:22:04.486 [main] WARN com.ruoyi.vqms.source.reader.SaveTimeGate -- 坏 save_time 跳过: 2664-07-08 07:49:39#542
14:22:04.486 [main] WARN com.ruoyi.vqms.source.reader.SaveTimeGate -- 坏行共 1 行已跳过
14:22:04.486 [main] WARN com.ruoyi.vqms.source.reader.SaveTimeGate -- 坏 save_time 跳过: 2758-02-13
14:22:04.486 [main] WARN com.ruoyi.vqms.source.reader.SaveTimeGate -- 坏行共 1 行已跳过
14:22:04.487 [main] WARN com.ruoyi.vqms.source.reader.SaveTimeGate -- 坏 save_time 跳过: 2874-08-14
14:22:04.487 [main] WARN com.ruoyi.vqms.source.reader.SaveTimeGate -- 坏行共 1 行已跳过
14:22:04.487 [main] WARN com.ruoyi.vqms.source.reader.SaveTimeGate -- 坏 save_time 跳过: 2066-06-12
14:22:04.487 [main] WARN com.ruoyi.vqms.source.reader.SaveTimeGate -- 坏行共 1 行已跳过
14:22:04.487 [main] WARN com.ruoyi.vqms.source.reader.SaveTimeGate -- 坏 save_time 跳过: 2400-08-0 12:46:24.613
14:22:04.487 [main] WARN com.ruoyi.vqms.source.reader.SaveTimeGate -- 坏行共 1 行已跳过
14:22:04.488 [main] WARN com.ruoyi.vqms.source.reader.SaveTimeGate -- 坏 save_time 跳过: 2382-12-08 03:30:06.090xyz
14:22:04.488 [main] WARN com.ruoyi.vqms.source.reader.SaveTimeGate -- 坏行共 1 行已跳过
14:22:04.488 [main] WARN com.ruoyi.vqms.source.reader.SaveTimeGate -- 坏 save_time 跳过: 2314-06-18
14:22:04.488 [main] WARN com.ruoyi.vqms.source.reader.SaveTimeGate -- 坏行共 1 行已跳过
14:22:04.488 [main] WARN com.ruoyi.vqms.source.reader.SaveTimeGate -- 坏 save_time 跳过: 258-08-21 00:00:00.000
14:22:04.488 [main] WARN com.ruoyi.vqms.source.reader.SaveTimeGate -- 坏行共 1 行已跳过
14:22:04.488 [main] WARN com.ruoyi.vqms.source.reader.SaveTimeGate -- 坏 save_time 跳过: 2265-06-18 09:24:24.008xyz
14:22:04.488 [main] WARN com.ruoyi.vqms.source.reader.SaveTimeGate -- 坏行共 1 行已跳过
14:22:04.488 [main] WARN com.ruoyi.vqms.source.reader.SaveTimeGate -- 坏 save_time 跳过: 2296-09-26
14:22:04.488 [main] WARN com.ruoyi.vqms.source.reader.SaveTimeGate -- 坏行共 1 行已跳过
14:22:04.488 [main] WARN com.ruoyi.vqms.source.reader.SaveTimeGate -- 坏 save_time 跳过: 2666-12-05 20:#0:26.673
14:22:04.489 [main] WARN com.ruoyi.vqms.source.reader.SaveTimeGate -- 坏行共 1 行已跳过
14:22:04.489 [main] WARN com.ruoyi.vqms.source.reader.SaveTimeGate -- 坏 save_time 跳过: 2752-03-26
14:22:04.489 [main] WARN com.ruoyi.vqms.source.reader.SaveTimeGate -- 坏行共 1 行已跳过
14:22:04.490 [main] WARN com.ruoyi.vqms.source.reader.SaveTimeGate -- 坏 save_time 跳过: 2274-09-05 16#31:29.973
14:22:04.490 [main] WARN com.ruoyi.vqms.source.reader.SaveTimeGate -- 坏行共 1 行已跳过
14:22:04.490 [main] WARN com.ruoyi.vqms.source.reader.SaveTimeGate -- 坏 save_time 跳过: 2#44-07-07 05:50:34.727
14:22:04.490 [main] WARN com.ruoyi.vqms.source.reader.SaveTimeGate -- 坏行共 1 行已跳过
14:22:04.490 [main] WARN com.ruoyi.vqms.source.reader.SaveTimeGate -- 坏 save_time 跳过: #876-03-06 01:34:28.328
14:22:04.490 [main] WARN com.ruoyi.vqms.source.reader.SaveTimeGate -- 坏行共 1 行已跳过
14:22:04.490 [main] WARN com.ruoyi.vqms.source.reader.SaveTimeGate -- 坏 save_time 跳过: 227012-07 03:32:20.668
14:22:04.490 [main] WARN com.ruoyi.vqms.source.reader.SaveTimeGate -- 坏行共 1 行已跳过
14:22:04.490 [main] WARN com.ruoyi.vqms.source.reader.SaveTimeGate -- 坏 save_time 跳过: 2281-08-30 03:33:15.754xyz
14:22:04.490 [main] WARN com.ruoyi.vqms.source.reader.SaveTimeGate -- 坏行共 1 行已跳过
14:22:04.490 [main] WARN com.ruoyi.vqms.source.reader.SaveTimeGate -- 坏 save_time 跳过: 2999-12-31 23:
14:22:04.490 [main] WARN com.ruoyi.vqms.source.reader.SaveTimeGate -- 坏行共 1 行已跳过
14:22:04.490 [main] WARN com.ruoyi.vqms.source.reader.SaveTimeGate -- 坏 save_time 跳过: 1749-06-28
14:22:04.490 [main] WARN com.ruoyi.vqms.source.reader.SaveTimeGate -- 坏行共 1 行已跳过
14:22:04.492 [main] WARN com.ruoyi.vqms.source.reader.SaveTimeGate -- 坏 save_time 跳过: 2585-05#12 06:53:33.032
14:22:04.492 [main] WARN com.ruoyi.vqms.source.reader.SaveTimeGate -- 坏行共 1 行已跳过
14:22:04.492 [main] WARN com.ruoyi.vqms.source.reader.SaveTimeGate -- 坏 save_time 跳过: 2877-08-31
14:22:04.492 [main] WARN com.ruoyi.vqms.source.reader.SaveTimeGate -- 坏行共 1 行已跳过
14:22:04.492 [main] WARN com.ruoyi.vqms.source.reader.SaveTimeGate -- 坏 save_time 跳过: 2554-08-27 05:21:25.760xyz
14:22:04.492 [main] WARN com.ruoyi.vqms.source.reader.SaveTimeGate -- 坏行共 1 行已跳过
14:22:04.492 [main] WARN com.ruoyi.vqms.source.reader.SaveTimeGate -- 坏 save_time 跳过: 2848-08-28 1#:59:27.558
14:22:04.492 [main] WARN com.ruoyi.vqms.source.reader.SaveTimeGate -- 坏行共 1 行已跳过
14:22:04.493 [main] WARN com.ruoyi.vqms.source.reader.SaveTimeGate -- 坏 save_time 跳过: 278-06-02 02:28:59.471
14:22:04.493 [main] WARN com.ruoyi.vqms.source.reader.SaveTimeGate -- 坏行共 1 行已跳过
14:22:04.493 [main] WARN com.ruoyi.vqms.source.reader.SaveTimeGate -- 坏 save_time 跳过: 2895-02-27 17:27:20.704xyz
14:22:04.493 [main] WARN com.ruoyi.vqms.source.reader.SaveTimeGate -- 坏行共 1 行已跳过
14:22:04.493 [main] WARN com.ruoyi.vqms.source.reader.SaveTimeGate -- 坏 save_time 跳过: 2153-06-18 2:28:48.499
14:22:04.493 [main] WARN com.ruoyi.vqms.source.reader.SaveTimeGate -- 坏行共 1 行已跳过
14:22:04.493 [main] WARN com.ruoyi.vqms.source.reader.SaveTimeGate -- 坏 save_time 跳过: 1904-03-13 17:55:56.465xyz
14:22:04.493 [main] WARN com.ruoyi.vqms.source.reader.SaveTimeGate -- 坏行共 1 行已跳过
14:22:04.494 [main] WARN com.ruoyi.vqms.source.reader.SaveTimeGate -- 坏 save_time 跳过: 1934-07-3 16:12:30.673
14:22:04.494 [main] WARN com.ruoyi.vqms.source.reader.SaveTimeGate -- 坏行共 1 行已跳过
14:22:04.494 [main] WARN com.ruoyi.vqms.source.reader.SaveTimeGate -- 坏 save_time 跳过: 2915-03#22 21:16:53.033
14:22:04.494 [main] WARN com.ruoyi.vqms.source.reader.SaveTimeGate -- 坏行共 1 行已跳过
14:22:04.494 [main] WARN com.ruoyi.vqms.source.reader.SaveTimeGate -- 坏 save_time 跳过: 1620-04-19 00:0:10.694
14:22:04.494 [main] WARN com.ruoyi.vqms.source.reader.SaveTimeGate -- 坏行共 1 行已跳过
14:22:04.494 [main] WARN com.ruoyi.vqms.source.reader.SaveTimeGate -- 坏 save_time 跳过: 1834-05-13 04:03:45.299xyz
14:22:04.494 [main] WARN com.ruoyi.vqms.source.reader.SaveTimeGate -- 坏行共 1 行已跳过
14:22:04.494 [main] WARN com.ruoyi.vqms.source.reader.SaveTimeGate -- 坏 save_time 跳过: 1600-01-01 23:59:59.999xyz
14:22:04.494 [main] WARN com.ruoyi.vqms.source.reader.SaveTimeGate -- 坏行共 1 行已跳过
14:22:04.495 [main] WARN com.ruoyi.vqms.source.reader.SaveTimeGate -- 坏 save_time 跳过: 1789-#0-02 23:59:59.999
14:22:04.495 [main] WARN com.ruoyi.vqms.source.reader.SaveTimeGate -- 坏行共 1 行已跳过
14:22:04.495 [main] WARN com.ruoyi.vqms.source.reader.SaveTimeGate -- 坏 save_time 跳过: 1962-03-25 12:22:03.062xyz
14:22:04.495 [main] WARN com.ruoyi.vqms.source.reader.SaveTimeGate -- 坏行共 1 行已跳过
14:22:04.495 [main] WARN com.ruoyi.vqms.source.reader.SaveTimeGate -- 坏 save_time 跳过: 1636-11-03 17:28:05.497xyz
14:22:04.495 [main] WARN com.ruoyi.vqms.source.reader.SaveTimeGate -- 坏行共 1 行已跳过
14:22:04.495 [main] WARN com.ruoyi.vqms.source.reader.SaveTimeGate -- 坏 save_time 跳过: 1600-01-01 23:59:59.999xyz
14:22:04.495 [main] WARN com.ruoyi.vqms.source.reader.SaveTimeGate -- 坏行共 1 行已跳过
14:22:04.495 [main] WARN com.ruoyi.vqms.source.reader.SaveTimeGate -- 坏 save_time 跳过: 1713-10-20 12:31:3#.859
14:22:04.495 [main] WARN com.ruoyi.vqms.source.reader.SaveTimeGate -- 坏行共 1 行已跳过
14:22:04.495 [main] WARN com.ruoyi.vqms.source.reader.SaveTimeGate -- 坏 save_time 跳过: 2861-04-2# 18:27:51.734
14:22:04.495 [main] WARN com.ruoyi.vqms.source.reader.SaveTimeGate -- 坏行共 1 行已跳过
14:22:04.495 [main] WARN com.ruoyi.vqms.source.reader.SaveTimeGate -- 坏 save_time 跳过: 1600-01-01 23:59:59.999xyz
14:22:04.495 [main] WARN com.ruoyi.vqms.source.reader.SaveTimeGate -- 坏行共 1 行已跳过
14:22:04.495 [main] WARN com.ruoyi.vqms.source.reader.SaveTimeGate -- 坏 save_time 跳过: 1600-01-01 23:59:59.999xyz
14:22:04.495 [main] WARN com.ruoyi.vqms.source.reader.SaveTimeGate -- 坏行共 1 行已跳过
14:22:04.496 [main] WARN com.ruoyi.vqms.source.reader.SaveTimeGate -- 坏 save_time 跳过: 1600-01-01 23:59:59.999xyz
14:22:04.496 [main] WARN com.ruoyi.vqms.source.reader.SaveTimeGate -- 坏行共 1 行已跳过
14:22:04.496 [main] WARN com.ruoyi.vqms.source.reader.SaveTimeGate -- 坏 save_time 跳过: 1719-0518 01:09:29.126
14:22:04.496 [main] WARN com.ruoyi.vqms.source.reader.SaveTimeGate -- 坏行共 1 行已跳过
14:22:04.496 [main] WARN com.ruoyi.vqms.source.reader.SaveTimeGate -- 坏 save_time 跳过: 1600-02-29#00:00:00.000
14:22:04.496 [main] WARN com.ruoyi.vqms.source.reader.SaveTimeGate -- 坏行共 1 行已跳过
14:22:04.496 [main] WARN com.ruoyi.vqms.source.reader.SaveTimeGate -- 坏 save_time 跳过: 1851-04-27 23:59:59.999xyz
14:22:04.496 [main] WARN com.ruoyi.vqms.source.reader.SaveTimeGate -- 坏行共 1 行已跳过
14:22:04.496 [main] WARN com.ruoyi.vqms.source.reader.SaveTimeGate -- 坏 save_time 跳过: 2053-02-15 07:23:41.912xyz
14:22:04.496 [main] WARN com.ruoyi.vqms.source.reader.SaveTimeGate -- 坏行共 1 行已跳过
14:22:04.496 [main] WARN com.ruoyi.vqms.source.reader.SaveTimeGate -- 坏 save_time 跳过: 2569-05-11
14:22:04.496 [main] WARN com.ruoyi.vqms.source.reader.SaveTimeGate -- 坏行共 1 行已跳过
14:22:04.496 [main] WARN com.ruoyi.vqms.source.reader.SaveTimeGate -- 坏 save_time 跳过: 2910-02-07 23:59:59.999xyz
14:22:04.497 [main] WARN com.ruoyi.vqms.source.reader.SaveTimeGate -- 坏行共 1 行已跳过
14:22:04.497 [main] WARN com.ruoyi.vqms.source.reader.SaveTimeGate -- 坏 save_time 跳过: 1863-03-08 07:23:43.555xyz
14:22:04.497 [main] WARN com.ruoyi.vqms.source.reader.SaveTimeGate -- 坏行共 1 行已跳过
14:22:04.497 [main] WARN com.ruoyi.vqms.source.reader.SaveTimeGate -- 坏 save_time 跳过: 1974-12-31 0
14:22:04.497 [main] WARN com.ruoyi.vqms.source.reader.SaveTimeGate -- 坏行共 1 行已跳过
14:22:04.497 [main] WARN com.ruoyi.vqms.source.reader.SaveTimeGate -- 坏 save_time 跳过: 1782-12-01 11:24:39.676xyz
14:22:04.497 [main] WARN com.ruoyi.vqms.source.reader.SaveTimeGate -- 坏行共 1 行已跳过
14:22:04.497 [main] WARN com.ruoyi.vqms.source.reader.SaveTimeGate -- 坏 save_time 跳过: 259-02-27 20:34:06.473
14:22:04.497 [main] WARN com.ruoyi.vqms.source.reader.SaveTimeGate -- 坏行共 1 行已跳过
14:22:04.498 [main] WARN com.ruoyi.vqms.source.reader.SaveTimeGate -- 坏 save_time 跳过: 2669-08-07 00:00:00.00#
14:22:04.498 [main] WARN com.ruoyi.vqms.source.reader.SaveTimeGate -- 坏行共 1 行已跳过
14:22:04.498 [main] WARN com.ruoyi.vqms.source.reader.SaveTimeGate -- 坏 save_time 跳过: 1600-01-01 23:59:59.999xyz
14:22:04.498 [main] WARN com.ruoyi.vqms.source.reader.SaveTimeGate -- 坏行共 1 行已跳过
14:22:04.498 [main] WARN com.ruoyi.vqms.source.reader.SaveTimeGate -- 坏 save_time 跳过: 2258-06-07 06:15:29.301xyz
14:22:04.498 [main] WARN com.ruoyi.vqms.source.reader.SaveTimeGate -- 坏行共 1 行已跳过
14:22:04.498 [main] WARN com.ruoyi.vqms.source.reader.SaveTimeGate -- 坏 save_time 跳过: 2999-12-31 23:
14:22:04.498 [main] WARN com.ruoyi.vqms.source.reader.SaveTimeGate -- 坏行共 1 行已跳过
14:22:04.498 [main] WARN com.ruoyi.vqms.source.reader.SaveTimeGate -- 坏 save_time 跳过: 2300-02-05 21:42:#6.586
14:22:04.498 [main] WARN com.ruoyi.vqms.source.reader.SaveTimeGate -- 坏行共 1 行已跳过
14:22:04.498 [main] WARN com.ruoyi.vqms.source.reader.SaveTimeGate -- 坏 save_time 跳过: 244-08-01 22:17:00.295
14:22:04.498 [main] WARN com.ruoyi.vqms.source.reader.SaveTimeGate -- 坏行共 1 行已跳过
14:22:04.499 [main] WARN com.ruoyi.vqms.source.reader.SaveTimeGate -- 坏 save_time 跳过: 2042-05-10 21:19:#2.033
14:22:04.499 [main] WARN com.ruoyi.vqms.source.reader.SaveTimeGate -- 坏行共 1 行已跳过
14:22:04.499 [main] WARN com.ruoyi.vqms.source.reader.SaveTimeGate -- 坏 save_time 跳过: 281-12-15 20:47:35.596
14:22:04.499 [main] WARN com.ruoyi.vqms.source.reader.SaveTimeGate -- 坏行共 1 行已跳过
14:22:04.499 [main] WARN com.ruoyi.vqms.source.reader.SaveTimeGate -- 坏 save_time 跳过: 172-09-14 19:29:34.016
14:22:04.499 [main] WARN com.ruoyi.vqms.source.reader.SaveTimeGate -- 坏行共 1 行已跳过
14:22:04.499 [main] WARN com.ruoyi.vqms.source.reader.SaveTimeGate -- 坏 save_time 跳过: 2863-08-21 01:49:06.602xyz
14:22:04.499 [main] WARN com.ruoyi.vqms.source.reader.SaveTimeGate -- 坏行共 1 行已跳过
14:22:04.499 [main] WARN com.ruoyi.vqms.source.reader.SaveTimeGate -- 坏 save_time 跳过: 1600-01-0# 23:59:59.999
14:22:04.499 [main] WARN com.ruoyi.vqms.source.reader.SaveTimeGate -- 坏行共 1 行已跳过
14:22:04.499 [main] WARN com.ruoyi.vqms.source.reader.SaveTimeGate -- 坏 save_time 跳过: 1602-1-18 09:21:46.508
14:22:04.499 [main] WARN com.ruoyi.vqms.source.reader.SaveTimeGate -- 坏行共 1 行已跳过
14:22:04.500 [main] WARN com.ruoyi.vqms.source.reader.SaveTimeGate -- 坏 save_time 跳过: 2#24-10-05 14:21:50.615
14:22:04.500 [main] WARN com.ruoyi.vqms.source.reader.SaveTimeGate -- 坏行共 1 行已跳过
14:22:04.500 [main] WARN com.ruoyi.vqms.source.reader.SaveTimeGate -- 坏 save_time 跳过: 1755-12-21 11:59#10.874
14:22:04.500 [main] WARN com.ruoyi.vqms.source.reader.SaveTimeGate -- 坏行共 1 行已跳过
14:22:04.500 [main] WARN com.ruoyi.vqms.source.reader.SaveTimeGate -- 坏 save_time 跳过: 1988-01-18 14:04:51.9#1
14:22:04.500 [main] WARN com.ruoyi.vqms.source.reader.SaveTimeGate -- 坏行共 1 行已跳过
14:22:04.500 [main] WARN com.ruoyi.vqms.source.reader.SaveTimeGate -- 坏 save_time 跳过: 2#51-12-01 01:00:05.943
14:22:04.500 [main] WARN com.ruoyi.vqms.source.reader.SaveTimeGate -- 坏行共 1 行已跳过
14:22:04.500 [main] WARN com.ruoyi.vqms.source.reader.SaveTimeGate -- 坏 save_time 跳过: 2253-0217 01:22:41.170
14:22:04.500 [main] WARN com.ruoyi.vqms.source.reader.SaveTimeGate -- 坏行共 1 行已跳过
14:22:04.501 [main] WARN com.ruoyi.vqms.source.reader.SaveTimeGate -- 坏 save_time 跳过: 2450-09#29 00:15:00.482
14:22:04.501 [main] WARN com.ruoyi.vqms.source.reader.SaveTimeGate -- 坏行共 1 行已跳过
14:22:04.501 [main] WARN com.ruoyi.vqms.source.reader.SaveTimeGate -- 坏 save_time 跳过: 1600-02-29#00:00:00.000
14:22:04.501 [main] WARN com.ruoyi.vqms.source.reader.SaveTimeGate -- 坏行共 1 行已跳过
14:22:04.501 [main] WARN com.ruoyi.vqms.source.reader.SaveTimeGate -- 坏 save_time 跳过: 1600-01-01 23:59:59.999xyz
14:22:04.501 [main] WARN com.ruoyi.vqms.source.reader.SaveTimeGate -- 坏行共 1 行已跳过
14:22:04.501 [main] WARN com.ruoyi.vqms.source.reader.SaveTimeGate -- 坏 save_time 跳过: 2888-06-08 22:05:18.860xyz
14:22:04.501 [main] WARN com.ruoyi.vqms.source.reader.SaveTimeGate -- 坏行共 1 行已跳过
14:22:04.501 [main] WARN com.ruoyi.vqms.source.reader.SaveTimeGate -- 坏 save_time 跳过: 1600-02-29#00:00:00.000
14:22:04.501 [main] WARN com.ruoyi.vqms.source.reader.SaveTimeGate -- 坏行共 1 行已跳过
14:22:04.501 [main] WARN com.ruoyi.vqms.source.reader.SaveTimeGate -- 坏 save_time 跳过: 1600-01-01 23:59:59.999xyz
14:22:04.501 [main] WARN com.ruoyi.vqms.source.reader.SaveTimeGate -- 坏行共 1 行已跳过
14:22:04.501 [main] WARN com.ruoyi.vqms.source.reader.SaveTimeGate -- 坏 save_time 跳过: 2121-10-12
14:22:04.501 [main] WARN com.ruoyi.vqms.source.reader.SaveTimeGate -- 坏行共 1 行已跳过
14:22:04.502 [main] WARN com.ruoyi.vqms.source.reader.SaveTimeGate -- 坏 save_time 跳过: 2281-12-23 00:55:3.704
14:22:04.502 [main] WARN com.ruoyi.vqms.source.reader.SaveTimeGate -- 坏行共 1 行已跳过
14:22:04.502 [main] WARN com.ruoyi.vqms.source.reader.SaveTimeGate -- 坏 save_time 跳过: 2959-0-10 22:26:21.406
14:22:04.502 [main] WARN com.ruoyi.vqms.source.reader.SaveTimeGate -- 坏行共 1 行已跳过
14:22:04.503 [main] WARN com.ruoyi.vqms.source.reader.SaveTimeGate -- 坏 save_time 跳过: 2341-05-27 11:25:46.
14:22:04.503 [main] WARN com.ruoyi.vqms.source.reader.SaveTimeGate -- 坏行共 1 行已跳过
14:22:04.503 [main] WARN com.ruoyi.vqms.source.reader.SaveTimeGate -- 坏 save_time 跳过: 1840-09-05 19:21:
14:22:04.503 [main] WARN com.ruoyi.vqms.source.reader.SaveTimeGate -- 坏行共 1 行已跳过
14:22:04.503 [main] WARN com.ruoyi.vqms.source.reader.SaveTimeGate -- 坏 save_time 跳过: 2906-#4-03 02:43:16.526
14:22:04.503 [main] WARN com.ruoyi.vqms.source.reader.SaveTimeGate -- 坏行共 1 行已跳过
14:22:04.504 [main] WARN com.ruoyi.vqms.source.reader.SaveTimeGate -- 坏 save_time 跳过: 2168-07-29 23:59:5#.999
14:22:04.504 [main] WARN com.ruoyi.vqms.source.reader.SaveTimeGate -- 坏行共 1 行已跳过
14:22:04.504 [main] WARN com.ruoyi.vqms.source.reader.SaveTimeGate -- 坏 save_time 跳过: 2890#02-26 08:18:05.534
14:22:04.504 [main] WARN com.ruoyi.vqms.source.reader.SaveTimeGate -- 坏行共 1 行已跳过
14:22:04.504 [main] WARN com.ruoyi.vqms.source.reader.SaveTimeGate -- 坏 save_time 跳过: 1653-#9-06 07:36:42.965
14:22:04.504 [main] WARN com.ruoyi.vqms.source.reader.SaveTimeGate -- 坏行共 1 行已跳过
14:22:04.504 [main] WARN com.ruoyi.vqms.source.reader.SaveTimeGate -- 坏 save_time 跳过: 1821-09-05 10:43:07.724xyz
14:22:04.504 [main] WARN com.ruoyi.vqms.source.reader.SaveTimeGate -- 坏行共 1 行已跳过
14:22:04.504 [main] WARN com.ruoyi.vqms.source.reader.SaveTimeGate -- 坏 save_time 跳过: 1600-01-01 23:59:59.999xyz
14:22:04.504 [main] WARN com.ruoyi.vqms.source.reader.SaveTimeGate -- 坏行共 1 行已跳过
14:22:04.505 [main] WARN com.ruoyi.vqms.source.reader.SaveTimeGate -- 坏 save_time 跳过: 2559-01-09 18:50
14:22:04.505 [main] WARN com.ruoyi.vqms.source.reader.SaveTimeGate -- 坏行共 1 行已跳过
14:22:04.505 [main] WARN com.ruoyi.vqms.source.reader.SaveTimeGate -- 坏 save_time 跳过: 1851-04-09 13:56
14:22:04.505 [main] WARN com.ruoyi.vqms.source.reader.SaveTimeGate -- 坏行共 1 行已跳过
14:22:04.505 [main] WARN com.ruoyi.vqms.source.reader.SaveTimeGate -- 坏 save_time 跳过: 2261-04-19 0:05:27.129
14:22:04.505 [main] WARN com.ruoyi.vqms.source.reader.SaveTimeGate -- 坏行共 1 行已跳过
14:22:04.505 [main] WARN com.ruoyi.vqms.source.reader.SaveTimeGate -- 坏 save_time 跳过: 2850-01-20 16:03:46.684xyz
14:22:04.505 [main] WARN com.ruoyi.vqms.source.reader.SaveTimeGate -- 坏行共 1 行已跳过
14:22:04.506 [main] WARN com.ruoyi.vqms.source.reader.SaveTimeGate -- 坏 save_time 跳过: 257-05-10 14:26:30.055
14:22:04.506 [main] WARN com.ruoyi.vqms.source.reader.SaveTimeGate -- 坏行共 1 行已跳过
14:22:04.506 [main] WARN com.ruoyi.vqms.source.reader.SaveTimeGate -- 坏 save_time 跳过: 281-06-16 14:33:17.757
14:22:04.506 [main] WARN com.ruoyi.vqms.source.reader.SaveTimeGate -- 坏行共 1 行已跳过
14:22:04.506 [main] WARN com.ruoyi.vqms.source.reader.SaveTimeGate -- 坏 save_time 跳过: 2961-10-08 00:00:00.000xyz
14:22:04.506 [main] WARN com.ruoyi.vqms.source.reader.SaveTimeGate -- 坏行共 1 行已跳过
14:22:04.506 [main] WARN com.ruoyi.vqms.source.reader.SaveTimeGate -- 坏 save_time 跳过: 2772-11-09 05:04:05.691xyz
14:22:04.506 [main] WARN com.ruoyi.vqms.source.reader.SaveTimeGate -- 坏行共 1 行已跳过
14:22:04.507 [main] WARN com.ruoyi.vqms.source.reader.SaveTimeGate -- 坏 save_time 跳过: 2010-09-08
14:22:04.507 [main] WARN com.ruoyi.vqms.source.reader.SaveTimeGate -- 坏行共 1 行已跳过
14:22:04.507 [main] WARN com.ruoyi.vqms.source.reader.SaveTimeGate -- 坏 save_time 跳过: 2912-01-15 08:2#:14.668
14:22:04.507 [main] WARN com.ruoyi.vqms.source.reader.SaveTimeGate -- 坏行共 1 行已跳过
14:22:04.508 [main] WARN com.ruoyi.vqms.source.reader.SaveTimeGate -- 坏 save_time 跳过: 1689-07-07 08:25:59.701xyz
14:22:04.508 [main] WARN com.ruoyi.vqms.source.reader.SaveTimeGate -- 坏行共 1 行已跳过
14:22:04.508 [main] WARN com.ruoyi.vqms.source.reader.SaveTimeGate -- 坏 save_time 跳过: 1600-01-01 23:59:59.999xyz
14:22:04.508 [main] WARN com.ruoyi.vqms.source.reader.SaveTimeGate -- 坏行共 1 行已跳过
14:22:04.508 [main] WARN com.ruoyi.vqms.source.reader.SaveTimeGate -- 坏 save_time 跳过: 108-03-02 11:37:05.311
14:22:04.508 [main] WARN com.ruoyi.vqms.source.reader.SaveTimeGate -- 坏行共 1 行已跳过
14:22:04.508 [main] WARN com.ruoyi.vqms.source.reader.SaveTimeGate -- 坏 save_time 跳过: 1600-01-01 23:59:59.999xyz
14:22:04.508 [main] WARN com.ruoyi.vqms.source.reader.SaveTimeGate -- 坏行共 1 行已跳过
14:22:04.508 [main] WARN com.ruoyi.vqms.source.reader.SaveTimeGate -- 坏 save_time 跳过: 2548-01-09
14:22:04.508 [main] WARN com.ruoyi.vqms.source.reader.SaveTimeGate -- 坏行共 1 行已跳过
14:22:04.509 [main] WARN com.ruoyi.vqms.source.reader.SaveTimeGate -- 坏 save_time 跳过: 2341-01-12 06:23:17.053xyz
14:22:04.509 [main] WARN com.ruoyi.vqms.source.reader.SaveTimeGate -- 坏行共 1 行已跳过
14:22:04.509 [main] WARN com.ruoyi.vqms.source.reader.SaveTimeGate -- 坏 save_time 跳过: 1656-11-23 07:20:28.764xyz
14:22:04.509 [main] WARN com.ruoyi.vqms.source.reader.SaveTimeGate -- 坏行共 1 行已跳过
14:22:04.510 [main] WARN com.ruoyi.vqms.source.reader.SaveTimeGate -- 坏 save_time 跳过: 2650-02-18
14:22:04.510 [main] WARN com.ruoyi.vqms.source.reader.SaveTimeGate -- 坏行共 1 行已跳过
14:22:04.510 [main] WARN com.ruoyi.vqms.source.reader.SaveTimeGate -- 坏 save_time 跳过: 1600-01-01 23:59:59.999xyz
14:22:04.510 [main] WARN com.ruoyi.vqms.source.reader.SaveTimeGate -- 坏行共 1 行已跳过
14:22:04.510 [main] WARN com.ruoyi.vqms.source.reader.SaveTimeGate -- 坏 save_time 跳过: 1600-01-01 23:59:59.999xyz
14:22:04.510 [main] WARN com.ruoyi.vqms.source.reader.SaveTimeGate -- 坏行共 1 行已跳过
14:22:04.510 [main] WARN com.ruoyi.vqms.source.reader.SaveTimeGate -- 坏 save_time 跳过: 182-06-13 15:11:35.663
14:22:04.510 [main] WARN com.ruoyi.vqms.source.reader.SaveTimeGate -- 坏行共 1 行已跳过
14:22:04.510 [main] WARN com.ruoyi.vqms.source.reader.SaveTimeGate -- 坏 save_time 跳过: 2672-04-14#00:13:55.088
14:22:04.510 [main] WARN com.ruoyi.vqms.source.reader.SaveTimeGate -- 坏行共 1 行已跳过
14:22:04.510 [main] WARN com.ruoyi.vqms.source.reader.SaveTimeGate -- 坏 save_time 跳过: 2864-06-25 21:3#:07.372
14:22:04.510 [main] WARN com.ruoyi.vqms.source.reader.SaveTimeGate -- 坏行共 1 行已跳过
14:22:04.510 [main] WARN com.ruoyi.vqms.source.reader.SaveTimeGate -- 坏 save_time 跳过: 2305-08-12 18:16:33762
14:22:04.510 [main] WARN com.ruoyi.vqms.source.reader.SaveTimeGate -- 坏行共 1 行已跳过
14:22:04.511 [main] WARN com.ruoyi.vqms.source.reader.SaveTimeGate -- 坏 save_time 跳过: 1613-06-28 11:51:14.723xyz
14:22:04.511 [main] WARN com.ruoyi.vqms.source.reader.SaveTimeGate -- 坏行共 1 行已跳过
14:22:04.511 [main] WARN com.ruoyi.vqms.source.reader.SaveTimeGate -- 坏 save_time 跳过: 2752-03-05 21:20
14:22:04.511 [main] WARN com.ruoyi.vqms.source.reader.SaveTimeGate -- 坏行共 1 行已跳过
14:22:04.511 [main] WARN com.ruoyi.vqms.source.reader.SaveTimeGate -- 坏 save_time 跳过: 2291-12-08
14:22:04.511 [main] WARN com.ruoyi.vqms.source.reader.SaveTimeGate -- 坏行共 1 行已跳过
14:22:04.511 [main] WARN com.ruoyi.vqms.source.reader.SaveTimeGate -- 坏 save_time 跳过: 1917-07-08 0:07:40.128
14:22:04.511 [main] WARN com.ruoyi.vqms.source.reader.SaveTimeGate -- 坏行共 1 行已跳过
14:22:04.511 [main] WARN com.ruoyi.vqms.source.reader.SaveTimeGate -- 坏 save_time 跳过: 1987-07-09
14:22:04.511 [main] WARN com.ruoyi.vqms.source.reader.SaveTimeGate -- 坏行共 1 行已跳过
14:22:04.512 [main] WARN com.ruoyi.vqms.source.reader.SaveTimeGate -- 坏 save_time 跳过: 1602-9-10 09:05:33.212
14:22:04.512 [main] WARN com.ruoyi.vqms.source.reader.SaveTimeGate -- 坏行共 1 行已跳过
14:22:04.512 [main] WARN com.ruoyi.vqms.source.reader.SaveTimeGate -- 坏 save_time 跳过: 2974-12-04#02:09:26.778
14:22:04.512 [main] WARN com.ruoyi.vqms.source.reader.SaveTimeGate -- 坏行共 1 行已跳过
14:22:04.512 [main] WARN com.ruoyi.vqms.source.reader.SaveTimeGate -- 坏 save_time 跳过: 1600-01-01 23:59:59.999xyz
14:22:04.512 [main] WARN com.ruoyi.vqms.source.reader.SaveTimeGate -- 坏行共 1 行已跳过
14:22:04.512 [main] WARN com.ruoyi.vqms.source.reader.SaveTimeGate -- 坏 save_time 跳过: 2933-09-05 13:26:59.220xyz
14:22:04.512 [main] WARN com.ruoyi.vqms.source.reader.SaveTimeGate -- 坏行共 1 行已跳过
14:22:04.512 [main] WARN com.ruoyi.vqms.source.reader.SaveTimeGate -- 坏 save_time 跳过: 1690#08-15 02:06:31.809
14:22:04.512 [main] WARN com.ruoyi.vqms.source.reader.SaveTimeGate -- 坏行共 1 行已跳过
14:22:04.512 [main] WARN com.ruoyi.vqms.source.reader.SaveTimeGate -- 坏 save_time 跳过: 1600-01-01 23:59:59.999xyz
14:22:04.512 [main] WARN com.ruoyi.vqms.source.reader.SaveTimeGate -- 坏行共 1 行已跳过
14:22:04.513 [main] WARN com.ruoyi.vqms.source.reader.SaveTimeGate -- 坏 save_time 跳过: 2663-02-03 17:09:51#895
14:22:04.513 [main] WARN com.ruoyi.vqms.source.reader.SaveTimeGate -- 坏行共 1 行已跳过
14:22:04.513 [main] WARN com.ruoyi.vqms.source.reader.SaveTimeGate -- 坏 save_time 跳过: 2260-11-05 02:50:26.277xyz
14:22:04.513 [main] WARN com.ruoyi.vqms.source.reader.SaveTimeGate -- 坏行共 1 行已跳过
14:22:04.513 [main] WARN com.ruoyi.vqms.source.reader.SaveTimeGate -- 坏 save_time 跳过: 1751-01-27 #5:44:49.940
14:22:04.513 [main] WARN com.ruoyi.vqms.source.reader.SaveTimeGate -- 坏行共 1 行已跳过
14:22:04.513 [main] WARN com.ruoyi.vqms.source.reader.SaveTimeGate -- 坏 save_time 跳过: 2058-0909 23:03:33.108
14:22:04.513 [main] WARN com.ruoyi.vqms.source.reader.SaveTimeGate -- 坏行共 1 行已跳过
14:22:04.513 [main] WARN com.ruoyi.vqms.source.reader.SaveTimeGate -- 坏 save_time 跳过: 1842-08-06 20:40:59.944xyz
14:22:04.513 [main] WARN com.ruoyi.vqms.source.reader.SaveTimeGate -- 坏行共 1 行已跳过
14:22:04.514 [main] WARN com.ruoyi.vqms.source.reader.SaveTimeGate -- 坏 save_time 跳过: 1829-06-28 10:40:37#648
14:22:04.514 [main] WARN com.ruoyi.vqms.source.reader.SaveTimeGate -- 坏行共 1 行已跳过
14:22:04.514 [main] WARN com.ruoyi.vqms.source.reader.SaveTimeGate -- 坏 save_time 跳过: 912-08-09 18:47:18.016
14:22:04.514 [main] WARN com.ruoyi.vqms.source.reader.SaveTimeGate -- 坏行共 1 行已跳过
14:22:04.514 [main] WARN com.ruoyi.vqms.source.reader.SaveTimeGate -- 坏 save_time 跳过: 1600-01-01 23:59:59.999xyz
14:22:04.514 [main] WARN com.ruoyi.vqms.source.reader.SaveTimeGate -- 坏行共 1 行已跳过
14:22:04.514 [main] WARN com.ruoyi.vqms.source.reader.SaveTimeGate -- 坏 save_time 跳过: 2738-0-06 22:12:26.172
14:22:04.514 [main] WARN com.ruoyi.vqms.source.reader.SaveTimeGate -- 坏行共 1 行已跳过
14:22:04.514 [main] WARN com.ruoyi.vqms.source.reader.SaveTimeGate -- 坏 save_time 跳过: 1600-01-01 23:59:59.999xyz
14:22:04.514 [main] WARN com.ruoyi.vqms.source.reader.SaveTimeGate -- 坏行共 1 行已跳过
14:22:04.514 [main] WARN com.ruoyi.vqms.source.reader.SaveTimeGate -- 坏 save_time 跳过: 1831-04-28 0#:40:06.902
14:22:04.514 [main] WARN com.ruoyi.vqms.source.reader.SaveTimeGate -- 坏行共 1 行已跳过
14:22:04.515 [main] WARN com.ruoyi.vqms.source.reader.SaveTimeGate -- 坏 save_time 跳过: 2127-03-28 11#09:16.914
14:22:04.515 [main] WARN com.ruoyi.vqms.source.reader.SaveTimeGate -- 坏行共 1 行已跳过
14:22:04.515 [main] WARN com.ruoyi.vqms.source.reader.SaveTimeGate -- 坏 save_time 跳过: 2615-06-28 07:17:#3.606
14:22:04.515 [main] WARN com.ruoyi.vqms.source.reader.SaveTimeGate -- 坏行共 1 行已跳过
14:22:04.516 [main] WARN com.ruoyi.vqms.source.reader.SaveTimeGate -- 坏 save_time 跳过: 2054-11-12 16:12:23.737xyz
14:22:04.516 [main] WARN com.ruoyi.vqms.source.reader.SaveTimeGate -- 坏行共 1 行已跳过
14:22:04.516 [main] WARN com.ruoyi.vqms.source.reader.SaveTimeGate -- 坏 save_time 跳过: 213907-24 09:07:41.814
14:22:04.516 [main] WARN com.ruoyi.vqms.source.reader.SaveTimeGate -- 坏行共 1 行已跳过
14:22:04.516 [main] WARN com.ruoyi.vqms.source.reader.SaveTimeGate -- 坏 save_time 跳过: 1600-01-01 23:59:59.999xyz
14:22:04.516 [main] WARN com.ruoyi.vqms.source.reader.SaveTimeGate -- 坏行共 1 行已跳过
14:22:04.516 [main] WARN com.ruoyi.vqms.source.reader.SaveTimeGate -- 坏 save_time 跳过: 2534-08-05 01:28:0
14:22:04.516 [main] WARN com.ruoyi.vqms.source.reader.SaveTimeGate -- 坏行共 1 行已跳过
14:22:04.516 [main] WARN com.ruoyi.vqms.source.reader.SaveTimeGate -- 坏 save_time 跳过: 1649-1#-25 06:05:34.542
14:22:04.516 [main] WARN com.ruoyi.vqms.source.reader.SaveTimeGate -- 坏行共 1 行已跳过
14:22:04.517 [main] WARN com.ruoyi.vqms.source.reader.SaveTimeGate -- 坏 save_time 跳过: 2506-05-4 00:10:36.044
14:22:04.517 [main] WARN com.ruoyi.vqms.source.reader.SaveTimeGate -- 坏行共 1 行已跳过
14:22:04.517 [main] WARN com.ruoyi.vqms.source.reader.SaveTimeGate -- 坏 save_time 跳过: 2353-08-18 18:
14:22:04.517 [main] WARN com.ruoyi.vqms.source.reader.SaveTimeGate -- 坏行共 1 行已跳过
14:22:04.517 [main] WARN com.ruoyi.vqms.source.reader.SaveTimeGate -- 坏 save_time 跳过: 1600-01-0# 23:59:59.999
14:22:04.517 [main] WARN com.ruoyi.vqms.source.reader.SaveTimeGate -- 坏行共 1 行已跳过
14:22:04.517 [main] WARN com.ruoyi.vqms.source.reader.SaveTimeGate -- 坏 save_time 跳过: 2900-03-16 
14:22:04.517 [main] WARN com.ruoyi.vqms.source.reader.SaveTimeGate -- 坏行共 1 行已跳过
14:22:04.517 [main] WARN com.ruoyi.vqms.source.reader.SaveTimeGate -- 坏 save_time 跳过: 1980-10-1# 02:45:38.259
14:22:04.517 [main] WARN com.ruoyi.vqms.source.reader.SaveTimeGate -- 坏行共 1 行已跳过
14:22:04.517 [main] WARN com.ruoyi.vqms.source.reader.SaveTimeGate -- 坏 save_time 跳过: 2620-07-1213:58:15.030
14:22:04.517 [main] WARN com.ruoyi.vqms.source.reader.SaveTimeGate -- 坏行共 1 行已跳过
14:22:04.518 [main] WARN com.ruoyi.vqms.source.reader.SaveTimeGate -- 坏 save_time 跳过: #743-10-21 09:25:52.674
14:22:04.518 [main] WARN com.ruoyi.vqms.source.reader.SaveTimeGate -- 坏行共 1 行已跳过
14:22:04.518 [main] WARN com.ruoyi.vqms.source.reader.SaveTimeGate -- 坏 save_time 跳过: 2796-04-25 22#19:17.911
14:22:04.518 [main] WARN com.ruoyi.vqms.source.reader.SaveTimeGate -- 坏行共 1 行已跳过
14:22:04.518 [main] WARN com.ruoyi.vqms.source.reader.SaveTimeGate -- 坏 save_time 跳过: 2175-04-27 18:06#57.828
14:22:04.518 [main] WARN com.ruoyi.vqms.source.reader.SaveTimeGate -- 坏行共 1 行已跳过
14:22:04.519 [main] WARN com.ruoyi.vqms.source.reader.SaveTimeGate -- 坏 save_time 跳过: 2994-01-08 21:17:22.092xyz
14:22:04.519 [main] WARN com.ruoyi.vqms.source.reader.SaveTimeGate -- 坏行共 1 行已跳过
14:22:04.519 [main] WARN com.ruoyi.vqms.source.reader.SaveTimeGate -- 坏 save_time 跳过: 1958-5-04 14:49:11.008
14:22:04.519 [main] WARN com.ruoyi.vqms.source.reader.SaveTimeGate -- 坏行共 1 行已跳过
14:22:04.520 [main] WARN com.ruoyi.vqms.source.reader.SaveTimeGate -- 坏 save_time 跳过: 299-09-27 21:12:08.362
14:22:04.520 [main] WARN com.ruoyi.vqms.source.reader.SaveTimeGate -- 坏行共 1 行已跳过
14:22:04.520 [main] WARN com.ruoyi.vqms.source.reader.SaveTimeGate -- 坏 save_time 跳过: 2359#08-20 20:00:15.044
[...]
14:22:04.598 [main] WARN com.ruoyi.vqms.source.reader.SaveTimeGate -- 坏 save_time 跳过: 1717-07-27 18:18:34.764xyz
14:22:04.598 [main] WARN com.ruoyi.vqms.source.reader.SaveTimeGate -- 坏行共 1 行已跳过
14:22:04.599 [main] WARN com.ruoyi.vqms.source.reader.SaveTimeGate -- 坏 save_time 跳过: 188-01-20 13:06:09.496
14:22:04.599 [main] WARN com.ruoyi.vqms.source.reader.SaveTimeGate -- 坏行共 1 行已跳过
14:22:04.599 [main] WARN com.ruoyi.vqms.source.reader.SaveTimeGate -- 坏 save_time 跳过: 2195-07-20 21:52:42.8#3
14:22:04.599 [main] WARN com.ruoyi.vqms.source.reader.SaveTimeGate -- 坏行共 1 行已跳过
14:22:04.599 [main] WARN com.ruoyi.vqms.source.reader.SaveTimeGate -- 坏 save_time 跳过: 2538-02-16
14:22:04.599 [main] WARN com.ruoyi.vqms.source.reader.SaveTimeGate -- 坏行共 1 行已跳过
14:22:04.599 [main] WARN com.ruoyi.vqms.source.reader.SaveTimeGate -- 坏 save_time 跳过: 2209-03-05 16:11:15.614xyz
14:22:04.599 [main] WARN com.ruoyi.vqms.source.reader.SaveTimeGate -- 坏行共 1 行已跳过
14:22:04.599 [main] WARN com.ruoyi.vqms.source.reader.SaveTimeGate -- 坏 save_time 跳过: 2259-02-09 03:24:14.108xyz
14:22:04.599 [main] WARN com.ruoyi.vqms.source.reader.SaveTimeGate -- 坏行共 1 行已跳过
14:22:04.599 [main] WARN com.ruoyi.vqms.source.reader.SaveTimeGate -- 坏 save_time 跳过: 2636-07-10 16:54:27.864xyz
14:22:04.599 [main] WARN com.ruoyi.vqms.source.reader.SaveTimeGate -- 坏行共 1 行已跳过
14:22:04.600 [main] WARN com.ruoyi.vqms.source.reader.SaveTimeGate -- 坏 save_time 跳过: 2379-01-24 11:#0:17.380
14:22:04.600 [main] WARN com.ruoyi.vqms.source.reader.SaveTimeGate -- 坏行共 1 行已跳过
14:22:04.600 [main] WARN com.ruoyi.vqms.source.reader.SaveTimeGate -- 坏 save_time 跳过: 1600-02-29 23:59:59.999xyz
14:22:04.600 [main] WARN com.ruoyi.vqms.source.reader.SaveTimeGate -- 坏行共 1 行已跳过
14:22:04.600 [main] WARN com.ruoyi.vqms.source.reader.SaveTimeGate -- 坏 save_time 跳过: 2865-12-18 03:51:
14:22:04.600 [main] WARN com.ruoyi.vqms.source.reader.SaveTimeGate -- 坏行共 1 行已跳过
14:22:04.600 [main] WARN com.ruoyi.vqms.source.reader.SaveTimeGate -- 坏 save_time 跳过: 2970-12#25 18:10:42.337
14:22:04.600 [main] WARN com.ruoyi.vqms.source.reader.SaveTimeGate -- 坏行共 1 行已跳过
14:22:04.600 [main] WARN com.ruoyi.vqms.source.reader.SaveTimeGate -- 坏 save_time 跳过: 1730-01-04 23:54:52.157xyz
14:22:04.600 [main] WARN com.ruoyi.vqms.source.reader.SaveTimeGate -- 坏行共 1 行已跳过
14:22:04.601 [main] WARN com.ruoyi.vqms.source.reader.SaveTimeGate -- 坏 save_time 跳过: 2003-05-21 23:05:30.312xyz
14:22:04.601 [main] WARN com.ruoyi.vqms.source.reader.SaveTimeGate -- 坏行共 1 行已跳过
14:22:04.601 [main] WARN com.ruoyi.vqms.source.reader.SaveTimeGate -- 坏 save_time 跳过: 1600-02-29
14:22:04.601 [main] WARN com.ruoyi.vqms.source.reader.SaveTimeGate -- 坏行共 1 行已跳过
14:22:04.601 [main] WARN com.ruoyi.vqms.source.reader.SaveTimeGate -- 坏 save_time 跳过: 216-03-28 14:47:57.364
14:22:04.601 [main] WARN com.ruoyi.vqms.source.reader.SaveTimeGate -- 坏行共 1 行已跳过
14:22:04.601 [main] WARN com.ruoyi.vqms.source.reader.SaveTimeGate -- 坏 save_time 跳过: 2355-09-24 2052:21.280
14:22:04.601 [main] WARN com.ruoyi.vqms.source.reader.SaveTimeGate -- 坏行共 1 行已跳过
14:22:04.601 [main] WARN com.ruoyi.vqms.source.reader.SaveTimeGate -- 坏 save_time 跳过: 2196-08-3016:20:30.186
14:22:04.601 [main] WARN com.ruoyi.vqms.source.reader.SaveTimeGate -- 坏行共 1 行已跳过
14:22:04.601 [main] WARN com.ruoyi.vqms.source.reader.SaveTimeGate -- 坏 save_time 跳过: 1895-02-07 11:17:57.880xyz
14:22:04.601 [main] WARN com.ruoyi.vqms.source.reader.SaveTimeGate -- 坏行共 1 行已跳过
14:22:04.602 [main] WARN com.ruoyi.vqms.source.reader.SaveTimeGate -- 坏 save_time 跳过: 2981-01-09 04:09:10.689xyz
14:22:04.602 [main] WARN com.ruoyi.vqms.source.reader.SaveTimeGate -- 坏行共 1 行已跳过
14:22:04.602 [main] WARN com.ruoyi.vqms.source.reader.SaveTimeGate -- 坏 save_time 跳过: 2002#03-28 06:24:30.083
14:22:04.602 [main] WARN com.ruoyi.vqms.source.reader.SaveTimeGate -- 坏行共 1 行已跳过
14:22:04.602 [main] WARN com.ruoyi.vqms.source.reader.SaveTimeGate -- 坏 save_time 跳过: 2517-01-29
14:22:04.602 [main] WARN com.ruoyi.vqms.source.reader.SaveTimeGate -- 坏行共 1 行已跳过
14:22:04.603 [main] WARN com.ruoyi.vqms.source.reader.SaveTimeGate -- 坏 save_time 跳过: 1600-02-29 23:59:59.999xyz
14:22:04.603 [main] WARN com.ruoyi.vqms.source.reader.SaveTimeGate -- 坏行共 1 行已跳过
14:22:04.603 [main] WARN com.ruoyi.vqms.source.reader.SaveTimeGate -- 坏 save_time 跳过: 2976-10-14 07:00:#8.577
14:22:04.603 [main] WARN com.ruoyi.vqms.source.reader.SaveTimeGate -- 坏行共 1 行已跳过
14:22:04.603 [main] WARN com.ruoyi.vqms.source.reader.SaveTimeGate -- 坏 save_time 跳过: 2165-11-29 15:14:12.343xyz
14:22:04.603 [main] WARN com.ruoyi.vqms.source.reader.SaveTimeGate -- 坏行共 1 行已跳过
14:22:04.603 [main] WARN com.ruoyi.vqms.source.reader.SaveTimeGate -- 坏 save_time 跳过: 2661-08-21
14:22:04.603 [main] WARN com.ruoyi.vqms.source.reader.SaveTimeGate -- 坏行共 1 行已跳过
14:22:04.603 [main] WARN com.ruoyi.vqms.source.reader.SaveTimeGate -- 坏 save_time 跳过: 2060-12-16 07:56:30.797xyz
14:22:04.603 [main] WARN com.ruoyi.vqms.source.reader.SaveTimeGate -- 坏行共 1 行已跳过
14:22:04.604 [main] WARN com.ruoyi.vqms.source.reader.SaveTimeGate -- 坏 save_time 跳过: 1600-01-0# 23:59:59.999
14:22:04.604 [main] WARN com.ruoyi.vqms.source.reader.SaveTimeGate -- 坏行共 1 行已跳过
14:22:04.604 [main] WARN com.ruoyi.vqms.source.reader.SaveTimeGate -- 坏 save_time 跳过: 1600-02-29
14:22:04.604 [main] WARN com.ruoyi.vqms.source.reader.SaveTimeGate -- 坏行共 1 行已跳过
14:22:04.604 [main] WARN com.ruoyi.vqms.source.reader.SaveTimeGate -- 坏 save_time 跳过: 1733-01-24 9:56:57.488
14:22:04.604 [main] WARN com.ruoyi.vqms.source.reader.SaveTimeGate -- 坏行共 1 行已跳过
14:22:04.604 [main] WARN com.ruoyi.vqms.source.reader.SaveTimeGate -- 坏 save_time 跳过: 1795-12-03 18:44:37.258xyz
14:22:04.604 [main] WARN com.ruoyi.vqms.source.reader.SaveTimeGate -- 坏行共 1 行已跳过
14:22:04.604 [main] WARN com.ruoyi.vqms.source.reader.SaveTimeGate -- 坏 save_time 跳过: 2951-08-21
14:22:04.604 [main] WARN com.ruoyi.vqms.source.reader.SaveTimeGate -- 坏行共 1 行已跳过
14:22:04.604 [main] WARN com.ruoyi.vqms.source.reader.SaveTimeGate -- 坏 save_time 跳过: 2092-04-18 01:08:#0.006
14:22:04.604 [main] WARN com.ruoyi.vqms.source.reader.SaveTimeGate -- 坏行共 1 行已跳过
14:22:04.604 [main] WARN com.ruoyi.vqms.source.reader.SaveTimeGate -- 坏 save_time 跳过: 2718-01-13 11:32:42.122xyz
14:22:04.604 [main] WARN com.ruoyi.vqms.source.reader.SaveTimeGate -- 坏行共 1 行已跳过
14:22:04.605 [main] WARN com.ruoyi.vqms.source.reader.SaveTimeGate -- 坏 save_time 跳过: 1689-02-01
14:22:04.605 [main] WARN com.ruoyi.vqms.source.reader.SaveTimeGate -- 坏行共 1 行已跳过
14:22:04.605 [main] WARN com.ruoyi.vqms.source.reader.SaveTimeGate -- 坏 save_time 跳过: 2596-07-12 09:37
14:22:04.605 [main] WARN com.ruoyi.vqms.source.reader.SaveTimeGate -- 坏行共 1 行已跳过
14:22:04.605 [main] WARN com.ruoyi.vqms.source.reader.SaveTimeGate -- 坏 save_time 跳过: 2334-09-09 19:50:59.040xyz
14:22:04.605 [main] WARN com.ruoyi.vqms.source.reader.SaveTimeGate -- 坏行共 1 行已跳过
14:22:04.605 [main] WARN com.ruoyi.vqms.source.reader.SaveTimeGate -- 坏 save_time 跳过: 1610-10-21 12:39:09.015xyz
14:22:04.605 [main] WARN com.ruoyi.vqms.source.reader.SaveTimeGate -- 坏行共 1 行已跳过
14:22:04.605 [main] WARN com.ruoyi.vqms.source.reader.SaveTimeGate -- 坏 save_time 跳过: 2440-02-11
14:22:04.605 [main] WARN com.ruoyi.vqms.source.reader.SaveTimeGate -- 坏行共 1 行已跳过
14:22:04.605 [main] WARN com.ruoyi.vqms.source.reader.SaveTimeGate -- 坏 save_time 跳过: 1600-02-29
14:22:04.605 [main] WARN com.ruoyi.vqms.source.reader.SaveTimeGate -- 坏行共 1 行已跳过
14:22:04.605 [main] WARN com.ruoyi.vqms.source.reader.SaveTimeGate -- 坏 save_time 跳过: 1827-07-08 11:33:37.140xyz
14:22:04.605 [main] WARN com.ruoyi.vqms.source.reader.SaveTimeGate -- 坏行共 1 行已跳过
14:22:04.606 [main] WARN com.ruoyi.vqms.source.reader.SaveTimeGate -- 坏 save_time 跳过: 1972-10-08 00
14:22:04.606 [main] WARN com.ruoyi.vqms.source.reader.SaveTimeGate -- 坏行共 1 行已跳过
14:22:04.606 [main] WARN com.ruoyi.vqms.source.reader.SaveTimeGate -- 坏 save_time 跳过: 170605-15 06:16:26.152
14:22:04.606 [main] WARN com.ruoyi.vqms.source.reader.SaveTimeGate -- 坏行共 1 行已跳过
14:22:04.606 [main] WARN com.ruoyi.vqms.source.reader.SaveTimeGate -- 坏 save_time 跳过: #080-10-10 18:40:03.202
14:22:04.606 [main] WARN com.ruoyi.vqms.source.reader.SaveTimeGate -- 坏行共 1 行已跳过
14:22:04.607 [main] WARN com.ruoyi.vqms.source.reader.SaveTimeGate -- 坏 save_time 跳过: 1600-02-29
14:22:04.607 [main] WARN com.ruoyi.vqms.source.reader.SaveTimeGate -- 坏行共 1 行已跳过
14:22:04.607 [main] WARN com.ruoyi.vqms.source.reader.SaveTimeGate -- 坏 save_time 跳过: 1676-12-12 21:01:01.540xyz
14:22:04.607 [main] WARN com.ruoyi.vqms.source.reader.SaveTimeGate -- 坏行共 1 行已跳过
14:22:04.608 [main] WARN com.ruoyi.vqms.source.reader.SaveTimeGate -- 坏 save_time 跳过: 2385-05-16 11:
14:22:04.608 [main] WARN com.ruoyi.vqms.source.reader.SaveTimeGate -- 坏行共 1 行已跳过
14:22:04.608 [main] WARN com.ruoyi.vqms.source.reader.SaveTimeGate -- 坏 save_time 跳过: 2705-03-07 1:12:09.975
14:22:04.608 [main] WARN com.ruoyi.vqms.source.reader.SaveTimeGate -- 坏行共 1 行已跳过
14:22:04.609 [main] WARN com.ruoyi.vqms.source.reader.SaveTimeGate -- 坏 save_time 跳过: 1982-04-23 5:58:37.241
14:22:04.609 [main] WARN com.ruoyi.vqms.source.reader.SaveTimeGate -- 坏行共 1 行已跳过
14:22:04.609 [main] WARN com.ruoyi.vqms.source.reader.SaveTimeGate -- 坏 save_time 跳过: 2686-#5-04 09:13:24.173
14:22:04.609 [main] WARN com.ruoyi.vqms.source.reader.SaveTimeGate -- 坏行共 1 行已跳过
14:22:04.609 [main] WARN com.ruoyi.vqms.source.reader.SaveTimeGate -- 坏 save_time 跳过: 2469-05-25 15:39:07.
14:22:04.609 [main] WARN com.ruoyi.vqms.source.reader.SaveTimeGate -- 坏行共 1 行已跳过
14:22:04.609 [main] WARN com.ruoyi.vqms.source.reader.SaveTimeGate -- 坏 save_time 跳过: 1600-02-29
14:22:04.609 [main] WARN com.ruoyi.vqms.source.reader.SaveTimeGate -- 坏行共 1 行已跳过
14:22:04.609 [main] WARN com.ruoyi.vqms.source.reader.SaveTimeGate -- 坏 save_time 跳过: 2534-04-22 00:00:0.000
14:22:04.609 [main] WARN com.ruoyi.vqms.source.reader.SaveTimeGate -- 坏行共 1 行已跳过
14:22:04.609 [main] WARN com.ruoyi.vqms.source.reader.SaveTimeGate -- 坏 save_time 跳过: 2807-04-07 02:25:0.292
14:22:04.609 [main] WARN com.ruoyi.vqms.source.reader.SaveTimeGate -- 坏行共 1 行已跳过
14:22:04.609 [main] WARN com.ruoyi.vqms.source.reader.SaveTimeGate -- 坏 save_time 跳过: 1788-06-22 16:0
14:22:04.609 [main] WARN com.ruoyi.vqms.source.reader.SaveTimeGate -- 坏行共 1 行已跳过
14:22:04.610 [main] WARN com.ruoyi.vqms.source.reader.SaveTimeGate -- 坏 save_time 跳过: 1983-12-16 1:25:09.838
14:22:04.610 [main] WARN com.ruoyi.vqms.source.reader.SaveTimeGate -- 坏行共 1 行已跳过
14:22:04.610 [main] WARN com.ruoyi.vqms.source.reader.SaveTimeGate -- 坏 save_time 跳过: 2181-12-04 08:15:51.427xyz
14:22:04.610 [main] WARN com.ruoyi.vqms.source.reader.SaveTimeGate -- 坏行共 1 行已跳过
14:22:04.610 [main] WARN com.ruoyi.vqms.source.reader.SaveTimeGate -- 坏 save_time 跳过: 2280-01-20 16:09:22.363xyz
14:22:04.610 [main] WARN com.ruoyi.vqms.source.reader.SaveTimeGate -- 坏行共 1 行已跳过
14:22:04.610 [main] WARN com.ruoyi.vqms.source.reader.SaveTimeGate -- 坏 save_time 跳过: 2999-12-31 23:
14:22:04.610 [main] WARN com.ruoyi.vqms.source.reader.SaveTimeGate -- 坏行共 1 行已跳过
14:22:04.610 [main] WARN com.ruoyi.vqms.source.reader.SaveTimeGate -- 坏 save_time 跳过: 2429-10-17 0
14:22:04.610 [main] WARN com.ruoyi.vqms.source.reader.SaveTimeGate -- 坏行共 1 行已跳过
14:22:04.610 [main] WARN com.ruoyi.vqms.source.reader.SaveTimeGate -- 坏 save_time 跳过: 1600-02-29
14:22:04.610 [main] WARN com.ruoyi.vqms.source.reader.SaveTimeGate -- 坏行共 1 行已跳过
14:22:04.610 [main] WARN com.ruoyi.vqms.source.reader.SaveTimeGate -- 坏 save_time 跳过: 2774-03-13
14:22:04.610 [main] WARN com.ruoyi.vqms.source.reader.SaveTimeGate -- 坏行共 1 行已跳过
14:22:04.611 [main] WARN com.ruoyi.vqms.source.reader.SaveTimeGate -- 坏 save_time 跳过: 2124-07-15 17:2:54.801
14:22:04.611 [main] WARN com.ruoyi.vqms.source.reader.SaveTimeGate -- 坏行共 1 行已跳过
14:22:04.611 [main] WARN com.ruoyi.vqms.source.reader.SaveTimeGate -- 坏 save_time 跳过: 2924-08-14#02:43:25.643
14:22:04.611 [main] WARN com.ruoyi.vqms.source.reader.SaveTimeGate -- 坏行共 1 行已跳过
14:22:04.611 [main] WARN com.ruoyi.vqms.source.reader.SaveTimeGate -- 坏 save_time 跳过: 1893-11-22 17:17:09.087xyz
14:22:04.611 [main] WARN com.ruoyi.vqms.source.reader.SaveTimeGate -- 坏行共 1 行已跳过
14:22:04.612 [main] WARN com.ruoyi.vqms.source.reader.SaveTimeGate -- 坏 save_time 跳过: 2134-04-08 08:5:37.833
14:22:04.612 [main] WARN com.ruoyi.vqms.source.reader.SaveTimeGate -- 坏行共 1 行已跳过
14:22:04.612 [main] WARN com.ruoyi.vqms.source.reader.SaveTimeGate -- 坏 save_time 跳过: 2562-#1-26 05:29:21.252
14:22:04.613 [main] WARN com.ruoyi.vqms.source.reader.SaveTimeGate -- 坏行共 1 行已跳过
14:22:04.613 [main] WARN com.ruoyi.vqms.source.reader.SaveTimeGate -- 坏 save_time 跳过: 2002-04-19 0
14:22:04.613 [main] WARN com.ruoyi.vqms.source.reader.SaveTimeGate -- 坏行共 1 行已跳过
14:22:04.613 [main] WARN com.ruoyi.vqms.source.reader.SaveTimeGate -- 坏 save_time 跳过: 2911-12-06 03:3457.103
14:22:04.613 [main] WARN com.ruoyi.vqms.source.reader.SaveTimeGate -- 坏行共 1 行已跳过
14:22:04.613 [main] WARN com.ruoyi.vqms.source.reader.SaveTimeGate -- 坏 save_time 跳过: 2024-07-15 01:21:58.363xyz
14:22:04.613 [main] WARN com.ruoyi.vqms.source.reader.SaveTimeGate -- 坏行共 1 行已跳过
14:22:04.613 [main] WARN com.ruoyi.vqms.source.reader.SaveTimeGate -- 坏 save_time 跳过: 1600-02-29
14:22:04.613 [main] WARN com.ruoyi.vqms.source.reader.SaveTimeGate -- 坏行共 1 行已跳过
14:22:04.613 [main] WARN com.ruoyi.vqms.source.reader.SaveTimeGate -- 坏 save_time 跳过: 1866-07-09 16:56:53.918xyz
14:22:04.613 [main] WARN com.ruoyi.vqms.source.reader.SaveTimeGate -- 坏行共 1 行已跳过
14:22:04.614 [main] WARN com.ruoyi.vqms.source.reader.SaveTimeGate -- 坏 save_time 跳过: 2520-11-03 23:54:29.#42
14:22:04.614 [main] WARN com.ruoyi.vqms.source.reader.SaveTimeGate -- 坏行共 1 行已跳过
14:22:04.614 [main] WARN com.ruoyi.vqms.source.reader.SaveTimeGate -- 坏 save_time 跳过: 2#38-09-27 09:32:33.188
14:22:04.614 [main] WARN com.ruoyi.vqms.source.reader.SaveTimeGate -- 坏行共 1 行已跳过
14:22:04.614 [main] WARN com.ruoyi.vqms.source.reader.SaveTimeGate -- 坏 save_time 跳过: 2120-03-23 #9:56:10.790
14:22:04.614 [main] WARN com.ruoyi.vqms.source.reader.SaveTimeGate -- 坏行共 1 行已跳过
14:22:04.614 [main] WARN com.ruoyi.vqms.source.reader.SaveTimeGate -- 坏 save_time 跳过: 2684-12-10 20:2658.245
14:22:04.614 [main] WARN com.ruoyi.vqms.source.reader.SaveTimeGate -- 坏行共 1 行已跳过
14:22:04.614 [main] WARN com.ruoyi.vqms.source.reader.SaveTimeGate -- 坏 save_time 跳过: 2996-11#03 06:15:58.264
14:22:04.614 [main] WARN com.ruoyi.vqms.source.reader.SaveTimeGate -- 坏行共 1 行已跳过
14:22:04.614 [main] WARN com.ruoyi.vqms.source.reader.SaveTimeGate -- 坏 save_time 跳过: 2818-11-29 16:5:30.769
14:22:04.614 [main] WARN com.ruoyi.vqms.source.reader.SaveTimeGate -- 坏行共 1 行已跳过
14:22:04.614 [main] WARN com.ruoyi.vqms.source.reader.SaveTimeGate -- 坏 save_time 跳过: 1600-02-29
14:22:04.614 [main] WARN com.ruoyi.vqms.source.reader.SaveTimeGate -- 坏行共 1 行已跳过
14:22:04.615 [main] WARN com.ruoyi.vqms.source.reader.SaveTimeGate -- 坏 save_time 跳过: 285501-15 10:54:53.895
14:22:04.615 [main] WARN com.ruoyi.vqms.source.reader.SaveTimeGate -- 坏行共 1 行已跳过
14:22:04.615 [main] WARN com.ruoyi.vqms.source.reader.SaveTimeGate -- 坏 save_time 跳过: 2969-09-06 13:43:5
14:22:04.615 [main] WARN com.ruoyi.vqms.source.reader.SaveTimeGate -- 坏行共 1 行已跳过
14:22:04.615 [main] WARN com.ruoyi.vqms.source.reader.SaveTimeGate -- 坏 save_time 跳过: 1600-02-29
14:22:04.615 [main] WARN com.ruoyi.vqms.source.reader.SaveTimeGate -- 坏行共 1 行已跳过
14:22:04.615 [main] WARN com.ruoyi.vqms.source.reader.SaveTimeGate -- 坏 save_time 跳过: 211-06-15 01:07:28.383
14:22:04.615 [main] WARN com.ruoyi.vqms.source.reader.SaveTimeGate -- 坏行共 1 行已跳过
14:22:04.615 [main] WARN com.ruoyi.vqms.source.reader.SaveTimeGate -- 坏 save_time 跳过: 259-09-06 04:09:09.237
14:22:04.615 [main] WARN com.ruoyi.vqms.source.reader.SaveTimeGate -- 坏行共 1 行已跳过
14:22:04.615 [main] WARN com.ruoyi.vqms.source.reader.SaveTimeGate -- 坏 save_time 跳过: 1600-02-29
14:22:04.615 [main] WARN com.ruoyi.vqms.source.reader.SaveTimeGate -- 坏行共 1 行已跳过
14:22:04.615 [main] WARN com.ruoyi.vqms.source.reader.SaveTimeGate -- 坏 save_time 跳过: 2412-05-10 00:43:41.744xyz
14:22:04.615 [main] WARN com.ruoyi.vqms.source.reader.SaveTimeGate -- 坏行共 1 行已跳过
14:22:04.615 [main] WARN com.ruoyi.vqms.source.reader.SaveTimeGate -- 坏 save_time 跳过: 2073-03-15 14:4:17.682
14:22:04.615 [main] WARN com.ruoyi.vqms.source.reader.SaveTimeGate -- 坏行共 1 行已跳过
14:22:04.616 [main] WARN com.ruoyi.vqms.source.reader.SaveTimeGate -- 坏 save_time 跳过: 2001-03-26 21:57:43.853xyz
14:22:04.616 [main] WARN com.ruoyi.vqms.source.reader.SaveTimeGate -- 坏行共 1 行已跳过
timestamp = 2026-08-26T14:22:04.616992200, SaveTimeGatePropertyTest:prop 非法格式恒拦截且不抛 = 
                              |-----------------------jqwik-----------------------
tries = 1000                  | # of calls to property
checks = 1000                 | # of not rejected calls
generation = RANDOMIZED       | parameters are randomly generated
after-failure = SAMPLE_FIRST  | try previously failed sample, then previous seed
when-fixed-seed = ALLOW       | fixing the random seed is allowed
edge-cases#mode = MIXIN       | edge cases are mixed in
edge-cases#total = 150        | # of all combined edge cases
edge-cases#tried = 136        | # of edge cases tried in current run
seed = -4589904428818932839   | random seed to reproduce generated values


]]></system-out>
  </testcase>
  <testcase name="prop 粗筛窗口包含所有目标行" classname="com.ruoyi.vqms.source.reader.SaveTimeGatePropertyTest" time="0.125">
    <system-out><![CDATA[timestamp = 2026-08-26T14:22:04.742503200, SaveTimeGatePropertyTest:prop 粗筛窗口包含所有目标行 = 
                              |-----------------------jqwik-----------------------
tries = 1000                  | # of calls to property
checks = 1000                 | # of not rejected calls
generation = RANDOMIZED       | parameters are randomly generated
after-failure = SAMPLE_FIRST  | try previously failed sample, then previous seed
when-fixed-seed = ALLOW       | fixing the random seed is allowed
edge-cases#mode = MIXIN       | edge cases are mixed in
edge-cases#total = 210        | # of all combined edge cases
edge-cases#tried = 177        | # of edge cases tried in current run
seed = 1594707428437427398    | random seed to reproduce generated values


]]></system-out>
  </testcase>
  <testcase name="prop 合法格式恒通过" classname="com.ruoyi.vqms.source.reader.SaveTimeGatePropertyTest" time="0.123">
    <system-out><![CDATA[timestamp = 2026-08-26T14:22:04.866956900, SaveTimeGatePropertyTest:prop 合法格式恒通过 = 
                              |-----------------------jqwik-----------------------
tries = 1000                  | # of calls to property
checks = 1000                 | # of not rejected calls
generation = RANDOMIZED       | parameters are randomly generated
after-failure = SAMPLE_FIRST  | try previously failed sample, then previous seed
when-fixed-seed = ALLOW       | fixing the random seed is allowed
edge-cases#mode = MIXIN       | edge cases are mixed in
edge-cases#total = 750        | # of all combined edge cases
edge-cases#tried = 162        | # of edge cases tried in current run
seed = 944325542730425531     | random seed to reproduce generated values


]]></system-out>
  </testcase>
  <testcase name="prop 过滤恰好保留目标区间内的行" classname="com.ruoyi.vqms.source.reader.SaveTimeGatePropertyTest" time="0.108">
    <system-out><![CDATA[timestamp = 2026-08-26T14:22:04.975970200, SaveTimeGatePropertyTest:prop 过滤恰好保留目标区间内的行 = 
                              |-----------------------jqwik-----------------------
tries = 1000                  | # of calls to property
checks = 1000                 | # of not rejected calls
generation = RANDOMIZED       | parameters are randomly generated
after-failure = SAMPLE_FIRST  | try previously failed sample, then previous seed
when-fixed-seed = ALLOW       | fixing the random seed is allowed
edge-cases#mode = MIXIN       | edge cases are mixed in
edge-cases#total = 210        | # of all combined edge cases
edge-cases#tried = 191        | # of edge cases tried in current run
seed = 5491560178272739461    | random seed to reproduce generated values


]]></system-out>
  </testcase>
</testsuite>