<?xml version="1.0" encoding="UTF-8"?>
<testsuite xmlns:xsi="http://www.w3.org/2001/XMLSchema-instance" xsi:noNamespaceSchemaLocation="https://maven.apache.org/surefire/maven-surefire-plugin/xsd/surefire-test-report-3.0.xsd" version="3.0" name="com.ruoyi.vqms.source.reader.SaveTimeGatePropertyTest" time="2.123" tests="4" errors="0" skipped="0" failures="0">
  <properties>
[...]
</properties>
  <testcase name="prop 非法格式恒拦截且不抛" classname="com.ruoyi.vqms.source.reader.SaveTimeGatePropertyTest" time="1.338">
    <system-out><![CDATA[13:50:44.721 [main] WARN com.ruoyi.vqms.source.reader.SaveTimeGate -- 坏 save_time 跳过: 1#18-03-18 05:34:45.710
13:50:44.722 [main] WARN com.ruoyi.vqms.source.reader.SaveTimeGate -- 坏行共 1 行已跳过
13:50:44.726 [main] WARN com.ruoyi.vqms.source.reader.SaveTimeGate -- 坏 save_time 跳过: 1600-01-0 00:00:00.000
13:50:44.726 [main] WARN com.ruoyi.vqms.source.reader.SaveTimeGate -- 坏行共 1 行已跳过
13:50:44.729 [main] WARN com.ruoyi.vqms.source.reader.SaveTimeGate -- 坏 save_time 跳过: 2305-#6-25 16:10:11.290
13:50:44.729 [main] WARN com.ruoyi.vqms.source.reader.SaveTimeGate -- 坏行共 1 行已跳过
13:50:44.730 [main] WARN com.ruoyi.vqms.source.reader.SaveTimeGate -- 坏 save_time 跳过: 1600-01-0 00:00:00.000
13:50:44.730 [main] WARN com.ruoyi.vqms.source.reader.SaveTimeGate -- 坏行共 1 行已跳过
13:50:44.731 [main] WARN com.ruoyi.vqms.source.reader.SaveTimeGate -- 坏 save_time 跳过: 2215-07-28 19:
13:50:44.731 [main] WARN com.ruoyi.vqms.source.reader.SaveTimeGate -- 坏行共 1 行已跳过
13:50:44.731 [main] WARN com.ruoyi.vqms.source.reader.SaveTimeGate -- 坏 save_time 跳过: 1600-01-0 00:00:00.000
13:50:44.731 [main] WARN com.ruoyi.vqms.source.reader.SaveTimeGate -- 坏行共 1 行已跳过
13:50:44.733 [main] WARN com.ruoyi.vqms.source.reader.SaveTimeGate -- 坏 save_time 跳过: 2722-12-16 23:59:59.99#
13:50:44.733 [main] WARN com.ruoyi.vqms.source.reader.SaveTimeGate -- 坏行共 1 行已跳过
13:50:44.733 [main] WARN com.ruoyi.vqms.source.reader.SaveTimeGate -- 坏 save_time 跳过: 2698-10-18 00:51:15.815xyz
13:50:44.733 [main] WARN com.ruoyi.vqms.source.reader.SaveTimeGate -- 坏行共 1 行已跳过
13:50:44.734 [main] WARN com.ruoyi.vqms.source.reader.SaveTimeGate -- 坏 save_time 跳过: 2999-12-31 00:00:00.000xyz
13:50:44.734 [main] WARN com.ruoyi.vqms.source.reader.SaveTimeGate -- 坏行共 1 行已跳过
13:50:44.739 [main] WARN com.ruoyi.vqms.source.reader.SaveTimeGate -- 坏 save_time 跳过: 2120-02-24 16:35:51.578xyz
13:50:44.739 [main] WARN com.ruoyi.vqms.source.reader.SaveTimeGate -- 坏行共 1 行已跳过
13:50:44.740 [main] WARN com.ruoyi.vqms.source.reader.SaveTimeGate -- 坏 save_time 跳过: 1600-01-0 00:00:00.000
13:50:44.740 [main] WARN com.ruoyi.vqms.source.reader.SaveTimeGate -- 坏行共 1 行已跳过
13:50:44.742 [main] WARN com.ruoyi.vqms.source.reader.SaveTimeGate -- 坏 save_time 跳过: 535-12-11 04:14:44.509
13:50:44.742 [main] WARN com.ruoyi.vqms.source.reader.SaveTimeGate -- 坏行共 1 行已跳过
13:50:44.742 [main] WARN com.ruoyi.vqms.source.reader.SaveTimeGate -- 坏 save_time 跳过: 1600-01-0 00:00:00.000
13:50:44.742 [main] WARN com.ruoyi.vqms.source.reader.SaveTimeGate -- 坏行共 1 行已跳过
13:50:44.745 [main] WARN com.ruoyi.vqms.source.reader.SaveTimeGate -- 坏 save_time 跳过: 1896-11-24 03:40:49.607xyz
13:50:44.745 [main] WARN com.ruoyi.vqms.source.reader.SaveTimeGate -- 坏行共 1 行已跳过
13:50:44.747 [main] WARN com.ruoyi.vqms.source.reader.SaveTimeGate -- 坏 save_time 跳过: 254#-09-15 22:24:51.386
13:50:44.747 [main] WARN com.ruoyi.vqms.source.reader.SaveTimeGate -- 坏行共 1 行已跳过
13:50:44.748 [main] WARN com.ruoyi.vqms.source.reader.SaveTimeGate -- 坏 save_time 跳过: 795-03-28 01:30:41.781
13:50:44.748 [main] WARN com.ruoyi.vqms.source.reader.SaveTimeGate -- 坏行共 1 行已跳过
13:50:44.752 [main] WARN com.ruoyi.vqms.source.reader.SaveTimeGate -- 坏 save_time 跳过: 2481-06-19 00:4
13:50:44.752 [main] WARN com.ruoyi.vqms.source.reader.SaveTimeGate -- 坏行共 1 行已跳过
13:50:44.753 [main] WARN com.ruoyi.vqms.source.reader.SaveTimeGate -- 坏 save_time 跳过: 1600-01-0 00:00:00.000
13:50:44.753 [main] WARN com.ruoyi.vqms.source.reader.SaveTimeGate -- 坏行共 1 行已跳过
13:50:44.755 [main] WARN com.ruoyi.vqms.source.reader.SaveTimeGate -- 坏 save_time 跳过: 180-03-13 15:32:13.794
13:50:44.755 [main] WARN com.ruoyi.vqms.source.reader.SaveTimeGate -- 坏行共 1 行已跳过
13:50:44.757 [main] WARN com.ruoyi.vqms.source.reader.SaveTimeGate -- 坏 save_time 跳过: 2123-0#-10 06:31:35.620
13:50:44.757 [main] WARN com.ruoyi.vqms.source.reader.SaveTimeGate -- 坏行共 1 行已跳过
13:50:44.759 [main] WARN com.ruoyi.vqms.source.reader.SaveTimeGate -- 坏 save_time 跳过: 1640-02-29
13:50:44.759 [main] WARN com.ruoyi.vqms.source.reader.SaveTimeGate -- 坏行共 1 行已跳过
13:50:44.761 [main] WARN com.ruoyi.vqms.source.reader.SaveTimeGate -- 坏 save_time 跳过: 1600-01-0 00:00:00.000
13:50:44.761 [main] WARN com.ruoyi.vqms.source.reader.SaveTimeGate -- 坏行共 1 行已跳过
13:50:44.762 [main] WARN com.ruoyi.vqms.source.reader.SaveTimeGate -- 坏 save_time 跳过: 1600-01-0 00:00:00.000
13:50:44.762 [main] WARN com.ruoyi.vqms.source.reader.SaveTimeGate -- 坏行共 1 行已跳过
13:50:44.763 [main] WARN com.ruoyi.vqms.source.reader.SaveTimeGate -- 坏 save_time 跳过: 297411-10 03:43:12.145
13:50:44.763 [main] WARN com.ruoyi.vqms.source.reader.SaveTimeGate -- 坏行共 1 行已跳过
13:50:44.763 [main] WARN com.ruoyi.vqms.source.reader.SaveTimeGate -- 坏 save_time 跳过: 1600-01-0 00:00:00.000
13:50:44.763 [main] WARN com.ruoyi.vqms.source.reader.SaveTimeGate -- 坏行共 1 行已跳过
13:50:44.764 [main] WARN com.ruoyi.vqms.source.reader.SaveTimeGate -- 坏 save_time 跳过: 2357-01-23 03:50:57.930xyz
13:50:44.766 [main] WARN com.ruoyi.vqms.source.reader.SaveTimeGate -- 坏行共 1 行已跳过
13:50:44.766 [main] WARN com.ruoyi.vqms.source.reader.SaveTimeGate -- 坏 save_time 跳过: 2014-09-12 20:14:49.692xyz
13:50:44.766 [main] WARN com.ruoyi.vqms.source.reader.SaveTimeGate -- 坏行共 1 行已跳过
13:50:44.766 [main] WARN com.ruoyi.vqms.source.reader.SaveTimeGate -- 坏 save_time 跳过: 1600-01-0 00:00:00.000
13:50:44.767 [main] WARN com.ruoyi.vqms.source.reader.SaveTimeGate -- 坏行共 1 行已跳过
13:50:44.769 [main] WARN com.ruoyi.vqms.source.reader.SaveTimeGate -- 坏 save_time 跳过: 2023-01-02 15:0729.963
13:50:44.769 [main] WARN com.ruoyi.vqms.source.reader.SaveTimeGate -- 坏行共 1 行已跳过
13:50:44.771 [main] WARN com.ruoyi.vqms.source.reader.SaveTimeGate -- 坏 save_time 跳过: 2803-09-25 23:
13:50:44.771 [main] WARN com.ruoyi.vqms.source.reader.SaveTimeGate -- 坏行共 1 行已跳过
13:50:44.771 [main] WARN com.ruoyi.vqms.source.reader.SaveTimeGate -- 坏 save_time 跳过: 1747-06-19 07:54:20.712xyz
13:50:44.772 [main] WARN com.ruoyi.vqms.source.reader.SaveTimeGate -- 坏行共 1 行已跳过
13:50:44.773 [main] WARN com.ruoyi.vqms.source.reader.SaveTimeGate -- 坏 save_time 跳过: 2899-06-06 11:45:57.854xyz
13:50:44.773 [main] WARN com.ruoyi.vqms.source.reader.SaveTimeGate -- 坏行共 1 行已跳过
13:50:44.778 [main] WARN com.ruoyi.vqms.source.reader.SaveTimeGate -- 坏 save_time 跳过: 2102-12-#2 02:19:05.973
13:50:44.781 [main] WARN com.ruoyi.vqms.source.reader.SaveTimeGate -- 坏行共 1 行已跳过
13:50:44.801 [main] WARN com.ruoyi.vqms.source.reader.SaveTimeGate -- 坏 save_time 跳过: 2401-02-22 15:1341.749
13:50:44.801 [main] WARN com.ruoyi.vqms.source.reader.SaveTimeGate -- 坏行共 1 行已跳过
13:50:44.817 [main] WARN com.ruoyi.vqms.source.reader.SaveTimeGate -- 坏 save_time 跳过: 2101-03-18 16:22:06.401xyz
13:50:44.818 [main] WARN com.ruoyi.vqms.source.reader.SaveTimeGate -- 坏行共 1 行已跳过
13:50:44.818 [main] WARN com.ruoyi.vqms.source.reader.SaveTimeGate -- 坏 save_time 跳过: 1600-01-0 00:00:00.000
13:50:44.819 [main] WARN com.ruoyi.vqms.source.reader.SaveTimeGate -- 坏行共 1 行已跳过
13:50:44.820 [main] WARN com.ruoyi.vqms.source.reader.SaveTimeGate -- 坏 save_time 跳过: 2130-02-#3 18:30:35.259
13:50:44.820 [main] WARN com.ruoyi.vqms.source.reader.SaveTimeGate -- 坏行共 1 行已跳过
13:50:44.839 [main] WARN com.ruoyi.vqms.source.reader.SaveTimeGate -- 坏 save_time 跳过: 2079-08-24 1641:29.644
13:50:44.840 [main] WARN com.ruoyi.vqms.source.reader.SaveTimeGate -- 坏行共 1 行已跳过
13:50:44.854 [main] WARN com.ruoyi.vqms.source.reader.SaveTimeGate -- 坏 save_time 跳过: 1600-01-0 00:00:00.000
13:50:44.854 [main] WARN com.ruoyi.vqms.source.reader.SaveTimeGate -- 坏行共 1 行已跳过
13:50:44.865 [main] WARN com.ruoyi.vqms.source.reader.SaveTimeGate -- 坏 save_time 跳过: 2053-07-18 06:#4:23.723
13:50:44.865 [main] WARN com.ruoyi.vqms.source.reader.SaveTimeGate -- 坏行共 1 行已跳过
13:50:44.866 [main] WARN com.ruoyi.vqms.source.reader.SaveTimeGate -- 坏 save_time 跳过: 1600-01-0 00:00:00.000
13:50:44.873 [main] WARN com.ruoyi.vqms.source.reader.SaveTimeGate -- 坏行共 1 行已跳过
13:50:44.876 [main] WARN com.ruoyi.vqms.source.reader.SaveTimeGate -- 坏 save_time 跳过: 2566-11#18 02:03:26.968
13:50:44.882 [main] WARN com.ruoyi.vqms.source.reader.SaveTimeGate -- 坏行共 1 行已跳过
13:50:44.883 [main] WARN com.ruoyi.vqms.source.reader.SaveTimeGate -- 坏 save_time 跳过: 1600-01-0 00:00:00.000
13:50:44.883 [main] WARN com.ruoyi.vqms.source.reader.SaveTimeGate -- 坏行共 1 行已跳过
13:50:44.888 [main] WARN com.ruoyi.vqms.source.reader.SaveTimeGate -- 坏 save_time 跳过: 2618-10-12 23:00:#6.510
13:50:44.890 [main] WARN com.ruoyi.vqms.source.reader.SaveTimeGate -- 坏行共 1 行已跳过
13:50:44.891 [main] WARN com.ruoyi.vqms.source.reader.SaveTimeGate -- 坏 save_time 跳过: 1600-01-0 00:00:00.000
13:50:44.892 [main] WARN com.ruoyi.vqms.source.reader.SaveTimeGate -- 坏行共 1 行已跳过
13:50:44.893 [main] WARN com.ruoyi.vqms.source.reader.SaveTimeGate -- 坏 save_time 跳过: 2999-12-31 23:59:59.999xyz
13:50:44.893 [main] WARN com.ruoyi.vqms.source.reader.SaveTimeGate -- 坏行共 1 行已跳过
13:50:44.894 [main] WARN com.ruoyi.vqms.source.reader.SaveTimeGate -- 坏 save_time 跳过: 1600-01-0 00:00:00.000
13:50:44.895 [main] WARN com.ruoyi.vqms.source.reader.SaveTimeGate -- 坏行共 1 行已跳过
13:50:44.904 [main] WARN com.ruoyi.vqms.source.reader.SaveTimeGate -- 坏 save_time 跳过: 1854-01-11 10:04:53.121xyz
13:50:44.904 [main] WARN com.ruoyi.vqms.source.reader.SaveTimeGate -- 坏行共 1 行已跳过
13:50:44.907 [main] WARN com.ruoyi.vqms.source.reader.SaveTimeGate -- 坏 save_time 跳过: #695-07-18 15:08:50.311
13:50:44.907 [main] WARN com.ruoyi.vqms.source.reader.SaveTimeGate -- 坏行共 1 行已跳过
13:50:44.910 [main] WARN com.ruoyi.vqms.source.reader.SaveTimeGate -- 坏 save_time 跳过: 2353-12-25 20:31:25.869xyz
13:50:44.911 [main] WARN com.ruoyi.vqms.source.reader.SaveTimeGate -- 坏行共 1 行已跳过
13:50:44.916 [main] WARN com.ruoyi.vqms.source.reader.SaveTimeGate -- 坏 save_time 跳过: 2220-12-19 14:11
13:50:44.916 [main] WARN com.ruoyi.vqms.source.reader.SaveTimeGate -- 坏行共 1 行已跳过
13:50:44.918 [main] WARN com.ruoyi.vqms.source.reader.SaveTimeGate -- 坏 save_time 跳过: 2999-12-31 23:59:59.999xyz
13:50:44.918 [main] WARN com.ruoyi.vqms.source.reader.SaveTimeGate -- 坏行共 1 行已跳过
13:50:44.920 [main] WARN com.ruoyi.vqms.source.reader.SaveTimeGate -- 坏 save_time 跳过: 2030-01-07 11:54:
13:50:44.920 [main] WARN com.ruoyi.vqms.source.reader.SaveTimeGate -- 坏行共 1 行已跳过
13:50:44.922 [main] WARN com.ruoyi.vqms.source.reader.SaveTimeGate -- 坏 save_time 跳过: 2199-01-31 04:3:34.646
13:50:44.923 [main] WARN com.ruoyi.vqms.source.reader.SaveTimeGate -- 坏行共 1 行已跳过
13:50:44.924 [main] WARN com.ruoyi.vqms.source.reader.SaveTimeGate -- 坏 save_time 跳过: 1600-02-29 23:59:59.999xyz
13:50:44.924 [main] WARN com.ruoyi.vqms.source.reader.SaveTimeGate -- 坏行共 1 行已跳过
13:50:44.931 [main] WARN com.ruoyi.vqms.source.reader.SaveTimeGate -- 坏 save_time 跳过: 1996-06-27 07:57:35.904xyz
13:50:44.932 [main] WARN com.ruoyi.vqms.source.reader.SaveTimeGate -- 坏行共 1 行已跳过
13:50:44.932 [main] WARN com.ruoyi.vqms.source.reader.SaveTimeGate -- 坏 save_time 跳过: 1600-01-0 00:00:00.000
13:50:44.932 [main] WARN com.ruoyi.vqms.source.reader.SaveTimeGate -- 坏行共 1 行已跳过
13:50:44.934 [main] WARN com.ruoyi.vqms.source.reader.SaveTimeGate -- 坏 save_time 跳过: 175-03-26 23:52:46.346
13:50:44.935 [main] WARN com.ruoyi.vqms.source.reader.SaveTimeGate -- 坏行共 1 行已跳过
13:50:44.951 [main] WARN com.ruoyi.vqms.source.reader.SaveTimeGate -- 坏 save_time 跳过: 1865-05-28 05:10:57.926xyz
13:50:44.952 [main] WARN com.ruoyi.vqms.source.reader.SaveTimeGate -- 坏行共 1 行已跳过
13:50:44.952 [main] WARN com.ruoyi.vqms.source.reader.SaveTimeGate -- 坏 save_time 跳过: 1600-01-0 00:00:00.000
13:50:44.952 [main] WARN com.ruoyi.vqms.source.reader.SaveTimeGate -- 坏行共 1 行已跳过
13:50:44.953 [main] WARN com.ruoyi.vqms.source.reader.SaveTimeGate -- 坏 save_time 跳过: 2999-12-31 00:00:00.000xyz
13:50:44.953 [main] WARN com.ruoyi.vqms.source.reader.SaveTimeGate -- 坏行共 1 行已跳过
13:50:44.953 [main] WARN com.ruoyi.vqms.source.reader.SaveTimeGate -- 坏 save_time 跳过: 1600-01-0 00:00:00.000
13:50:44.953 [main] WARN com.ruoyi.vqms.source.reader.SaveTimeGate -- 坏行共 1 行已跳过
13:50:44.954 [main] WARN com.ruoyi.vqms.source.reader.SaveTimeGate -- 坏 save_time 跳过: 2521-10-11
13:50:44.954 [main] WARN com.ruoyi.vqms.source.reader.SaveTimeGate -- 坏行共 1 行已跳过
13:50:44.954 [main] WARN com.ruoyi.vqms.source.reader.SaveTimeGate -- 坏 save_time 跳过: 1600-01-0 00:00:00.000
13:50:44.954 [main] WARN com.ruoyi.vqms.source.reader.SaveTimeGate -- 坏行共 1 行已跳过
13:50:44.954 [main] WARN com.ruoyi.vqms.source.reader.SaveTimeGate -- 坏 save_time 跳过: 1600-01-0 00:00:00.000
13:50:44.954 [main] WARN com.ruoyi.vqms.source.reader.SaveTimeGate -- 坏行共 1 行已跳过
13:50:44.960 [main] WARN com.ruoyi.vqms.source.reader.SaveTimeGate -- 坏 save_time 跳过: 2169-06-04 07:02:35.175xyz
13:50:44.960 [main] WARN com.ruoyi.vqms.source.reader.SaveTimeGate -- 坏行共 1 行已跳过
13:50:44.962 [main] WARN com.ruoyi.vqms.source.reader.SaveTimeGate -- 坏 save_time 跳过: 1600-01-0 00:00:00.000
13:50:44.963 [main] WARN com.ruoyi.vqms.source.reader.SaveTimeGate -- 坏行共 1 行已跳过
13:50:44.965 [main] WARN com.ruoyi.vqms.source.reader.SaveTimeGate -- 坏 save_time 跳过: 2425-01-05
13:50:44.965 [main] WARN com.ruoyi.vqms.source.reader.SaveTimeGate -- 坏行共 1 行已跳过
13:50:44.967 [main] WARN com.ruoyi.vqms.source.reader.SaveTimeGate -- 坏 save_time 跳过: 2321-03-14 00:36:10.054xyz
13:50:44.967 [main] WARN com.ruoyi.vqms.source.reader.SaveTimeGate -- 坏行共 1 行已跳过
13:50:44.968 [main] WARN com.ruoyi.vqms.source.reader.SaveTimeGate -- 坏 save_time 跳过: 2053-09-25 22:19:55.494xyz
13:50:44.969 [main] WARN com.ruoyi.vqms.source.reader.SaveTimeGate -- 坏行共 1 行已跳过
13:50:44.970 [main] WARN com.ruoyi.vqms.source.reader.SaveTimeGate -- 坏 save_time 跳过: 2677-04-18 20:55:04.130xyz
13:50:44.971 [main] WARN com.ruoyi.vqms.source.reader.SaveTimeGate -- 坏行共 1 行已跳过
13:50:44.976 [main] WARN com.ruoyi.vqms.source.reader.SaveTimeGate -- 坏 save_time 跳过: 2998-07#06 08:03:42.982
13:50:44.977 [main] WARN com.ruoyi.vqms.source.reader.SaveTimeGate -- 坏行共 1 行已跳过
13:50:44.980 [main] WARN com.ruoyi.vqms.source.reader.SaveTimeGate -- 坏 save_time 跳过: 1600-01-0 00:00:00.000
13:50:44.980 [main] WARN com.ruoyi.vqms.source.reader.SaveTimeGate -- 坏行共 1 行已跳过
13:50:44.984 [main] WARN com.ruoyi.vqms.source.reader.SaveTimeGate -- 坏 save_time 跳过: 2880-06-27 07:57:44.629xyz
13:50:44.985 [main] WARN com.ruoyi.vqms.source.reader.SaveTimeGate -- 坏行共 1 行已跳过
13:50:44.992 [main] WARN com.ruoyi.vqms.source.reader.SaveTimeGate -- 坏 save_time 跳过: 277510-15 01:21:45.375
13:50:44.992 [main] WARN com.ruoyi.vqms.source.reader.SaveTimeGate -- 坏行共 1 行已跳过
13:50:44.993 [main] WARN com.ruoyi.vqms.source.reader.SaveTimeGate -- 坏 save_time 跳过: 1600-01-0 00:00:00.000
13:50:44.993 [main] WARN com.ruoyi.vqms.source.reader.SaveTimeGate -- 坏行共 1 行已跳过
13:50:44.996 [main] WARN com.ruoyi.vqms.source.reader.SaveTimeGate -- 坏 save_time 跳过: 2777-09-22
13:50:44.996 [main] WARN com.ruoyi.vqms.source.reader.SaveTimeGate -- 坏行共 1 行已跳过
13:50:44.998 [main] WARN com.ruoyi.vqms.source.reader.SaveTimeGate -- 坏 save_time 跳过: 2720-09-18 15:5#:16.252
13:50:44.999 [main] WARN com.ruoyi.vqms.source.reader.SaveTimeGate -- 坏行共 1 行已跳过
13:50:44.999 [main] WARN com.ruoyi.vqms.source.reader.SaveTimeGate -- 坏 save_time 跳过: 1600-01-0 00:00:00.000
13:50:44.999 [main] WARN com.ruoyi.vqms.source.reader.SaveTimeGate -- 坏行共 1 行已跳过
13:50:45.002 [main] WARN com.ruoyi.vqms.source.reader.SaveTimeGate -- 坏 save_time 跳过: 2193-09-26 20:06:06.681xyz
13:50:45.003 [main] WARN com.ruoyi.vqms.source.reader.SaveTimeGate -- 坏行共 1 行已跳过
13:50:45.007 [main] WARN com.ruoyi.vqms.source.reader.SaveTimeGate -- 坏 save_time 跳过: 2815-01-26 05:#4:35.206
13:50:45.007 [main] WARN com.ruoyi.vqms.source.reader.SaveTimeGate -- 坏行共 1 行已跳过
13:50:45.008 [main] WARN com.ruoyi.vqms.source.reader.SaveTimeGate -- 坏 save_time 跳过: 1600-01-0 00:00:00.000
13:50:45.008 [main] WARN com.ruoyi.vqms.source.reader.SaveTimeGate -- 坏行共 1 行已跳过
13:50:45.010 [main] WARN com.ruoyi.vqms.source.reader.SaveTimeGate -- 坏 save_time 跳过: 1631-07-0# 00:54:33.274
13:50:45.011 [main] WARN com.ruoyi.vqms.source.reader.SaveTimeGate -- 坏行共 1 行已跳过
13:50:45.012 [main] WARN com.ruoyi.vqms.source.reader.SaveTimeGate -- 坏 save_time 跳过: 2201-10-24 00:16:
13:50:45.013 [main] WARN com.ruoyi.vqms.source.reader.SaveTimeGate -- 坏行共 1 行已跳过
13:50:45.017 [main] WARN com.ruoyi.vqms.source.reader.SaveTimeGate -- 坏 save_time 跳过: 1671-07-21 13:41:39.349xyz
13:50:45.017 [main] WARN com.ruoyi.vqms.source.reader.SaveTimeGate -- 坏行共 1 行已跳过
13:50:45.019 [main] WARN com.ruoyi.vqms.source.reader.SaveTimeGate -- 坏 save_time 跳过: 2875-09-02
13:50:45.019 [main] WARN com.ruoyi.vqms.source.reader.SaveTimeGate -- 坏行共 1 行已跳过
13:50:45.021 [main] WARN com.ruoyi.vqms.source.reader.SaveTimeGate -- 坏 save_time 跳过: 2397-10-04 22:40:37.098xyz
13:50:45.022 [main] WARN com.ruoyi.vqms.source.reader.SaveTimeGate -- 坏行共 1 行已跳过
13:50:45.022 [main] WARN com.ruoyi.vqms.source.reader.SaveTimeGate -- 坏 save_time 跳过: 1600-01-0 00:00:00.000
13:50:45.022 [main] WARN com.ruoyi.vqms.source.reader.SaveTimeGate -- 坏行共 1 行已跳过
13:50:45.024 [main] WARN com.ruoyi.vqms.source.reader.SaveTimeGate -- 坏 save_time 跳过: 2919-04-08 01:47:47.685xyz
13:50:45.024 [main] WARN com.ruoyi.vqms.source.reader.SaveTimeGate -- 坏行共 1 行已跳过
13:50:45.025 [main] WARN com.ruoyi.vqms.source.reader.SaveTimeGate -- 坏 save_time 跳过: 1600-01-0 00:00:00.000
13:50:45.025 [main] WARN com.ruoyi.vqms.source.reader.SaveTimeGate -- 坏行共 1 行已跳过
13:50:45.027 [main] WARN com.ruoyi.vqms.source.reader.SaveTimeGate -- 坏 save_time 跳过: 2539-04#13 20:47:50.463
13:50:45.028 [main] WARN com.ruoyi.vqms.source.reader.SaveTimeGate -- 坏行共 1 行已跳过
13:50:45.031 [main] WARN com.ruoyi.vqms.source.reader.SaveTimeGate -- 坏 save_time 跳过: 2989-09-11 06:33:33.735xyz
13:50:45.031 [main] WARN com.ruoyi.vqms.source.reader.SaveTimeGate -- 坏行共 1 行已跳过
13:50:45.033 [main] WARN com.ruoyi.vqms.source.reader.SaveTimeGate -- 坏 save_time 跳过: 1600-01-0 00:00:00.000
13:50:45.034 [main] WARN com.ruoyi.vqms.source.reader.SaveTimeGate -- 坏行共 1 行已跳过
13:50:45.038 [main] WARN com.ruoyi.vqms.source.reader.SaveTimeGate -- 坏 save_time 跳过: 2456-09-02 8:02:52.627
13:50:45.039 [main] WARN com.ruoyi.vqms.source.reader.SaveTimeGate -- 坏行共 1 行已跳过
13:50:45.040 [main] WARN com.ruoyi.vqms.source.reader.SaveTimeGate -- 坏 save_time 跳过: 1918-04-05 00:#5:03.218
13:50:45.041 [main] WARN com.ruoyi.vqms.source.reader.SaveTimeGate -- 坏行共 1 行已跳过
13:50:45.045 [main] WARN com.ruoyi.vqms.source.reader.SaveTimeGate -- 坏 save_time 跳过: 206#-11-12 21:39:43.753
13:50:45.045 [main] WARN com.ruoyi.vqms.source.reader.SaveTimeGate -- 坏行共 1 行已跳过
13:50:45.049 [main] WARN com.ruoyi.vqms.source.reader.SaveTimeGate -- 坏 save_time 跳过: 2965-10-08 07:54:02.461xyz
13:50:45.049 [main] WARN com.ruoyi.vqms.source.reader.SaveTimeGate -- 坏行共 1 行已跳过
13:50:45.054 [main] WARN com.ruoyi.vqms.source.reader.SaveTimeGate -- 坏 save_time 跳过: 2716-11-19 19:05:53.428xyz
13:50:45.054 [main] WARN com.ruoyi.vqms.source.reader.SaveTimeGate -- 坏行共 1 行已跳过
13:50:45.055 [main] WARN com.ruoyi.vqms.source.reader.SaveTimeGate -- 坏 save_time 跳过: 2544-#1-19 15:59:36.627
13:50:45.055 [main] WARN com.ruoyi.vqms.source.reader.SaveTimeGate -- 坏行共 1 行已跳过
13:50:45.057 [main] WARN com.ruoyi.vqms.source.reader.SaveTimeGate -- 坏 save_time 跳过: 2#52-04-18 19:29:13.295
13:50:45.058 [main] WARN com.ruoyi.vqms.source.reader.SaveTimeGate -- 坏行共 1 行已跳过
13:50:45.058 [main] WARN com.ruoyi.vqms.source.reader.SaveTimeGate -- 坏 save_time 跳过: 1600-01-0 00:00:00.000
13:50:45.058 [main] WARN com.ruoyi.vqms.source.reader.SaveTimeGate -- 坏行共 1 行已跳过
13:50:45.059 [main] WARN com.ruoyi.vqms.source.reader.SaveTimeGate -- 坏 save_time 跳过: 1600-01-01
13:50:45.059 [main] WARN com.ruoyi.vqms.source.reader.SaveTimeGate -- 坏行共 1 行已跳过
13:50:45.059 [main] WARN com.ruoyi.vqms.source.reader.SaveTimeGate -- 坏 save_time 跳过: 1600-01-01
13:50:45.060 [main] WARN com.ruoyi.vqms.source.reader.SaveTimeGate -- 坏行共 1 行已跳过
13:50:45.064 [main] WARN com.ruoyi.vqms.source.reader.SaveTimeGate -- 坏 save_time 跳过: 1771-08-21 20:26:58.962xyz
13:50:45.064 [main] WARN com.ruoyi.vqms.source.reader.SaveTimeGate -- 坏行共 1 行已跳过
13:50:45.067 [main] WARN com.ruoyi.vqms.source.reader.SaveTimeGate -- 坏 save_time 跳过: 2298-04-13 04:3#:48.062
13:50:45.067 [main] WARN com.ruoyi.vqms.source.reader.SaveTimeGate -- 坏行共 1 行已跳过
13:50:45.068 [main] WARN com.ruoyi.vqms.source.reader.SaveTimeGate -- 坏 save_time 跳过: 1600-01-01
13:50:45.069 [main] WARN com.ruoyi.vqms.source.reader.SaveTimeGate -- 坏行共 1 行已跳过
13:50:45.070 [main] WARN com.ruoyi.vqms.source.reader.SaveTimeGate -- 坏 save_time 跳过: 2191-08-20 19:26:33.412xyz
13:50:45.071 [main] WARN com.ruoyi.vqms.source.reader.SaveTimeGate -- 坏行共 1 行已跳过
13:50:45.074 [main] WARN com.ruoyi.vqms.source.reader.SaveTimeGate -- 坏 save_time 跳过: 1786-02-17 09:01:29.142xyz
13:50:45.074 [main] WARN com.ruoyi.vqms.source.reader.SaveTimeGate -- 坏行共 1 行已跳过
13:50:45.075 [main] WARN com.ruoyi.vqms.source.reader.SaveTimeGate -- 坏 save_time 跳过: 1600-01-01
13:50:45.075 [main] WARN com.ruoyi.vqms.source.reader.SaveTimeGate -- 坏行共 1 行已跳过
13:50:45.078 [main] WARN com.ruoyi.vqms.source.reader.SaveTimeGate -- 坏 save_time 跳过: 2223-10-7 11:40:41.775
13:50:45.078 [main] WARN com.ruoyi.vqms.source.reader.SaveTimeGate -- 坏行共 1 行已跳过
13:50:45.078 [main] WARN com.ruoyi.vqms.source.reader.SaveTimeGate -- 坏 save_time 跳过: 1600-01-01
13:50:45.078 [main] WARN com.ruoyi.vqms.source.reader.SaveTimeGate -- 坏行共 1 行已跳过
13:50:45.080 [main] WARN com.ruoyi.vqms.source.reader.SaveTimeGate -- 坏 save_time 跳过: 2858-04-05
13:50:45.081 [main] WARN com.ruoyi.vqms.source.reader.SaveTimeGate -- 坏行共 1 行已跳过
13:50:45.082 [main] WARN com.ruoyi.vqms.source.reader.SaveTimeGate -- 坏 save_time 跳过: 236-09-19 00:13:51.077
13:50:45.083 [main] WARN com.ruoyi.vqms.source.reader.SaveTimeGate -- 坏行共 1 行已跳过
13:50:45.085 [main] WARN com.ruoyi.vqms.source.reader.SaveTimeGate -- 坏 save_time 跳过: 1854-02-20 0:24:06.118
13:50:45.085 [main] WARN com.ruoyi.vqms.source.reader.SaveTimeGate -- 坏行共 1 行已跳过
13:50:45.086 [main] WARN com.ruoyi.vqms.source.reader.SaveTimeGate -- 坏 save_time 跳过: 2915-02-05
13:50:45.086 [main] WARN com.ruoyi.vqms.source.reader.SaveTimeGate -- 坏行共 1 行已跳过
13:50:45.087 [main] WARN com.ruoyi.vqms.source.reader.SaveTimeGate -- 坏 save_time 跳过: 1600-01-01 00:0000.000
13:50:45.087 [main] WARN com.ruoyi.vqms.source.reader.SaveTimeGate -- 坏行共 1 行已跳过
13:50:45.088 [main] WARN com.ruoyi.vqms.source.reader.SaveTimeGate -- 坏 save_time 跳过: 2149-12-13 21:16:19.997xyz
13:50:45.089 [main] WARN com.ruoyi.vqms.source.reader.SaveTimeGate -- 坏行共 1 行已跳过
13:50:45.092 [main] WARN com.ruoyi.vqms.source.reader.SaveTimeGate -- 坏 save_time 跳过: 2126-02-01 #6:36:18.573
13:50:45.093 [main] WARN com.ruoyi.vqms.source.reader.SaveTimeGate -- 坏行共 1 行已跳过
13:50:45.095 [main] WARN com.ruoyi.vqms.source.reader.SaveTimeGate -- 坏 save_time 跳过: 2063-10-09 16:#2:10.343
13:50:45.096 [main] WARN com.ruoyi.vqms.source.reader.SaveTimeGate -- 坏行共 1 行已跳过
13:50:45.096 [main] WARN com.ruoyi.vqms.source.reader.SaveTimeGate -- 坏 save_time 跳过: 1600-01-01
13:50:45.096 [main] WARN com.ruoyi.vqms.source.reader.SaveTimeGate -- 坏行共 1 行已跳过
13:50:45.098 [main] WARN com.ruoyi.vqms.source.reader.SaveTimeGate -- 坏 save_time 跳过: 293-09-29 04:46:39.442
13:50:45.099 [main] WARN com.ruoyi.vqms.source.reader.SaveTimeGate -- 坏行共 1 行已跳过
13:50:45.099 [main] WARN com.ruoyi.vqms.source.reader.SaveTimeGate -- 坏 save_time 跳过: 1600-01-01
13:50:45.100 [main] WARN com.ruoyi.vqms.source.reader.SaveTimeGate -- 坏行共 1 行已跳过
13:50:45.100 [main] WARN com.ruoyi.vqms.source.reader.SaveTimeGate -- 坏 save_time 跳过: 1600-01-01
13:50:45.100 [main] WARN com.ruoyi.vqms.source.reader.SaveTimeGate -- 坏行共 1 行已跳过
13:50:45.104 [main] WARN com.ruoyi.vqms.source.reader.SaveTimeGate -- 坏 save_time 跳过: 1947-02-02
13:50:45.105 [main] WARN com.ruoyi.vqms.source.reader.SaveTimeGate -- 坏行共 1 行已跳过
13:50:45.107 [main] WARN com.ruoyi.vqms.source.reader.SaveTimeGate -- 坏 save_time 跳过: 1600-01-01
13:50:45.108 [main] WARN com.ruoyi.vqms.source.reader.SaveTimeGate -- 坏行共 1 行已跳过
13:50:45.112 [main] WARN com.ruoyi.vqms.source.reader.SaveTimeGate -- 坏 save_time 跳过: 2853-04-22 01:02:24.722xyz
13:50:45.112 [main] WARN com.ruoyi.vqms.source.reader.SaveTimeGate -- 坏行共 1 行已跳过
13:50:45.115 [main] WARN com.ruoyi.vqms.source.reader.SaveTimeGate -- 坏 save_time 跳过: 1638-10-18 04:#5:46.917
13:50:45.115 [main] WARN com.ruoyi.vqms.source.reader.SaveTimeGate -- 坏行共 1 行已跳过
13:50:45.116 [main] WARN com.ruoyi.vqms.source.reader.SaveTimeGate -- 坏 save_time 跳过: 1600-01-01
13:50:45.116 [main] WARN com.ruoyi.vqms.source.reader.SaveTimeGate -- 坏行共 1 行已跳过
13:50:45.119 [main] WARN com.ruoyi.vqms.source.reader.SaveTimeGate -- 坏 save_time 跳过: 1600-01-01
13:50:45.119 [main] WARN com.ruoyi.vqms.source.reader.SaveTimeGate -- 坏行共 1 行已跳过
13:50:45.121 [main] WARN com.ruoyi.vqms.source.reader.SaveTimeGate -- 坏 save_time 跳过: 2590-03-01 20:24:44.546xyz
13:50:45.122 [main] WARN com.ruoyi.vqms.source.reader.SaveTimeGate -- 坏行共 1 行已跳过
13:50:45.124 [main] WARN com.ruoyi.vqms.source.reader.SaveTimeGate -- 坏 save_time 跳过: 2586-06-24
13:50:45.125 [main] WARN com.ruoyi.vqms.source.reader.SaveTimeGate -- 坏行共 1 行已跳过
13:50:45.127 [main] WARN com.ruoyi.vqms.source.reader.SaveTimeGate -- 坏 save_time 跳过: 2911-11-30 15:48:26.932xyz
13:50:45.128 [main] WARN com.ruoyi.vqms.source.reader.SaveTimeGate -- 坏行共 1 行已跳过
13:50:45.132 [main] WARN com.ruoyi.vqms.source.reader.SaveTimeGate -- 坏 save_time 跳过: 2268-10-06 16:56:47.325xyz
13:50:45.132 [main] WARN com.ruoyi.vqms.source.reader.SaveTimeGate -- 坏行共 1 行已跳过
13:50:45.132 [main] WARN com.ruoyi.vqms.source.reader.SaveTimeGate -- 坏 save_time 跳过: 1600-01-01
13:50:45.132 [main] WARN com.ruoyi.vqms.source.reader.SaveTimeGate -- 坏行共 1 行已跳过
13:50:45.135 [main] WARN com.ruoyi.vqms.source.reader.SaveTimeGate -- 坏 save_time 跳过: 1907-03-09 18:17:41.667xyz
13:50:45.135 [main] WARN com.ruoyi.vqms.source.reader.SaveTimeGate -- 坏行共 1 行已跳过
13:50:45.137 [main] WARN com.ruoyi.vqms.source.reader.SaveTimeGate -- 坏 save_time 跳过: 1600-01-01
13:50:45.137 [main] WARN com.ruoyi.vqms.source.reader.SaveTimeGate -- 坏行共 1 行已跳过
13:50:45.139 [main] WARN com.ruoyi.vqms.source.reader.SaveTimeGate -- 坏 save_time 跳过: 2869-09-1618:31:54.755
13:50:45.139 [main] WARN com.ruoyi.vqms.source.reader.SaveTimeGate -- 坏行共 1 行已跳过
13:50:45.141 [main] WARN com.ruoyi.vqms.source.reader.SaveTimeGate -- 坏 save_time 跳过: 2187-04-07 15:09:10.977xyz
13:50:45.141 [main] WARN com.ruoyi.vqms.source.reader.SaveTimeGate -- 坏行共 1 行已跳过
13:50:45.144 [main] WARN com.ruoyi.vqms.source.reader.SaveTimeGate -- 坏 save_time 跳过: 1768-12-11 20:07:20.
13:50:45.144 [main] WARN com.ruoyi.vqms.source.reader.SaveTimeGate -- 坏行共 1 行已跳过
13:50:45.147 [main] WARN com.ruoyi.vqms.source.reader.SaveTimeGate -- 坏 save_time 跳过: 381-04-02 21:25:49.619
13:50:45.147 [main] WARN com.ruoyi.vqms.source.reader.SaveTimeGate -- 坏行共 1 行已跳过
13:50:45.147 [main] WARN com.ruoyi.vqms.source.reader.SaveTimeGate -- 坏 save_time 跳过: 1600-01-01
13:50:45.147 [main] WARN com.ruoyi.vqms.source.reader.SaveTimeGate -- 坏行共 1 行已跳过
13:50:45.151 [main] WARN com.ruoyi.vqms.source.reader.SaveTimeGate -- 坏 save_time 跳过: 1765-0#-26 10:08:20.809
13:50:45.151 [main] WARN com.ruoyi.vqms.source.reader.SaveTimeGate -- 坏行共 1 行已跳过
13:50:45.154 [main] WARN com.ruoyi.vqms.source.reader.SaveTimeGate -- 坏 save_time 跳过: 1948-01-18 16:2733.245
13:50:45.154 [main] WARN com.ruoyi.vqms.source.reader.SaveTimeGate -- 坏行共 1 行已跳过
13:50:45.156 [main] WARN com.ruoyi.vqms.source.reader.SaveTimeGate -- 坏 save_time 跳过: 1767-06-09 #9:44:33.791
13:50:45.157 [main] WARN com.ruoyi.vqms.source.reader.SaveTimeGate -- 坏行共 1 行已跳过
13:50:45.159 [main] WARN com.ruoyi.vqms.source.reader.SaveTimeGate -- 坏 save_time 跳过: 2422-01#14 19:42:33.689
13:50:45.160 [main] WARN com.ruoyi.vqms.source.reader.SaveTimeGate -- 坏行共 1 行已跳过
13:50:45.163 [main] WARN com.ruoyi.vqms.source.reader.SaveTimeGate -- 坏 save_time 跳过: 2684-1#-09 00:00:00.000
13:50:45.163 [main] WARN com.ruoyi.vqms.source.reader.SaveTimeGate -- 坏行共 1 行已跳过
13:50:45.164 [main] WARN com.ruoyi.vqms.source.reader.SaveTimeGate -- 坏 save_time 跳过: 1737-01-18 00:00:00.000xyz
13:50:45.165 [main] WARN com.ruoyi.vqms.source.reader.SaveTimeGate -- 坏行共 1 行已跳过
13:50:45.167 [main] WARN com.ruoyi.vqms.source.reader.SaveTimeGate -- 坏 save_time 跳过: #871-07-03 03:36:21.774
13:50:45.168 [main] WARN com.ruoyi.vqms.source.reader.SaveTimeGate -- 坏行共 1 行已跳过
13:50:45.169 [main] WARN com.ruoyi.vqms.source.reader.SaveTimeGate -- 坏 save_time 跳过: 1600-01-01
13:50:45.170 [main] WARN com.ruoyi.vqms.source.reader.SaveTimeGate -- 坏行共 1 行已跳过
13:50:45.171 [main] WARN com.ruoyi.vqms.source.reader.SaveTimeGate -- 坏 save_time 跳过: 1918-02-23 08:5:09.327
13:50:45.172 [main] WARN com.ruoyi.vqms.source.reader.SaveTimeGate -- 坏行共 1 行已跳过
13:50:45.173 [main] WARN com.ruoyi.vqms.source.reader.SaveTimeGate -- 坏 save_time 跳过: 2048-06-06 
13:50:45.174 [main] WARN com.ruoyi.vqms.source.reader.SaveTimeGate -- 坏行共 1 行已跳过
13:50:45.175 [main] WARN com.ruoyi.vqms.source.reader.SaveTimeGate -- 坏 save_time 跳过: 1657-07-23
13:50:45.175 [main] WARN com.ruoyi.vqms.source.reader.SaveTimeGate -- 坏行共 1 行已跳过
13:50:45.177 [main] WARN com.ruoyi.vqms.source.reader.SaveTimeGate -- 坏 save_time 跳过: 1704-01-05 07:3:21.068
13:50:45.177 [main] WARN com.ruoyi.vqms.source.reader.SaveTimeGate -- 坏行共 1 行已跳过
13:50:45.180 [main] WARN com.ruoyi.vqms.source.reader.SaveTimeGate -- 坏 save_time 跳过: 2338-1#-27 20:58:16.110
13:50:45.180 [main] WARN com.ruoyi.vqms.source.reader.SaveTimeGate -- 坏行共 1 行已跳过
13:50:45.183 [main] WARN com.ruoyi.vqms.source.reader.SaveTimeGate -- 坏 save_time 跳过: 2315-11-19
13:50:45.183 [main] WARN com.ruoyi.vqms.source.reader.SaveTimeGate -- 坏行共 1 行已跳过
13:50:45.184 [main] WARN com.ruoyi.vqms.source.reader.SaveTimeGate -- 坏 save_time 跳过: 2072-0#-16 12:07:51.258
13:50:45.184 [main] WARN com.ruoyi.vqms.source.reader.SaveTimeGate -- 坏行共 1 行已跳过
13:50:45.186 [main] WARN com.ruoyi.vqms.source.reader.SaveTimeGate -- 坏 save_time 跳过: 1695-10-23 15:#1:28.863
13:50:45.186 [main] WARN com.ruoyi.vqms.source.reader.SaveTimeGate -- 坏行共 1 行已跳过
13:50:45.188 [main] WARN com.ruoyi.vqms.source.reader.SaveTimeGate -- 坏 save_time 跳过: 2200-08-22 23:59:5
13:50:45.188 [main] WARN com.ruoyi.vqms.source.reader.SaveTimeGate -- 坏行共 1 行已跳过
13:50:45.191 [main] WARN com.ruoyi.vqms.source.reader.SaveTimeGate -- 坏 save_time 跳过: 2330-05-12 04:34:0.218
13:50:45.191 [main] WARN com.ruoyi.vqms.source.reader.SaveTimeGate -- 坏行共 1 行已跳过
13:50:45.191 [main] WARN com.ruoyi.vqms.source.reader.SaveTimeGate -- 坏 save_time 跳过: 2081-01-04 03:1
13:50:45.191 [main] WARN com.ruoyi.vqms.source.reader.SaveTimeGate -- 坏行共 1 行已跳过
13:50:45.192 [main] WARN com.ruoyi.vqms.source.reader.SaveTimeGate -- 坏 save_time 跳过: 2878-0115 11:15:12.899
13:50:45.192 [main] WARN com.ruoyi.vqms.source.reader.SaveTimeGate -- 坏行共 1 行已跳过
13:50:45.193 [main] WARN com.ruoyi.vqms.source.reader.SaveTimeGate -- 坏 save_time 跳过: 2142-12-31
13:50:45.193 [main] WARN com.ruoyi.vqms.source.reader.SaveTimeGate -- 坏行共 1 行已跳过
13:50:45.195 [main] WARN com.ruoyi.vqms.source.reader.SaveTimeGate -- 坏 save_time 跳过: 2909-05-24 16:1
13:50:45.195 [main] WARN com.ruoyi.vqms.source.reader.SaveTimeGate -- 坏行共 1 行已跳过
13:50:45.196 [main] WARN com.ruoyi.vqms.source.reader.SaveTimeGate -- 坏 save_time 跳过: 1600-02-29 23:59:59.999xyz
13:50:45.196 [main] WARN com.ruoyi.vqms.source.reader.SaveTimeGate -- 坏行共 1 行已跳过
13:50:45.198 [main] WARN com.ruoyi.vqms.source.reader.SaveTimeGate -- 坏 save_time 跳过: 2877-06-15#10:28:56.754
13:50:45.198 [main] WARN com.ruoyi.vqms.source.reader.SaveTimeGate -- 坏行共 1 行已跳过
13:50:45.199 [main] WARN com.ruoyi.vqms.source.reader.SaveTimeGate -- 坏 save_time 跳过: 2833-03-17 12:08:55.620xyz
13:50:45.199 [main] WARN com.ruoyi.vqms.source.reader.SaveTimeGate -- 坏行共 1 行已跳过
13:50:45.201 [main] WARN com.ruoyi.vqms.source.reader.SaveTimeGate -- 坏 save_time 跳过: 2631-05-23 02:17:31.47#
13:50:45.202 [main] WARN com.ruoyi.vqms.source.reader.SaveTimeGate -- 坏行共 1 行已跳过
13:50:45.204 [main] WARN com.ruoyi.vqms.source.reader.SaveTimeGate -- 坏 save_time 跳过: 1945-03-11 13:48:03.307xyz
13:50:45.204 [main] WARN com.ruoyi.vqms.source.reader.SaveTimeGate -- 坏行共 1 行已跳过
13:50:45.206 [main] WARN com.ruoyi.vqms.source.reader.SaveTimeGate -- 坏 save_time 跳过: 1730-11-02 20:0#:33.985
13:50:45.206 [main] WARN com.ruoyi.vqms.source.reader.SaveTimeGate -- 坏行共 1 行已跳过
13:50:45.208 [main] WARN com.ruoyi.vqms.source.reader.SaveTimeGate -- 坏 save_time 跳过: 2353-0#-29 10:58:07.183
13:50:45.208 [main] WARN com.ruoyi.vqms.source.reader.SaveTimeGate -- 坏行共 1 行已跳过
13:50:45.209 [main] WARN com.ruoyi.vqms.source.reader.SaveTimeGate -- 坏 save_time 跳过: 2258-11-18
13:50:45.210 [main] WARN com.ruoyi.vqms.source.reader.SaveTimeGate -- 坏行共 1 行已跳过
13:50:45.211 [main] WARN com.ruoyi.vqms.source.reader.SaveTimeGate -- 坏 save_time 跳过: 2817-02-05 16:5
13:50:45.211 [main] WARN com.ruoyi.vqms.source.reader.SaveTimeGate -- 坏行共 1 行已跳过
13:50:45.212 [main] WARN com.ruoyi.vqms.source.reader.SaveTimeGate -- 坏 save_time 跳过: 198-07-09 22:57:27.277
13:50:45.213 [main] WARN com.ruoyi.vqms.source.reader.SaveTimeGate -- 坏行共 1 行已跳过
13:50:45.214 [main] WARN com.ruoyi.vqms.source.reader.SaveTimeGate -- 坏 save_time 跳过: 2440-03-14 10:06:
13:50:45.214 [main] WARN com.ruoyi.vqms.source.reader.SaveTimeGate -- 坏行共 1 行已跳过
13:50:45.215 [main] WARN com.ruoyi.vqms.source.reader.SaveTimeGate -- 坏 save_time 跳过: 2840-05-23 23:59:9.999
13:50:45.215 [main] WARN com.ruoyi.vqms.source.reader.SaveTimeGate -- 坏行共 1 行已跳过
13:50:45.216 [main] WARN com.ruoyi.vqms.source.reader.SaveTimeGate -- 坏 save_time 跳过: 1791-05-31 0
13:50:45.216 [main] WARN com.ruoyi.vqms.source.reader.SaveTimeGate -- 坏行共 1 行已跳过
13:50:45.217 [main] WARN com.ruoyi.vqms.source.reader.SaveTimeGate -- 坏 save_time 跳过: 1693-04-03 17:17:46971
13:50:45.217 [main] WARN com.ruoyi.vqms.source.reader.SaveTimeGate -- 坏行共 1 行已跳过
13:50:45.218 [main] WARN com.ruoyi.vqms.source.reader.SaveTimeGate -- 坏 save_time 跳过: 1981-03-02
13:50:45.219 [main] WARN com.ruoyi.vqms.source.reader.SaveTimeGate -- 坏行共 1 行已跳过
13:50:45.219 [main] WARN com.ruoyi.vqms.source.reader.SaveTimeGate -- 坏 save_time 跳过: #779-11-01 22:18:50.912
13:50:45.220 [main] WARN com.ruoyi.vqms.source.reader.SaveTimeGate -- 坏行共 1 行已跳过
13:50:45.221 [main] WARN com.ruoyi.vqms.source.reader.SaveTimeGate -- 坏 save_time 跳过: 2298-11-02 06:00:29.258xyz
13:50:45.222 [main] WARN com.ruoyi.vqms.source.reader.SaveTimeGate -- 坏行共 1 行已跳过
13:50:45.223 [main] WARN com.ruoyi.vqms.source.reader.SaveTimeGate -- 坏 save_time 跳过: 1770-02-11
13:50:45.223 [main] WARN com.ruoyi.vqms.source.reader.SaveTimeGate -- 坏行共 1 行已跳过
13:50:45.225 [main] WARN com.ruoyi.vqms.source.reader.SaveTimeGate -- 坏 save_time 跳过: 2956-07-3104:53:41.795
13:50:45.225 [main] WARN com.ruoyi.vqms.source.reader.SaveTimeGate -- 坏行共 1 行已跳过
13:50:45.225 [main] WARN com.ruoyi.vqms.source.reader.SaveTimeGate -- 坏 save_time 跳过: 100-02-29 00:00:00.000
13:50:45.225 [main] WARN com.ruoyi.vqms.source.reader.SaveTimeGate -- 坏行共 1 行已跳过
13:50:45.227 [main] WARN com.ruoyi.vqms.source.reader.SaveTimeGate -- 坏 save_time 跳过: 2426-05-02 05:54:1
13:50:45.227 [main] WARN com.ruoyi.vqms.source.reader.SaveTimeGate -- 坏行共 1 行已跳过
13:50:45.230 [main] WARN com.ruoyi.vqms.source.reader.SaveTimeGate -- 坏 save_time 跳过: 1756-05-0111:47:07.219
13:50:45.230 [main] WARN com.ruoyi.vqms.source.reader.SaveTimeGate -- 坏行共 1 行已跳过
13:50:45.231 [main] WARN com.ruoyi.vqms.source.reader.SaveTimeGate -- 坏 save_time 跳过: 160-01-01 23:59:59.999
13:50:45.231 [main] WARN com.ruoyi.vqms.source.reader.SaveTimeGate -- 坏行共 1 行已跳过
13:50:45.233 [main] WARN com.ruoyi.vqms.source.reader.SaveTimeGate -- 坏 save_time 跳过: 723-04-28 19:10:21.835
13:50:45.233 [main] WARN com.ruoyi.vqms.source.reader.SaveTimeGate -- 坏行共 1 行已跳过
13:50:45.234 [main] WARN com.ruoyi.vqms.source.reader.SaveTimeGate -- 坏 save_time 跳过: 1684-12-01 02:44:43.176xyz
13:50:45.234 [main] WARN com.ruoyi.vqms.source.reader.SaveTimeGate -- 坏行共 1 行已跳过
13:50:45.236 [main] WARN com.ruoyi.vqms.source.reader.SaveTimeGate -- 坏 save_time 跳过: 2647-01-01 02:
13:50:45.236 [main] WARN com.ruoyi.vqms.source.reader.SaveTimeGate -- 坏行共 1 行已跳过
13:50:45.237 [main] WARN com.ruoyi.vqms.source.reader.SaveTimeGate -- 坏 save_time 跳过: 2527-05-15 20:14:19.351xyz
13:50:45.237 [main] WARN com.ruoyi.vqms.source.reader.SaveTimeGate -- 坏行共 1 行已跳过
13:50:45.238 [main] WARN com.ruoyi.vqms.source.reader.SaveTimeGate -- 坏 save_time 跳过: 2243-05-28 14:45:16.353xyz
13:50:45.238 [main] WARN com.ruoyi.vqms.source.reader.SaveTimeGate -- 坏行共 1 行已跳过
13:50:45.238 [main] WARN com.ruoyi.vqms.source.reader.SaveTimeGate -- 坏 save_time 跳过: 2442-05-08 0#:25:47.146
13:50:45.239 [main] WARN com.ruoyi.vqms.source.reader.SaveTimeGate -- 坏行共 1 行已跳过
13:50:45.240 [main] WARN com.ruoyi.vqms.source.reader.SaveTimeGate -- 坏 save_time 跳过: 1815-10-27 1#:20:00.958
13:50:45.240 [main] WARN com.ruoyi.vqms.source.reader.SaveTimeGate -- 坏行共 1 行已跳过
13:50:45.242 [main] WARN com.ruoyi.vqms.source.reader.SaveTimeGate -- 坏 save_time 跳过: 1818-10-19 1:24:24.142
13:50:45.242 [main] WARN com.ruoyi.vqms.source.reader.SaveTimeGate -- 坏行共 1 行已跳过
13:50:45.243 [main] WARN com.ruoyi.vqms.source.reader.SaveTimeGate -- 坏 save_time 跳过: 160-01-01 23:59:59.999
13:50:45.243 [main] WARN com.ruoyi.vqms.source.reader.SaveTimeGate -- 坏行共 1 行已跳过
13:50:45.243 [main] WARN com.ruoyi.vqms.source.reader.SaveTimeGate -- 坏 save_time 跳过: 1600-01-01
13:50:45.243 [main] WARN com.ruoyi.vqms.source.reader.SaveTimeGate -- 坏行共 1 行已跳过
13:50:45.244 [main] WARN com.ruoyi.vqms.source.reader.SaveTimeGate -- 坏 save_time 跳过: 2999-12-31 00:00:00.000xyz
13:50:45.244 [main] WARN com.ruoyi.vqms.source.reader.SaveTimeGate -- 坏行共 1 行已跳过
13:50:45.244 [main] WARN com.ruoyi.vqms.source.reader.SaveTimeGate -- 坏 save_time 跳过: 1600-01-01
13:50:45.244 [main] WARN com.ruoyi.vqms.source.reader.SaveTimeGate -- 坏行共 1 行已跳过
13:50:45.245 [main] WARN com.ruoyi.vqms.source.reader.SaveTimeGate -- 坏 save_time 跳过: 2008-01-0116:12:13.750
13:50:45.245 [main] WARN com.ruoyi.vqms.source.reader.SaveTimeGate -- 坏行共 1 行已跳过
13:50:45.246 [main] WARN com.ruoyi.vqms.source.reader.SaveTimeGate -- 坏 save_time 跳过: 2250-03-17 15:18:37.182xyz
13:50:45.247 [main] WARN com.ruoyi.vqms.source.reader.SaveTimeGate -- 坏行共 1 行已跳过
13:50:45.248 [main] WARN com.ruoyi.vqms.source.reader.SaveTimeGate -- 坏 save_time 跳过: 1623-12-22#20:53:39.562
13:50:45.248 [main] WARN com.ruoyi.vqms.source.reader.SaveTimeGate -- 坏行共 1 行已跳过
13:50:45.250 [main] WARN com.ruoyi.vqms.source.reader.SaveTimeGate -- 坏 save_time 跳过: 2566-10-13 07
13:50:45.250 [main] WARN com.ruoyi.vqms.source.reader.SaveTimeGate -- 坏行共 1 行已跳过
13:50:45.251 [main] WARN com.ruoyi.vqms.source.reader.SaveTimeGate -- 坏 save_time 跳过: 1953-05-16 10:45:54#585
13:50:45.251 [main] WARN com.ruoyi.vqms.source.reader.SaveTimeGate -- 坏行共 1 行已跳过
13:50:45.252 [main] WARN com.ruoyi.vqms.source.reader.SaveTimeGate -- 坏 save_time 跳过: 1859-08-31 13:39:41.391xyz
13:50:45.252 [main] WARN com.ruoyi.vqms.source.reader.SaveTimeGate -- 坏行共 1 行已跳过
13:50:45.253 [main] WARN com.ruoyi.vqms.source.reader.SaveTimeGate -- 坏 save_time 跳过: 2825-02-16 23:#2:54.988
13:50:45.253 [main] WARN com.ruoyi.vqms.source.reader.SaveTimeGate -- 坏行共 1 行已跳过
13:50:45.253 [main] WARN com.ruoyi.vqms.source.reader.SaveTimeGate -- 坏 save_time 跳过: 100-02-29 00:00:00.000
13:50:45.253 [main] WARN com.ruoyi.vqms.source.reader.SaveTimeGate -- 坏行共 1 行已跳过
13:50:45.254 [main] WARN com.ruoyi.vqms.source.reader.SaveTimeGate -- 坏 save_time 跳过: 1600-01-01 00:0000.000
13:50:45.254 [main] WARN com.ruoyi.vqms.source.reader.SaveTimeGate -- 坏行共 1 行已跳过
13:50:45.254 [main] WARN com.ruoyi.vqms.source.reader.SaveTimeGate -- 坏 save_time 跳过: 1600-01-01
13:50:45.254 [main] WARN com.ruoyi.vqms.source.reader.SaveTimeGate -- 坏行共 1 行已跳过
13:50:45.256 [main] WARN com.ruoyi.vqms.source.reader.SaveTimeGate -- 坏 save_time 跳过: 2399-08-20 03:55:57.993xyz
13:50:45.256 [main] WARN com.ruoyi.vqms.source.reader.SaveTimeGate -- 坏行共 1 行已跳过
13:50:45.257 [main] WARN com.ruoyi.vqms.source.reader.SaveTimeGate -- 坏 save_time 跳过: 2196-03-06 19:32:01.067xyz
13:50:45.257 [main] WARN com.ruoyi.vqms.source.reader.SaveTimeGate -- 坏行共 1 行已跳过
13:50:45.258 [main] WARN com.ruoyi.vqms.source.reader.SaveTimeGate -- 坏 save_time 跳过: 923-09-18 15:54:45.164
13:50:45.258 [main] WARN com.ruoyi.vqms.source.reader.SaveTimeGate -- 坏行共 1 行已跳过
13:50:45.259 [main] WARN com.ruoyi.vqms.source.reader.SaveTimeGate -- 坏 save_time 跳过: 1637-02-08 09:5
13:50:45.259 [main] WARN com.ruoyi.vqms.source.reader.SaveTimeGate -- 坏行共 1 行已跳过
13:50:45.260 [main] WARN com.ruoyi.vqms.source.reader.SaveTimeGate -- 坏 save_time 跳过: 2832-08-14 22:09:14.918xyz
13:50:45.260 [main] WARN com.ruoyi.vqms.source.reader.SaveTimeGate -- 坏行共 1 行已跳过
13:50:45.261 [main] WARN com.ruoyi.vqms.source.reader.SaveTimeGate -- 坏 save_time 跳过: 1795-04-03 06:36:00.600xyz
13:50:45.261 [main] WARN com.ruoyi.vqms.source.reader.SaveTimeGate -- 坏行共 1 行已跳过
13:50:45.262 [main] WARN com.ruoyi.vqms.source.reader.SaveTimeGate -- 坏 save_time 跳过: 2841-12-08 03:41:55.487xyz
13:50:45.263 [main] WARN com.ruoyi.vqms.source.reader.SaveTimeGate -- 坏行共 1 行已跳过
13:50:45.264 [main] WARN com.ruoyi.vqms.source.reader.SaveTimeGate -- 坏 save_time 跳过: 2891-05-27
13:50:45.264 [main] WARN com.ruoyi.vqms.source.reader.SaveTimeGate -- 坏行共 1 行已跳过
13:50:45.265 [main] WARN com.ruoyi.vqms.source.reader.SaveTimeGate -- 坏 save_time 跳过: 167509-14 19:37:08.423
13:50:45.265 [main] WARN com.ruoyi.vqms.source.reader.SaveTimeGate -- 坏行共 1 行已跳过
13:50:45.268 [main] WARN com.ruoyi.vqms.source.reader.SaveTimeGate -- 坏 save_time 跳过: 2144-08-16 09:
13:50:45.268 [main] WARN com.ruoyi.vqms.source.reader.SaveTimeGate -- 坏行共 1 行已跳过
13:50:45.269 [main] WARN com.ruoyi.vqms.source.reader.SaveTimeGate -- 坏 save_time 跳过: 283011-01 16:54:21.850
13:50:45.270 [main] WARN com.ruoyi.vqms.source.reader.SaveTimeGate -- 坏行共 1 行已跳过
13:50:45.272 [main] WARN com.ruoyi.vqms.source.reader.SaveTimeGate -- 坏 save_time 跳过: 2308-02-14 22:58:31.434xyz
13:50:45.272 [main] WARN com.ruoyi.vqms.source.reader.SaveTimeGate -- 坏行共 1 行已跳过
13:50:45.274 [main] WARN com.ruoyi.vqms.source.reader.SaveTimeGate -- 坏 save_time 跳过: 2315-12-30
13:50:45.274 [main] WARN com.ruoyi.vqms.source.reader.SaveTimeGate -- 坏行共 1 行已跳过
13:50:45.276 [main] WARN com.ruoyi.vqms.source.reader.SaveTimeGate -- 坏 save_time 跳过: 2390-11-11 08:59:25.356xyz
13:50:45.276 [main] WARN com.ruoyi.vqms.source.reader.SaveTimeGate -- 坏行共 1 行已跳过
13:50:45.276 [main] WARN com.ruoyi.vqms.source.reader.SaveTimeGate -- 坏 save_time 跳过: 1600-01-01
13:50:45.276 [main] WARN com.ruoyi.vqms.source.reader.SaveTimeGate -- 坏行共 1 行已跳过
13:50:45.277 [main] WARN com.ruoyi.vqms.source.reader.SaveTimeGate -- 坏 save_time 跳过: 1600-01-01
13:50:45.277 [main] WARN com.ruoyi.vqms.source.reader.SaveTimeGate -- 坏行共 1 行已跳过
13:50:45.279 [main] WARN com.ruoyi.vqms.source.reader.SaveTimeGate -- 坏 save_time 跳过: 2340-07-06 10
13:50:45.279 [main] WARN com.ruoyi.vqms.source.reader.SaveTimeGate -- 坏行共 1 行已跳过
13:50:45.280 [main] WARN com.ruoyi.vqms.source.reader.SaveTimeGate -- 坏 save_time 跳过: 2904-10-10 13:1:16.227
13:50:45.280 [main] WARN com.ruoyi.vqms.source.reader.SaveTimeGate -- 坏行共 1 行已跳过
13:50:45.282 [main] WARN com.ruoyi.vqms.source.reader.SaveTimeGate -- 坏 save_time 跳过: 2963-12-20 04:30:12.315xyz
13:50:45.282 [main] WARN com.ruoyi.vqms.source.reader.SaveTimeGate -- 坏行共 1 行已跳过
13:50:45.283 [main] WARN com.ruoyi.vqms.source.reader.SaveTimeGate -- 坏 save_time 跳过: 2782-12-10 1
13:50:45.283 [main] WARN com.ruoyi.vqms.source.reader.SaveTimeGate -- 坏行共 1 行已跳过
13:50:45.288 [main] WARN com.ruoyi.vqms.source.reader.SaveTimeGate -- 坏 save_time 跳过: 2868-08-15 03
13:50:45.289 [main] WARN com.ruoyi.vqms.source.reader.SaveTimeGate -- 坏行共 1 行已跳过
13:50:45.289 [main] WARN com.ruoyi.vqms.source.reader.SaveTimeGate -- 坏 save_time 跳过: 1600-01-01
13:50:45.289 [main] WARN com.ruoyi.vqms.source.reader.SaveTimeGate -- 坏行共 1 行已跳过
13:50:45.289 [main] WARN com.ruoyi.vqms.source.reader.SaveTimeGate -- 坏 save_time 跳过: 1600-01-01
13:50:45.289 [main] WARN com.ruoyi.vqms.source.reader.SaveTimeGate -- 坏行共 1 行已跳过
13:50:45.291 [main] WARN com.ruoyi.vqms.source.reader.SaveTimeGate -- 坏 save_time 跳过: 2431-04-25 2:21:52.366
13:50:45.291 [main] WARN com.ruoyi.vqms.source.reader.SaveTimeGate -- 坏行共 1 行已跳过
13:50:45.295 [main] WARN com.ruoyi.vqms.source.reader.SaveTimeGate -- 坏 save_time 跳过: 1834-07-19 2#:47:19.029
13:50:45.295 [main] WARN com.ruoyi.vqms.source.reader.SaveTimeGate -- 坏行共 1 行已跳过
13:50:45.297 [main] WARN com.ruoyi.vqms.source.reader.SaveTimeGate -- 坏 save_time 跳过: 208#-09-08 10:13:53.352
13:50:45.297 [main] WARN com.ruoyi.vqms.source.reader.SaveTimeGate -- 坏行共 1 行已跳过
13:50:45.299 [main] WARN com.ruoyi.vqms.source.reader.SaveTimeGate -- 坏 save_time 跳过: 1600-01-01
13:50:45.299 [main] WARN com.ruoyi.vqms.source.reader.SaveTimeGate -- 坏行共 1 行已跳过
13:50:45.300 [main] WARN com.ruoyi.vqms.source.reader.SaveTimeGate -- 坏 save_time 跳过: 1925-09-29 08:06
13:50:45.300 [main] WARN com.ruoyi.vqms.source.reader.SaveTimeGate -- 坏行共 1 行已跳过
13:50:45.303 [main] WARN com.ruoyi.vqms.source.reader.SaveTimeGate -- 坏 save_time 跳过: 2393-04-22 
13:50:45.303 [main] WARN com.ruoyi.vqms.source.reader.SaveTimeGate -- 坏行共 1 行已跳过
13:50:45.306 [main] WARN com.ruoyi.vqms.source.reader.SaveTimeGate -- 坏 save_time 跳过: 2023-07-30 18:1
13:50:45.307 [main] WARN com.ruoyi.vqms.source.reader.SaveTimeGate -- 坏行共 1 行已跳过
13:50:45.308 [main] WARN com.ruoyi.vqms.source.reader.SaveTimeGate -- 坏 save_time 跳过: 1739-06-04 23
13:50:45.308 [main] WARN com.ruoyi.vqms.source.reader.SaveTimeGate -- 坏行共 1 行已跳过
13:50:45.308 [main] WARN com.ruoyi.vqms.source.reader.SaveTimeGate -- 坏 save_time 跳过: 100-02-29 00:00:00.000
13:50:45.308 [main] WARN com.ruoyi.vqms.source.reader.SaveTimeGate -- 坏行共 1 行已跳过
13:50:45.310 [main] WARN com.ruoyi.vqms.source.reader.SaveTimeGate -- 坏 save_time 跳过: 2622-06-24 18:58:26.009xyz
13:50:45.310 [main] WARN com.ruoyi.vqms.source.reader.SaveTimeGate -- 坏行共 1 行已跳过
13:50:45.310 [main] WARN com.ruoyi.vqms.source.reader.SaveTimeGate -- 坏 save_time 跳过: 1600-01-01
13:50:45.310 [main] WARN com.ruoyi.vqms.source.reader.SaveTimeGate -- 坏行共 1 行已跳过
13:50:45.311 [main] WARN com.ruoyi.vqms.source.reader.SaveTimeGate -- 坏 save_time 跳过: 1600-01-01
13:50:45.311 [main] WARN com.ruoyi.vqms.source.reader.SaveTimeGate -- 坏行共 1 行已跳过
13:50:45.312 [main] WARN com.ruoyi.vqms.source.reader.SaveTimeGate -- 坏 save_time 跳过: 1600-01-01
13:50:45.312 [main] WARN com.ruoyi.vqms.source.reader.SaveTimeGate -- 坏行共 1 行已跳过
13:50:45.313 [main] WARN com.ruoyi.vqms.source.reader.SaveTimeGate -- 坏 save_time 跳过: 2434-05-22
13:50:45.313 [main] WARN com.ruoyi.vqms.source.reader.SaveTimeGate -- 坏行共 1 行已跳过
13:50:45.316 [main] WARN com.ruoyi.vqms.source.reader.SaveTimeGate -- 坏 save_time 跳过: 1999-02-02 06:33:08.106xyz
13:50:45.316 [main] WARN com.ruoyi.vqms.source.reader.SaveTimeGate -- 坏行共 1 行已跳过
13:50:45.317 [main] WARN com.ruoyi.vqms.source.reader.SaveTimeGate -- 坏 save_time 跳过: 160-01-01 23:59:59.999
13:50:45.317 [main] WARN com.ruoyi.vqms.source.reader.SaveTimeGate -- 坏行共 1 行已跳过
13:50:45.318 [main] WARN com.ruoyi.vqms.source.reader.SaveTimeGate -- 坏 save_time 跳过: 2449-09-22 08:08:36.501xyz
13:50:45.319 [main] WARN com.ruoyi.vqms.source.reader.SaveTimeGate -- 坏行共 1 行已跳过
13:50:45.319 [main] WARN com.ruoyi.vqms.source.reader.SaveTimeGate -- 坏 save_time 跳过: 1600-01-01
13:50:45.319 [main] WARN com.ruoyi.vqms.source.reader.SaveTimeGate -- 坏行共 1 行已跳过
13:50:45.320 [main] WARN com.ruoyi.vqms.source.reader.SaveTimeGate -- 坏 save_time 跳过: 2092-0725 00:44:55.002
13:50:45.320 [main] WARN com.ruoyi.vqms.source.reader.SaveTimeGate -- 坏行共 1 行已跳过
13:50:45.321 [main] WARN com.ruoyi.vqms.source.reader.SaveTimeGate -- 坏 save_time 跳过: 2053-12-21 05:33:25.512xyz
13:50:45.321 [main] WARN com.ruoyi.vqms.source.reader.SaveTimeGate -- 坏行共 1 行已跳过
13:50:45.322 [main] WARN com.ruoyi.vqms.source.reader.SaveTimeGate -- 坏 save_time 跳过: 2063-05-13 13:58:32.672xyz
13:50:45.322 [main] WARN com.ruoyi.vqms.source.reader.SaveTimeGate -- 坏行共 1 行已跳过
13:50:45.325 [main] WARN com.ruoyi.vqms.source.reader.SaveTimeGate -- 坏 save_time 跳过: 2099-07-08
13:50:45.325 [main] WARN com.ruoyi.vqms.source.reader.SaveTimeGate -- 坏行共 1 行已跳过
13:50:45.325 [main] WARN com.ruoyi.vqms.source.reader.SaveTimeGate -- 坏 save_time 跳过: 1600-01-01
13:50:45.325 [main] WARN com.ruoyi.vqms.source.reader.SaveTimeGate -- 坏行共 1 行已跳过
13:50:45.326 [main] WARN com.ruoyi.vqms.source.reader.SaveTimeGate -- 坏 save_time 跳过: 1600-01-01
13:50:45.326 [main] WARN com.ruoyi.vqms.source.reader.SaveTimeGate -- 坏行共 1 行已跳过
13:50:45.327 [main] WARN com.ruoyi.vqms.source.reader.SaveTimeGate -- 坏 save_time 跳过: 1986-12-01 00:12:27.325xyz
13:50:45.327 [main] WARN com.ruoyi.vqms.source.reader.SaveTimeGate -- 坏行共 1 行已跳过
13:50:45.329 [main] WARN com.ruoyi.vqms.source.reader.SaveTimeGate -- 坏 save_time 跳过: 2393-07-22 18:53:25.643xyz
13:50:45.329 [main] WARN com.ruoyi.vqms.source.reader.SaveTimeGate -- 坏行共 1 行已跳过
13:50:45.329 [main] WARN com.ruoyi.vqms.source.reader.SaveTimeGate -- 坏 save_time 跳过: 1600-01-01
13:50:45.329 [main] WARN com.ruoyi.vqms.source.reader.SaveTimeGate -- 坏行共 1 行已跳过
13:50:45.331 [main] WARN com.ruoyi.vqms.source.reader.SaveTimeGate -- 坏 save_time 跳过: 2741-02#25 20:56:52.747
13:50:45.331 [main] WARN com.ruoyi.vqms.source.reader.SaveTimeGate -- 坏行共 1 行已跳过
13:50:45.332 [main] WARN com.ruoyi.vqms.source.reader.SaveTimeGate -- 坏 save_time 跳过: 2844-03-22 13:47:22.388xyz
13:50:45.332 [main] WARN com.ruoyi.vqms.source.reader.SaveTimeGate -- 坏行共 1 行已跳过
13:50:45.333 [main] WARN com.ruoyi.vqms.source.reader.SaveTimeGate -- 坏 save_time 跳过: 2999-12-31 00:00:00.000xyz
13:50:45.333 [main] WARN com.ruoyi.vqms.source.reader.SaveTimeGate -- 坏行共 1 行已跳过
13:50:45.334 [main] WARN com.ruoyi.vqms.source.reader.SaveTimeGate -- 坏 save_time 跳过: 1673-12-27 18:18:09.#31
13:50:45.334 [main] WARN com.ruoyi.vqms.source.reader.SaveTimeGate -- 坏行共 1 行已跳过
13:50:45.335 [main] WARN com.ruoyi.vqms.source.reader.SaveTimeGate -- 坏 save_time 跳过: 261#-02-14 01:24:00.852
13:50:45.335 [main] WARN com.ruoyi.vqms.source.reader.SaveTimeGate -- 坏行共 1 行已跳过
13:50:45.337 [main] WARN com.ruoyi.vqms.source.reader.SaveTimeGate -- 坏 save_time 跳过: 2215-07-13 13:09:01.689xyz
13:50:45.337 [main] WARN com.ruoyi.vqms.source.reader.SaveTimeGate -- 坏行共 1 行已跳过
13:50:45.338 [main] WARN com.ruoyi.vqms.source.reader.SaveTimeGate -- 坏 save_time 跳过: 1719-02-18 1:37:32.155
13:50:45.338 [main] WARN com.ruoyi.vqms.source.reader.SaveTimeGate -- 坏行共 1 行已跳过
13:50:45.338 [main] WARN com.ruoyi.vqms.source.reader.SaveTimeGate -- 坏 save_time 跳过: 2410-01-13 05:42:48.749xyz
13:50:45.340 [main] WARN com.ruoyi.vqms.source.reader.SaveTimeGate -- 坏行共 1 行已跳过
13:50:45.341 [main] WARN com.ruoyi.vqms.source.reader.SaveTimeGate -- 坏 save_time 跳过: 2363-01-25 12:#8:48.037
13:50:45.341 [main] WARN com.ruoyi.vqms.source.reader.SaveTimeGate -- 坏行共 1 行已跳过
13:50:45.342 [main] WARN com.ruoyi.vqms.source.reader.SaveTimeGate -- 坏 save_time 跳过: 2510-10-23 11:0
13:50:45.342 [main] WARN com.ruoyi.vqms.source.reader.SaveTimeGate -- 坏行共 1 行已跳过
13:50:45.343 [main] WARN com.ruoyi.vqms.source.reader.SaveTimeGate -- 坏 save_time 跳过: 2043-10-03 1#:16:08.589
13:50:45.343 [main] WARN com.ruoyi.vqms.source.reader.SaveTimeGate -- 坏行共 1 行已跳过
13:50:45.344 [main] WARN com.ruoyi.vqms.source.reader.SaveTimeGate -- 坏 save_time 跳过: 1600-01-01 00:0000.000
13:50:45.344 [main] WARN com.ruoyi.vqms.source.reader.SaveTimeGate -- 坏行共 1 行已跳过
13:50:45.345 [main] WARN com.ruoyi.vqms.source.reader.SaveTimeGate -- 坏 save_time 跳过: 2389-11-11 16:55:03.897xyz
13:50:45.345 [main] WARN com.ruoyi.vqms.source.reader.SaveTimeGate -- 坏行共 1 行已跳过
13:50:45.346 [main] WARN com.ruoyi.vqms.source.reader.SaveTimeGate -- 坏 save_time 跳过: 1663-09-02
13:50:45.346 [main] WARN com.ruoyi.vqms.source.reader.SaveTimeGate -- 坏行共 1 行已跳过
13:50:45.347 [main] WARN com.ruoyi.vqms.source.reader.SaveTimeGate -- 坏 save_time 跳过: 2111-07-14
13:50:45.347 [main] WARN com.ruoyi.vqms.source.reader.SaveTimeGate -- 坏行共 1 行已跳过
13:50:45.348 [main] WARN com.ruoyi.vqms.source.reader.SaveTimeGate -- 坏 save_time 跳过: 1884-01-22 16:35
13:50:45.348 [main] WARN com.ruoyi.vqms.source.reader.SaveTimeGate -- 坏行共 1 行已跳过
13:50:45.349 [main] WARN com.ruoyi.vqms.source.reader.SaveTimeGate -- 坏 save_time 跳过: 1833-12#31 12:49:05.384
13:50:45.349 [main] WARN com.ruoyi.vqms.source.reader.SaveTimeGate -- 坏行共 1 行已跳过
13:50:45.349 [main] WARN com.ruoyi.vqms.source.reader.SaveTimeGate -- 坏 save_time 跳过: 2999-12-31 00:00:00.000xyz
13:50:45.350 [main] WARN com.ruoyi.vqms.source.reader.SaveTimeGate -- 坏行共 1 行已跳过
13:50:45.350 [main] WARN com.ruoyi.vqms.source.reader.SaveTimeGate -- 坏 save_time 跳过: 2999-12-31 00:00:00.000xyz
13:50:45.350 [main] WARN com.ruoyi.vqms.source.reader.SaveTimeGate -- 坏行共 1 行已跳过
13:50:45.350 [main] WARN com.ruoyi.vqms.source.reader.SaveTimeGate -- 坏 save_time 跳过: 1844-05-17#16:34:51.314
13:50:45.350 [main] WARN com.ruoyi.vqms.source.reader.SaveTimeGate -- 坏行共 1 行已跳过
13:50:45.351 [main] WARN com.ruoyi.vqms.source.reader.SaveTimeGate -- 坏 save_time 跳过: 2773-01-09 07:42:25.918xyz
13:50:45.351 [main] WARN com.ruoyi.vqms.source.reader.SaveTimeGate -- 坏行共 1 行已跳过
13:50:45.351 [main] WARN com.ruoyi.vqms.source.reader.SaveTimeGate -- 坏 save_time 跳过: 16#3-08-21 21:58:31.657
13:50:45.351 [main] WARN com.ruoyi.vqms.source.reader.SaveTimeGate -- 坏行共 1 行已跳过
13:50:45.351 [main] WARN com.ruoyi.vqms.source.reader.SaveTimeGate -- 坏 save_time 跳过: 2570-05-16 1
13:50:45.351 [main] WARN com.ruoyi.vqms.source.reader.SaveTimeGate -- 坏行共 1 行已跳过
13:50:45.352 [main] WARN com.ruoyi.vqms.source.reader.SaveTimeGate -- 坏 save_time 跳过: 2999-12-31 00:00:00.000xyz
13:50:45.352 [main] WARN com.ruoyi.vqms.source.reader.SaveTimeGate -- 坏行共 1 行已跳过
13:50:45.354 [main] WARN com.ruoyi.vqms.source.reader.SaveTimeGate -- 坏 save_time 跳过: 2057-0#-21 17:37:22.276
13:50:45.354 [main] WARN com.ruoyi.vqms.source.reader.SaveTimeGate -- 坏行共 1 行已跳过
13:50:45.355 [main] WARN com.ruoyi.vqms.source.reader.SaveTimeGate -- 坏 save_time 跳过: 1637-05-14
13:50:45.355 [main] WARN com.ruoyi.vqms.source.reader.SaveTimeGate -- 坏行共 1 行已跳过
13:50:45.357 [main] WARN com.ruoyi.vqms.source.reader.SaveTimeGate -- 坏 save_time 跳过: 2706-05-01
13:50:45.357 [main] WARN com.ruoyi.vqms.source.reader.SaveTimeGate -- 坏行共 1 行已跳过
13:50:45.358 [main] WARN com.ruoyi.vqms.source.reader.SaveTimeGate -- 坏 save_time 跳过: 2281-10-11 17:38:36.382xyz
13:50:45.358 [main] WARN com.ruoyi.vqms.source.reader.SaveTimeGate -- 坏行共 1 行已跳过
13:50:45.359 [main] WARN com.ruoyi.vqms.source.reader.SaveTimeGate -- 坏 save_time 跳过: 2106-05-05 04:27:39.71#
13:50:45.359 [main] WARN com.ruoyi.vqms.source.reader.SaveTimeGate -- 坏行共 1 行已跳过
13:50:45.360 [main] WARN com.ruoyi.vqms.source.reader.SaveTimeGate -- 坏 save_time 跳过: 1858-10-24 01:41:20.992xyz
13:50:45.360 [main] WARN com.ruoyi.vqms.source.reader.SaveTimeGate -- 坏行共 1 行已跳过
13:50:45.362 [main] WARN com.ruoyi.vqms.source.reader.SaveTimeGate -- 坏 save_time 跳过: 2227-02-6 15:07:05.834
13:50:45.362 [main] WARN com.ruoyi.vqms.source.reader.SaveTimeGate -- 坏行共 1 行已跳过
13:50:45.362 [main] WARN com.ruoyi.vqms.source.reader.SaveTimeGate -- 坏 save_time 跳过: 160-01-01 23:59:59.999
13:50:45.362 [main] WARN com.ruoyi.vqms.source.reader.SaveTimeGate -- 坏行共 1 行已跳过
13:50:45.363 [main] WARN com.ruoyi.vqms.source.reader.SaveTimeGate -- 坏 save_time 跳过: 2529-02-06 05:54:43.223xyz
13:50:45.363 [main] WARN com.ruoyi.vqms.source.reader.SaveTimeGate -- 坏行共 1 行已跳过
13:50:45.364 [main] WARN com.ruoyi.vqms.source.reader.SaveTimeGate -- 坏 save_time 跳过: 2999-12-31 00:00:00.000xyz
13:50:45.364 [main] WARN com.ruoyi.vqms.source.reader.SaveTimeGate -- 坏行共 1 行已跳过
13:50:45.364 [main] WARN com.ruoyi.vqms.source.reader.SaveTimeGate -- 坏 save_time 跳过: 2999-12-31 00:00:00.000xyz
13:50:45.364 [main] WARN com.ruoyi.vqms.source.reader.SaveTimeGate -- 坏行共 1 行已跳过
13:50:45.366 [main] WARN com.ruoyi.vqms.source.reader.SaveTimeGate -- 坏 save_time 跳过: 1893-04-29 23:#9:59.999
13:50:45.366 [main] WARN com.ruoyi.vqms.source.reader.SaveTimeGate -- 坏行共 1 行已跳过
13:50:45.367 [main] WARN com.ruoyi.vqms.source.reader.SaveTimeGate -- 坏 save_time 跳过: 1702-08-#6 02:52:13.603
13:50:45.367 [main] WARN com.ruoyi.vqms.source.reader.SaveTimeGate -- 坏行共 1 行已跳过
13:50:45.368 [main] WARN com.ruoyi.vqms.source.reader.SaveTimeGate -- 坏 save_time 跳过: 2366-01-01
13:50:45.368 [main] WARN com.ruoyi.vqms.source.reader.SaveTimeGate -- 坏行共 1 行已跳过
13:50:45.370 [main] WARN com.ruoyi.vqms.source.reader.SaveTimeGate -- 坏 save_time 跳过: 2149-07-15 06:47:07.893xyz
13:50:45.370 [main] WARN com.ruoyi.vqms.source.reader.SaveTimeGate -- 坏行共 1 行已跳过
13:50:45.372 [main] WARN com.ruoyi.vqms.source.reader.SaveTimeGate -- 坏 save_time 跳过: #076-08-09 17:25:20.881
13:50:45.372 [main] WARN com.ruoyi.vqms.source.reader.SaveTimeGate -- 坏行共 1 行已跳过
13:50:45.373 [main] WARN com.ruoyi.vqms.source.reader.SaveTimeGate -- 坏 save_time 跳过: 2999-12-31 00:00:00.000xyz
13:50:45.373 [main] WARN com.ruoyi.vqms.source.reader.SaveTimeGate -- 坏行共 1 行已跳过
13:50:45.374 [main] WARN com.ruoyi.vqms.source.reader.SaveTimeGate -- 坏 save_time 跳过: 2449-08-22 17:51#50.511
13:50:45.374 [main] WARN com.ruoyi.vqms.source.reader.SaveTimeGate -- 坏行共 1 行已跳过
13:50:45.374 [main] WARN com.ruoyi.vqms.source.reader.SaveTimeGate -- 坏 save_time 跳过: 2999-12-31 00:00:00.000xyz
13:50:45.374 [main] WARN com.ruoyi.vqms.source.reader.SaveTimeGate -- 坏行共 1 行已跳过
13:50:45.377 [main] WARN com.ruoyi.vqms.source.reader.SaveTimeGate -- 坏 save_time 跳过: 2722-04-06 13:
13:50:45.377 [main] WARN com.ruoyi.vqms.source.reader.SaveTimeGate -- 坏行共 1 行已跳过
13:50:45.379 [main] WARN com.ruoyi.vqms.source.reader.SaveTimeGate -- 坏 save_time 跳过: 2659-12-0 18:02:37.689
13:50:45.380 [main] WARN com.ruoyi.vqms.source.reader.SaveTimeGate -- 坏行共 1 行已跳过
13:50:45.381 [main] WARN com.ruoyi.vqms.source.reader.SaveTimeGate -- 坏 save_time 跳过: 2942-07-17
13:50:45.381 [main] WARN com.ruoyi.vqms.source.reader.SaveTimeGate -- 坏行共 1 行已跳过
13:50:45.382 [main] WARN com.ruoyi.vqms.source.reader.SaveTimeGate -- 坏 save_time 跳过: 2830-03-22
13:50:45.383 [main] WARN com.ruoyi.vqms.source.reader.SaveTimeGate -- 坏行共 1 行已跳过
13:50:45.385 [main] WARN com.ruoyi.vqms.source.reader.SaveTimeGate -- 坏 save_time 跳过: 2660-08-16 13:2:01.436
13:50:45.385 [main] WARN com.ruoyi.vqms.source.reader.SaveTimeGate -- 坏行共 1 行已跳过
13:50:45.386 [main] WARN com.ruoyi.vqms.source.reader.SaveTimeGate -- 坏 save_time 跳过: 165-05-05 10:50:47.409
13:50:45.387 [main] WARN com.ruoyi.vqms.source.reader.SaveTimeGate -- 坏行共 1 行已跳过
13:50:45.388 [main] WARN com.ruoyi.vqms.source.reader.SaveTimeGate -- 坏 save_time 跳过: 2999-12-31 00:00:00.000xyz
13:50:45.388 [main] WARN com.ruoyi.vqms.source.reader.SaveTimeGate -- 坏行共 1 行已跳过
13:50:45.389 [main] WARN com.ruoyi.vqms.source.reader.SaveTimeGate -- 坏 save_time 跳过: 2990-01-11 05:47:54.142xyz
13:50:45.389 [main] WARN com.ruoyi.vqms.source.reader.SaveTimeGate -- 坏行共 1 行已跳过
13:50:45.390 [main] WARN com.ruoyi.vqms.source.reader.SaveTimeGate -- 坏 save_time 跳过: 2898-08-14
13:50:45.390 [main] WARN com.ruoyi.vqms.source.reader.SaveTimeGate -- 坏行共 1 行已跳过
13:50:45.391 [main] WARN com.ruoyi.vqms.source.reader.SaveTimeGate -- 坏 save_time 跳过: 2294-08-21 21:56:40.0#2
13:50:45.392 [main] WARN com.ruoyi.vqms.source.reader.SaveTimeGate -- 坏行共 1 行已跳过
13:50:45.393 [main] WARN com.ruoyi.vqms.source.reader.SaveTimeGate -- 坏 save_time 跳过: 2422-07-13
13:50:45.393 [main] WARN com.ruoyi.vqms.source.reader.SaveTimeGate -- 坏行共 1 行已跳过
13:50:45.394 [main] WARN com.ruoyi.vqms.source.reader.SaveTimeGate -- 坏 save_time 跳过: 1700-09-04 13:35
13:50:45.394 [main] WARN com.ruoyi.vqms.source.reader.SaveTimeGate -- 坏行共 1 行已跳过
13:50:45.396 [main] WARN com.ruoyi.vqms.source.reader.SaveTimeGate -- 坏 save_time 跳过: 2733-05-0 06:06:45.978
13:50:45.396 [main] WARN com.ruoyi.vqms.source.reader.SaveTimeGate -- 坏行共 1 行已跳过
13:50:45.397 [main] WARN com.ruoyi.vqms.source.reader.SaveTimeGate -- 坏 save_time 跳过: 2194-06-08 18:37:13.773xyz
13:50:45.397 [main] WARN com.ruoyi.vqms.source.reader.SaveTimeGate -- 坏行共 1 行已跳过
13:50:45.398 [main] WARN com.ruoyi.vqms.source.reader.SaveTimeGate -- 坏 save_time 跳过: 2999-12-31 00:00:00.000xyz
13:50:45.398 [main] WARN com.ruoyi.vqms.source.reader.SaveTimeGate -- 坏行共 1 行已跳过
13:50:45.399 [main] WARN com.ruoyi.vqms.source.reader.SaveTimeGate -- 坏 save_time 跳过: 2089-09-16 1824:09.341
13:50:45.399 [main] WARN com.ruoyi.vqms.source.reader.SaveTimeGate -- 坏行共 1 行已跳过
13:50:45.401 [main] WARN com.ruoyi.vqms.source.reader.SaveTimeGate -- 坏 save_time 跳过: 2196-01-16 0412:09.377
13:50:45.401 [main] WARN com.ruoyi.vqms.source.reader.SaveTimeGate -- 坏行共 1 行已跳过
13:50:45.401 [main] WARN com.ruoyi.vqms.source.reader.SaveTimeGate -- 坏 save_time 跳过: 160-01-01 23:59:59.999
13:50:45.402 [main] WARN com.ruoyi.vqms.source.reader.SaveTimeGate -- 坏行共 1 行已跳过
13:50:45.403 [main] WARN com.ruoyi.vqms.source.reader.SaveTimeGate -- 坏 save_time 跳过: 1656-10-06 07:01:33.478xyz
13:50:45.403 [main] WARN com.ruoyi.vqms.source.reader.SaveTimeGate -- 坏行共 1 行已跳过
13:50:45.405 [main] WARN com.ruoyi.vqms.source.reader.SaveTimeGate -- 坏 save_time 跳过: 2201-08-23#00:00:00.000
13:50:45.405 [main] WARN com.ruoyi.vqms.source.reader.SaveTimeGate -- 坏行共 1 行已跳过
13:50:45.406 [main] WARN com.ruoyi.vqms.source.reader.SaveTimeGate -- 坏 save_time 跳过: 2063-06-21 22:17:21.344xyz
13:50:45.406 [main] WARN com.ruoyi.vqms.source.reader.SaveTimeGate -- 坏行共 1 行已跳过
13:50:45.407 [main] WARN com.ruoyi.vqms.source.reader.SaveTimeGate -- 坏 save_time 跳过: 2119-10-22 19:0813.027
13:50:45.407 [main] WARN com.ruoyi.vqms.source.reader.SaveTimeGate -- 坏行共 1 行已跳过
13:50:45.409 [main] WARN com.ruoyi.vqms.source.reader.SaveTimeGate -- 坏 save_time 跳过: 1735-07-06 12:39:1#.098
13:50:45.409 [main] WARN com.ruoyi.vqms.source.reader.SaveTimeGate -- 坏行共 1 行已跳过
13:50:45.410 [main] WARN com.ruoyi.vqms.source.reader.SaveTimeGate -- 坏 save_time 跳过: 2886-10-2# 04:15:26.872
13:50:45.411 [main] WARN com.ruoyi.vqms.source.reader.SaveTimeGate -- 坏行共 1 行已跳过
13:50:45.412 [main] WARN com.ruoyi.vqms.source.reader.SaveTimeGate -- 坏 save_time 跳过: 1754-08-22 15:2
13:50:45.412 [main] WARN com.ruoyi.vqms.source.reader.SaveTimeGate -- 坏行共 1 行已跳过
13:50:45.414 [main] WARN com.ruoyi.vqms.source.reader.SaveTimeGate -- 坏 save_time 跳过: 2999-12-31 00:00:00.000xyz
13:50:45.414 [main] WARN com.ruoyi.vqms.source.reader.SaveTimeGate -- 坏行共 1 行已跳过
13:50:45.415 [main] WARN com.ruoyi.vqms.source.reader.SaveTimeGate -- 坏 save_time 跳过: 2812-07-24 #0:33:52.452
13:50:45.415 [main] WARN com.ruoyi.vqms.source.reader.SaveTimeGate -- 坏行共 1 行已跳过
13:50:45.417 [main] WARN com.ruoyi.vqms.source.reader.SaveTimeGate -- 坏 save_time 跳过: 2872-1#-24 15:47:58.931
13:50:45.417 [main] WARN com.ruoyi.vqms.source.reader.SaveTimeGate -- 坏行共 1 行已跳过
13:50:45.418 [main] WARN com.ruoyi.vqms.source.reader.SaveTimeGate -- 坏 save_time 跳过: 2936-02-16 19:17:3.268
13:50:45.418 [main] WARN com.ruoyi.vqms.source.reader.SaveTimeGate -- 坏行共 1 行已跳过
13:50:45.420 [main] WARN com.ruoyi.vqms.source.reader.SaveTimeGate -- 坏 save_time 跳过: 2116-10-20 20:1:44.899
13:50:45.420 [main] WARN com.ruoyi.vqms.source.reader.SaveTimeGate -- 坏行共 1 行已跳过
13:50:45.421 [main] WARN com.ruoyi.vqms.source.reader.SaveTimeGate -- 坏 save_time 跳过: 25#9-01-17 07:23:25.517
13:50:45.421 [main] WARN com.ruoyi.vqms.source.reader.SaveTimeGate -- 坏行共 1 行已跳过
13:50:45.421 [main] WARN com.ruoyi.vqms.source.reader.SaveTimeGate -- 坏 save_time 跳过: 2999-12-31 00:00:00.000xyz
13:50:45.421 [main] WARN com.ruoyi.vqms.source.reader.SaveTimeGate -- 坏行共 1 行已跳过
13:50:45.422 [main] WARN com.ruoyi.vqms.source.reader.SaveTimeGate -- 坏 save_time 跳过: 1646-01-30
13:50:45.422 [main] WARN com.ruoyi.vqms.source.reader.SaveTimeGate -- 坏行共 1 行已跳过
13:50:45.424 [main] WARN com.ruoyi.vqms.source.reader.SaveTimeGate -- 坏 save_time 跳过: 1961-07-05 21:16:28.914xyz
13:50:45.424 [main] WARN com.ruoyi.vqms.source.reader.SaveTimeGate -- 坏行共 1 行已跳过
13:50:45.425 [main] WARN com.ruoyi.vqms.source.reader.SaveTimeGate -- 坏 save_time 跳过: 2531-08-14
13:50:45.425 [main] WARN com.ruoyi.vqms.source.reader.SaveTimeGate -- 坏行共 1 行已跳过
13:50:45.427 [main] WARN com.ruoyi.vqms.source.reader.SaveTimeGate -- 坏 save_time 跳过: 2020-07-1 07:32:26.742
13:50:45.427 [main] WARN com.ruoyi.vqms.source.reader.SaveTimeGate -- 坏行共 1 行已跳过
13:50:45.427 [main] WARN com.ruoyi.vqms.source.reader.SaveTimeGate -- 坏 save_time 跳过: 2086-08-07 07:2:23.310
13:50:45.427 [main] WARN com.ruoyi.vqms.source.reader.SaveTimeGate -- 坏行共 1 行已跳过
13:50:45.427 [main] WARN com.ruoyi.vqms.source.reader.SaveTimeGate -- 坏 save_time 跳过: 2939-12-21 08:9:57.544
13:50:45.427 [main] WARN com.ruoyi.vqms.source.reader.SaveTimeGate -- 坏行共 1 行已跳过
13:50:45.429 [main] WARN com.ruoyi.vqms.source.reader.SaveTimeGate -- 坏 save_time 跳过: 2570-05-02 06:5433.721
13:50:45.429 [main] WARN com.ruoyi.vqms.source.reader.SaveTimeGate -- 坏行共 1 行已跳过
13:50:45.431 [main] WARN com.ruoyi.vqms.source.reader.SaveTimeGate -- 坏 save_time 跳过: #184-05-19 18:59:52.174
13:50:45.431 [main] WARN com.ruoyi.vqms.source.reader.SaveTimeGate -- 坏行共 1 行已跳过
13:50:45.432 [main] WARN com.ruoyi.vqms.source.reader.SaveTimeGate -- 坏 save_time 跳过: 1926-12-18 04:0:21.600
13:50:45.432 [main] WARN com.ruoyi.vqms.source.reader.SaveTimeGate -- 坏行共 1 行已跳过
13:50:45.433 [main] WARN com.ruoyi.vqms.source.reader.SaveTimeGate -- 坏 save_time 跳过: 2131-08-27 20:56:04.006xyz
13:50:45.433 [main] WARN com.ruoyi.vqms.source.reader.SaveTimeGate -- 坏行共 1 行已跳过
13:50:45.433 [main] WARN com.ruoyi.vqms.source.reader.SaveTimeGate -- 坏 save_time 跳过: 2999-12-31 00:00:00.000xyz
13:50:45.434 [main] WARN com.ruoyi.vqms.source.reader.SaveTimeGate -- 坏行共 1 行已跳过
13:50:45.434 [main] WARN com.ruoyi.vqms.source.reader.SaveTimeGate -- 坏 save_time 跳过: 2999-12-31 00:00:00.000xyz
13:50:45.434 [main] WARN com.ruoyi.vqms.source.reader.SaveTimeGate -- 坏行共 1 行已跳过
13:50:45.435 [main] WARN com.ruoyi.vqms.source.reader.SaveTimeGate -- 坏 save_time 跳过: 2341-7-25 23:28:51.304
13:50:45.436 [main] WARN com.ruoyi.vqms.source.reader.SaveTimeGate -- 坏行共 1 行已跳过
13:50:45.436 [main] WARN com.ruoyi.vqms.source.reader.SaveTimeGate -- 坏 save_time 跳过: 2999-12-31 00:00:00.000xyz
13:50:45.436 [main] WARN com.ruoyi.vqms.source.reader.SaveTimeGate -- 坏行共 1 行已跳过
13:50:45.437 [main] WARN com.ruoyi.vqms.source.reader.SaveTimeGate -- 坏 save_time 跳过: 2857-03-23 03:02:2.393
13:50:45.437 [main] WARN com.ruoyi.vqms.source.reader.SaveTimeGate -- 坏行共 1 行已跳过
13:50:45.438 [main] WARN com.ruoyi.vqms.source.reader.SaveTimeGate -- 坏 save_time 跳过: 2119-06-20 19:19:12.9#0
13:50:45.438 [main] WARN com.ruoyi.vqms.source.reader.SaveTimeGate -- 坏行共 1 行已跳过
13:50:45.439 [main] WARN com.ruoyi.vqms.source.reader.SaveTimeGate -- 坏 save_time 跳过: 272#-08-12 13:20:26.153
13:50:45.439 [main] WARN com.ruoyi.vqms.source.reader.SaveTimeGate -- 坏行共 1 行已跳过
13:50:45.440 [main] WARN com.ruoyi.vqms.source.reader.SaveTimeGate -- 坏 save_time 跳过: 2362-04-29 19#10:05.772
13:50:45.440 [main] WARN com.ruoyi.vqms.source.reader.SaveTimeGate -- 坏行共 1 行已跳过
13:50:45.441 [main] WARN com.ruoyi.vqms.source.reader.SaveTimeGate -- 坏 save_time 跳过: 2901-07-23 08:02:22.623xyz
13:50:45.441 [main] WARN com.ruoyi.vqms.source.reader.SaveTimeGate -- 坏行共 1 行已跳过
13:50:45.441 [main] WARN com.ruoyi.vqms.source.reader.SaveTimeGate -- 坏 save_time 跳过: 2999-12-31 00:00:00.000xyz
13:50:45.441 [main] WARN com.ruoyi.vqms.source.reader.SaveTimeGate -- 坏行共 1 行已跳过
13:50:45.442 [main] WARN com.ruoyi.vqms.source.reader.SaveTimeGate -- 坏 save_time 跳过: 198-03-23 03:28:12.303
13:50:45.442 [main] WARN com.ruoyi.vqms.source.reader.SaveTimeGate -- 坏行共 1 行已跳过
13:50:45.442 [main] WARN com.ruoyi.vqms.source.reader.SaveTimeGate -- 坏 save_time 跳过: 2320-01-02 19:35:57.
13:50:45.442 [main] WARN com.ruoyi.vqms.source.reader.SaveTimeGate -- 坏行共 1 行已跳过
13:50:45.443 [main] WARN com.ruoyi.vqms.source.reader.SaveTimeGate -- 坏 save_time 跳过: 2999-12-31 00:00:00.000xyz
13:50:45.443 [main] WARN com.ruoyi.vqms.source.reader.SaveTimeGate -- 坏行共 1 行已跳过
13:50:45.444 [main] WARN com.ruoyi.vqms.source.reader.SaveTimeGate -- 坏 save_time 跳过: 1#50-05-05 17:00:49.627
13:50:45.444 [main] WARN com.ruoyi.vqms.source.reader.SaveTimeGate -- 坏行共 1 行已跳过
13:50:45.444 [main] WARN com.ruoyi.vqms.source.reader.SaveTimeGate -- 坏 save_time 跳过: 1627-0-29 21:12:07.880
13:50:45.445 [main] WARN com.ruoyi.vqms.source.reader.SaveTimeGate -- 坏行共 1 行已跳过
13:50:45.446 [main] WARN com.ruoyi.vqms.source.reader.SaveTimeGate -- 坏 save_time 跳过: 1834-01-23 06:49#34.986
13:50:45.447 [main] WARN com.ruoyi.vqms.source.reader.SaveTimeGate -- 坏行共 1 行已跳过
13:50:45.448 [main] WARN com.ruoyi.vqms.source.reader.SaveTimeGate -- 坏 save_time 跳过: 2450-#5-20 15:58:52.277
13:50:45.448 [main] WARN com.ruoyi.vqms.source.reader.SaveTimeGate -- 坏行共 1 行已跳过
13:50:45.449 [main] WARN com.ruoyi.vqms.source.reader.SaveTimeGate -- 坏 save_time 跳过: 2366-08-13 07:20:4.580
13:50:45.450 [main] WARN com.ruoyi.vqms.source.reader.SaveTimeGate -- 坏行共 1 行已跳过
13:50:45.451 [main] WARN com.ruoyi.vqms.source.reader.SaveTimeGate -- 坏 save_time 跳过: 2335-06-14 16:50:02.
13:50:45.451 [main] WARN com.ruoyi.vqms.source.reader.SaveTimeGate -- 坏行共 1 行已跳过
13:50:45.452 [main] WARN com.ruoyi.vqms.source.reader.SaveTimeGate -- 坏 save_time 跳过: 2188-10-07 9:11:21.218
13:50:45.453 [main] WARN com.ruoyi.vqms.source.reader.SaveTimeGate -- 坏行共 1 行已跳过
13:50:45.455 [main] WARN com.ruoyi.vqms.source.reader.SaveTimeGate -- 坏 save_time 跳过: 1839-05-22 08:3:16.234
13:50:45.455 [main] WARN com.ruoyi.vqms.source.reader.SaveTimeGate -- 坏行共 1 行已跳过
13:50:45.456 [main] WARN com.ruoyi.vqms.source.reader.SaveTimeGate -- 坏 save_time 跳过: 2052-06-26
13:50:45.456 [main] WARN com.ruoyi.vqms.source.reader.SaveTimeGate -- 坏行共 1 行已跳过
13:50:45.457 [main] WARN com.ruoyi.vqms.source.reader.SaveTimeGate -- 坏 save_time 跳过: 1918-1#-01 08:40:45.687
13:50:45.457 [main] WARN com.ruoyi.vqms.source.reader.SaveTimeGate -- 坏行共 1 行已跳过
13:50:45.458 [main] WARN com.ruoyi.vqms.source.reader.SaveTimeGate -- 坏 save_time 跳过: 2999-12-31 00:00:00.000xyz
13:50:45.458 [main] WARN com.ruoyi.vqms.source.reader.SaveTimeGate -- 坏行共 1 行已跳过
13:50:45.459 [main] WARN com.ruoyi.vqms.source.reader.SaveTimeGate -- 坏 save_time 跳过: 2583-1#-29 11:16:23.815
13:50:45.460 [main] WARN com.ruoyi.vqms.source.reader.SaveTimeGate -- 坏行共 1 行已跳过
13:50:45.460 [main] WARN com.ruoyi.vqms.source.reader.SaveTimeGate -- 坏 save_time 跳过: 2999-12-31 00:00:00.000xyz
13:50:45.460 [main] WARN com.ruoyi.vqms.source.reader.SaveTimeGate -- 坏行共 1 行已跳过
13:50:45.461 [main] WARN com.ruoyi.vqms.source.reader.SaveTimeGate -- 坏 save_time 跳过: 2136-11-19 06:40:02.640xyz
13:50:45.461 [main] WARN com.ruoyi.vqms.source.reader.SaveTimeGate -- 坏行共 1 行已跳过
13:50:45.461 [main] WARN com.ruoyi.vqms.source.reader.SaveTimeGate -- 坏 save_time 跳过: 2999-12-31 00:00:00.000xyz
13:50:45.462 [main] WARN com.ruoyi.vqms.source.reader.SaveTimeGate -- 坏行共 1 行已跳过
13:50:45.463 [main] WARN com.ruoyi.vqms.source.reader.SaveTimeGate -- 坏 save_time 跳过: 1749-10-05 19
13:50:45.464 [main] WARN com.ruoyi.vqms.source.reader.SaveTimeGate -- 坏行共 1 行已跳过
13:50:45.464 [main] WARN com.ruoyi.vqms.source.reader.SaveTimeGate -- 坏 save_time 跳过: 1611-11-30
13:50:45.464 [main] WARN com.ruoyi.vqms.source.reader.SaveTimeGate -- 坏行共 1 行已跳过
13:50:45.466 [main] WARN com.ruoyi.vqms.source.reader.SaveTimeGate -- 坏 save_time 跳过: 2643-07-18 04:42:09.515xyz
13:50:45.466 [main] WARN com.ruoyi.vqms.source.reader.SaveTimeGate -- 坏行共 1 行已跳过
13:50:45.467 [main] WARN com.ruoyi.vqms.source.reader.SaveTimeGate -- 坏 save_time 跳过: 2488-01-03
13:50:45.467 [main] WARN com.ruoyi.vqms.source.reader.SaveTimeGate -- 坏行共 1 行已跳过
13:50:45.467 [main] WARN com.ruoyi.vqms.source.reader.SaveTimeGate -- 坏 save_time 跳过: 2368-12-11 01:20:28.845xyz
13:50:45.467 [main] WARN com.ruoyi.vqms.source.reader.SaveTimeGate -- 坏行共 1 行已跳过
13:50:45.468 [main] WARN com.ruoyi.vqms.source.reader.SaveTimeGate -- 坏 save_time 跳过: 1774-01-28 17
13:50:45.468 [main] WARN com.ruoyi.vqms.source.reader.SaveTimeGate -- 坏行共 1 行已跳过
13:50:45.469 [main] WARN com.ruoyi.vqms.source.reader.SaveTimeGate -- 坏 save_time 跳过: 1903-03-29 02:25:27.853xyz
13:50:45.469 [main] WARN com.ruoyi.vqms.source.reader.SaveTimeGate -- 坏行共 1 行已跳过
13:50:45.470 [main] WARN com.ruoyi.vqms.source.reader.SaveTimeGate -- 坏 save_time 跳过: 2999-12-31 00:00:00.000xyz
13:50:45.470 [main] WARN com.ruoyi.vqms.source.reader.SaveTimeGate -- 坏行共 1 行已跳过
13:50:45.470 [main] WARN com.ruoyi.vqms.source.reader.SaveTimeGate -- 坏 save_time 跳过: 2999-12-31 00:00:00.000xyz
13:50:45.470 [main] WARN com.ruoyi.vqms.source.reader.SaveTimeGate -- 坏行共 1 行已跳过
13:50:45.472 [main] WARN com.ruoyi.vqms.source.reader.SaveTimeGate -- 坏 save_time 跳过: 1860-03-25
13:50:45.472 [main] WARN com.ruoyi.vqms.source.reader.SaveTimeGate -- 坏行共 1 行已跳过
13:50:45.472 [main] WARN com.ruoyi.vqms.source.reader.SaveTimeGate -- 坏 save_time 跳过: 2999-12-31 00:00:00.000xyz
13:50:45.472 [main] WARN com.ruoyi.vqms.source.reader.SaveTimeGate -- 坏行共 1 行已跳过
13:50:45.474 [main] WARN com.ruoyi.vqms.source.reader.SaveTimeGate -- 坏 save_time 跳过: 1789-05-18 05:45:47.927xyz
13:50:45.474 [main] WARN com.ruoyi.vqms.source.reader.SaveTimeGate -- 坏行共 1 行已跳过
13:50:45.475 [main] WARN com.ruoyi.vqms.source.reader.SaveTimeGate -- 坏 save_time 跳过: #116-02-13 07:35:28.341
13:50:45.475 [main] WARN com.ruoyi.vqms.source.reader.SaveTimeGate -- 坏行共 1 行已跳过
13:50:45.476 [main] WARN com.ruoyi.vqms.source.reader.SaveTimeGate -- 坏 save_time 跳过: 2292-1-16 00:41:17.634
13:50:45.476 [main] WARN com.ruoyi.vqms.source.reader.SaveTimeGate -- 坏行共 1 行已跳过
13:50:45.478 [main] WARN com.ruoyi.vqms.source.reader.SaveTimeGate -- 坏 save_time 跳过: 2828-04-22
13:50:45.478 [main] WARN com.ruoyi.vqms.source.reader.SaveTimeGate -- 坏行共 1 行已跳过
13:50:45.479 [main] WARN com.ruoyi.vqms.source.reader.SaveTimeGate -- 坏 save_time 跳过: 847-09-22 00:00:00.000
13:50:45.480 [main] WARN com.ruoyi.vqms.source.reader.SaveTimeGate -- 坏行共 1 行已跳过
13:50:45.481 [main] WARN com.ruoyi.vqms.source.reader.SaveTimeGate -- 坏 save_time 跳过: 2405-02-15 21:37:
13:50:45.481 [main] WARN com.ruoyi.vqms.source.reader.SaveTimeGate -- 坏行共 1 行已跳过
13:50:45.482 [main] WARN com.ruoyi.vqms.source.reader.SaveTimeGate -- 坏 save_time 跳过: 2037-01-29 00:00:0#.000
13:50:45.482 [main] WARN com.ruoyi.vqms.source.reader.SaveTimeGate -- 坏行共 1 行已跳过
13:50:45.483 [main] WARN com.ruoyi.vqms.source.reader.SaveTimeGate -- 坏 save_time 跳过: 2205-08-01 #3:48:12.510
13:50:45.483 [main] WARN com.ruoyi.vqms.source.reader.SaveTimeGate -- 坏行共 1 行已跳过
13:50:45.484 [main] WARN com.ruoyi.vqms.source.reader.SaveTimeGate -- 坏 save_time 跳过: 2803-09-08
13:50:45.484 [main] WARN com.ruoyi.vqms.source.reader.SaveTimeGate -- 坏行共 1 行已跳过
13:50:45.484 [main] WARN com.ruoyi.vqms.source.reader.SaveTimeGate -- 坏 save_time 跳过: 2999-12-31 00:00:00.000xyz
13:50:45.484 [main] WARN com.ruoyi.vqms.source.reader.SaveTimeGate -- 坏行共 1 行已跳过
13:50:45.484 [main] WARN com.ruoyi.vqms.source.reader.SaveTimeGate -- 坏 save_time 跳过: 100-02-29 00:00:00.000
13:50:45.484 [main] WARN com.ruoyi.vqms.source.reader.SaveTimeGate -- 坏行共 1 行已跳过
13:50:45.484 [main] WARN com.ruoyi.vqms.source.reader.SaveTimeGate -- 坏 save_time 跳过: 2996-09-2 00:00:00.000
13:50:45.484 [main] WARN com.ruoyi.vqms.source.reader.SaveTimeGate -- 坏行共 1 行已跳过
13:50:45.484 [main] WARN com.ruoyi.vqms.source.reader.SaveTimeGate -- 坏 save_time 跳过: 1865-02-12 19
13:50:45.484 [main] WARN com.ruoyi.vqms.source.reader.SaveTimeGate -- 坏行共 1 行已跳过
13:50:45.486 [main] WARN com.ruoyi.vqms.source.reader.SaveTimeGate -- 坏 save_time 跳过: 1717-08-14 0434:18.197
13:50:45.486 [main] WARN com.ruoyi.vqms.source.reader.SaveTimeGate -- 坏行共 1 行已跳过
13:50:45.486 [main] WARN com.ruoyi.vqms.source.reader.SaveTimeGate -- 坏 save_time 跳过: 2389-11-25 00:31:01.413xyz
13:50:45.486 [main] WARN com.ruoyi.vqms.source.reader.SaveTimeGate -- 坏行共 1 行已跳过
13:50:45.488 [main] WARN com.ruoyi.vqms.source.reader.SaveTimeGate -- 坏 save_time 跳过: 1710-12-27 12:43:20.051xyz
13:50:45.488 [main] WARN com.ruoyi.vqms.source.reader.SaveTimeGate -- 坏行共 1 行已跳过
13:50:45.489 [main] WARN com.ruoyi.vqms.source.reader.SaveTimeGate -- 坏 save_time 跳过: 2363-03-10 07:09
13:50:45.489 [main] WARN com.ruoyi.vqms.source.reader.SaveTimeGate -- 坏行共 1 行已跳过
13:50:45.489 [main] WARN com.ruoyi.vqms.source.reader.SaveTimeGate -- 坏 save_time 跳过: 2999-12-31 00:00:00.000xyz
13:50:45.489 [main] WARN com.ruoyi.vqms.source.reader.SaveTimeGate -- 坏行共 1 行已跳过
13:50:45.491 [main] WARN com.ruoyi.vqms.source.reader.SaveTimeGate -- 坏 save_time 跳过: 1750-12-23 10:21:4.117
13:50:45.491 [main] WARN com.ruoyi.vqms.source.reader.SaveTimeGate -- 坏行共 1 行已跳过
13:50:45.493 [main] WARN com.ruoyi.vqms.source.reader.SaveTimeGate -- 坏 save_time 跳过: 2876-04-04 00:52:05.650xyz
13:50:45.493 [main] WARN com.ruoyi.vqms.source.reader.SaveTimeGate -- 坏行共 1 行已跳过
13:50:45.494 [main] WARN com.ruoyi.vqms.source.reader.SaveTimeGate -- 坏 save_time 跳过: 2703-12-06 16:19:07.76#
13:50:45.494 [main] WARN com.ruoyi.vqms.source.reader.SaveTimeGate -- 坏行共 1 行已跳过
13:50:45.495 [main] WARN com.ruoyi.vqms.source.reader.SaveTimeGate -- 坏 save_time 跳过: 2863-05-23 1658:27.229
13:50:45.495 [main] WARN com.ruoyi.vqms.source.reader.SaveTimeGate -- 坏行共 1 行已跳过
13:50:45.496 [main] WARN com.ruoyi.vqms.source.reader.SaveTimeGate -- 坏 save_time 跳过: 2553-06-16 10:57:51.424xyz
13:50:45.496 [main] WARN com.ruoyi.vqms.source.reader.SaveTimeGate -- 坏行共 1 行已跳过
13:50:45.497 [main] WARN com.ruoyi.vqms.source.reader.SaveTimeGate -- 坏 save_time 跳过: 2846-06-25 10:#7:06.121
13:50:45.497 [main] WARN com.ruoyi.vqms.source.reader.SaveTimeGate -- 坏行共 1 行已跳过
13:50:45.498 [main] WARN com.ruoyi.vqms.source.reader.SaveTimeGate -- 坏 save_time 跳过: 2999-12-31 00:00:00.000xyz
13:50:45.498 [main] WARN com.ruoyi.vqms.source.reader.SaveTimeGate -- 坏行共 1 行已跳过
13:50:45.499 [main] WARN com.ruoyi.vqms.source.reader.SaveTimeGate -- 坏 save_time 跳过: 2018-03-25 22:48:05.#33
13:50:45.499 [main] WARN com.ruoyi.vqms.source.reader.SaveTimeGate -- 坏行共 1 行已跳过
13:50:45.500 [main] WARN com.ruoyi.vqms.source.reader.SaveTimeGate -- 坏 save_time 跳过: 2963-10-23 07:06:18.393xyz
13:50:45.500 [main] WARN com.ruoyi.vqms.source.reader.SaveTimeGate -- 坏行共 1 行已跳过
13:50:45.501 [main] WARN com.ruoyi.vqms.source.reader.SaveTimeGate -- 坏 save_time 跳过: 2673-05-24 20:58:02.361xyz
13:50:45.501 [main] WARN com.ruoyi.vqms.source.reader.SaveTimeGate -- 坏行共 1 行已跳过
13:50:45.502 [main] WARN com.ruoyi.vqms.source.reader.SaveTimeGate -- 坏 save_time 跳过: 1704-06-21 09:26:03.426xyz
13:50:45.502 [main] WARN com.ruoyi.vqms.source.reader.SaveTimeGate -- 坏行共 1 行已跳过
13:50:45.504 [main] WARN com.ruoyi.vqms.source.reader.SaveTimeGate -- 坏 save_time 跳过: 2483-9-18 03:58:11.105
13:50:45.504 [main] WARN com.ruoyi.vqms.source.reader.SaveTimeGate -- 坏行共 1 行已跳过
13:50:45.506 [main] WARN com.ruoyi.vqms.source.reader.SaveTimeGate -- 坏 save_time 跳过: 1957-05-22 04:05:15.233xyz
13:50:45.506 [main] WARN com.ruoyi.vqms.source.reader.SaveTimeGate -- 坏行共 1 行已跳过
13:50:45.507 [main] WARN com.ruoyi.vqms.source.reader.SaveTimeGate -- 坏 save_time 跳过: 2999-12-31 00:00:00.000xyz
13:50:45.508 [main] WARN com.ruoyi.vqms.source.reader.SaveTimeGate -- 坏行共 1 行已跳过
13:50:45.509 [main] WARN com.ruoyi.vqms.source.reader.SaveTimeGate -- 坏 save_time 跳过: 2627-02-23 17:29:30.160xyz
13:50:45.509 [main] WARN com.ruoyi.vqms.source.reader.SaveTimeGate -- 坏行共 1 行已跳过
13:50:45.510 [main] WARN com.ruoyi.vqms.source.reader.SaveTimeGate -- 坏 save_time 跳过: 2999-12-31 00:00:00.000xyz
13:50:45.510 [main] WARN com.ruoyi.vqms.source.reader.SaveTimeGate -- 坏行共 1 行已跳过
13:50:45.511 [main] WARN com.ruoyi.vqms.source.reader.SaveTimeGate -- 坏 save_time 跳过: 160-01-01 23:59:59.999
13:50:45.511 [main] WARN com.ruoyi.vqms.source.reader.SaveTimeGate -- 坏行共 1 行已跳过
13:50:45.514 [main] WARN com.ruoyi.vqms.source.reader.SaveTimeGate -- 坏 save_time 跳过: 1715-#6-24 01:09:52.917
13:50:45.514 [main] WARN com.ruoyi.vqms.source.reader.SaveTimeGate -- 坏行共 1 行已跳过
13:50:45.515 [main] WARN com.ruoyi.vqms.source.reader.SaveTimeGate -- 坏 save_time 跳过: 2019-06-28
13:50:45.515 [main] WARN com.ruoyi.vqms.source.reader.SaveTimeGate -- 坏行共 1 行已跳过
13:50:45.516 [main] WARN com.ruoyi.vqms.source.reader.SaveTimeGate -- 坏 save_time 跳过: 2318-07-02 1:56:02.930
13:50:45.516 [main] WARN com.ruoyi.vqms.source.reader.SaveTimeGate -- 坏行共 1 行已跳过
13:50:45.519 [main] WARN com.ruoyi.vqms.source.reader.SaveTimeGate -- 坏 save_time 跳过: 160-01-01 23:59:59.999
[...]
13:50:45.915 [main] WARN com.ruoyi.vqms.source.reader.SaveTimeGate -- 坏行共 1 行已跳过
13:50:45.915 [main] WARN com.ruoyi.vqms.source.reader.SaveTimeGate -- 坏 save_time 跳过: 2#30-02-03 23:59:59.999
13:50:45.916 [main] WARN com.ruoyi.vqms.source.reader.SaveTimeGate -- 坏行共 1 行已跳过
13:50:45.917 [main] WARN com.ruoyi.vqms.source.reader.SaveTimeGate -- 坏 save_time 跳过: 230-03-25 23:13:23.462
13:50:45.917 [main] WARN com.ruoyi.vqms.source.reader.SaveTimeGate -- 坏行共 1 行已跳过
13:50:45.917 [main] WARN com.ruoyi.vqms.source.reader.SaveTimeGate -- 坏 save_time 跳过: 1600#02-29 23:59:59.999
13:50:45.917 [main] WARN com.ruoyi.vqms.source.reader.SaveTimeGate -- 坏行共 1 行已跳过
13:50:45.917 [main] WARN com.ruoyi.vqms.source.reader.SaveTimeGate -- 坏 save_time 跳过: 1600#02-29 23:59:59.999
13:50:45.917 [main] WARN com.ruoyi.vqms.source.reader.SaveTimeGate -- 坏行共 1 行已跳过
13:50:45.919 [main] WARN com.ruoyi.vqms.source.reader.SaveTimeGate -- 坏 save_time 跳过: 2469-12-15
13:50:45.919 [main] WARN com.ruoyi.vqms.source.reader.SaveTimeGate -- 坏行共 1 行已跳过
13:50:45.920 [main] WARN com.ruoyi.vqms.source.reader.SaveTimeGate -- 坏 save_time 跳过: 1952-12-26
13:50:45.920 [main] WARN com.ruoyi.vqms.source.reader.SaveTimeGate -- 坏行共 1 行已跳过
13:50:45.920 [main] WARN com.ruoyi.vqms.source.reader.SaveTimeGate -- 坏 save_time 跳过: 2363-12-29#00:00:00.000
13:50:45.920 [main] WARN com.ruoyi.vqms.source.reader.SaveTimeGate -- 坏行共 1 行已跳过
13:50:45.920 [main] WARN com.ruoyi.vqms.source.reader.SaveTimeGate -- 坏 save_time 跳过: 2283-04-25 04:1
13:50:45.921 [main] WARN com.ruoyi.vqms.source.reader.SaveTimeGate -- 坏行共 1 行已跳过
13:50:45.921 [main] WARN com.ruoyi.vqms.source.reader.SaveTimeGate -- 坏 save_time 跳过: 2676-01-16 06:06:44.095xyz
13:50:45.921 [main] WARN com.ruoyi.vqms.source.reader.SaveTimeGate -- 坏行共 1 行已跳过
13:50:45.922 [main] WARN com.ruoyi.vqms.source.reader.SaveTimeGate -- 坏 save_time 跳过: #023-06-30 21:06:21.631
13:50:45.922 [main] WARN com.ruoyi.vqms.source.reader.SaveTimeGate -- 坏行共 1 行已跳过
13:50:45.922 [main] WARN com.ruoyi.vqms.source.reader.SaveTimeGate -- 坏 save_time 跳过: 1600#02-29 23:59:59.999
13:50:45.922 [main] WARN com.ruoyi.vqms.source.reader.SaveTimeGate -- 坏行共 1 行已跳过
13:50:45.923 [main] WARN com.ruoyi.vqms.source.reader.SaveTimeGate -- 坏 save_time 跳过: 2633#05-20 02:00:32.050
13:50:45.923 [main] WARN com.ruoyi.vqms.source.reader.SaveTimeGate -- 坏行共 1 行已跳过
13:50:45.924 [main] WARN com.ruoyi.vqms.source.reader.SaveTimeGate -- 坏 save_time 跳过: 1943-02-08 06:0831.365
13:50:45.925 [main] WARN com.ruoyi.vqms.source.reader.SaveTimeGate -- 坏行共 1 行已跳过
13:50:45.926 [main] WARN com.ruoyi.vqms.source.reader.SaveTimeGate -- 坏 save_time 跳过: 1889-01-19
13:50:45.926 [main] WARN com.ruoyi.vqms.source.reader.SaveTimeGate -- 坏行共 1 行已跳过
13:50:45.927 [main] WARN com.ruoyi.vqms.source.reader.SaveTimeGate -- 坏 save_time 跳过: 1875-09-06 18:14#26.829
13:50:45.927 [main] WARN com.ruoyi.vqms.source.reader.SaveTimeGate -- 坏行共 1 行已跳过
13:50:45.927 [main] WARN com.ruoyi.vqms.source.reader.SaveTimeGate -- 坏 save_time 跳过: 1600#02-29 23:59:59.999
13:50:45.927 [main] WARN com.ruoyi.vqms.source.reader.SaveTimeGate -- 坏行共 1 行已跳过
13:50:45.928 [main] WARN com.ruoyi.vqms.source.reader.SaveTimeGate -- 坏 save_time 跳过: 1910-07-13
13:50:45.928 [main] WARN com.ruoyi.vqms.source.reader.SaveTimeGate -- 坏行共 1 行已跳过
13:50:45.928 [main] WARN com.ruoyi.vqms.source.reader.SaveTimeGate -- 坏 save_time 跳过: 2195-12-0715:39:11.472
13:50:45.928 [main] WARN com.ruoyi.vqms.source.reader.SaveTimeGate -- 坏行共 1 行已跳过
13:50:45.929 [main] WARN com.ruoyi.vqms.source.reader.SaveTimeGate -- 坏 save_time 跳过: 1949-12-05
13:50:45.929 [main] WARN com.ruoyi.vqms.source.reader.SaveTimeGate -- 坏行共 1 行已跳过
13:50:45.929 [main] WARN com.ruoyi.vqms.source.reader.SaveTimeGate -- 坏 save_time 跳过: 2515-06-08 12:26:50.837xyz
13:50:45.929 [main] WARN com.ruoyi.vqms.source.reader.SaveTimeGate -- 坏行共 1 行已跳过
13:50:45.930 [main] WARN com.ruoyi.vqms.source.reader.SaveTimeGate -- 坏 save_time 跳过: 1969-#4-20 09:37:23.095
13:50:45.930 [main] WARN com.ruoyi.vqms.source.reader.SaveTimeGate -- 坏行共 1 行已跳过
13:50:45.930 [main] WARN com.ruoyi.vqms.source.reader.SaveTimeGate -- 坏 save_time 跳过: 2098-2-03 01:59:48.585
13:50:45.930 [main] WARN com.ruoyi.vqms.source.reader.SaveTimeGate -- 坏行共 1 行已跳过
13:50:45.931 [main] WARN com.ruoyi.vqms.source.reader.SaveTimeGate -- 坏 save_time 跳过: 1642-03-13 22:28:44.697xyz
13:50:45.931 [main] WARN com.ruoyi.vqms.source.reader.SaveTimeGate -- 坏行共 1 行已跳过
13:50:45.932 [main] WARN com.ruoyi.vqms.source.reader.SaveTimeGate -- 坏 save_time 跳过: 297#-07-12 13:13:29.145
13:50:45.932 [main] WARN com.ruoyi.vqms.source.reader.SaveTimeGate -- 坏行共 1 行已跳过
13:50:45.933 [main] WARN com.ruoyi.vqms.source.reader.SaveTimeGate -- 坏 save_time 跳过: 2288-08-01
13:50:45.933 [main] WARN com.ruoyi.vqms.source.reader.SaveTimeGate -- 坏行共 1 行已跳过
13:50:45.934 [main] WARN com.ruoyi.vqms.source.reader.SaveTimeGate -- 坏 save_time 跳过: 2076-12-2 21:00:20.165
13:50:45.934 [main] WARN com.ruoyi.vqms.source.reader.SaveTimeGate -- 坏行共 1 行已跳过
13:50:45.935 [main] WARN com.ruoyi.vqms.source.reader.SaveTimeGate -- 坏 save_time 跳过: 1600#02-29 23:59:59.999
13:50:45.935 [main] WARN com.ruoyi.vqms.source.reader.SaveTimeGate -- 坏行共 1 行已跳过
13:50:45.936 [main] WARN com.ruoyi.vqms.source.reader.SaveTimeGate -- 坏 save_time 跳过: 2871-0#-10 20:33:25.984
13:50:45.936 [main] WARN com.ruoyi.vqms.source.reader.SaveTimeGate -- 坏行共 1 行已跳过
13:50:45.938 [main] WARN com.ruoyi.vqms.source.reader.SaveTimeGate -- 坏 save_time 跳过: 2213-05-17 20:37:39.819xyz
13:50:45.938 [main] WARN com.ruoyi.vqms.source.reader.SaveTimeGate -- 坏行共 1 行已跳过
13:50:45.939 [main] WARN com.ruoyi.vqms.source.reader.SaveTimeGate -- 坏 save_time 跳过: 2338-10-2209:40:35.634
13:50:45.939 [main] WARN com.ruoyi.vqms.source.reader.SaveTimeGate -- 坏行共 1 行已跳过
13:50:45.940 [main] WARN com.ruoyi.vqms.source.reader.SaveTimeGate -- 坏 save_time 跳过: 2108-08-07 08:06:20.204xyz
13:50:45.940 [main] WARN com.ruoyi.vqms.source.reader.SaveTimeGate -- 坏行共 1 行已跳过
13:50:45.941 [main] WARN com.ruoyi.vqms.source.reader.SaveTimeGate -- 坏 save_time 跳过: 2102-01-12
13:50:45.941 [main] WARN com.ruoyi.vqms.source.reader.SaveTimeGate -- 坏行共 1 行已跳过
13:50:45.941 [main] WARN com.ruoyi.vqms.source.reader.SaveTimeGate -- 坏 save_time 跳过: 1600#02-29 23:59:59.999
13:50:45.941 [main] WARN com.ruoyi.vqms.source.reader.SaveTimeGate -- 坏行共 1 行已跳过
13:50:45.943 [main] WARN com.ruoyi.vqms.source.reader.SaveTimeGate -- 坏 save_time 跳过: 1600#02-29 23:59:59.999
13:50:45.943 [main] WARN com.ruoyi.vqms.source.reader.SaveTimeGate -- 坏行共 1 行已跳过
13:50:45.943 [main] WARN com.ruoyi.vqms.source.reader.SaveTimeGate -- 坏 save_time 跳过: 2781-04-29 08:50:26.683xyz
13:50:45.944 [main] WARN com.ruoyi.vqms.source.reader.SaveTimeGate -- 坏行共 1 行已跳过
13:50:45.945 [main] WARN com.ruoyi.vqms.source.reader.SaveTimeGate -- 坏 save_time 跳过: 2670-0-29 04:31:34.798
13:50:45.945 [main] WARN com.ruoyi.vqms.source.reader.SaveTimeGate -- 坏行共 1 行已跳过
13:50:45.946 [main] WARN com.ruoyi.vqms.source.reader.SaveTimeGate -- 坏 save_time 跳过: 1706-07-27 1:34:32.814
13:50:45.947 [main] WARN com.ruoyi.vqms.source.reader.SaveTimeGate -- 坏行共 1 行已跳过
13:50:45.947 [main] WARN com.ruoyi.vqms.source.reader.SaveTimeGate -- 坏 save_time 跳过: 1600#02-29 23:59:59.999
13:50:45.947 [main] WARN com.ruoyi.vqms.source.reader.SaveTimeGate -- 坏行共 1 行已跳过
13:50:45.948 [main] WARN com.ruoyi.vqms.source.reader.SaveTimeGate -- 坏 save_time 跳过: 2383-03-13 12:43:1
13:50:45.948 [main] WARN com.ruoyi.vqms.source.reader.SaveTimeGate -- 坏行共 1 行已跳过
13:50:45.949 [main] WARN com.ruoyi.vqms.source.reader.SaveTimeGate -- 坏 save_time 跳过: 2688-04-09
13:50:45.950 [main] WARN com.ruoyi.vqms.source.reader.SaveTimeGate -- 坏行共 1 行已跳过
13:50:45.951 [main] WARN com.ruoyi.vqms.source.reader.SaveTimeGate -- 坏 save_time 跳过: 217-12-31 09:42:08.014
13:50:45.951 [main] WARN com.ruoyi.vqms.source.reader.SaveTimeGate -- 坏行共 1 行已跳过
13:50:45.952 [main] WARN com.ruoyi.vqms.source.reader.SaveTimeGate -- 坏 save_time 跳过: 2575-01-12
13:50:45.952 [main] WARN com.ruoyi.vqms.source.reader.SaveTimeGate -- 坏行共 1 行已跳过
13:50:45.953 [main] WARN com.ruoyi.vqms.source.reader.SaveTimeGate -- 坏 save_time 跳过: 1896-07-02 11:44:3
13:50:45.953 [main] WARN com.ruoyi.vqms.source.reader.SaveTimeGate -- 坏行共 1 行已跳过
13:50:45.953 [main] WARN com.ruoyi.vqms.source.reader.SaveTimeGate -- 坏 save_time 跳过: 2003-11-07 1717:13.889
13:50:45.953 [main] WARN com.ruoyi.vqms.source.reader.SaveTimeGate -- 坏行共 1 行已跳过
13:50:45.954 [main] WARN com.ruoyi.vqms.source.reader.SaveTimeGate -- 坏 save_time 跳过: 1600-02-29 23:59:59.999xyz
13:50:45.954 [main] WARN com.ruoyi.vqms.source.reader.SaveTimeGate -- 坏行共 1 行已跳过
13:50:45.954 [main] WARN com.ruoyi.vqms.source.reader.SaveTimeGate -- 坏 save_time 跳过: 1934-02-19
13:50:45.954 [main] WARN com.ruoyi.vqms.source.reader.SaveTimeGate -- 坏行共 1 行已跳过
13:50:45.955 [main] WARN com.ruoyi.vqms.source.reader.SaveTimeGate -- 坏 save_time 跳过: 2178-07-18 17:48:43#502
13:50:45.955 [main] WARN com.ruoyi.vqms.source.reader.SaveTimeGate -- 坏行共 1 行已跳过
13:50:45.957 [main] WARN com.ruoyi.vqms.source.reader.SaveTimeGate -- 坏 save_time 跳过: 2876-12-03 17:17:17.489xyz
13:50:45.957 [main] WARN com.ruoyi.vqms.source.reader.SaveTimeGate -- 坏行共 1 行已跳过
13:50:45.959 [main] WARN com.ruoyi.vqms.source.reader.SaveTimeGate -- 坏 save_time 跳过: 1761#12-10 00:42:19.477
13:50:45.959 [main] WARN com.ruoyi.vqms.source.reader.SaveTimeGate -- 坏行共 1 行已跳过
13:50:45.962 [main] WARN com.ruoyi.vqms.source.reader.SaveTimeGate -- 坏 save_time 跳过: 1600#02-29 23:59:59.999
13:50:45.962 [main] WARN com.ruoyi.vqms.source.reader.SaveTimeGate -- 坏行共 1 行已跳过
13:50:45.963 [main] WARN com.ruoyi.vqms.source.reader.SaveTimeGate -- 坏 save_time 跳过: 2914-11-23 03:21
13:50:45.963 [main] WARN com.ruoyi.vqms.source.reader.SaveTimeGate -- 坏行共 1 行已跳过
13:50:45.964 [main] WARN com.ruoyi.vqms.source.reader.SaveTimeGate -- 坏 save_time 跳过: 1600#02-29 23:59:59.999
13:50:45.964 [main] WARN com.ruoyi.vqms.source.reader.SaveTimeGate -- 坏行共 1 行已跳过
13:50:45.965 [main] WARN com.ruoyi.vqms.source.reader.SaveTimeGate -- 坏 save_time 跳过: 2694-05-29 #2:35:22.117
13:50:45.965 [main] WARN com.ruoyi.vqms.source.reader.SaveTimeGate -- 坏行共 1 行已跳过
13:50:45.966 [main] WARN com.ruoyi.vqms.source.reader.SaveTimeGate -- 坏 save_time 跳过: 1600-02-29 23:59:59.999xyz
13:50:45.966 [main] WARN com.ruoyi.vqms.source.reader.SaveTimeGate -- 坏行共 1 行已跳过
13:50:45.966 [main] WARN com.ruoyi.vqms.source.reader.SaveTimeGate -- 坏 save_time 跳过: 2534-04-25
13:50:45.966 [main] WARN com.ruoyi.vqms.source.reader.SaveTimeGate -- 坏行共 1 行已跳过
13:50:45.968 [main] WARN com.ruoyi.vqms.source.reader.SaveTimeGate -- 坏 save_time 跳过: 1729-12-8 17:40:13.820
13:50:45.968 [main] WARN com.ruoyi.vqms.source.reader.SaveTimeGate -- 坏行共 1 行已跳过
13:50:45.968 [main] WARN com.ruoyi.vqms.source.reader.SaveTimeGate -- 坏 save_time 跳过: #834-01-21 12:55:57.805
13:50:45.968 [main] WARN com.ruoyi.vqms.source.reader.SaveTimeGate -- 坏行共 1 行已跳过
13:50:45.969 [main] WARN com.ruoyi.vqms.source.reader.SaveTimeGate -- 坏 save_time 跳过: 1710-04-11 05:02:3.677
13:50:45.969 [main] WARN com.ruoyi.vqms.source.reader.SaveTimeGate -- 坏行共 1 行已跳过
13:50:45.970 [main] WARN com.ruoyi.vqms.source.reader.SaveTimeGate -- 坏 save_time 跳过: 2846-07-11 07:4:08.142
13:50:45.970 [main] WARN com.ruoyi.vqms.source.reader.SaveTimeGate -- 坏行共 1 行已跳过
13:50:45.970 [main] WARN com.ruoyi.vqms.source.reader.SaveTimeGate -- 坏 save_time 跳过: 1600#02-29 23:59:59.999
13:50:45.970 [main] WARN com.ruoyi.vqms.source.reader.SaveTimeGate -- 坏行共 1 行已跳过
13:50:45.970 [main] WARN com.ruoyi.vqms.source.reader.SaveTimeGate -- 坏 save_time 跳过: 1614-11-15 00:54:59.833xyz
13:50:45.970 [main] WARN com.ruoyi.vqms.source.reader.SaveTimeGate -- 坏行共 1 行已跳过
13:50:45.971 [main] WARN com.ruoyi.vqms.source.reader.SaveTimeGate -- 坏 save_time 跳过: 1743-03-2# 06:01:11.989
13:50:45.971 [main] WARN com.ruoyi.vqms.source.reader.SaveTimeGate -- 坏行共 1 行已跳过
13:50:45.972 [main] WARN com.ruoyi.vqms.source.reader.SaveTimeGate -- 坏 save_time 跳过: 1740-12-09
13:50:45.972 [main] WARN com.ruoyi.vqms.source.reader.SaveTimeGate -- 坏行共 1 行已跳过
13:50:45.972 [main] WARN com.ruoyi.vqms.source.reader.SaveTimeGate -- 坏 save_time 跳过: 1913-07-04 03:20:32.489xyz
13:50:45.972 [main] WARN com.ruoyi.vqms.source.reader.SaveTimeGate -- 坏行共 1 行已跳过
13:50:45.973 [main] WARN com.ruoyi.vqms.source.reader.SaveTimeGate -- 坏 save_time 跳过: 296-06-12 06:13:11.811
13:50:45.973 [main] WARN com.ruoyi.vqms.source.reader.SaveTimeGate -- 坏行共 1 行已跳过
13:50:45.973 [main] WARN com.ruoyi.vqms.source.reader.SaveTimeGate -- 坏 save_time 跳过: 1948-04-12 06:03:18.293xyz
13:50:45.973 [main] WARN com.ruoyi.vqms.source.reader.SaveTimeGate -- 坏行共 1 行已跳过
13:50:45.974 [main] WARN com.ruoyi.vqms.source.reader.SaveTimeGate -- 坏 save_time 跳过: 1945-06-30 10#17:26.422
13:50:45.974 [main] WARN com.ruoyi.vqms.source.reader.SaveTimeGate -- 坏行共 1 行已跳过
13:50:45.974 [main] WARN com.ruoyi.vqms.source.reader.SaveTimeGate -- 坏 save_time 跳过: 1600#02-29 23:59:59.999
13:50:45.974 [main] WARN com.ruoyi.vqms.source.reader.SaveTimeGate -- 坏行共 1 行已跳过
13:50:45.974 [main] WARN com.ruoyi.vqms.source.reader.SaveTimeGate -- 坏 save_time 跳过: 1600#02-29 23:59:59.999
13:50:45.974 [main] WARN com.ruoyi.vqms.source.reader.SaveTimeGate -- 坏行共 1 行已跳过
13:50:45.974 [main] WARN com.ruoyi.vqms.source.reader.SaveTimeGate -- 坏 save_time 跳过: 1773-07-01 01:03:#3.445
13:50:45.974 [main] WARN com.ruoyi.vqms.source.reader.SaveTimeGate -- 坏行共 1 行已跳过
13:50:45.974 [main] WARN com.ruoyi.vqms.source.reader.SaveTimeGate -- 坏 save_time 跳过: 2283-02-11 12:08:45.45#
13:50:45.974 [main] WARN com.ruoyi.vqms.source.reader.SaveTimeGate -- 坏行共 1 行已跳过
13:50:45.975 [main] WARN com.ruoyi.vqms.source.reader.SaveTimeGate -- 坏 save_time 跳过: 2264-04-25 23:59:59.999xyz
13:50:45.975 [main] WARN com.ruoyi.vqms.source.reader.SaveTimeGate -- 坏行共 1 行已跳过
13:50:45.976 [main] WARN com.ruoyi.vqms.source.reader.SaveTimeGate -- 坏 save_time 跳过: 2066-07-14 08:54:35.084xyz
13:50:45.976 [main] WARN com.ruoyi.vqms.source.reader.SaveTimeGate -- 坏行共 1 行已跳过
13:50:45.978 [main] WARN com.ruoyi.vqms.source.reader.SaveTimeGate -- 坏 save_time 跳过: 2240-0-22 15:40:24.175
13:50:45.978 [main] WARN com.ruoyi.vqms.source.reader.SaveTimeGate -- 坏行共 1 行已跳过
13:50:45.978 [main] WARN com.ruoyi.vqms.source.reader.SaveTimeGate -- 坏 save_time 跳过: 1600#02-29 23:59:59.999
13:50:45.978 [main] WARN com.ruoyi.vqms.source.reader.SaveTimeGate -- 坏行共 1 行已跳过
13:50:45.979 [main] WARN com.ruoyi.vqms.source.reader.SaveTimeGate -- 坏 save_time 跳过: 2937-06-19 16:44:55.645xyz
13:50:45.979 [main] WARN com.ruoyi.vqms.source.reader.SaveTimeGate -- 坏行共 1 行已跳过
13:50:45.980 [main] WARN com.ruoyi.vqms.source.reader.SaveTimeGate -- 坏 save_time 跳过: 2976-06-20 18:12:01.666xyz
13:50:45.980 [main] WARN com.ruoyi.vqms.source.reader.SaveTimeGate -- 坏行共 1 行已跳过
13:50:45.981 [main] WARN com.ruoyi.vqms.source.reader.SaveTimeGate -- 坏 save_time 跳过: 1973-12-03 19:03:24.977xyz
13:50:45.981 [main] WARN com.ruoyi.vqms.source.reader.SaveTimeGate -- 坏行共 1 行已跳过
13:50:45.982 [main] WARN com.ruoyi.vqms.source.reader.SaveTimeGate -- 坏 save_time 跳过: 2585-05-#9 17:24:49.151
13:50:45.982 [main] WARN com.ruoyi.vqms.source.reader.SaveTimeGate -- 坏行共 1 行已跳过
13:50:45.983 [main] WARN com.ruoyi.vqms.source.reader.SaveTimeGate -- 坏 save_time 跳过: 2997-09-18
13:50:45.983 [main] WARN com.ruoyi.vqms.source.reader.SaveTimeGate -- 坏行共 1 行已跳过
13:50:45.984 [main] WARN com.ruoyi.vqms.source.reader.SaveTimeGate -- 坏 save_time 跳过: 2180-03-21 0#:40:56.613
13:50:45.984 [main] WARN com.ruoyi.vqms.source.reader.SaveTimeGate -- 坏行共 1 行已跳过
13:50:45.985 [main] WARN com.ruoyi.vqms.source.reader.SaveTimeGate -- 坏 save_time 跳过: 248908-29 23:59:59.999
13:50:45.985 [main] WARN com.ruoyi.vqms.source.reader.SaveTimeGate -- 坏行共 1 行已跳过
13:50:45.988 [main] WARN com.ruoyi.vqms.source.reader.SaveTimeGate -- 坏 save_time 跳过: 2908-12-26 03:21:5.040
13:50:45.988 [main] WARN com.ruoyi.vqms.source.reader.SaveTimeGate -- 坏行共 1 行已跳过
13:50:45.989 [main] WARN com.ruoyi.vqms.source.reader.SaveTimeGate -- 坏 save_time 跳过: 2543-07-21 06:05#24.269
13:50:45.989 [main] WARN com.ruoyi.vqms.source.reader.SaveTimeGate -- 坏行共 1 行已跳过
13:50:45.990 [main] WARN com.ruoyi.vqms.source.reader.SaveTimeGate -- 坏 save_time 跳过: 979-12-29 03:22:10.634
13:50:45.991 [main] WARN com.ruoyi.vqms.source.reader.SaveTimeGate -- 坏行共 1 行已跳过
13:50:45.992 [main] WARN com.ruoyi.vqms.source.reader.SaveTimeGate -- 坏 save_time 跳过: 2111-08-13 02:03:52.774xyz
13:50:45.992 [main] WARN com.ruoyi.vqms.source.reader.SaveTimeGate -- 坏行共 1 行已跳过
timestamp = 2026-08-26T13:50:45.994895400, SaveTimeGatePropertyTest:prop 非法格式恒拦截且不抛 = 
                              |-----------------------jqwik-----------------------
tries = 1000                  | # of calls to property
checks = 1000                 | # of not rejected calls
generation = RANDOMIZED       | parameters are randomly generated
after-failure = SAMPLE_FIRST  | try previously failed sample, then previous seed
when-fixed-seed = ALLOW       | fixing the random seed is allowed
edge-cases#mode = MIXIN       | edge cases are mixed in
edge-cases#total = 180        | # of all combined edge cases
edge-cases#tried = 171        | # of edge cases tried in current run
seed = -77664437510172202     | random seed to reproduce generated values


]]></system-out>
  </testcase>
  <testcase name="prop 粗筛窗口包含所有目标行" classname="com.ruoyi.vqms.source.reader.SaveTimeGatePropertyTest" time="0.454">
    <system-out><![CDATA[timestamp = 2026-08-26T13:50:46.449095900, SaveTimeGatePropertyTest:prop 粗筛窗口包含所有目标行 = 
                              |-----------------------jqwik-----------------------
tries = 1000                  | # of calls to property
checks = 1000                 | # of not rejected calls
generation = RANDOMIZED       | parameters are randomly generated
after-failure = SAMPLE_FIRST  | try previously failed sample, then previous seed
when-fixed-seed = ALLOW       | fixing the random seed is allowed
edge-cases#mode = MIXIN       | edge cases are mixed in
edge-cases#total = 210        | # of all combined edge cases
edge-cases#tried = 169        | # of edge cases tried in current run
seed = -3775952216948324859   | random seed to reproduce generated values


]]></system-out>
  </testcase>
  <testcase name="prop 合法格式恒通过" classname="com.ruoyi.vqms.source.reader.SaveTimeGatePropertyTest" time="0.169">
    <system-out><![CDATA[timestamp = 2026-08-26T13:50:46.618131300, SaveTimeGatePropertyTest:prop 合法格式恒通过 = 
                              |-----------------------jqwik-----------------------
tries = 1000                  | # of calls to property
checks = 1000                 | # of not rejected calls
generation = RANDOMIZED       | parameters are randomly generated
after-failure = SAMPLE_FIRST  | try previously failed sample, then previous seed
when-fixed-seed = ALLOW       | fixing the random seed is allowed
edge-cases#mode = MIXIN       | edge cases are mixed in
edge-cases#total = 750        | # of all combined edge cases
edge-cases#tried = 179        | # of edge cases tried in current run
seed = -630284889578401778    | random seed to reproduce generated values


]]></system-out>
  </testcase>
  <testcase name="prop 过滤恰好保留目标区间内的行" classname="com.ruoyi.vqms.source.reader.SaveTimeGatePropertyTest" time="0.156">
    <system-out><![CDATA[timestamp = 2026-08-26T13:50:46.774455300, SaveTimeGatePropertyTest:prop 过滤恰好保留目标区间内的行 = 
                              |-----------------------jqwik-----------------------
tries = 1000                  | # of calls to property
checks = 1000                 | # of not rejected calls
generation = RANDOMIZED       | parameters are randomly generated
after-failure = SAMPLE_FIRST  | try previously failed sample, then previous seed
when-fixed-seed = ALLOW       | fixing the random seed is allowed
edge-cases#mode = MIXIN       | edge cases are mixed in
edge-cases#total = 210        | # of all combined edge cases
edge-cases#tried = 166        | # of edge cases tried in current run
seed = -1440239746137258353   | random seed to reproduce generated values


]]></system-out>
  </testcase>
</testsuite>